TN:
SF:workspaces/acr/coverage-anchors/backstage-community.plugin-acr
FN:16,(anonymous_0)
FN:20,(anonymous_4)
FN:76,(anonymous_6)
FN:87,(anonymous_7)
FN:104,(anonymous_8)
FN:70,(anonymous_9)
FN:74,(anonymous_11)
FN:142,(anonymous_4)
FN:150,(anonymous_7)
FN:204,(anonymous_3)
FN:240,(anonymous_9)
FN:262,(anonymous_10)
FN:293,(anonymous_11)
FN:336,(anonymous_5)
FN:339,(anonymous_6)
FN:375,(anonymous_20)
FN:421,(anonymous_16)
FN:440,(anonymous_17)
FN:442,(anonymous_18)
FN:471,(anonymous_23)
FN:472,(anonymous_24)
FN:473,(anonymous_25)
FN:474,(anonymous_26)
FN:475,(anonymous_27)
FN:491,(anonymous_29)
FN:527,(anonymous_31)
FN:561,(anonymous_1)
FN:561,u
FN:608,(anonymous_32)
FN:611,(anonymous_34)
FNF:30
FNH:25
FNDA:7,(anonymous_0)
FNDA:5,(anonymous_4)
FNDA:1,(anonymous_6)
FNDA:1,(anonymous_7)
FNDA:1,(anonymous_8)
FNDA:1,(anonymous_9)
FNDA:7,(anonymous_11)
FNDA:3,(anonymous_4)
FNDA:4,(anonymous_7)
FNDA:4,(anonymous_3)
FNDA:2,(anonymous_9)
FNDA:4,(anonymous_10)
FNDA:2,(anonymous_11)
FNDA:3,(anonymous_5)
FNDA:1,(anonymous_6)
FNDA:1,(anonymous_20)
FNDA:1,(anonymous_16)
FNDA:1,(anonymous_17)
FNDA:1,(anonymous_18)
FNDA:0,(anonymous_23)
FNDA:0,(anonymous_24)
FNDA:0,(anonymous_25)
FNDA:0,(anonymous_26)
FNDA:0,(anonymous_27)
FNDA:4,(anonymous_29)
FNDA:2,(anonymous_31)
FNDA:1,(anonymous_1)
FNDA:8,u
FNDA:2,(anonymous_32)
FNDA:1,(anonymous_34)
DA:16,7
DA:17,1
DA:20,8
DA:52,1
DA:70,1
DA:74,10
DA:78,1
DA:80,1
DA:84,1
DA:88,1
DA:89,1
DA:96,1
DA:97,0
DA:101,1
DA:105,1
DA:107,1
DA:142,1
DA:144,3
DA:150,3
DA:151,4
DA:160,3
DA:166,3
DA:168,3
DA:204,1
DA:206,4
DA:241,2
DA:263,4
DA:264,4
DA:265,4
DA:293,1
DA:294,2
DA:296,2
DA:301,2
DA:305,2
DA:337,3
DA:339,3
DA:375,6
DA:411,1
DA:422,1
DA:436,1
DA:441,1
DA:442,2
DA:468,1
DA:471,0
DA:472,0
DA:473,0
DA:474,0
DA:475,0
DA:491,5
DA:497,1
DA:527,4
DA:536,1
DA:561,11
DA:562,8
DA:563,0
DA:576,8
DA:580,7
DA:608,1
DA:610,2
DA:611,3
LF:60
LH:53
BRDA:16,f0_0,0,1
BRDA:16,f0_0,1,0
BRDA:78,f1_0,0,1
BRDA:78,f1_0,1,1
BRDA:80,f1_1,0,0
BRDA:80,f1_1,1,1
BRDA:92,f1_2,0,1
BRDA:92,f1_2,1,1
BRDA:96,f1_3,0,0
BRDA:150,f2_0,0,3
BRDA:150,f2_0,1,2
BRDA:149,f2_1,0,2
BRDA:149,f2_1,1,1
BRDA:160,f2_2,0,0
BRDA:160,f2_2,1,3
BRDA:263,f4_0,0,0
BRDA:263,f4_0,1,4
BRDA:263,f4_1,0,4
BRDA:263,f4_1,1,4
BRDA:264,f4_2,0,0
BRDA:264,f4_2,1,4
BRDA:264,f4_3,0,4
BRDA:264,f4_3,1,4
BRDA:296,f5_0,0,0
BRDA:296,f5_0,1,2
BRDA:296,f5_1,0,2
BRDA:296,f5_1,1,2
BRDA:301,f5_2,0,0
BRDA:301,f5_2,1,2
BRDA:301,f5_3,0,2
BRDA:301,f5_3,1,2
BRDA:305,f5_4,0,2
BRDA:305,f5_4,1,0
BRDA:561,f11_0,0,1
BRDA:561,f11_0,1,0
BRDA:562,f11_1,0,0
BRDA:562,f11_2,0,8
BRDA:562,f11_2,1,8
BRDA:568,f11_3,0,0
BRDA:568,f11_3,1,8
BRDA:570,f11_4,0,0
BRDA:570,f11_4,1,8
BRDA:576,f11_5,0,8
BRDA:576,f11_5,1,0
BRDA:610,f12_0,0,0
BRDA:610,f12_0,1,2
BRDA:610,f12_1,0,2
BRDA:610,f12_1,1,2
BRDA:610,f12_1,2,2
BRF:49
BRH:34
end_of_record
