TN:
SF:workspaces/adoption-insights/coverage-anchors/red-hat-developer-hub.backstage-plugin-adoption-insights
FN:62,(anonymous_11)
FN:63,(anonymous_12)
FN:70,(anonymous_13)
FN:75,(anonymous_14)
FN:106,(anonymous_16)
FN:150,(anonymous_0)
FN:159,(anonymous_3)
FN:178,(anonymous_4)
FN:184,(anonymous_5)
FN:200,(anonymous_6)
FN:216,(anonymous_7)
FN:234,(anonymous_8)
FN:250,(anonymous_9)
FN:266,(anonymous_10)
FN:282,(anonymous_11)
FN:298,(anonymous_12)
FN:173,(anonymous_13)
FN:176,(anonymous_15)
FN:362,(anonymous_125)
FN:453,(anonymous_132)
FN:465,(anonymous_133)
FN:426,(anonymous_134)
FN:486,(anonymous_113)
FN:501,(anonymous_114)
FN:559,(anonymous_115)
FN:588,(anonymous_116)
FN:593,(anonymous_117)
FN:567,(anonymous_118)
FN:660,(anonymous_171)
FN:772,(anonymous_46)
FN:734,(anonymous_47)
FN:739,(anonymous_48)
FN:740,(anonymous_49)
FN:746,(anonymous_50)
FN:749,(anonymous_51)
FN:763,(anonymous_52)
FN:809,(anonymous_53)
FN:810,(anonymous_54)
FN:827,(anonymous_55)
FN:858,(anonymous_34)
FN:927,(anonymous_60)
FN:945,(anonymous_67)
FN:946,(anonymous_68)
FN:957,(anonymous_69)
FN:967,(anonymous_70)
FN:972,(anonymous_71)
FN:979,(anonymous_72)
FN:983,(anonymous_73)
FN:985,(anonymous_74)
FN:1046,(anonymous_75)
FN:1051,(anonymous_76)
FN:1071,(anonymous_77)
FN:1095,(anonymous_78)
FN:1187,(anonymous_56)
FN:1203,(anonymous_57)
FN:1220,(anonymous_58)
FN:1265,(anonymous_119)
FN:1258,(anonymous_120)
FN:1285,(anonymous_121)
FN:1329,(anonymous_122)
FN:1337,(anonymous_123)
FN:1357,(anonymous_112)
FN:1390,(anonymous_59)
FN:1411,(anonymous_169)
FN:1439,(anonymous_170)
FN:1498,(anonymous_15)
FN:1506,(anonymous_16)
FN:1524,(anonymous_17)
FN:1571,(anonymous_3)
FN:1579,(anonymous_4)
FN:1595,(anonymous_5)
FN:1612,(anonymous_6)
FN:1690,(anonymous_7)
FN:1707,(anonymous_8)
FN:1725,(anonymous_9)
FN:1628,(anonymous_10)
FN:1645,(anonymous_11)
FN:1646,(anonymous_12)
FN:1650,(anonymous_13)
FN:1662,(anonymous_14)
FN:1766,(anonymous_19)
FN:1783,(anonymous_20)
FN:1790,(anonymous_21)
FN:1813,(anonymous_22)
FN:1817,(anonymous_23)
FN:1835,(anonymous_24)
FN:1836,(anonymous_25)
FN:1851,(anonymous_26)
FN:1863,(anonymous_27)
FN:1864,(anonymous_28)
FN:1867,(anonymous_29)
FN:1878,(anonymous_30)
FN:1889,(anonymous_31)
FN:1901,(anonymous_32)
FN:1809,(anonymous_33)
FN:1984,(anonymous_135)
FN:1992,(anonymous_142)
FN:1997,(anonymous_143)
FN:2004,(anonymous_144)
FN:2046,(anonymous_145)
FN:2052,(anonymous_146)
FN:2073,(anonymous_147)
FN:2078,(anonymous_148)
FN:2199,(anonymous_149)
FN:2276,(anonymous_156)
FN:2288,(anonymous_157)
FN:2342,(anonymous_95)
FN:2351,(anonymous_102)
FN:2353,(anonymous_103)
FN:2354,(anonymous_104)
FN:2365,(anonymous_105)
FN:2370,(anonymous_106)
FN:2377,(anonymous_107)
FN:2421,(anonymous_108)
FN:2426,(anonymous_109)
FN:2442,(anonymous_110)
FN:2467,(anonymous_111)
FN:2598,(anonymous_79)
FN:2607,(anonymous_86)
FN:2607,(anonymous_87)
FN:2612,(anonymous_88)
FN:2617,(anonymous_89)
FN:2624,(anonymous_90)
FN:2669,(anonymous_91)
FN:2674,(anonymous_92)
FN:2694,(anonymous_93)
FN:2721,(anonymous_94)
FN:2816,(anonymous_124)
FN:2842,(anonymous_158)
FN:2891,(anonymous_159)
FN:2906,(anonymous_160)
FN:2969,(anonymous_161)
FN:3054,(anonymous_168)
FN:3163,(anonymous_126)
FN:3179,(anonymous_127)
FN:3193,(anonymous_128)
FN:3198,(anonymous_129)
FN:3202,(anonymous_130)
FN:3207,(anonymous_131)
FN:3233,(anonymous_172)
FN:3268,(anonymous_61)
FN:3284,(anonymous_62)
FN:3297,(anonymous_63)
FN:3302,(anonymous_64)
FN:3306,(anonymous_65)
FN:3313,(anonymous_66)
FN:3364,(anonymous_35)
FN:3371,(anonymous_36)
FN:3350,(anonymous_37)
FN:3353,(anonymous_38)
FN:3376,(anonymous_39)
FN:3378,(anonymous_40)
FN:3397,(anonymous_41)
FN:3402,(anonymous_42)
FN:3407,(anonymous_43)
FN:3418,(anonymous_44)
FN:3436,(anonymous_45)
FN:3465,(anonymous_18)
FN:3495,(anonymous_136)
FN:3512,(anonymous_137)
FN:3525,(anonymous_138)
FN:3528,(anonymous_139)
FN:3532,(anonymous_140)
FN:3537,(anonymous_141)
FN:3571,(anonymous_150)
FN:3586,(anonymous_151)
FN:3599,(anonymous_152)
FN:3604,(anonymous_153)
FN:3608,(anonymous_154)
FN:3613,(anonymous_155)
FN:3646,(anonymous_96)
FN:3662,(anonymous_97)
FN:3675,(anonymous_98)
FN:3678,(anonymous_99)
FN:3682,(anonymous_100)
FN:3687,(anonymous_101)
FN:3720,(anonymous_80)
FN:3736,(anonymous_81)
FN:3749,(anonymous_82)
FN:3754,(anonymous_83)
FN:3758,(anonymous_84)
FN:3763,(anonymous_85)
FN:3792,(anonymous_1)
FN:3792,(anonymous_2)
FN:3822,(anonymous_162)
FN:3834,(anonymous_163)
FN:3846,(anonymous_164)
FN:3849,(anonymous_165)
FN:3853,(anonymous_166)
FN:3858,(anonymous_167)
FN:3883,(anonymous_7)
FN:3920,(anonymous_1)
FN:3932,(anonymous_4)
FN:3945,(anonymous_5)
FN:3947,(anonymous_6)
FN:3976,(anonymous_17)
FN:4005,(anonymous_6)
FN:4006,(anonymous_7)
FN:4007,(anonymous_8)
FN:4008,(anonymous_9)
FN:4009,(anonymous_10)
FN:4238,(anonymous_35)
FN:4265,(anonymous_36)
FN:4283,(anonymous_37)
FN:4291,(anonymous_38)
FN:4307,(anonymous_39)
FN:4328,(anonymous_40)
FN:4350,(anonymous_41)
FN:4366,(anonymous_42)
FN:4415,(anonymous_43)
FN:4417,(anonymous_44)
FN:4424,(anonymous_45)
FN:4432,(anonymous_46)
FN:4452,(anonymous_47)
FN:4458,(anonymous_48)
FN:4460,(anonymous_49)
FN:4462,(anonymous_50)
FN:4478,(anonymous_51)
FN:4315,(anonymous_52)
FN:4513,(anonymous_53)
FN:4540,(anonymous_54)
FN:4547,(anonymous_55)
FN:4561,(anonymous_56)
FN:4566,(anonymous_57)
FN:4580,(anonymous_58)
FN:4585,(anonymous_59)
FN:4603,(anonymous_60)
FN:4610,(anonymous_61)
FN:4628,(anonymous_62)
FN:4686,(anonymous_63)
FN:4705,(anonymous_64)
FN:4740,(anonymous_65)
FN:4770,(anonymous_66)
FN:4773,(anonymous_67)
FN:4788,(anonymous_68)
FNF:235
FNH:170
FNDA:0,(anonymous_11)
FNDA:0,(anonymous_12)
FNDA:0,(anonymous_13)
FNDA:0,(anonymous_14)
FNDA:187,(anonymous_16)
FNDA:82,(anonymous_0)
FNDA:14,(anonymous_3)
FNDA:14,(anonymous_4)
FNDA:3,(anonymous_5)
FNDA:3,(anonymous_6)
FNDA:3,(anonymous_7)
FNDA:3,(anonymous_8)
FNDA:3,(anonymous_9)
FNDA:3,(anonymous_10)
FNDA:3,(anonymous_11)
FNDA:0,(anonymous_12)
FNDA:1,(anonymous_13)
FNDA:4,(anonymous_15)
FNDA:10,(anonymous_125)
FNDA:21,(anonymous_132)
FNDA:105,(anonymous_133)
FNDA:7,(anonymous_134)
FNDA:7,(anonymous_113)
FNDA:14,(anonymous_114)
FNDA:5,(anonymous_115)
FNDA:0,(anonymous_116)
FNDA:0,(anonymous_117)
FNDA:0,(anonymous_118)
FNDA:3,(anonymous_171)
FNDA:28,(anonymous_46)
FNDA:28,(anonymous_47)
FNDA:0,(anonymous_48)
FNDA:0,(anonymous_49)
FNDA:112,(anonymous_50)
FNDA:10,(anonymous_51)
FNDA:0,(anonymous_52)
FNDA:5,(anonymous_53)
FNDA:5,(anonymous_54)
FNDA:0,(anonymous_55)
FNDA:62,(anonymous_34)
FNDA:13,(anonymous_60)
FNDA:4,(anonymous_67)
FNDA:2,(anonymous_68)
FNDA:5,(anonymous_69)
FNDA:0,(anonymous_70)
FNDA:0,(anonymous_71)
FNDA:0,(anonymous_72)
FNDA:4,(anonymous_73)
FNDA:2,(anonymous_74)
FNDA:48,(anonymous_75)
FNDA:48,(anonymous_76)
FNDA:6,(anonymous_77)
FNDA:6,(anonymous_78)
FNDA:12,(anonymous_56)
FNDA:0,(anonymous_57)
FNDA:8,(anonymous_58)
FNDA:12,(anonymous_119)
FNDA:12,(anonymous_120)
FNDA:0,(anonymous_121)
FNDA:0,(anonymous_122)
FNDA:0,(anonymous_123)
FNDA:0,(anonymous_112)
FNDA:19,(anonymous_59)
FNDA:0,(anonymous_169)
FNDA:0,(anonymous_170)
FNDA:4,(anonymous_15)
FNDA:3,(anonymous_16)
FNDA:96,(anonymous_17)
FNDA:0,(anonymous_3)
FNDA:0,(anonymous_4)
FNDA:0,(anonymous_5)
FNDA:0,(anonymous_6)
FNDA:0,(anonymous_7)
FNDA:0,(anonymous_8)
FNDA:0,(anonymous_9)
FNDA:0,(anonymous_10)
FNDA:0,(anonymous_11)
FNDA:0,(anonymous_12)
FNDA:0,(anonymous_13)
FNDA:0,(anonymous_14)
FNDA:5,(anonymous_19)
FNDA:1,(anonymous_20)
FNDA:1,(anonymous_21)
FNDA:0,(anonymous_22)
FNDA:0,(anonymous_23)
FNDA:3,(anonymous_24)
FNDA:6,(anonymous_25)
FNDA:21,(anonymous_26)
FNDA:1,(anonymous_27)
FNDA:1,(anonymous_28)
FNDA:6,(anonymous_29)
FNDA:6,(anonymous_30)
FNDA:25,(anonymous_31)
FNDA:0,(anonymous_32)
FNDA:0,(anonymous_33)
FNDA:10,(anonymous_135)
FNDA:0,(anonymous_142)
FNDA:0,(anonymous_143)
FNDA:4,(anonymous_144)
FNDA:28,(anonymous_145)
FNDA:20,(anonymous_146)
FNDA:21,(anonymous_147)
FNDA:15,(anonymous_148)
FNDA:10,(anonymous_149)
FNDA:17,(anonymous_156)
FNDA:85,(anonymous_157)
FNDA:10,(anonymous_95)
FNDA:4,(anonymous_102)
FNDA:2,(anonymous_103)
FNDA:0,(anonymous_104)
FNDA:0,(anonymous_105)
FNDA:0,(anonymous_106)
FNDA:4,(anonymous_107)
FNDA:28,(anonymous_108)
FNDA:20,(anonymous_109)
FNDA:7,(anonymous_110)
FNDA:5,(anonymous_111)
FNDA:11,(anonymous_79)
FNDA:4,(anonymous_86)
FNDA:2,(anonymous_87)
FNDA:0,(anonymous_88)
FNDA:0,(anonymous_89)
FNDA:4,(anonymous_90)
FNDA:16,(anonymous_91)
FNDA:12,(anonymous_92)
FNDA:8,(anonymous_93)
FNDA:6,(anonymous_94)
FNDA:10,(anonymous_124)
FNDA:8,(anonymous_158)
FNDA:5,(anonymous_159)
FNDA:0,(anonymous_160)
FNDA:10,(anonymous_161)
FNDA:14,(anonymous_168)
FNDA:10,(anonymous_126)
FNDA:3,(anonymous_127)
FNDA:3,(anonymous_128)
FNDA:3,(anonymous_129)
FNDA:6,(anonymous_130)
FNDA:5,(anonymous_131)
FNDA:3,(anonymous_172)
FNDA:13,(anonymous_61)
FNDA:3,(anonymous_62)
FNDA:3,(anonymous_63)
FNDA:3,(anonymous_64)
FNDA:6,(anonymous_65)
FNDA:5,(anonymous_66)
FNDA:34,(anonymous_35)
FNDA:5,(anonymous_36)
FNDA:5,(anonymous_37)
FNDA:2,(anonymous_38)
FNDA:5,(anonymous_39)
FNDA:2,(anonymous_40)
FNDA:5,(anonymous_41)
FNDA:2,(anonymous_42)
FNDA:2,(anonymous_43)
FNDA:2,(anonymous_44)
FNDA:0,(anonymous_45)
FNDA:37,(anonymous_18)
FNDA:10,(anonymous_136)
FNDA:3,(anonymous_137)
FNDA:3,(anonymous_138)
FNDA:3,(anonymous_139)
FNDA:6,(anonymous_140)
FNDA:5,(anonymous_141)
FNDA:10,(anonymous_150)
FNDA:3,(anonymous_151)
FNDA:3,(anonymous_152)
FNDA:3,(anonymous_153)
FNDA:6,(anonymous_154)
FNDA:5,(anonymous_155)
FNDA:10,(anonymous_96)
FNDA:3,(anonymous_97)
FNDA:3,(anonymous_98)
FNDA:3,(anonymous_99)
FNDA:6,(anonymous_100)
FNDA:5,(anonymous_101)
FNDA:11,(anonymous_80)
FNDA:3,(anonymous_81)
FNDA:3,(anonymous_82)
FNDA:3,(anonymous_83)
FNDA:6,(anonymous_84)
FNDA:5,(anonymous_85)
FNDA:1,(anonymous_1)
FNDA:183,(anonymous_2)
FNDA:10,(anonymous_162)
FNDA:3,(anonymous_163)
FNDA:3,(anonymous_164)
FNDA:3,(anonymous_165)
FNDA:6,(anonymous_166)
FNDA:5,(anonymous_167)
FNDA:3824,(anonymous_7)
FNDA:5,(anonymous_1)
FNDA:1,(anonymous_4)
FNDA:1,(anonymous_5)
FNDA:1,(anonymous_6)
FNDA:336,(anonymous_17)
FNDA:0,(anonymous_6)
FNDA:0,(anonymous_7)
FNDA:0,(anonymous_8)
FNDA:0,(anonymous_9)
FNDA:0,(anonymous_10)
FNDA:51,(anonymous_35)
FNDA:38,(anonymous_36)
FNDA:29,(anonymous_37)
FNDA:0,(anonymous_38)
FNDA:9,(anonymous_39)
FNDA:190,(anonymous_40)
FNDA:1,(anonymous_41)
FNDA:1,(anonymous_42)
FNDA:14,(anonymous_43)
FNDA:14,(anonymous_44)
FNDA:0,(anonymous_45)
FNDA:0,(anonymous_46)
FNDA:0,(anonymous_47)
FNDA:0,(anonymous_48)
FNDA:0,(anonymous_49)
FNDA:0,(anonymous_50)
FNDA:38,(anonymous_51)
FNDA:0,(anonymous_52)
FNDA:13,(anonymous_53)
FNDA:14,(anonymous_54)
FNDA:14,(anonymous_55)
FNDA:7,(anonymous_56)
FNDA:7,(anonymous_57)
FNDA:1,(anonymous_58)
FNDA:1,(anonymous_59)
FNDA:14,(anonymous_60)
FNDA:74,(anonymous_61)
FNDA:30,(anonymous_62)
FNDA:0,(anonymous_63)
FNDA:0,(anonymous_64)
FNDA:0,(anonymous_65)
FNDA:0,(anonymous_66)
FNDA:0,(anonymous_67)
FNDA:14,(anonymous_68)
DA:21,1
DA:24,3
DA:56,1
DA:63,0
DA:69,1
DA:71,0
DA:76,0
DA:81,1
DA:92,1
DA:104,1
DA:106,188
DA:150,85
DA:159,1
DA:160,14
DA:161,0
DA:173,1
DA:176,5
DA:179,14
DA:185,3
DA:186,1
DA:189,2
DA:190,2
DA:192,2
DA:197,2
DA:201,3
DA:202,1
DA:205,2
DA:206,2
DA:208,2
DA:213,2
DA:219,3
DA:220,1
DA:223,2
DA:224,2
DA:226,2
DA:231,2
DA:235,3
DA:236,1
DA:239,2
DA:240,2
DA:242,2
DA:247,2
DA:251,3
DA:252,1
DA:255,2
DA:256,2
DA:258,2
DA:263,2
DA:267,3
DA:268,1
DA:271,2
DA:272,2
DA:274,2
DA:279,2
DA:283,3
DA:284,1
DA:287,2
DA:288,2
DA:290,2
DA:295,2
DA:299,0
DA:300,0
DA:303,0
DA:304,0
DA:305,0
DA:306,0
DA:362,1
DA:363,10
DA:364,10
DA:365,10
DA:366,10
DA:369,10
DA:370,10
DA:387,4
DA:426,7
DA:453,21
DA:465,105
DA:486,1
DA:487,7
DA:488,7
DA:489,7
DA:491,7
DA:501,14
DA:503,1
DA:559,1
DA:560,5
DA:561,5
DA:562,5
DA:563,5
DA:564,5
DA:565,5
DA:567,0
DA:568,0
DA:569,0
DA:582,0
DA:584,0
DA:589,0
DA:598,5
DA:660,1
DA:661,3
DA:662,3
DA:663,3
DA:664,3
DA:667,3
DA:669,3
DA:734,28
DA:735,28
DA:736,28
DA:738,28
DA:739,0
DA:740,0
DA:746,112
DA:748,28
DA:749,10
DA:759,5
DA:762,23
DA:763,0
DA:772,1
DA:779,28
DA:782,28
DA:809,5
DA:810,5
DA:827,0
DA:828,2
DA:858,1
DA:861,62
DA:881,5
DA:927,1
DA:928,13
DA:929,13
DA:930,13
DA:931,13
DA:932,13
DA:935,13
DA:937,13
DA:944,13
DA:946,4
DA:955,13
DA:958,5
DA:962,1
DA:963,1
DA:967,13
DA:968,0
DA:971,13
DA:973,0
DA:979,13
DA:980,0
DA:983,13
DA:984,4
DA:985,2
DA:997,13
DA:1046,48
DA:1051,48
DA:1072,6
DA:1078,6
DA:1080,6
DA:1088,6
DA:1096,6
DA:1187,1
DA:1196,12
DA:1197,12
DA:1204,0
DA:1220,8
DA:1257,12
DA:1259,12
DA:1265,1
DA:1276,12
DA:1277,12
DA:1278,12
DA:1279,12
DA:1286,0
DA:1288,0
DA:1290,0
DA:1292,0
DA:1300,0
DA:1304,12
DA:1305,12
DA:1309,0
DA:1311,0
DA:1329,0
DA:1338,0
DA:1357,1
DA:1358,0
DA:1359,0
DA:1390,1
DA:1391,19
DA:1392,19
DA:1411,1
DA:1439,1
DA:1440,0
DA:1441,0
DA:1494,1
DA:1498,1
DA:1501,4
DA:1502,4
DA:1503,4
DA:1505,4
DA:1506,3
DA:1517,4
DA:1524,1
DA:1525,96
DA:1526,96
DA:1527,0
DA:1530,96
DA:1571,1
DA:1577,0
DA:1578,0
DA:1580,0
DA:1594,0
DA:1596,0
DA:1599,0
DA:1600,0
DA:1611,0
DA:1613,0
DA:1616,0
DA:1617,0
DA:1633,0
DA:1635,0
DA:1636,0
DA:1638,0
DA:1640,0
DA:1645,0
DA:1646,0
DA:1650,0
DA:1662,0
DA:1673,0
DA:1690,0
DA:1707,0
DA:1725,0
DA:1766,1
DA:1767,5
DA:1768,5
DA:1769,5
DA:1770,5
DA:1771,5
DA:1772,5
DA:1773,5
DA:1781,5
DA:1784,1
DA:1785,1
DA:1789,5
DA:1791,1
DA:1792,1
DA:1794,1
DA:1796,1
DA:1810,0
DA:1813,5
DA:1814,0
DA:1817,5
DA:1818,0
DA:1835,5
DA:1836,3
DA:1837,6
DA:1848,0
DA:1851,21
DA:1852,6
DA:1858,5
DA:1863,1
DA:1864,1
DA:1867,6
DA:1878,6
DA:1889,25
DA:1902,0
DA:1942,13
DA:1984,1
DA:1985,10
DA:1986,10
DA:1987,10
DA:1988,10
DA:1992,10
DA:1993,0
DA:1996,10
DA:1998,0
DA:2004,10
DA:2005,4
DA:2011,10
DA:2046,28
DA:2053,20
DA:2079,15
DA:2090,21
DA:2199,1
DA:2200,10
DA:2201,10
DA:2202,10
DA:2203,10
DA:2206,10
DA:2208,10
DA:2225,10
DA:2276,17
DA:2288,85
DA:2342,1
DA:2343,10
DA:2344,10
DA:2345,10
DA:2346,10
DA:2350,10
DA:2352,4
DA:2353,2
DA:2354,0
DA:2363,10
DA:2365,10
DA:2366,0
DA:2369,10
DA:2371,0
DA:2377,10
DA:2378,4
DA:2384,10
DA:2401,8
DA:2421,28
DA:2426,20
DA:2443,7
DA:2452,7
DA:2454,7
DA:2462,7
DA:2468,5
DA:2598,1
DA:2599,11
DA:2600,11
DA:2601,11
DA:2602,11
DA:2606,11
DA:2607,4
DA:2610,11
DA:2612,11
DA:2613,0
DA:2616,11
DA:2618,0
DA:2624,11
DA:2625,4
DA:2631,11
DA:2669,16
DA:2675,12
DA:2695,8
DA:2699,0
DA:2701,8
DA:2704,8
DA:2706,8
DA:2708,8
DA:2716,8
DA:2722,6
DA:2816,1
DA:2817,10
DA:2818,10
DA:2842,1
DA:2843,8
DA:2844,8
DA:2846,8
DA:2891,1
DA:2892,5
DA:2895,0
DA:2897,0
DA:2899,0
DA:2906,0
DA:2927,5
DA:2969,1
DA:2970,10
DA:2971,10
DA:2975,10
DA:2976,0
DA:2983,10
DA:2987,3
DA:3001,7
DA:3004,7
DA:3009,7
DA:3022,7
DA:3054,14
DA:3135,1
DA:3168,10
DA:3169,10
DA:3174,10
DA:3175,10
DA:3177,10
DA:3179,10
DA:3180,3
DA:3181,3
DA:3194,3
DA:3198,10
DA:3203,6
DA:3207,6
DA:3208,5
DA:3212,10
DA:3234,3
DA:3238,3
DA:3276,13
DA:3277,13
DA:3280,13
DA:3282,13
DA:3284,13
DA:3285,3
DA:3286,3
DA:3298,3
DA:3302,13
DA:3307,6
DA:3313,6
DA:3314,5
DA:3318,13
DA:3350,5
DA:3351,5
DA:3352,5
DA:3354,2
DA:3355,2
DA:3361,5
DA:3364,1
DA:3365,34
DA:3366,34
DA:3370,34
DA:3376,34
DA:3377,5
DA:3379,2
DA:3380,2
DA:3381,2
DA:3387,0
DA:3398,5
DA:3400,5
DA:3403,2
DA:3408,2
DA:3409,2
DA:3412,2
DA:3413,0
DA:3416,2
DA:3418,2
DA:3419,2
DA:3420,2
DA:3428,0
DA:3437,0
DA:3441,34
DA:3465,38
DA:3502,10
DA:3503,10
DA:3507,10
DA:3508,10
DA:3510,10
DA:3512,10
DA:3513,3
DA:3514,3
DA:3525,3
DA:3528,10
DA:3533,6
DA:3537,6
DA:3538,5
DA:3542,10
DA:3576,10
DA:3577,10
DA:3581,10
DA:3582,10
DA:3584,10
DA:3586,10
DA:3587,3
DA:3588,3
DA:3600,3
DA:3604,10
DA:3609,6
DA:3613,6
DA:3614,5
DA:3618,10
DA:3653,10
DA:3654,10
DA:3658,10
DA:3660,10
DA:3662,10
DA:3663,3
DA:3665,3
DA:3675,3
DA:3678,10
DA:3683,6
DA:3687,6
DA:3688,5
DA:3692,10
DA:3727,11
DA:3728,11
DA:3732,11
DA:3734,11
DA:3736,11
DA:3737,3
DA:3739,3
DA:3750,3
DA:3754,11
DA:3759,6
DA:3763,6
DA:3764,5
DA:3768,11
DA:3792,184
DA:3827,10
DA:3828,10
DA:3830,10
DA:3832,10
DA:3834,10
DA:3835,3
DA:3837,3
DA:3846,3
DA:3849,10
DA:3854,6
DA:3858,6
DA:3859,5
DA:3863,10
DA:3883,1
DA:3884,3824
DA:3920,11
DA:3933,1
DA:3942,1
DA:3946,1
DA:3947,1
DA:3956,1
DA:3975,1
DA:3976,346
DA:4002,1
DA:4005,0
DA:4006,0
DA:4007,0
DA:4008,0
DA:4009,0
DA:4152,1
DA:4169,1
DA:4177,1
DA:4184,1
DA:4191,1
DA:4198,1
DA:4200,3
DA:4238,1
DA:4239,51
DA:4245,51
DA:4265,1
DA:4270,38
DA:4271,38
DA:4272,38
DA:4283,1
DA:4284,29
DA:4291,1
DA:4292,0
DA:4307,1
DA:4308,9
DA:4316,0
DA:4328,1
DA:4333,190
DA:4334,190
DA:4350,1
DA:4354,1
DA:4366,1
DA:4371,1
DA:4372,1
DA:4374,1
DA:4376,1
DA:4379,0
DA:4380,0
DA:4384,0
DA:4385,0
DA:4389,0
DA:4390,0
DA:4394,0
DA:4395,0
DA:4399,0
DA:4415,1
DA:4416,14
DA:4417,14
DA:4419,0
DA:4420,0
DA:4421,0
DA:4424,0
DA:4425,0
DA:4430,0
DA:4432,0
DA:4433,0
DA:4434,0
DA:4439,0
DA:4441,0
DA:4442,0
DA:4444,0
DA:4447,0
DA:4448,0
DA:4452,0
DA:4458,0
DA:4460,0
DA:4462,0
DA:4466,0
DA:4478,1
DA:4483,38
DA:4486,38
DA:4487,0
DA:4491,38
DA:4493,9
DA:4496,29
DA:4498,0
DA:4500,0
DA:4513,1
DA:4518,13
DA:4520,13
DA:4540,1
DA:4544,14
DA:4547,14
DA:4561,1
DA:4565,7
DA:4566,7
DA:4580,1
DA:4584,1
DA:4585,1
DA:4588,1
DA:4603,1
DA:4607,14
DA:4611,74
DA:4616,14
DA:4628,1
DA:4634,30
DA:4639,0
DA:4642,0
DA:4645,30
DA:4646,27
DA:4647,27
DA:4650,27
DA:4651,15
DA:4652,15
DA:4655,3
DA:4686,1
DA:4687,0
DA:4688,0
DA:4691,0
DA:4705,1
DA:4712,0
DA:4713,0
DA:4714,0
DA:4715,0
DA:4717,0
DA:4722,0
DA:4729,0
DA:4740,1
DA:4741,0
DA:4742,0
DA:4744,0
DA:4760,0
DA:4770,1
DA:4771,0
DA:4774,0
DA:4788,1
DA:4793,14
DA:4795,4
DA:4799,10
DA:4801,0
DA:4803,0
LF:637
LH:494
BRDA:150,f2_0,0,1
BRDA:150,f2_0,1,0
BRDA:160,f2_1,0,0
BRDA:160,f2_2,0,14
BRDA:160,f2_2,1,14
BRDA:163,f2_3,0,0
BRDA:163,f2_3,1,0
BRDA:185,f2_4,0,1
BRDA:185,f2_5,0,3
BRDA:185,f2_5,1,2
BRDA:201,f2_6,0,1
BRDA:201,f2_7,0,3
BRDA:201,f2_7,1,2
BRDA:219,f2_8,0,1
BRDA:219,f2_9,0,3
BRDA:219,f2_9,1,2
BRDA:235,f2_10,0,1
BRDA:235,f2_11,0,3
BRDA:235,f2_11,1,2
BRDA:251,f2_12,0,1
BRDA:251,f2_13,0,3
BRDA:251,f2_13,1,2
BRDA:267,f2_14,0,1
BRDA:267,f2_15,0,3
BRDA:267,f2_15,1,2
BRDA:283,f2_16,0,1
BRDA:283,f2_17,0,3
BRDA:283,f2_17,1,2
BRDA:307,f2_18,0,0
BRDA:307,f2_18,1,0
BRDA:307,f2_19,0,0
BRDA:307,f2_19,1,0
BRDA:310,f2_20,0,0
BRDA:310,f2_20,1,0
BRDA:310,f2_20,2,0
BRDA:369,f3_0,0,3
BRDA:370,f3_1,0,0
BRDA:370,f3_1,1,10
BRDA:378,f3_2,0,7
BRDA:378,f3_2,1,3
BRDA:378,f3_3,0,10
BRDA:378,f3_3,1,10
BRDA:378,f3_3,2,7
BRDA:378,f3_3,3,0
BRDA:378,f3_4,0,0
BRDA:378,f3_4,1,10
BRDA:378,f3_5,0,0
BRDA:378,f3_5,1,7
BRDA:395,f3_6,0,0
BRDA:395,f3_6,1,7
BRDA:446,f3_7,0,0
BRDA:446,f3_7,1,7
BRDA:527,f4_0,0,7
BRDA:527,f4_0,1,7
BRDA:590,f5_0,0,0
BRDA:590,f5_0,1,0
BRDA:572,f5_1,0,0
BRDA:572,f5_1,1,0
BRDA:575,f5_2,0,0
BRDA:575,f5_2,1,0
BRDA:625,f5_3,0,0
BRDA:625,f5_3,1,5
BRDA:669,f6_0,0,1
BRDA:669,f6_0,1,2
BRDA:682,f6_1,0,2
BRDA:682,f6_1,1,0
BRDA:674,f6_2,0,0
BRDA:674,f6_2,1,2
BRDA:674,f6_3,0,2
BRDA:674,f6_3,1,2
BRDA:676,f6_4,0,2
BRDA:676,f6_4,1,0
BRDA:738,f7_0,0,0
BRDA:748,f7_1,0,5
BRDA:748,f7_2,0,28
BRDA:748,f7_2,1,5
BRDA:762,f7_3,0,0
BRDA:762,f7_3,1,23
BRDA:782,f7_4,0,23
BRDA:782,f7_4,1,5
BRDA:878,f8_0,0,62
BRDA:878,f8_0,1,25
BRDA:941,f9_0,0,0
BRDA:941,f9_0,1,13
BRDA:951,f9_1,0,4
BRDA:951,f9_1,1,0
BRDA:951,f9_2,0,4
BRDA:951,f9_2,1,4
BRDA:946,f9_3,0,0
BRDA:946,f9_3,1,4
BRDA:946,f9_4,0,4
BRDA:946,f9_4,1,4
BRDA:958,f9_5,0,1
BRDA:958,f9_6,0,5
BRDA:958,f9_6,1,3
BRDA:959,f9_7,0,0
BRDA:959,f9_7,1,5
BRDA:959,f9_8,0,5
BRDA:959,f9_8,1,5
BRDA:959,f9_8,2,5
BRDA:960,f9_9,0,0
BRDA:960,f9_9,1,3
BRDA:984,f9_10,0,0
BRDA:984,f9_10,1,4
BRDA:984,f9_11,0,4
BRDA:984,f9_11,1,4
BRDA:985,f9_12,0,2
BRDA:985,f9_12,1,0
BRDA:985,f9_12,2,0
BRDA:997,f9_13,0,0
BRDA:997,f9_13,1,13
BRDA:1006,f9_14,0,12
BRDA:1006,f9_14,1,1
BRDA:1006,f9_15,0,13
BRDA:1006,f9_15,1,13
BRDA:1006,f9_15,2,4
BRDA:1006,f9_16,0,0
BRDA:1006,f9_16,1,13
BRDA:1026,f9_17,0,12
BRDA:1026,f9_17,1,0
BRDA:1026,f9_18,0,12
BRDA:1026,f9_18,1,0
BRDA:1026,f9_19,0,12
BRDA:1026,f9_19,1,12
BRDA:1026,f9_20,0,0
BRDA:1026,f9_20,1,12
BRDA:1026,f9_21,0,12
BRDA:1026,f9_21,1,12
BRDA:1061,f9_22,0,6
BRDA:1061,f9_22,1,6
BRDA:1071,f9_23,0,0
BRDA:1071,f9_23,1,6
BRDA:1078,f9_24,0,6
BRDA:1078,f9_24,1,0
BRDA:1078,f9_25,0,6
BRDA:1078,f9_25,1,6
BRDA:1078,f9_26,0,5
BRDA:1078,f9_26,1,1
BRDA:1078,f9_27,0,6
BRDA:1078,f9_27,1,6
BRDA:1078,f9_28,0,1
BRDA:1078,f9_28,1,5
BRDA:1078,f9_29,0,6
BRDA:1078,f9_29,1,6
BRDA:1082,f9_30,0,5
BRDA:1082,f9_30,1,1
BRDA:1082,f9_31,0,6
BRDA:1082,f9_31,1,6
BRDA:1082,f9_32,0,1
BRDA:1082,f9_32,1,5
BRDA:1082,f9_33,0,6
BRDA:1082,f9_33,1,6
BRDA:1083,f9_34,0,1
BRDA:1083,f9_34,1,5
BRDA:1083,f9_35,0,6
BRDA:1083,f9_35,1,6
BRDA:1137,f9_36,0,6
BRDA:1137,f9_36,1,0
BRDA:1138,f9_37,0,0
BRDA:1138,f9_37,1,6
BRDA:1138,f9_38,0,6
BRDA:1138,f9_38,1,6
BRDA:1139,f9_39,0,0
BRDA:1139,f9_39,1,6
BRDA:1139,f9_40,0,6
BRDA:1139,f9_40,1,6
BRDA:1142,f9_41,0,6
BRDA:1142,f9_41,1,0
BRDA:1142,f9_42,0,6
BRDA:1142,f9_42,1,6
BRDA:1145,f9_43,0,6
BRDA:1145,f9_43,1,0
BRDA:1145,f9_44,0,6
BRDA:1145,f9_44,1,6
BRDA:1091,f9_45,0,6
BRDA:1091,f9_45,1,0
BRDA:1091,f9_46,0,6
BRDA:1091,f9_46,1,6
BRDA:1159,f9_47,0,0
BRDA:1159,f9_47,1,12
BRDA:1159,f9_48,0,12
BRDA:1159,f9_48,1,12
BRDA:1204,f10_0,0,0
BRDA:1204,f10_0,1,0
BRDA:1205,f10_1,0,0
BRDA:1205,f10_1,1,0
BRDA:1220,f10_2,0,0
BRDA:1220,f10_2,1,12
BRDA:1304,f11_0,0,12
BRDA:1304,f11_1,0,12
BRDA:1304,f11_1,1,0
BRDA:1304,f11_1,2,0
BRDA:1304,f11_2,0,0
BRDA:1304,f11_2,1,0
BRDA:1309,f11_3,0,0
BRDA:1309,f11_3,1,0
BRDA:1286,f11_4,0,0
BRDA:1286,f11_4,1,0
BRDA:1286,f11_4,2,0
BRDA:1286,f11_4,3,0
BRDA:1340,f11_5,0,0
BRDA:1340,f11_5,1,0
BRDA:1283,f11_6,0,0
BRDA:1283,f11_6,1,0
BRDA:1358,f12_0,0,0
BRDA:1359,f12_1,0,0
BRDA:1359,f12_1,1,0
BRDA:1359,f12_2,0,0
BRDA:1359,f12_2,1,0
BRDA:1526,f16_0,0,0
BRDA:1580,f17_0,0,0
BRDA:1580,f17_0,1,0
BRDA:1580,f17_1,0,0
BRDA:1580,f17_1,1,0
BRDA:1580,f17_2,0,0
BRDA:1580,f17_2,1,0
BRDA:1580,f17_2,2,0
BRDA:1584,f17_3,0,0
BRDA:1584,f17_3,1,0
BRDA:1596,f17_4,0,0
BRDA:1596,f17_5,0,0
BRDA:1596,f17_5,1,0
BRDA:1600,f17_6,0,0
BRDA:1600,f17_6,1,0
BRDA:1600,f17_6,2,0
BRDA:1601,f17_7,0,0
BRDA:1601,f17_7,1,0
BRDA:1601,f17_7,2,0
BRDA:1613,f17_8,0,0
BRDA:1613,f17_9,0,0
BRDA:1613,f17_9,1,0
BRDA:1617,f17_10,0,0
BRDA:1617,f17_10,1,0
BRDA:1617,f17_10,2,0
BRDA:1618,f17_11,0,0
BRDA:1618,f17_11,1,0
BRDA:1618,f17_11,2,0
BRDA:1711,f17_12,0,0
BRDA:1711,f17_12,1,0
BRDA:1633,f17_13,0,0
BRDA:1636,f17_14,0,0
BRDA:1636,f17_14,1,0
BRDA:1638,f17_15,0,0
BRDA:1638,f17_15,1,0
BRDA:1638,f17_15,2,0
BRDA:1638,f17_15,3,0
BRDA:1640,f17_16,0,0
BRDA:1640,f17_16,1,0
BRDA:1640,f17_17,0,0
BRDA:1640,f17_17,1,0
BRDA:1657,f17_18,0,0
BRDA:1657,f17_18,1,0
BRDA:1792,f18_0,0,0
BRDA:1796,f18_1,0,1
BRDA:1796,f18_1,1,1
BRDA:1796,f18_1,2,1
BRDA:1818,f18_2,0,0
BRDA:1818,f18_2,1,0
BRDA:1818,f18_2,2,0
BRDA:1837,f18_3,0,0
BRDA:1837,f18_4,0,6
BRDA:1837,f18_4,1,0
BRDA:1837,f18_4,2,0
BRDA:1852,f18_5,0,6
BRDA:1852,f18_5,1,0
BRDA:1940,f18_6,0,5
BRDA:1940,f18_6,1,0
BRDA:2005,f19_0,0,0
BRDA:2005,f19_0,1,4
BRDA:2005,f19_1,0,4
BRDA:2005,f19_1,1,4
BRDA:2011,f19_2,0,0
BRDA:2011,f19_2,1,10
BRDA:2019,f19_3,0,7
BRDA:2019,f19_3,1,3
BRDA:2019,f19_4,0,10
BRDA:2019,f19_4,1,10
BRDA:2019,f19_5,0,0
BRDA:2019,f19_5,1,10
BRDA:2037,f19_6,0,0
BRDA:2037,f19_6,1,7
BRDA:2037,f19_7,0,7
BRDA:2037,f19_7,1,0
BRDA:2037,f19_8,0,7
BRDA:2037,f19_8,1,7
BRDA:2037,f19_9,0,0
BRDA:2037,f19_9,1,7
BRDA:2037,f19_10,0,7
BRDA:2037,f19_10,1,7
BRDA:2063,f19_11,0,0
BRDA:2063,f19_11,1,7
BRDA:2073,f19_12,0,0
BRDA:2073,f19_12,1,7
BRDA:2087,f19_13,0,21
BRDA:2087,f19_13,1,0
BRDA:2087,f19_14,0,21
BRDA:2087,f19_14,1,21
BRDA:2089,f19_15,0,0
BRDA:2089,f19_15,1,21
BRDA:2090,f19_16,0,0
BRDA:2090,f19_16,1,21
BRDA:2090,f19_17,0,21
BRDA:2090,f19_17,1,21
BRDA:2115,f19_18,0,0
BRDA:2115,f19_18,1,21
BRDA:2133,f19_19,0,21
BRDA:2133,f19_19,1,0
BRDA:2133,f19_20,0,21
BRDA:2133,f19_20,1,21
BRDA:2146,f19_21,0,0
BRDA:2146,f19_21,1,7
BRDA:2146,f19_22,0,7
BRDA:2146,f19_22,1,7
BRDA:2206,f20_0,0,3
BRDA:2208,f20_1,0,0
BRDA:2208,f20_1,1,10
BRDA:2216,f20_2,0,7
BRDA:2216,f20_2,1,3
BRDA:2216,f20_3,0,10
BRDA:2216,f20_3,1,10
BRDA:2216,f20_3,2,7
BRDA:2216,f20_3,3,0
BRDA:2216,f20_4,0,0
BRDA:2216,f20_4,1,10
BRDA:2216,f20_5,0,0
BRDA:2216,f20_5,1,7
BRDA:2234,f20_6,0,7
BRDA:2234,f20_6,1,0
BRDA:2234,f20_7,0,0
BRDA:2234,f20_7,1,7
BRDA:2234,f20_8,0,7
BRDA:2234,f20_8,1,7
BRDA:2237,f20_9,0,0
BRDA:2237,f20_9,1,7
BRDA:2270,f20_10,0,0
BRDA:2270,f20_10,1,7
BRDA:2359,f21_0,0,4
BRDA:2359,f21_0,1,0
BRDA:2359,f21_1,0,4
BRDA:2359,f21_1,1,4
BRDA:2352,f21_2,0,0
BRDA:2352,f21_2,1,4
BRDA:2352,f21_3,0,4
BRDA:2352,f21_3,1,4
BRDA:2378,f21_4,0,0
BRDA:2378,f21_4,1,4
BRDA:2378,f21_5,0,4
BRDA:2378,f21_5,1,4
BRDA:2384,f21_6,0,0
BRDA:2384,f21_6,1,10
BRDA:2392,f21_7,0,7
BRDA:2392,f21_7,1,3
BRDA:2392,f21_8,0,10
BRDA:2392,f21_8,1,10
BRDA:2392,f21_9,0,0
BRDA:2392,f21_9,1,10
BRDA:2410,f21_10,0,7
BRDA:2410,f21_10,1,0
BRDA:2410,f21_11,0,7
BRDA:2410,f21_11,1,0
BRDA:2410,f21_12,0,7
BRDA:2410,f21_12,1,7
BRDA:2410,f21_13,0,0
BRDA:2410,f21_13,1,7
BRDA:2410,f21_14,0,7
BRDA:2410,f21_14,1,7
BRDA:2435,f21_15,0,0
BRDA:2435,f21_15,1,7
BRDA:2442,f21_16,0,0
BRDA:2442,f21_16,1,7
BRDA:2443,f21_17,0,0
BRDA:2443,f21_17,1,7
BRDA:2452,f21_18,0,7
BRDA:2452,f21_18,1,0
BRDA:2452,f21_19,0,7
BRDA:2452,f21_19,1,7
BRDA:2451,f21_20,0,7
BRDA:2451,f21_20,1,0
BRDA:2451,f21_21,0,7
BRDA:2451,f21_21,1,7
BRDA:2451,f21_22,0,7
BRDA:2451,f21_22,1,0
BRDA:2451,f21_23,0,0
BRDA:2451,f21_23,1,0
BRDA:2451,f21_24,0,0
BRDA:2451,f21_24,1,0
BRDA:2456,f21_25,0,0
BRDA:2456,f21_25,1,7
BRDA:2456,f21_26,0,7
BRDA:2456,f21_26,1,7
BRDA:2456,f21_27,0,7
BRDA:2456,f21_27,1,0
BRDA:2456,f21_28,0,7
BRDA:2456,f21_28,1,7
BRDA:2457,f21_29,0,7
BRDA:2457,f21_29,1,0
BRDA:2457,f21_30,0,7
BRDA:2457,f21_30,1,7
BRDA:2476,f21_31,0,0
BRDA:2476,f21_31,1,7
BRDA:2477,f21_32,0,0
BRDA:2477,f21_32,1,7
BRDA:2479,f21_33,0,0
BRDA:2479,f21_33,1,0
BRDA:2479,f21_34,0,0
BRDA:2479,f21_34,1,0
BRDA:2479,f21_35,0,0
BRDA:2479,f21_35,1,0
BRDA:2484,f21_36,0,0
BRDA:2484,f21_36,1,7
BRDA:2488,f21_37,0,0
BRDA:2488,f21_37,1,7
BRDA:2488,f21_38,0,0
BRDA:2488,f21_38,1,0
BRDA:2490,f21_39,0,0
BRDA:2490,f21_39,1,0
BRDA:2493,f21_40,0,0
BRDA:2493,f21_40,1,7
BRDA:2494,f21_41,0,0
BRDA:2494,f21_41,1,7
BRDA:2511,f21_42,0,0
BRDA:2511,f21_42,1,0
BRDA:2512,f21_43,0,0
BRDA:2512,f21_43,1,0
BRDA:2514,f21_44,0,0
BRDA:2514,f21_44,1,0
BRDA:2514,f21_45,0,0
BRDA:2514,f21_45,1,0
BRDA:2514,f21_46,0,0
BRDA:2514,f21_46,1,0
BRDA:2535,f21_47,0,7
BRDA:2535,f21_47,1,0
BRDA:2535,f21_48,0,7
BRDA:2535,f21_48,1,7
BRDA:2538,f21_49,0,7
BRDA:2538,f21_49,1,0
BRDA:2538,f21_50,0,7
BRDA:2538,f21_50,1,7
BRDA:2464,f21_51,0,7
BRDA:2464,f21_51,1,0
BRDA:2464,f21_52,0,7
BRDA:2464,f21_52,1,7
BRDA:2552,f21_53,0,0
BRDA:2552,f21_53,1,7
BRDA:2552,f21_54,0,7
BRDA:2552,f21_54,1,7
BRDA:2607,f22_0,0,4
BRDA:2607,f22_0,1,0
BRDA:2607,f22_1,0,4
BRDA:2607,f22_1,1,4
BRDA:2607,f22_2,0,0
BRDA:2607,f22_2,1,4
BRDA:2607,f22_3,0,4
BRDA:2607,f22_3,1,4
BRDA:2625,f22_4,0,0
BRDA:2625,f22_4,1,4
BRDA:2625,f22_5,0,4
BRDA:2625,f22_5,1,4
BRDA:2631,f22_6,0,0
BRDA:2631,f22_6,1,11
BRDA:2639,f22_7,0,8
BRDA:2639,f22_7,1,3
BRDA:2639,f22_8,0,11
BRDA:2639,f22_8,1,11
BRDA:2639,f22_9,0,0
BRDA:2639,f22_9,1,11
BRDA:2657,f22_10,0,8
BRDA:2657,f22_10,1,0
BRDA:2657,f22_11,0,8
BRDA:2657,f22_11,1,0
BRDA:2657,f22_12,0,8
BRDA:2657,f22_12,1,8
BRDA:2657,f22_13,0,0
BRDA:2657,f22_13,1,8
BRDA:2657,f22_14,0,8
BRDA:2657,f22_14,1,8
BRDA:2684,f22_15,0,0
BRDA:2684,f22_15,1,8
BRDA:2694,f22_16,0,0
BRDA:2694,f22_16,1,8
BRDA:2695,f22_17,0,0
BRDA:2695,f22_18,0,8
BRDA:2695,f22_18,1,8
BRDA:2701,f22_19,0,0
BRDA:2702,f22_20,0,0
BRDA:2702,f22_20,1,8
BRDA:2706,f22_21,0,8
BRDA:2706,f22_21,1,0
BRDA:2706,f22_22,0,8
BRDA:2706,f22_22,1,8
BRDA:2706,f22_23,0,6
BRDA:2706,f22_23,1,2
BRDA:2706,f22_24,0,8
BRDA:2706,f22_24,1,8
BRDA:2706,f22_25,0,2
BRDA:2706,f22_25,1,6
BRDA:2706,f22_26,0,8
BRDA:2706,f22_26,1,8
BRDA:2710,f22_27,0,6
BRDA:2710,f22_27,1,2
BRDA:2710,f22_28,0,8
BRDA:2710,f22_28,1,8
BRDA:2710,f22_29,0,2
BRDA:2710,f22_29,1,6
BRDA:2710,f22_30,0,8
BRDA:2710,f22_30,1,8
BRDA:2711,f22_31,0,2
BRDA:2711,f22_31,1,6
BRDA:2711,f22_32,0,8
BRDA:2711,f22_32,1,8
BRDA:2758,f22_33,0,8
BRDA:2758,f22_33,1,0
BRDA:2765,f22_34,0,8
BRDA:2765,f22_34,1,0
BRDA:2765,f22_35,0,8
BRDA:2765,f22_35,1,8
BRDA:2779,f22_36,0,0
BRDA:2779,f22_36,1,8
BRDA:2779,f22_37,0,8
BRDA:2779,f22_37,1,8
BRDA:2892,f25_0,0,0
BRDA:2892,f25_1,0,5
BRDA:2892,f25_1,1,0
BRDA:2892,f25_2,0,0
BRDA:2892,f25_2,1,0
BRDA:2975,f26_0,0,0
BRDA:2983,f26_1,0,3
BRDA:2984,f26_2,0,10
BRDA:2984,f26_2,1,10
BRDA:2984,f26_2,2,7
BRDA:2984,f26_2,3,0
BRDA:2984,f26_2,4,3
BRDA:2984,f26_3,0,0
BRDA:2984,f26_3,1,10
BRDA:2984,f26_4,0,10
BRDA:2984,f26_4,1,10
BRDA:2984,f26_5,0,0
BRDA:2984,f26_5,1,7
BRDA:2984,f26_6,0,7
BRDA:2984,f26_6,1,7
BRDA:3001,f26_7,0,0
BRDA:3001,f26_8,0,0
BRDA:3001,f26_9,0,7
BRDA:3001,f26_9,1,0
BRDA:3001,f26_10,0,7
BRDA:3001,f26_10,1,7
BRDA:3001,f26_11,0,0
BRDA:3001,f26_11,1,7
BRDA:3001,f26_12,0,7
BRDA:3001,f26_12,1,7
BRDA:3001,f26_12,2,7
BRDA:3004,f26_13,0,7
BRDA:3004,f26_13,1,7
BRDA:3004,f26_13,2,7
BRDA:3004,f26_13,3,0
BRDA:3024,f26_14,0,0
BRDA:3024,f26_14,1,7
BRDA:3184,f27_0,0,2
BRDA:3184,f27_0,1,1
BRDA:3187,f27_1,0,2
BRDA:3187,f27_1,1,1
BRDA:3194,f27_2,0,3
BRDA:3194,f27_2,1,0
BRDA:3207,f27_3,0,6
BRDA:3207,f27_3,1,3
BRDA:3207,f27_3,2,3
BRDA:3269,f29_0,0,0
BRDA:3270,f29_1,0,0
BRDA:3289,f29_2,0,2
BRDA:3289,f29_2,1,1
BRDA:3292,f29_3,0,2
BRDA:3292,f29_3,1,1
BRDA:3298,f29_4,0,3
BRDA:3298,f29_4,1,0
BRDA:3309,f29_5,0,6
BRDA:3309,f29_5,1,3
BRDA:3354,f30_0,0,0
BRDA:3354,f30_0,1,2
BRDA:3355,f30_1,0,2
BRDA:3355,f30_1,1,2
BRDA:3355,f30_1,2,2
BRDA:3384,f30_2,0,2
BRDA:3384,f30_2,1,0
BRDA:3400,f30_3,0,3
BRDA:3400,f30_3,1,2
BRDA:3412,f30_4,0,0
BRDA:3418,f30_5,0,2
BRDA:3418,f30_5,1,2
BRDA:3418,f30_5,2,2
BRDA:3421,f30_6,0,0
BRDA:3421,f30_6,1,2
BRDA:3421,f30_7,0,2
BRDA:3421,f30_7,1,2
BRDA:3421,f30_7,2,2
BRDA:3421,f30_7,3,2
BRDA:3421,f30_7,4,2
BRDA:3422,f30_8,0,1
BRDA:3422,f30_8,1,1
BRDA:3422,f30_9,0,2
BRDA:3422,f30_9,1,2
BRDA:3422,f30_9,2,2
BRDA:3422,f30_9,3,2
BRDA:3422,f30_9,4,2
BRDA:3423,f30_10,0,0
BRDA:3423,f30_10,1,2
BRDA:3428,f30_11,0,0
BRDA:3428,f30_11,1,0
BRDA:3496,f32_0,0,0
BRDA:3517,f32_1,0,2
BRDA:3517,f32_1,1,1
BRDA:3520,f32_2,0,2
BRDA:3520,f32_2,1,1
BRDA:3525,f32_3,0,3
BRDA:3525,f32_3,1,0
BRDA:3537,f32_4,0,6
BRDA:3537,f32_4,1,3
BRDA:3537,f32_4,2,3
BRDA:3591,f33_0,0,2
BRDA:3591,f33_0,1,1
BRDA:3594,f33_1,0,2
BRDA:3594,f33_1,1,1
BRDA:3600,f33_2,0,3
BRDA:3600,f33_2,1,0
BRDA:3613,f33_3,0,6
BRDA:3613,f33_3,1,3
BRDA:3613,f33_3,2,3
BRDA:3647,f34_0,0,0
BRDA:3668,f34_1,0,2
BRDA:3668,f34_1,1,1
BRDA:3671,f34_2,0,2
BRDA:3671,f34_2,1,1
BRDA:3675,f34_3,0,3
BRDA:3675,f34_3,1,0
BRDA:3687,f34_4,0,6
BRDA:3687,f34_4,1,3
BRDA:3687,f34_4,2,3
BRDA:3721,f35_0,0,0
BRDA:3742,f35_1,0,2
BRDA:3742,f35_1,1,1
BRDA:3745,f35_2,0,2
BRDA:3745,f35_2,1,1
BRDA:3750,f35_3,0,3
BRDA:3750,f35_3,1,0
BRDA:3763,f35_4,0,6
BRDA:3763,f35_4,1,3
BRDA:3763,f35_4,2,3
BRDA:3792,f36_0,0,1
BRDA:3792,f36_0,1,0
BRDA:3840,f37_0,0,2
BRDA:3840,f37_0,1,1
BRDA:3843,f37_1,0,2
BRDA:3843,f37_1,1,1
BRDA:3846,f37_2,0,3
BRDA:3846,f37_2,1,0
BRDA:3858,f37_3,0,6
BRDA:3858,f37_3,1,3
BRDA:3858,f37_3,2,3
BRDA:3884,f38_0,0,264
BRDA:3884,f38_0,1,3560
BRDA:3920,f39_0,0,1
BRDA:3920,f39_0,1,0
BRDA:4242,f44_0,0,51
BRDA:4242,f44_0,1,51
BRDA:4267,f44_1,0,0
BRDA:4270,f44_2,0,38
BRDA:4270,f44_2,1,0
BRDA:4330,f44_3,0,0
BRDA:4333,f44_4,0,190
BRDA:4333,f44_4,1,0
BRDA:4353,f44_5,0,0
BRDA:4374,f44_6,0,1
BRDA:4374,f44_6,1,0
BRDA:4374,f44_6,2,0
BRDA:4374,f44_6,3,0
BRDA:4374,f44_6,4,0
BRDA:4374,f44_6,5,0
BRDA:4416,f44_7,0,0
BRDA:4416,f44_8,0,14
BRDA:4416,f44_8,1,14
BRDA:4417,f44_9,0,14
BRDA:4430,f44_10,0,0
BRDA:4430,f44_10,1,0
BRDA:4434,f44_11,0,0
BRDA:4434,f44_11,1,0
BRDA:4439,f44_12,0,0
BRDA:4439,f44_12,1,0
BRDA:4442,f44_13,0,0
BRDA:4442,f44_13,1,0
BRDA:4448,f44_14,0,0
BRDA:4448,f44_14,1,0
BRDA:4457,f44_15,0,0
BRDA:4457,f44_15,1,0
BRDA:4459,f44_16,0,0
BRDA:4459,f44_16,1,0
BRDA:4459,f44_17,0,0
BRDA:4459,f44_17,1,0
BRDA:4461,f44_18,0,0
BRDA:4461,f44_18,1,0
BRDA:4486,f44_19,0,0
BRDA:4491,f44_20,0,9
BRDA:4491,f44_20,1,0
BRDA:4491,f44_20,2,29
BRDA:4491,f44_20,3,0
BRDA:4491,f44_20,4,0
BRDA:4520,f44_21,0,13
BRDA:4520,f44_21,1,0
BRDA:4521,f44_22,0,13
BRDA:4521,f44_22,1,0
BRDA:4521,f44_23,0,0
BRDA:4521,f44_23,1,0
BRDA:4523,f44_24,0,0
BRDA:4523,f44_24,1,0
BRDA:4544,f44_25,0,14
BRDA:4544,f44_25,1,0
BRDA:4544,f44_26,0,14
BRDA:4544,f44_26,1,14
BRDA:4547,f44_27,0,14
BRDA:4547,f44_27,1,0
BRDA:4565,f44_28,0,0
BRDA:4565,f44_28,1,7
BRDA:4566,f44_29,0,7
BRDA:4566,f44_29,1,0
BRDA:4611,f44_30,0,74
BRDA:4611,f44_30,1,72
BRDA:4611,f44_30,2,72
BRDA:4634,f44_31,0,0
BRDA:4635,f44_32,0,30
BRDA:4635,f44_32,1,27
BRDA:4635,f44_32,2,27
BRDA:4635,f44_32,3,27
BRDA:4639,f44_33,0,0
BRDA:4639,f44_33,1,0
BRDA:4645,f44_34,0,27
BRDA:4645,f44_35,0,30
BRDA:4645,f44_35,1,27
BRDA:4650,f44_36,0,12
BRDA:4651,f44_37,0,0
BRDA:4652,f44_38,0,15
BRDA:4714,f44_39,0,0
BRDA:4714,f44_39,1,0
BRDA:4715,f44_40,0,0
BRDA:4715,f44_40,1,0
BRDA:4728,f44_41,0,0
BRDA:4728,f44_41,1,0
BRDA:4749,f44_42,0,0
BRDA:4749,f44_42,1,0
BRDA:4774,f44_43,0,0
BRDA:4774,f44_43,1,0
BRDA:4793,f44_44,0,4
BRDA:4793,f44_44,1,0
BRDA:4793,f44_44,2,0
BRDA:4793,f44_44,3,10
BRDA:4793,f44_44,4,0
BRF:753
BRH:441
end_of_record
