TN:
SF:workspaces/homepage/coverage-anchors/red-hat-developer-hub.backstage-plugin-homepage
FN:39,(anonymous_0)
FN:55,(anonymous_3)
FN:50,(anonymous_4)
FN:53,(anonymous_6)
FN:118,(anonymous_8)
FN:125,(anonymous_9)
FN:141,(anonymous_10)
FN:112,(anonymous_11)
FN:116,(anonymous_13)
FN:207,(anonymous_6)
FN:213,(anonymous_7)
FN:225,(anonymous_8)
FN:236,(anonymous_9)
FN:246,(anonymous_10)
FN:257,(anonymous_11)
FN:285,(anonymous_12)
FN:288,(anonymous_13)
FN:363,(anonymous_14)
FN:372,(anonymous_15)
FN:382,(anonymous_16)
FN:389,(anonymous_17)
FN:405,(anonymous_18)
FN:412,(anonymous_19)
FN:423,(anonymous_20)
FN:435,(anonymous_21)
FN:470,(anonymous_22)
FN:481,(anonymous_23)
FN:496,(anonymous_24)
FN:525,(anonymous_25)
FN:528,(anonymous_26)
FN:644,(anonymous_27)
FN:650,(anonymous_28)
FN:660,(anonymous_29)
FN:662,(anonymous_30)
FN:691,(anonymous_31)
FN:711,(anonymous_32)
FN:714,(anonymous_33)
FN:729,(anonymous_34)
FN:730,(anonymous_35)
FN:797,(anonymous_0)
FN:798,(anonymous_2)
FN:841,(anonymous_27)
FN:853,(anonymous_28)
FN:967,(anonymous_33)
FN:976,(anonymous_34)
FN:1008,(anonymous_35)
FN:1014,(anonymous_36)
FN:1016,(anonymous_37)
FN:1100,(anonymous_39)
FN:1133,(anonymous_40)
FN:1168,(anonymous_41)
FN:1240,(anonymous_24)
FN:1284,(anonymous_25)
FN:1321,(anonymous_26)
FN:1357,(anonymous_29)
FN:1424,(anonymous_42)
FN:1439,(anonymous_43)
FN:1441,(anonymous_44)
FN:1444,(anonymous_45)
FN:1465,(anonymous_46)
FN:1539,(anonymous_54)
FN:1579,(anonymous_58)
FN:1620,(anonymous_36)
FN:1624,(anonymous_37)
FN:1628,(anonymous_38)
FN:1630,(anonymous_39)
FN:1632,(anonymous_40)
FN:1633,(anonymous_41)
FN:1730,(anonymous_7)
FN:1779,(anonymous_8)
FN:1829,z
FN:1842,(anonymous_20)
FN:1843,(anonymous_21)
FN:1862,(anonymous_22)
FN:1904,(anonymous_23)
FN:2036,(anonymous_47)
FN:2039,(anonymous_48)
FN:2042,(anonymous_49)
FN:2062,(anonymous_50)
FN:2084,(anonymous_51)
FN:2099,(anonymous_52)
FN:2100,(anonymous_53)
FN:2162,(anonymous_42)
FN:2181,(anonymous_43)
FN:2287,(anonymous_46)
FN:2296,(anonymous_47)
FN:2339,(anonymous_48)
FN:2372,(anonymous_49)
FN:2443,(anonymous_44)
FN:2475,(anonymous_45)
FN:2515,(anonymous_50)
FN:2527,(anonymous_51)
FN:2543,(anonymous_52)
FN:2552,(anonymous_54)
FN:2623,(anonymous_59)
FN:2630,(anonymous_60)
FN:2668,(anonymous_61)
FN:2634,(anonymous_62)
FN:2610,(anonymous_63)
FN:2636,(anonymous_64)
FN:2643,(anonymous_65)
FN:2651,(anonymous_66)
FN:2675,(anonymous_67)
FN:2681,(anonymous_68)
FN:2689,(anonymous_70)
FN:2715,(anonymous_55)
FN:2723,(anonymous_56)
FN:2763,(anonymous_71)
FN:2769,(anonymous_72)
FN:2775,(anonymous_73)
FN:2782,(anonymous_74)
FN:2786,(anonymous_76)
FN:2808,(anonymous_30)
FN:2811,(anonymous_31)
FN:2845,(anonymous_10)
FN:2869,(anonymous_16)
FN:2876,(anonymous_17)
FN:2877,(anonymous_18)
FN:2881,(anonymous_19)
FN:2909,(anonymous_77)
FN:2911,(anonymous_79)
FN:2937,(anonymous_32)
FN:2940,(anonymous_34)
FN:3034,(anonymous_53)
FN:3043,(anonymous_54)
FN:3052,(anonymous_55)
FN:3066,(anonymous_56)
FN:3067,(anonymous_57)
FN:3080,(anonymous_58)
FN:3082,(anonymous_59)
FN:3096,(anonymous_60)
FN:3096,(anonymous_61)
FN:3109,(anonymous_62)
FN:3111,(anonymous_63)
FN:3125,(anonymous_64)
FN:3125,(anonymous_65)
FN:3138,(anonymous_66)
FN:3138,(anonymous_67)
FN:3151,(anonymous_68)
FN:3152,(anonymous_69)
FN:3165,(anonymous_70)
FN:3165,(anonymous_71)
FN:3178,(anonymous_72)
FN:3180,(anonymous_73)
FN:3194,(anonymous_74)
FN:3196,(anonymous_75)
FN:3210,(anonymous_76)
FN:3212,(anonymous_77)
FN:3226,(anonymous_78)
FN:3227,(anonymous_79)
FN:3239,(anonymous_80)
FN:3240,(anonymous_81)
FN:3252,(anonymous_82)
FN:3252,(anonymous_83)
FN:3264,(anonymous_84)
FN:3265,(anonymous_85)
FN:3277,(anonymous_86)
FN:3278,(anonymous_87)
FN:3290,(anonymous_88)
FN:3291,(anonymous_89)
FN:3291,(anonymous_91)
FN:3335,(anonymous_14)
FN:3504,(anonymous_80)
FN:3567,(anonymous_11)
FN:3573,(anonymous_12)
FN:3581,(anonymous_13)
FN:3629,(anonymous_9)
FN:3749,(anonymous_1)
FN:3749,w
FN:3765,b
FN:3755,(anonymous_4)
FN:3778,C
FN:3809,(anonymous_32)
FN:3818,(anonymous_38)
FNF:174
FNH:81
FNDA:6,(anonymous_0)
FNDA:1,(anonymous_3)
FNDA:1,(anonymous_4)
FNDA:1,(anonymous_6)
FNDA:0,(anonymous_8)
FNDA:0,(anonymous_9)
FNDA:0,(anonymous_10)
FNDA:0,(anonymous_11)
FNDA:26,(anonymous_13)
FNDA:0,(anonymous_6)
FNDA:0,(anonymous_7)
FNDA:0,(anonymous_8)
FNDA:0,(anonymous_9)
FNDA:0,(anonymous_10)
FNDA:0,(anonymous_11)
FNDA:0,(anonymous_12)
FNDA:0,(anonymous_13)
FNDA:3,(anonymous_14)
FNDA:1,(anonymous_15)
FNDA:1,(anonymous_16)
FNDA:6,(anonymous_17)
FNDA:0,(anonymous_18)
FNDA:0,(anonymous_19)
FNDA:0,(anonymous_20)
FNDA:2,(anonymous_21)
FNDA:0,(anonymous_22)
FNDA:25,(anonymous_23)
FNDA:2,(anonymous_24)
FNDA:8,(anonymous_25)
FNDA:6,(anonymous_26)
FNDA:0,(anonymous_27)
FNDA:0,(anonymous_28)
FNDA:0,(anonymous_29)
FNDA:0,(anonymous_30)
FNDA:0,(anonymous_31)
FNDA:0,(anonymous_32)
FNDA:0,(anonymous_33)
FNDA:0,(anonymous_34)
FNDA:0,(anonymous_35)
FNDA:2,(anonymous_0)
FNDA:1,(anonymous_2)
FNDA:0,(anonymous_27)
FNDA:0,(anonymous_28)
FNDA:17,(anonymous_33)
FNDA:27,(anonymous_34)
FNDA:4,(anonymous_35)
FNDA:0,(anonymous_36)
FNDA:0,(anonymous_37)
FNDA:2,(anonymous_39)
FNDA:0,(anonymous_40)
FNDA:17,(anonymous_41)
FNDA:0,(anonymous_24)
FNDA:0,(anonymous_25)
FNDA:0,(anonymous_26)
FNDA:0,(anonymous_29)
FNDA:2,(anonymous_42)
FNDA:3,(anonymous_43)
FNDA:1,(anonymous_44)
FNDA:2,(anonymous_45)
FNDA:2,(anonymous_46)
FNDA:2,(anonymous_54)
FNDA:30,(anonymous_58)
FNDA:0,(anonymous_36)
FNDA:0,(anonymous_37)
FNDA:0,(anonymous_38)
FNDA:0,(anonymous_39)
FNDA:0,(anonymous_40)
FNDA:0,(anonymous_41)
FNDA:33,(anonymous_7)
FNDA:33,(anonymous_8)
FNDA:11,z
FNDA:2,(anonymous_20)
FNDA:2,(anonymous_21)
FNDA:10,(anonymous_22)
FNDA:33,(anonymous_23)
FNDA:0,(anonymous_47)
FNDA:0,(anonymous_48)
FNDA:0,(anonymous_49)
FNDA:0,(anonymous_50)
FNDA:0,(anonymous_51)
FNDA:0,(anonymous_52)
FNDA:0,(anonymous_53)
FNDA:0,(anonymous_42)
FNDA:0,(anonymous_43)
FNDA:0,(anonymous_46)
FNDA:0,(anonymous_47)
FNDA:0,(anonymous_48)
FNDA:0,(anonymous_49)
FNDA:0,(anonymous_44)
FNDA:0,(anonymous_45)
FNDA:11,(anonymous_50)
FNDA:14,(anonymous_51)
FNDA:0,(anonymous_52)
FNDA:0,(anonymous_54)
FNDA:30,(anonymous_59)
FNDA:3,(anonymous_60)
FNDA:18,(anonymous_61)
FNDA:18,(anonymous_62)
FNDA:18,(anonymous_63)
FNDA:18,(anonymous_64)
FNDA:18,(anonymous_65)
FNDA:11,(anonymous_66)
FNDA:15,(anonymous_67)
FNDA:0,(anonymous_68)
FNDA:1,(anonymous_70)
FNDA:2,(anonymous_55)
FNDA:1,(anonymous_56)
FNDA:1,(anonymous_71)
FNDA:1,(anonymous_72)
FNDA:6,(anonymous_73)
FNDA:8,(anonymous_74)
FNDA:71,(anonymous_76)
FNDA:27,(anonymous_30)
FNDA:2,(anonymous_31)
FNDA:11,(anonymous_10)
FNDA:11,(anonymous_16)
FNDA:1,(anonymous_17)
FNDA:0,(anonymous_18)
FNDA:0,(anonymous_19)
FNDA:71,(anonymous_77)
FNDA:22,(anonymous_79)
FNDA:1771,(anonymous_32)
FNDA:34,(anonymous_34)
FNDA:0,(anonymous_53)
FNDA:1,(anonymous_54)
FNDA:0,(anonymous_55)
FNDA:0,(anonymous_56)
FNDA:0,(anonymous_57)
FNDA:1,(anonymous_58)
FNDA:1,(anonymous_59)
FNDA:0,(anonymous_60)
FNDA:0,(anonymous_61)
FNDA:0,(anonymous_62)
FNDA:0,(anonymous_63)
FNDA:0,(anonymous_64)
FNDA:0,(anonymous_65)
FNDA:0,(anonymous_66)
FNDA:0,(anonymous_67)
FNDA:0,(anonymous_68)
FNDA:0,(anonymous_69)
FNDA:0,(anonymous_70)
FNDA:0,(anonymous_71)
FNDA:0,(anonymous_72)
FNDA:0,(anonymous_73)
FNDA:0,(anonymous_74)
FNDA:0,(anonymous_75)
FNDA:0,(anonymous_76)
FNDA:0,(anonymous_77)
FNDA:0,(anonymous_78)
FNDA:0,(anonymous_79)
FNDA:0,(anonymous_80)
FNDA:0,(anonymous_81)
FNDA:0,(anonymous_82)
FNDA:0,(anonymous_83)
FNDA:1,(anonymous_84)
FNDA:1,(anonymous_85)
FNDA:1,(anonymous_86)
FNDA:1,(anonymous_87)
FNDA:0,(anonymous_88)
FNDA:0,(anonymous_89)
FNDA:2,(anonymous_91)
FNDA:25,(anonymous_14)
FNDA:22,(anonymous_80)
FNDA:415,(anonymous_11)
FNDA:332,(anonymous_12)
FNDA:83,(anonymous_13)
FNDA:11,(anonymous_9)
FNDA:1,(anonymous_1)
FNDA:0,w
FNDA:12,b
FNDA:0,(anonymous_4)
FNDA:6,C
FNDA:4,(anonymous_32)
FNDA:0,(anonymous_38)
DA:39,7
DA:50,1
DA:53,3
DA:56,1
DA:57,1
DA:58,1
DA:59,0
DA:63,1
DA:97,1
DA:112,0
DA:116,29
DA:120,0
DA:122,0
DA:126,0
DA:127,0
DA:133,0
DA:134,0
DA:138,0
DA:142,0
DA:144,0
DA:207,1
DA:208,0
DA:209,0
DA:210,0
DA:213,0
DA:220,0
DA:223,0
DA:226,0
DA:227,0
DA:229,0
DA:230,0
DA:231,0
DA:235,0
DA:236,0
DA:246,0
DA:251,0
DA:257,0
DA:260,0
DA:267,0
DA:268,0
DA:270,0
DA:283,0
DA:286,0
DA:288,0
DA:293,0
DA:363,1
DA:367,3
DA:368,3
DA:369,3
DA:372,3
DA:373,1
DA:374,1
DA:375,6
DA:379,1
DA:382,3
DA:386,1
DA:387,1
DA:390,6
DA:391,6
DA:396,0
DA:399,6
DA:400,6
DA:404,6
DA:405,0
DA:412,0
DA:417,6
DA:423,0
DA:426,6
DA:429,6
DA:436,2
DA:437,2
DA:442,0
DA:446,2
DA:447,2
DA:448,2
DA:450,2
DA:461,2
DA:463,2
DA:467,2
DA:469,2
DA:470,0
DA:481,25
DA:490,2
DA:496,2
DA:499,2
DA:501,2
DA:507,2
DA:510,2
DA:511,2
DA:523,1
DA:526,8
DA:528,6
DA:533,3
DA:555,4
DA:603,1
DA:629,1
DA:644,1
DA:648,0
DA:650,0
DA:651,0
DA:652,0
DA:653,0
DA:657,0
DA:660,0
DA:661,0
DA:663,0
DA:664,0
DA:669,0
DA:672,0
DA:673,0
DA:674,0
DA:678,0
DA:679,0
DA:680,0
DA:691,0
DA:692,0
DA:704,0
DA:711,0
DA:714,0
DA:715,0
DA:716,0
DA:717,0
DA:720,0
DA:726,0
DA:729,0
DA:730,0
DA:745,0
DA:756,4
DA:797,5
DA:798,1
DA:800,1
DA:802,1
DA:841,1
DA:846,0
DA:853,0
DA:967,17
DA:976,1
DA:977,27
DA:978,27
DA:979,27
DA:980,27
DA:981,27
DA:982,27
DA:984,27
DA:985,27
DA:988,27
DA:995,27
DA:999,27
DA:1003,27
DA:1011,4
DA:1014,27
DA:1015,0
DA:1022,27
DA:1026,27
DA:1030,27
DA:1031,6
DA:1043,21
DA:1044,0
DA:1053,21
DA:1100,2
DA:1148,0
DA:1169,17
DA:1201,27
DA:1240,1
DA:1241,0
DA:1247,0
DA:1249,0
DA:1290,0
DA:1292,0
DA:1321,0
DA:1357,1
DA:1361,2
DA:1424,1
DA:1428,2
DA:1430,1
DA:1433,1
DA:1434,1
DA:1439,1
DA:1440,3
DA:1441,3
DA:1442,3
DA:1444,3
DA:1445,2
DA:1448,2
DA:1465,3
DA:1467,2
DA:1468,0
DA:1474,3
DA:1539,1
DA:1544,2
DA:1576,2
DA:1579,32
DA:1620,1
DA:1621,0
DA:1622,0
DA:1624,0
DA:1629,0
DA:1630,0
DA:1632,0
DA:1633,0
DA:1636,0
DA:1637,0
DA:1640,0
DA:1642,0
DA:1647,0
DA:1653,0
DA:1669,0
DA:1678,0
DA:1694,0
DA:1730,1
DA:1737,33
DA:1779,33
DA:1787,4
DA:1830,11
DA:1832,11
DA:1834,11
DA:1839,11
DA:1840,11
DA:1843,2
DA:1844,2
DA:1847,1
DA:1848,1
DA:1851,1
DA:1855,0
DA:1863,10
DA:1865,10
DA:1904,33
DA:1930,11
DA:1931,11
DA:1986,1
DA:2016,1
DA:2036,1
DA:2037,0
DA:2039,0
DA:2040,0
DA:2043,0
DA:2044,0
DA:2046,0
DA:2047,0
DA:2050,0
DA:2062,0
DA:2063,0
DA:2075,0
DA:2084,0
DA:2085,0
DA:2086,0
DA:2087,0
DA:2090,0
DA:2096,0
DA:2099,0
DA:2100,0
DA:2115,0
DA:2162,1
DA:2175,0
DA:2177,0
DA:2181,0
DA:2287,1
DA:2296,1
DA:2297,0
DA:2302,0
DA:2308,0
DA:2312,0
DA:2313,0
DA:2325,0
DA:2326,0
DA:2335,0
DA:2354,0
DA:2373,0
DA:2409,0
DA:2443,1
DA:2475,1
DA:2476,0
DA:2477,0
DA:2515,1
DA:2516,11
DA:2518,11
DA:2527,1
DA:2528,14
DA:2530,14
DA:2543,1
DA:2544,0
DA:2546,0
DA:2552,0
DA:2610,18
DA:2611,18
DA:2623,1
DA:2627,30
DA:2628,30
DA:2631,3
DA:2632,3
DA:2634,18
DA:2636,18
DA:2639,3
DA:2640,3
DA:2641,3
DA:2644,18
DA:2652,11
DA:2653,11
DA:2654,11
DA:2668,3
DA:2673,3
DA:2675,3
DA:2676,15
DA:2681,3
DA:2682,0
DA:2689,30
DA:2720,2
DA:2722,2
DA:2723,1
DA:2727,2
DA:2763,1
DA:2764,1
DA:2767,1
DA:2769,1
DA:2770,1
DA:2771,0
DA:2774,1
DA:2778,6
DA:2782,8
DA:2785,1
DA:2786,73
DA:2808,1
DA:2809,27
DA:2811,27
DA:2820,27
DA:2845,1
DA:2851,11
DA:2856,11
DA:2860,11
DA:2870,11
DA:2872,11
DA:2877,1
DA:2878,0
DA:2881,1
DA:2884,11
DA:2909,72
DA:2911,24
DA:2937,1
DA:2938,1771
DA:2940,38
DA:3021,1
DA:3035,0
DA:3044,1
DA:3053,0
DA:3063,1
DA:3067,0
DA:3077,1
DA:3081,1
DA:3082,1
DA:3092,1
DA:3096,0
DA:3105,1
DA:3110,0
DA:3111,0
DA:3121,1
DA:3125,0
DA:3134,1
DA:3138,0
DA:3147,1
DA:3152,0
DA:3161,1
DA:3165,0
DA:3174,1
DA:3179,0
DA:3180,0
DA:3190,1
DA:3195,0
DA:3196,0
DA:3206,1
DA:3211,0
DA:3212,0
DA:3222,1
DA:3227,0
DA:3235,1
DA:3240,0
DA:3248,1
DA:3252,0
DA:3260,1
DA:3265,1
DA:3273,1
DA:3278,1
DA:3286,1
DA:3291,4
DA:3311,1
DA:3312,2
DA:3333,1
DA:3335,25
DA:3341,1
DA:3350,1
DA:3358,1
DA:3475,1
DA:3504,1
DA:3509,22
DA:3510,22
DA:3513,0
DA:3514,0
DA:3567,1
DA:3568,415
DA:3569,415
DA:3573,1
DA:3577,332
DA:3581,1
DA:3603,83
DA:3629,1
DA:3630,11
DA:3671,1
DA:3714,2
DA:3749,19
DA:3752,0
DA:3758,0
DA:3759,0
DA:3769,12
DA:3782,6
DA:3789,6
DA:3791,6
DA:3809,1
DA:3810,4
DA:3813,4
DA:3815,1
DA:3820,0
DA:3821,0
DA:3830,4
LF:422
LH:254
BRDA:39,f0_0,0,1
BRDA:39,f0_0,1,0
BRDA:58,f0_1,0,0
BRDA:120,f1_0,0,0
BRDA:120,f1_0,1,0
BRDA:120,f1_1,0,0
BRDA:120,f1_1,1,0
BRDA:130,f1_2,0,0
BRDA:130,f1_2,1,0
BRDA:133,f1_3,0,0
BRDA:143,f1_4,0,0
BRDA:143,f1_4,1,0
BRDA:226,f2_0,0,0
BRDA:226,f2_1,0,0
BRDA:226,f2_1,1,0
BRDA:226,f2_2,0,0
BRDA:226,f2_2,1,0
BRDA:267,f2_3,0,0
BRDA:268,f2_4,0,0
BRDA:268,f2_4,1,0
BRDA:268,f2_5,0,0
BRDA:268,f2_5,1,0
BRDA:268,f2_6,0,0
BRDA:268,f2_6,1,0
BRDA:268,f2_6,2,0
BRDA:268,f2_6,3,0
BRDA:272,f2_7,0,0
BRDA:272,f2_7,1,0
BRDA:272,f2_8,0,0
BRDA:272,f2_8,1,0
BRDA:273,f2_9,0,0
BRDA:273,f2_9,1,0
BRDA:273,f2_10,0,0
BRDA:273,f2_10,1,0
BRDA:274,f2_11,0,0
BRDA:274,f2_11,1,0
BRDA:274,f2_12,0,0
BRDA:274,f2_12,1,0
BRDA:275,f2_13,0,0
BRDA:275,f2_13,1,0
BRDA:275,f2_14,0,0
BRDA:275,f2_14,1,0
BRDA:286,f2_15,0,0
BRDA:286,f2_15,1,0
BRDA:286,f2_16,0,0
BRDA:286,f2_16,1,0
BRDA:299,f2_17,0,0
BRDA:299,f2_17,1,0
BRDA:375,f3_0,0,6
BRDA:375,f3_0,1,6
BRDA:375,f3_1,0,0
BRDA:375,f3_1,1,6
BRDA:375,f3_2,0,6
BRDA:375,f3_2,1,6
BRDA:390,f3_3,0,0
BRDA:390,f3_3,1,6
BRDA:390,f3_4,0,6
BRDA:390,f3_4,1,6
BRDA:391,f3_5,0,0
BRDA:437,f3_6,0,0
BRDA:447,f3_7,0,2
BRDA:461,f3_8,0,2
BRDA:461,f3_8,1,0
BRDA:461,f3_9,0,2
BRDA:461,f3_9,1,2
BRDA:459,f3_10,0,0
BRDA:459,f3_10,1,2
BRDA:459,f3_11,0,2
BRDA:459,f3_11,1,2
BRDA:463,f3_12,0,2
BRDA:463,f3_12,1,2
BRDA:479,f3_13,0,0
BRDA:479,f3_13,1,2
BRDA:510,f3_14,0,0
BRDA:510,f3_14,1,2
BRDA:510,f3_15,0,2
BRDA:510,f3_15,1,2
BRDA:510,f3_16,0,2
BRDA:510,f3_16,1,0
BRDA:513,f3_17,0,0
BRDA:513,f3_17,1,2
BRDA:513,f3_18,0,2
BRDA:513,f3_18,1,2
BRDA:514,f3_19,0,0
BRDA:514,f3_19,1,2
BRDA:514,f3_20,0,2
BRDA:514,f3_20,1,2
BRDA:515,f3_21,0,0
BRDA:515,f3_21,1,2
BRDA:515,f3_22,0,2
BRDA:515,f3_22,1,2
BRDA:516,f3_23,0,0
BRDA:516,f3_23,1,2
BRDA:516,f3_24,0,2
BRDA:516,f3_24,1,2
BRDA:526,f3_25,0,8
BRDA:526,f3_25,1,0
BRDA:526,f3_26,0,8
BRDA:526,f3_26,1,8
BRDA:539,f3_27,0,0
BRDA:539,f3_27,1,3
BRDA:653,f4_0,0,0
BRDA:653,f4_0,1,0
BRDA:653,f4_1,0,0
BRDA:653,f4_1,1,0
BRDA:653,f4_2,0,0
BRDA:653,f4_2,1,0
BRDA:664,f4_3,0,0
BRDA:678,f4_4,0,0
BRDA:678,f4_4,1,0
BRDA:682,f4_5,0,0
BRDA:682,f4_5,1,0
BRDA:682,f4_6,0,0
BRDA:682,f4_6,1,0
BRDA:683,f4_7,0,0
BRDA:683,f4_7,1,0
BRDA:683,f4_8,0,0
BRDA:683,f4_8,1,0
BRDA:684,f4_9,0,0
BRDA:684,f4_9,1,0
BRDA:684,f4_10,0,0
BRDA:684,f4_10,1,0
BRDA:685,f4_11,0,0
BRDA:685,f4_11,1,0
BRDA:685,f4_12,0,0
BRDA:685,f4_12,1,0
BRDA:707,f4_13,0,0
BRDA:707,f4_13,1,0
BRDA:707,f4_14,0,0
BRDA:707,f4_14,1,0
BRDA:720,f4_15,0,0
BRDA:720,f4_15,1,0
BRDA:748,f4_16,0,0
BRDA:748,f4_16,1,0
BRDA:797,f5_0,0,1
BRDA:797,f5_0,1,0
BRDA:988,f7_0,0,0
BRDA:988,f7_0,1,27
BRDA:988,f7_1,0,27
BRDA:988,f7_1,1,27
BRDA:995,f7_2,0,27
BRDA:995,f7_2,1,0
BRDA:995,f7_3,0,27
BRDA:995,f7_3,1,27
BRDA:999,f7_4,0,27
BRDA:999,f7_4,1,0
BRDA:999,f7_5,0,27
BRDA:999,f7_5,1,2
BRDA:999,f7_5,2,0
BRDA:1005,f7_6,0,0
BRDA:1005,f7_6,1,27
BRDA:1026,f7_7,0,21
BRDA:1026,f7_7,1,6
BRDA:1026,f7_8,0,27
BRDA:1026,f7_8,1,27
BRDA:1026,f7_9,0,6
BRDA:1026,f7_9,1,21
BRDA:1030,f7_10,0,6
BRDA:1030,f7_10,1,21
BRDA:1043,f7_11,0,21
BRDA:1043,f7_11,1,0
BRDA:1056,f7_12,0,21
BRDA:1056,f7_12,1,21
BRDA:1056,f7_12,2,18
BRDA:1056,f7_12,3,18
BRDA:1056,f7_12,4,18
BRDA:1074,f7_13,0,18
BRDA:1074,f7_13,1,0
BRDA:1075,f7_14,0,18
BRDA:1075,f7_14,1,0
BRDA:1084,f7_15,0,18
BRDA:1084,f7_15,1,4
BRDA:1110,f7_16,0,18
BRDA:1110,f7_16,1,0
BRDA:1113,f7_17,0,0
BRDA:1113,f7_17,1,18
BRDA:1133,f7_18,0,0
BRDA:1133,f7_18,1,21
BRDA:1139,f7_19,0,0
BRDA:1139,f7_19,1,0
BRDA:1145,f7_20,0,0
BRDA:1145,f7_20,1,0
BRDA:1145,f7_21,0,0
BRDA:1145,f7_21,1,0
BRDA:1147,f7_22,0,0
BRDA:1147,f7_22,1,0
BRDA:1147,f7_23,0,0
BRDA:1147,f7_23,1,0
BRDA:1148,f7_24,0,0
BRDA:1148,f7_24,1,0
BRDA:1148,f7_25,0,0
BRDA:1148,f7_25,1,0
BRDA:1148,f7_26,0,0
BRDA:1148,f7_26,1,0
BRDA:1148,f7_27,0,0
BRDA:1148,f7_27,1,0
BRDA:1153,f7_28,0,21
BRDA:1153,f7_28,1,21
BRDA:1153,f7_29,0,0
BRDA:1153,f7_29,1,21
BRDA:1158,f7_30,0,0
BRDA:1158,f7_30,1,21
BRDA:1048,f7_31,0,0
BRDA:1048,f7_31,1,0
BRDA:1048,f7_32,0,0
BRDA:1048,f7_32,1,0
BRDA:1048,f7_33,0,0
BRDA:1048,f7_33,1,0
BRDA:1203,f7_34,0,27
BRDA:1203,f7_34,1,0
BRDA:1204,f7_35,0,0
BRDA:1204,f7_35,1,27
BRDA:1271,f8_0,0,0
BRDA:1271,f8_0,1,0
BRDA:1271,f8_1,0,0
BRDA:1271,f8_1,1,0
BRDA:1277,f8_2,0,0
BRDA:1277,f8_2,1,0
BRDA:1277,f8_3,0,0
BRDA:1277,f8_3,1,0
BRDA:1314,f8_4,0,0
BRDA:1314,f8_4,1,0
BRDA:1428,f10_0,0,1
BRDA:1445,f10_1,0,1
BRDA:1445,f10_1,1,1
BRDA:1445,f10_2,0,2
BRDA:1445,f10_2,1,1
BRDA:1445,f10_2,2,1
BRDA:1448,f10_3,0,0
BRDA:1448,f10_3,1,2
BRDA:1448,f10_4,0,2
BRDA:1448,f10_4,1,1
BRDA:1448,f10_5,0,1
BRDA:1448,f10_5,1,1
BRDA:1453,f10_6,0,2
BRDA:1453,f10_6,1,0
BRDA:1454,f10_7,0,1
BRDA:1454,f10_7,1,1
BRDA:1454,f10_8,0,0
BRDA:1454,f10_8,1,0
BRDA:1454,f10_9,0,0
BRDA:1454,f10_9,1,0
BRDA:1458,f10_10,0,0
BRDA:1458,f10_10,1,0
BRDA:1463,f10_11,0,1
BRDA:1463,f10_11,1,2
BRDA:1467,f10_12,0,0
BRDA:1468,f10_13,0,0
BRDA:1468,f10_13,1,0
BRDA:1472,f10_14,0,1
BRDA:1472,f10_14,1,2
BRDA:1478,f10_15,0,0
BRDA:1478,f10_15,1,3
BRDA:1478,f10_16,0,3
BRDA:1478,f10_16,1,0
BRDA:1480,f10_17,0,3
BRDA:1480,f10_17,1,0
BRDA:1480,f10_18,0,3
BRDA:1480,f10_18,1,3
BRDA:1480,f10_19,0,0
BRDA:1480,f10_19,1,0
BRDA:1480,f10_20,0,0
BRDA:1480,f10_20,1,0
BRDA:1483,f10_21,0,0
BRDA:1483,f10_21,1,0
BRDA:1483,f10_22,0,0
BRDA:1483,f10_22,1,0
BRDA:1483,f10_23,0,0
BRDA:1483,f10_23,1,0
BRDA:1483,f10_24,0,0
BRDA:1483,f10_24,1,0
BRDA:1484,f10_25,0,0
BRDA:1484,f10_25,1,0
BRDA:1484,f10_26,0,0
BRDA:1484,f10_26,1,0
BRDA:1489,f10_27,0,0
BRDA:1489,f10_27,1,0
BRDA:1489,f10_28,0,0
BRDA:1489,f10_28,1,0
BRDA:1489,f10_29,0,0
BRDA:1489,f10_29,1,0
BRDA:1489,f10_30,0,0
BRDA:1489,f10_30,1,0
BRDA:1490,f10_31,0,0
BRDA:1490,f10_31,1,0
BRDA:1490,f10_32,0,0
BRDA:1490,f10_32,1,0
BRDA:1494,f10_33,0,0
BRDA:1494,f10_33,1,0
BRDA:1494,f10_34,0,0
BRDA:1494,f10_34,1,0
BRDA:1498,f10_35,0,0
BRDA:1498,f10_35,1,3
BRDA:1498,f10_36,0,3
BRDA:1498,f10_36,1,0
BRDA:1548,f11_0,0,1
BRDA:1548,f11_0,1,1
BRDA:1550,f11_1,0,1
BRDA:1550,f11_1,1,0
BRDA:1551,f11_2,0,1
BRDA:1551,f11_2,1,0
BRDA:1558,f11_3,0,0
BRDA:1558,f11_3,1,0
BRDA:1568,f11_4,0,0
BRDA:1568,f11_4,1,0
BRDA:1570,f11_5,0,0
BRDA:1570,f11_5,1,0
BRDA:1621,f12_0,0,0
BRDA:1621,f12_0,1,0
BRDA:1621,f12_1,0,0
BRDA:1621,f12_1,1,0
BRDA:1622,f12_2,0,0
BRDA:1622,f12_2,1,0
BRDA:1622,f12_3,0,0
BRDA:1622,f12_3,1,0
BRDA:1636,f12_4,0,0
BRDA:1629,f12_5,0,0
BRDA:1642,f12_6,0,0
BRDA:1642,f12_6,1,0
BRDA:1642,f12_6,2,0
BRDA:1642,f12_6,3,0
BRDA:1647,f12_7,0,0
BRDA:1647,f12_7,1,0
BRDA:1647,f12_7,2,0
BRDA:1647,f12_7,3,0
BRDA:1653,f12_8,0,0
BRDA:1653,f12_8,1,0
BRDA:1653,f12_9,0,0
BRDA:1653,f12_9,1,0
BRDA:1655,f12_10,0,0
BRDA:1655,f12_10,1,0
BRDA:1661,f12_11,0,0
BRDA:1661,f12_11,1,0
BRDA:1662,f12_12,0,0
BRDA:1662,f12_12,1,0
BRDA:1663,f12_13,0,0
BRDA:1663,f12_13,1,0
BRDA:1664,f12_14,0,0
BRDA:1664,f12_14,1,0
BRDA:1665,f12_15,0,0
BRDA:1665,f12_15,1,0
BRDA:1666,f12_16,0,0
BRDA:1666,f12_16,1,0
BRDA:1667,f12_17,0,0
BRDA:1667,f12_17,1,0
BRDA:1680,f12_18,0,0
BRDA:1680,f12_18,1,0
BRDA:1680,f12_19,0,0
BRDA:1680,f12_19,1,0
BRDA:1684,f12_20,0,0
BRDA:1684,f12_20,1,0
BRDA:1844,f14_0,0,1
BRDA:1844,f14_1,0,1
BRDA:1844,f14_1,1,1
BRDA:1852,f14_2,0,1
BRDA:1852,f14_2,1,0
BRDA:1852,f14_3,0,1
BRDA:1852,f14_3,1,1
BRDA:1852,f14_4,0,0
BRDA:1852,f14_4,1,1
BRDA:1852,f14_5,0,1
BRDA:1852,f14_5,1,1
BRDA:1852,f14_5,2,1
BRDA:1852,f14_5,3,1
BRDA:1852,f14_5,4,1
BRDA:1852,f14_6,0,0
BRDA:1852,f14_6,1,0
BRDA:1852,f14_7,0,0
BRDA:1852,f14_7,1,0
BRDA:1852,f14_7,2,0
BRDA:1874,f14_8,0,1
BRDA:1874,f14_8,1,10
BRDA:1862,f14_9,0,10
BRDA:1862,f14_9,1,0
BRDA:1863,f14_10,0,9
BRDA:1863,f14_10,1,1
BRDA:1864,f14_11,0,0
BRDA:1864,f14_11,1,10
BRDA:1895,f14_12,0,0
BRDA:1895,f14_12,1,11
BRDA:2046,f15_0,0,0
BRDA:2046,f15_0,1,0
BRDA:2046,f15_1,0,0
BRDA:2046,f15_1,1,0
BRDA:2046,f15_2,0,0
BRDA:2046,f15_2,1,0
BRDA:2052,f15_3,0,0
BRDA:2052,f15_3,1,0
BRDA:2052,f15_4,0,0
BRDA:2052,f15_4,1,0
BRDA:2053,f15_5,0,0
BRDA:2053,f15_5,1,0
BRDA:2053,f15_6,0,0
BRDA:2053,f15_6,1,0
BRDA:2054,f15_7,0,0
BRDA:2054,f15_7,1,0
BRDA:2054,f15_8,0,0
BRDA:2054,f15_8,1,0
BRDA:2055,f15_9,0,0
BRDA:2055,f15_9,1,0
BRDA:2055,f15_10,0,0
BRDA:2055,f15_10,1,0
BRDA:2078,f15_11,0,0
BRDA:2078,f15_11,1,0
BRDA:2078,f15_12,0,0
BRDA:2078,f15_12,1,0
BRDA:2090,f15_13,0,0
BRDA:2090,f15_13,1,0
BRDA:2118,f15_14,0,0
BRDA:2118,f15_14,1,0
BRDA:2237,f16_0,0,0
BRDA:2237,f16_0,1,0
BRDA:2312,f17_0,0,0
BRDA:2312,f17_0,1,0
BRDA:2325,f17_1,0,0
BRDA:2325,f17_1,1,0
BRDA:2339,f17_2,0,0
BRDA:2339,f17_2,1,0
BRDA:2354,f17_3,0,0
BRDA:2354,f17_3,1,0
BRDA:2354,f17_4,0,0
BRDA:2354,f17_4,1,0
BRDA:2358,f17_5,0,0
BRDA:2358,f17_5,1,0
BRDA:2358,f17_6,0,0
BRDA:2358,f17_6,1,0
BRDA:2330,f17_7,0,0
BRDA:2330,f17_7,1,0
BRDA:2330,f17_8,0,0
BRDA:2330,f17_8,1,0
BRDA:2330,f17_9,0,0
BRDA:2330,f17_9,1,0
BRDA:2411,f17_10,0,0
BRDA:2411,f17_10,1,0
BRDA:2411,f17_10,2,0
BRDA:2412,f17_11,0,0
BRDA:2412,f17_11,1,0
BRDA:2412,f17_12,0,0
BRDA:2412,f17_12,1,0
BRDA:2417,f17_13,0,0
BRDA:2417,f17_13,1,0
BRDA:2417,f17_14,0,0
BRDA:2417,f17_14,1,0
BRDA:2417,f17_15,0,0
BRDA:2417,f17_15,1,0
BRDA:2417,f17_15,2,0
BRDA:2627,f21_0,0,30
BRDA:2627,f21_0,1,30
BRDA:2627,f21_0,2,3
BRDA:2627,f21_1,0,27
BRDA:2627,f21_1,1,3
BRDA:2632,f21_2,0,0
BRDA:2611,f21_3,0,18
BRDA:2611,f21_3,1,0
BRDA:2612,f21_4,0,0
BRDA:2612,f21_4,1,0
BRDA:2613,f21_5,0,0
BRDA:2613,f21_5,1,0
BRDA:2614,f21_6,0,0
BRDA:2614,f21_6,1,0
BRDA:2636,f21_7,0,15
BRDA:2636,f21_7,1,3
BRDA:2644,f21_8,0,18
BRDA:2644,f21_8,1,11
BRDA:2644,f21_8,2,11
BRDA:2648,f21_9,0,11
BRDA:2648,f21_9,1,11
BRDA:2654,f21_10,0,11
BRDA:2654,f21_10,1,11
BRDA:2654,f21_10,2,10
BRDA:2654,f21_10,3,1
BRDA:2676,f21_11,0,15
BRDA:2676,f21_11,1,15
BRDA:2683,f21_12,0,0
BRDA:2683,f21_12,1,0
BRDA:2683,f21_12,2,0
BRDA:2728,f22_0,0,1
BRDA:2728,f22_0,1,1
BRDA:2767,f23_0,0,0
BRDA:2767,f23_0,1,1
BRDA:2767,f23_1,0,1
BRDA:2767,f23_1,1,1
BRDA:2767,f23_1,2,1
BRDA:2767,f23_1,3,1
BRDA:2767,f23_1,4,1
BRDA:2767,f23_1,5,1
BRDA:2767,f23_1,6,1
BRDA:2770,f23_2,0,0
BRDA:2770,f23_3,0,1
BRDA:2770,f23_3,1,1
BRDA:2776,f23_4,0,6
BRDA:2776,f23_4,1,6
BRDA:2776,f23_4,2,6
BRDA:2776,f23_4,3,0
BRDA:2778,f23_5,0,0
BRDA:2778,f23_5,1,6
BRDA:2778,f23_6,0,6
BRDA:2778,f23_6,1,6
BRDA:2782,f23_7,0,0
BRDA:2782,f23_7,1,8
BRDA:2782,f23_8,0,8
BRDA:2782,f23_8,1,8
BRDA:2782,f23_9,0,0
BRDA:2782,f23_9,1,8
BRDA:2782,f23_10,0,8
BRDA:2782,f23_10,1,8
BRDA:2782,f23_11,0,0
BRDA:2782,f23_11,1,8
BRDA:2782,f23_12,0,8
BRDA:2782,f23_12,1,8
BRDA:2782,f23_13,0,0
BRDA:2782,f23_13,1,8
BRDA:2782,f23_14,0,8
BRDA:2782,f23_14,1,8
BRDA:2860,f25_0,0,0
BRDA:2860,f25_0,1,11
BRDA:2863,f25_1,0,11
BRDA:2863,f25_1,1,0
BRDA:2938,f27_0,0,199
BRDA:2938,f27_0,1,1572
BRDA:3509,f32_0,0,22
BRDA:3514,f32_1,0,0
BRDA:3514,f32_1,1,0
BRDA:3568,f33_0,0,415
BRDA:3577,f33_1,0,148
BRDA:3577,f33_1,1,184
BRDA:3582,f33_2,0,39
BRDA:3595,f33_3,0,65
BRDA:3595,f33_3,1,18
BRDA:3599,f33_4,0,83
BRDA:3599,f33_4,1,0
BRDA:3599,f33_5,0,83
BRDA:3599,f33_5,1,83
BRDA:3599,f33_6,0,83
BRDA:3599,f33_6,1,0
BRDA:3603,f33_7,0,83
BRDA:3603,f33_7,1,0
BRDA:3603,f33_8,0,83
BRDA:3603,f33_8,1,83
BRDA:3603,f33_9,0,83
BRDA:3603,f33_9,1,0
BRDA:3603,f33_10,0,83
BRDA:3603,f33_10,1,83
BRDA:3603,f33_11,0,0
BRDA:3603,f33_11,1,83
BRDA:3749,f35_0,0,1
BRDA:3749,f35_0,1,0
BRDA:3752,f35_1,0,0
BRDA:3752,f35_1,1,0
BRDA:3752,f35_2,0,0
BRDA:3752,f35_2,1,0
BRDA:3752,f35_3,0,0
BRDA:3752,f35_3,1,0
BRDA:3752,f35_4,0,0
BRDA:3752,f35_4,1,0
BRDA:3752,f35_5,0,0
BRDA:3752,f35_5,1,0
BRDA:3773,f35_6,0,12
BRDA:3773,f35_6,1,0
BRDA:3773,f35_7,0,12
BRDA:3773,f35_7,1,12
BRDA:3772,f35_8,0,0
BRDA:3772,f35_8,1,12
BRDA:3772,f35_9,0,12
BRDA:3772,f35_9,1,12
BRDA:3773,f35_10,0,0
BRDA:3773,f35_10,1,12
BRDA:3773,f35_11,0,12
BRDA:3773,f35_11,1,12
BRDA:3759,f35_12,0,0
BRDA:3759,f35_12,1,0
BRDA:3759,f35_13,0,0
BRDA:3759,f35_13,1,0
BRDA:3789,f35_14,0,0
BRDA:3789,f35_14,1,6
BRDA:3789,f35_15,0,6
BRDA:3789,f35_15,1,6
BRDA:3787,f35_16,0,0
BRDA:3787,f35_16,1,6
BRDA:3787,f35_17,0,6
BRDA:3787,f35_17,1,6
BRDA:3786,f35_18,0,0
BRDA:3786,f35_18,1,6
BRDA:3786,f35_19,0,6
BRDA:3786,f35_19,1,6
BRDA:3787,f35_20,0,0
BRDA:3787,f35_20,1,6
BRDA:3787,f35_21,0,6
BRDA:3787,f35_21,1,6
BRDA:3789,f35_22,0,6
BRDA:3789,f35_22,1,0
BRDA:3789,f35_23,0,6
BRDA:3789,f35_23,1,6
BRDA:3789,f35_23,2,6
BRDA:3789,f35_23,3,6
BRDA:3790,f35_24,0,6
BRDA:3790,f35_24,1,0
BRDA:3790,f35_25,0,6
BRDA:3790,f35_25,1,6
BRDA:3790,f35_25,2,6
BRDA:3790,f35_25,3,6
BRDA:3791,f35_26,0,0
BRDA:3791,f35_26,1,6
BRDA:3813,f36_0,0,0
BRDA:3813,f36_0,1,4
BRDA:3821,f36_1,0,0
BRDA:3821,f36_1,1,0
BRF:607
BRH:230
end_of_record
