TN:
SF:workspaces/quickstart/coverage-anchors/red-hat-developer-hub.backstage-plugin-quickstart
FN:27,(anonymous_58)
FN:34,(anonymous_59)
FN:49,(anonymous_60)
FN:55,(anonymous_61)
FN:70,(anonymous_62)
FN:101,(anonymous_75)
FN:108,(anonymous_76)
FN:154,(anonymous_67)
FN:170,(anonymous_68)
FN:172,(anonymous_69)
FN:181,(anonymous_70)
FN:187,(anonymous_71)
FN:190,(anonymous_72)
FN:229,(anonymous_73)
FN:250,(anonymous_74)
FN:299,(anonymous_41)
FN:307,(anonymous_42)
FN:308,(anonymous_43)
FN:318,(anonymous_44)
FN:335,(anonymous_45)
FN:344,(anonymous_46)
FN:408,(anonymous_0)
FN:408,(anonymous_2)
FN:411,(anonymous_3)
FN:432,(anonymous_4)
FN:439,(anonymous_6)
FN:504,(anonymous_6)
FN:539,(anonymous_29)
FN:551,(anonymous_30)
FN:575,(anonymous_31)
FN:579,(anonymous_32)
FN:585,(anonymous_33)
FN:586,(anonymous_34)
FN:587,(anonymous_35)
FN:592,(anonymous_36)
FN:620,(anonymous_9)
FN:629,(anonymous_10)
FN:710,(anonymous_11)
FN:721,(anonymous_12)
FN:728,(anonymous_13)
FN:732,(anonymous_14)
FN:739,(anonymous_15)
FN:752,(anonymous_16)
FN:762,(anonymous_17)
FN:765,(anonymous_18)
FN:777,(anonymous_19)
FN:778,(anonymous_20)
FN:786,(anonymous_21)
FN:790,(anonymous_22)
FN:791,(anonymous_23)
FN:801,(anonymous_24)
FN:802,(anonymous_25)
FN:815,(anonymous_26)
FN:818,(anonymous_27)
FN:834,(anonymous_28)
FN:886,(anonymous_7)
FN:954,(anonymous_0)
FN:954,(anonymous_2)
FN:959,(anonymous_3)
FN:966,(anonymous_4)
FN:973,(anonymous_5)
FN:1061,(anonymous_8)
FN:1098,(anonymous_9)
FN:1112,(anonymous_10)
FN:1114,(anonymous_11)
FN:1123,(anonymous_12)
FN:1129,(anonymous_13)
FN:1133,(anonymous_14)
FN:1232,(anonymous_15)
FN:1192,(anonymous_16)
FN:1213,(anonymous_17)
FN:1225,(anonymous_18)
FN:1262,(anonymous_20)
FN:1316,(anonymous_21)
FN:1325,(anonymous_22)
FN:1329,(anonymous_23)
FN:1345,(anonymous_25)
FN:1374,(anonymous_37)
FN:1396,(anonymous_38)
FN:1399,(anonymous_39)
FN:1404,(anonymous_40)
FN:1428,(anonymous_1)
FN:1428,(anonymous_2)
FN:1450,(anonymous_3)
FN:1453,(anonymous_4)
FN:1456,(anonymous_5)
FN:1504,(anonymous_26)
FN:1511,(anonymous_28)
FN:1551,(anonymous_0)
FN:1551,(anonymous_2)
FN:1564,(anonymous_3)
FN:1598,(anonymous_5)
FN:1637,(anonymous_6)
FN:1639,(anonymous_8)
FN:1730,(anonymous_78)
FN:1750,(anonymous_52)
FN:1753,(anonymous_54)
FN:1804,(anonymous_44)
FN:1806,(anonymous_45)
FN:1821,(anonymous_46)
FN:1823,(anonymous_47)
FN:1839,(anonymous_48)
FN:1841,(anonymous_49)
FN:1856,(anonymous_50)
FN:1858,(anonymous_51)
FN:1886,(anonymous_80)
FN:1887,(anonymous_81)
FN:1888,(anonymous_82)
FN:1889,(anonymous_83)
FN:1890,(anonymous_84)
FN:1890,(anonymous_86)
FN:1883,(anonymous_0)
FN:2023,(anonymous_88)
FN:2060,(anonymous_89)
FN:2064,(anonymous_90)
FN:2096,(anonymous_8)
FNF:116
FNH:79
FNDA:0,(anonymous_58)
FNDA:0,(anonymous_59)
FNDA:0,(anonymous_60)
FNDA:0,(anonymous_61)
FNDA:0,(anonymous_62)
FNDA:0,(anonymous_75)
FNDA:0,(anonymous_76)
FNDA:0,(anonymous_67)
FNDA:0,(anonymous_68)
FNDA:0,(anonymous_69)
FNDA:0,(anonymous_70)
FNDA:0,(anonymous_71)
FNDA:0,(anonymous_72)
FNDA:0,(anonymous_73)
FNDA:0,(anonymous_74)
FNDA:17,(anonymous_41)
FNDA:17,(anonymous_42)
FNDA:80,(anonymous_43)
FNDA:3,(anonymous_44)
FNDA:13,(anonymous_45)
FNDA:14,(anonymous_46)
FNDA:6,(anonymous_0)
FNDA:14,(anonymous_2)
FNDA:0,(anonymous_3)
FNDA:0,(anonymous_4)
FNDA:54,(anonymous_6)
FNDA:2,(anonymous_6)
FNDA:22,(anonymous_29)
FNDA:3,(anonymous_30)
FNDA:22,(anonymous_31)
FNDA:105,(anonymous_32)
FNDA:8,(anonymous_33)
FNDA:8,(anonymous_34)
FNDA:40,(anonymous_35)
FNDA:14,(anonymous_36)
FNDA:23,(anonymous_9)
FNDA:0,(anonymous_10)
FNDA:92,(anonymous_11)
FNDA:10,(anonymous_12)
FNDA:14,(anonymous_13)
FNDA:84,(anonymous_14)
FNDA:91,(anonymous_15)
FNDA:0,(anonymous_16)
FNDA:14,(anonymous_17)
FNDA:77,(anonymous_18)
FNDA:16,(anonymous_19)
FNDA:73,(anonymous_20)
FNDA:88,(anonymous_21)
FNDA:16,(anonymous_22)
FNDA:72,(anonymous_23)
FNDA:16,(anonymous_24)
FNDA:71,(anonymous_25)
FNDA:10,(anonymous_26)
FNDA:13,(anonymous_27)
FNDA:4,(anonymous_28)
FNDA:90,(anonymous_7)
FNDA:4,(anonymous_0)
FNDA:9,(anonymous_2)
FNDA:8,(anonymous_3)
FNDA:8,(anonymous_4)
FNDA:9,(anonymous_5)
FNDA:4,(anonymous_8)
FNDA:17,(anonymous_9)
FNDA:2,(anonymous_10)
FNDA:2,(anonymous_11)
FNDA:0,(anonymous_12)
FNDA:6,(anonymous_13)
FNDA:6,(anonymous_14)
FNDA:0,(anonymous_15)
FNDA:0,(anonymous_16)
FNDA:1,(anonymous_17)
FNDA:0,(anonymous_18)
FNDA:4,(anonymous_20)
FNDA:14,(anonymous_21)
FNDA:0,(anonymous_22)
FNDA:8,(anonymous_23)
FNDA:39,(anonymous_25)
FNDA:7,(anonymous_37)
FNDA:7,(anonymous_38)
FNDA:7,(anonymous_39)
FNDA:1,(anonymous_40)
FNDA:9,(anonymous_1)
FNDA:13,(anonymous_2)
FNDA:13,(anonymous_3)
FNDA:13,(anonymous_4)
FNDA:13,(anonymous_5)
FNDA:37,(anonymous_26)
FNDA:0,(anonymous_28)
FNDA:19,(anonymous_0)
FNDA:17,(anonymous_2)
FNDA:2,(anonymous_3)
FNDA:188,(anonymous_5)
FNDA:188,(anonymous_6)
FNDA:36,(anonymous_8)
FNDA:16,(anonymous_78)
FNDA:2951,(anonymous_52)
FNDA:0,(anonymous_54)
FNDA:0,(anonymous_44)
FNDA:0,(anonymous_45)
FNDA:2,(anonymous_46)
FNDA:2,(anonymous_47)
FNDA:0,(anonymous_48)
FNDA:0,(anonymous_49)
FNDA:0,(anonymous_50)
FNDA:0,(anonymous_51)
FNDA:0,(anonymous_80)
FNDA:0,(anonymous_81)
FNDA:0,(anonymous_82)
FNDA:0,(anonymous_83)
FNDA:0,(anonymous_84)
FNDA:202,(anonymous_86)
FNDA:12,(anonymous_0)
FNDA:23,(anonymous_88)
FNDA:21,(anonymous_89)
FNDA:210,(anonymous_90)
FNDA:207,(anonymous_8)
DA:27,2
DA:28,0
DA:29,0
DA:30,0
DA:32,0
DA:34,0
DA:35,0
DA:36,0
DA:37,0
DA:38,0
DA:45,0
DA:49,0
DA:55,0
DA:56,0
DA:59,0
DA:64,8
DA:70,0
DA:106,0
DA:109,0
DA:113,0
DA:154,2
DA:155,0
DA:156,0
DA:157,0
DA:158,0
DA:159,0
DA:161,0
DA:162,0
DA:163,0
DA:164,0
DA:165,0
DA:167,0
DA:171,0
DA:173,0
DA:174,0
DA:175,0
DA:176,0
DA:178,0
DA:181,0
DA:182,0
DA:188,0
DA:190,0
DA:191,0
DA:192,0
DA:193,0
DA:194,0
DA:197,0
DA:201,0
DA:207,0
DA:209,0
DA:210,0
DA:211,0
DA:213,0
DA:214,0
DA:216,0
DA:230,0
DA:232,0
DA:233,0
DA:236,0
DA:237,0
DA:239,0
DA:240,0
DA:242,0
DA:243,0
DA:244,0
DA:247,0
DA:250,0
DA:252,0
DA:267,2
DA:299,2
DA:304,17
DA:305,17
DA:307,17
DA:308,17
DA:309,80
DA:311,80
DA:315,17
DA:319,3
DA:320,3
DA:324,17
DA:335,13
DA:345,14
DA:346,14
DA:408,28
DA:414,14
DA:415,14
DA:416,14
DA:420,14
DA:421,14
DA:425,14
DA:430,14
DA:432,14
DA:433,0
DA:438,14
DA:439,56
DA:504,4
DA:539,2
DA:545,22
DA:546,22
DA:552,3
DA:556,22
DA:575,22
DA:579,105
DA:581,4
DA:586,8
DA:587,8
DA:588,40
DA:592,14
DA:620,2
DA:621,23
DA:623,23
DA:624,0
DA:630,0
DA:639,23
DA:644,23
DA:710,2
DA:717,92
DA:718,92
DA:719,92
DA:723,10
DA:729,14
DA:733,84
DA:738,92
DA:739,91
DA:753,0
DA:763,14
DA:765,77
DA:777,16
DA:778,73
DA:787,88
DA:790,16
DA:791,72
DA:801,16
DA:802,71
DA:816,10
DA:818,13
DA:835,4
DA:874,2
DA:886,2
DA:887,90
DA:888,90
DA:889,0
DA:892,90
DA:893,90
DA:894,0
DA:901,90
DA:902,0
DA:903,0
DA:910,90
DA:929,4
DA:954,16
DA:955,9
DA:958,9
DA:959,9
DA:966,9
DA:973,9
DA:974,9
DA:980,9
DA:1059,2
DA:1061,26
DA:1098,2
DA:1099,17
DA:1100,17
DA:1101,17
DA:1102,17
DA:1103,17
DA:1104,17
DA:1105,17
DA:1106,17
DA:1109,17
DA:1113,2
DA:1115,2
DA:1116,2
DA:1117,2
DA:1118,2
DA:1120,0
DA:1123,2
DA:1124,0
DA:1130,6
DA:1133,6
DA:1134,6
DA:1135,6
DA:1136,6
DA:1137,6
DA:1139,0
DA:1143,6
DA:1144,6
DA:1145,6
DA:1148,6
DA:1152,0
DA:1156,6
DA:1162,6
DA:1168,6
DA:1171,0
DA:1175,6
DA:1176,6
DA:1177,6
DA:1179,6
DA:1194,0
DA:1200,0
DA:1206,0
DA:1207,0
DA:1208,0
DA:1209,0
DA:1215,1
DA:1216,1
DA:1218,1
DA:1219,1
DA:1221,1
DA:1222,1
DA:1226,0
DA:1227,0
DA:1228,0
DA:1229,0
DA:1232,17
DA:1234,17
DA:1262,10
DA:1316,2
DA:1319,14
DA:1322,14
DA:1323,14
DA:1325,14
DA:1326,0
DA:1330,8
DA:1345,45
DA:1374,2
DA:1378,7
DA:1380,7
DA:1396,7
DA:1399,7
DA:1404,1
DA:1428,23
DA:1429,13
DA:1431,13
DA:1450,13
DA:1453,13
DA:1456,13
DA:1457,42
DA:1475,4
DA:1504,2
DA:1505,37
DA:1506,37
DA:1507,0
DA:1511,37
DA:1551,27
DA:1555,17
DA:1556,17
DA:1558,17
DA:1559,17
DA:1564,17
DA:1565,2
DA:1566,2
DA:1567,2
DA:1570,2
DA:1571,2
DA:1572,2
DA:1581,2
DA:1583,0
DA:1588,17
DA:1598,194
DA:1637,190
DA:1639,50
DA:1672,2
DA:1682,2
DA:1691,2
DA:1703,2
DA:1714,2
DA:1724,2
DA:1730,22
DA:1750,2
DA:1751,2951
DA:1753,0
DA:1786,2
DA:1800,2
DA:1805,0
DA:1806,0
DA:1822,2
DA:1823,2
DA:1835,2
DA:1840,0
DA:1841,0
DA:1857,0
DA:1858,12
DA:1883,14
DA:1886,0
DA:1887,0
DA:1888,0
DA:1889,0
DA:1890,204
DA:2023,25
DA:2031,2
DA:2060,2
DA:2064,21
DA:2067,210
DA:2096,2
DA:2101,207
DA:2102,95
DA:2105,112
DA:2106,112
LF:299
LH:198
BRDA:36,f0_0,0,0
BRDA:36,f0_1,0,0
BRDA:36,f0_1,1,0
BRDA:38,f0_2,0,0
BRDA:38,f0_2,1,0
BRDA:49,f0_3,0,0
BRDA:49,f0_3,1,0
BRDA:49,f0_4,0,0
BRDA:49,f0_4,1,0
BRDA:56,f0_5,0,0
BRDA:56,f0_5,1,0
BRDA:59,f0_6,0,0
BRDA:59,f0_6,1,0
BRDA:63,f0_7,0,0
BRDA:63,f0_7,1,0
BRDA:63,f0_8,0,0
BRDA:63,f0_8,1,0
BRDA:110,f1_0,0,0
BRDA:110,f1_0,1,0
BRDA:175,f2_0,0,0
BRDA:175,f2_0,1,0
BRDA:175,f2_1,0,0
BRDA:175,f2_1,1,0
BRDA:175,f2_2,0,0
BRDA:175,f2_2,1,0
BRDA:175,f2_2,2,0
BRDA:176,f2_3,0,0
BRDA:176,f2_3,1,0
BRDA:178,f2_4,0,0
BRDA:178,f2_4,1,0
BRDA:188,f2_5,0,0
BRDA:188,f2_6,0,0
BRDA:188,f2_6,1,0
BRDA:188,f2_6,2,0
BRDA:192,f2_7,0,0
BRDA:192,f2_8,0,0
BRDA:192,f2_8,1,0
BRDA:194,f2_9,0,0
BRDA:194,f2_9,1,0
BRDA:201,f2_10,0,0
BRDA:207,f2_11,0,0
BRDA:203,f2_12,0,0
BRDA:203,f2_12,1,0
BRDA:216,f2_13,0,0
BRDA:216,f2_13,1,0
BRDA:220,f2_14,0,0
BRDA:220,f2_14,1,0
BRDA:230,f2_15,0,0
BRDA:232,f2_16,0,0
BRDA:232,f2_16,1,0
BRDA:232,f2_17,0,0
BRDA:232,f2_17,1,0
BRDA:236,f2_18,0,0
BRDA:242,f2_19,0,0
BRDA:242,f2_20,0,0
BRDA:242,f2_20,1,0
BRDA:408,f4_0,0,2
BRDA:408,f4_0,1,0
BRDA:411,f4_1,0,0
BRDA:421,f4_2,0,14
BRDA:421,f4_2,1,0
BRDA:421,f4_3,0,0
BRDA:421,f4_3,1,14
BRDA:425,f4_4,0,12
BRDA:425,f4_4,1,2
BRDA:425,f4_5,0,14
BRDA:425,f4_5,1,12
BRDA:438,f4_6,0,14
BRDA:438,f4_6,1,0
BRDA:438,f4_7,0,14
BRDA:438,f4_7,1,12
BRDA:471,f4_8,0,0
BRDA:471,f4_8,1,14
BRDA:484,f4_9,0,14
BRDA:484,f4_9,1,14
BRDA:556,f6_0,0,0
BRDA:556,f6_0,1,22
BRDA:588,f6_1,0,40
BRDA:588,f6_1,1,8
BRDA:623,f7_0,0,0
BRDA:642,f7_1,0,4
BRDA:642,f7_1,1,19
BRDA:642,f7_2,0,23
BRDA:642,f7_2,1,23
BRDA:723,f8_0,0,10
BRDA:723,f8_0,1,0
BRDA:733,f8_1,0,84
BRDA:733,f8_1,1,14
BRDA:747,f8_2,0,16
BRDA:747,f8_2,1,76
BRDA:753,f8_3,0,0
BRDA:753,f8_3,1,0
BRDA:753,f8_3,2,0
BRDA:760,f8_4,0,14
BRDA:760,f8_4,1,78
BRDA:763,f8_5,0,14
BRDA:763,f8_5,1,0
BRDA:776,f8_6,0,16
BRDA:776,f8_6,1,76
BRDA:789,f8_7,0,16
BRDA:789,f8_7,1,76
BRDA:800,f8_8,0,16
BRDA:800,f8_8,1,76
BRDA:805,f8_9,0,16
BRDA:805,f8_9,1,76
BRDA:813,f8_10,0,14
BRDA:813,f8_10,1,78
BRDA:816,f8_11,0,10
BRDA:816,f8_11,1,0
BRDA:888,f9_0,0,0
BRDA:893,f9_1,0,0
BRDA:901,f9_2,0,0
BRDA:911,f9_3,0,0
BRDA:911,f9_3,1,90
BRDA:911,f9_4,0,90
BRDA:911,f9_4,1,90
BRDA:911,f9_4,2,90
BRDA:911,f9_4,3,90
BRDA:929,f9_5,0,90
BRDA:929,f9_5,1,0
BRDA:954,f10_0,0,2
BRDA:954,f10_0,1,0
BRDA:959,f10_1,0,8
BRDA:959,f10_1,1,0
BRDA:960,f10_2,0,0
BRDA:960,f10_2,1,8
BRDA:966,f10_3,0,7
BRDA:966,f10_3,1,1
BRDA:966,f10_4,0,8
BRDA:966,f10_4,1,7
BRDA:974,f10_5,0,8
BRDA:974,f10_5,1,1
BRDA:980,f10_6,0,0
BRDA:980,f10_6,1,9
BRDA:985,f10_7,0,9
BRDA:985,f10_7,1,0
BRDA:985,f10_8,0,9
BRDA:985,f10_8,1,8
BRDA:1117,f12_0,0,2
BRDA:1117,f12_0,1,0
BRDA:1117,f12_1,0,0
BRDA:1117,f12_1,1,2
BRDA:1117,f12_2,0,2
BRDA:1117,f12_2,1,2
BRDA:1117,f12_2,2,2
BRDA:1118,f12_3,0,2
BRDA:1118,f12_3,1,2
BRDA:1120,f12_4,0,0
BRDA:1120,f12_4,1,0
BRDA:1130,f12_5,0,0
BRDA:1135,f12_6,0,0
BRDA:1135,f12_7,0,0
BRDA:1135,f12_7,1,6
BRDA:1137,f12_8,0,6
BRDA:1137,f12_8,1,6
BRDA:1148,f12_9,0,0
BRDA:1156,f12_10,0,6
BRDA:1156,f12_10,1,0
BRDA:1156,f12_11,0,0
BRDA:1156,f12_11,1,6
BRDA:1162,f12_12,0,2
BRDA:1162,f12_12,1,4
BRDA:1162,f12_13,0,6
BRDA:1162,f12_13,1,2
BRDA:1168,f12_14,0,0
BRDA:1168,f12_15,0,6
BRDA:1168,f12_15,1,2
BRDA:1179,f12_16,0,2
BRDA:1179,f12_16,1,4
BRDA:1194,f12_17,0,0
BRDA:1194,f12_17,1,0
BRDA:1194,f12_18,0,0
BRDA:1194,f12_18,1,0
BRDA:1200,f12_19,0,0
BRDA:1200,f12_19,1,0
BRDA:1200,f12_20,0,0
BRDA:1200,f12_20,1,0
BRDA:1206,f12_21,0,0
BRDA:1206,f12_22,0,0
BRDA:1206,f12_22,1,0
BRDA:1215,f12_23,0,1
BRDA:1386,f14_0,0,5
BRDA:1386,f14_0,1,2
BRDA:1400,f14_1,0,5
BRDA:1400,f14_1,1,2
BRDA:1428,f15_0,0,2
BRDA:1428,f15_0,1,0
BRDA:1506,f17_0,0,0
BRDA:1551,f18_0,0,2
BRDA:1551,f18_0,1,0
BRDA:1558,f18_1,0,17
BRDA:1558,f18_1,1,17
BRDA:1558,f18_1,2,17
BRDA:1570,f18_2,0,2
BRDA:1570,f18_2,1,2
BRDA:1570,f18_3,0,0
BRDA:1570,f18_3,1,2
BRDA:1571,f18_4,0,2
BRDA:1571,f18_4,1,0
BRDA:1571,f18_5,0,0
BRDA:1571,f18_5,1,2
BRDA:1572,f18_6,0,2
BRDA:1572,f18_6,1,0
BRDA:1572,f18_7,0,0
BRDA:1572,f18_7,1,2
BRDA:1575,f18_8,0,2
BRDA:1575,f18_8,1,1
BRDA:1575,f18_8,2,1
BRDA:1575,f18_8,3,0
BRDA:1588,f18_9,0,12
BRDA:1588,f18_9,1,5
BRDA:1588,f18_10,0,17
BRDA:1588,f18_10,1,9
BRDA:1594,f18_11,0,2
BRDA:1594,f18_11,1,3
BRDA:1594,f18_12,0,5
BRDA:1594,f18_12,1,5
BRDA:1594,f18_12,2,5
BRDA:1594,f18_12,3,2
BRDA:1594,f18_13,0,0
BRDA:1594,f18_13,1,5
BRDA:1608,f18_14,0,0
BRDA:1608,f18_14,1,2
BRDA:1751,f21_0,0,0
BRDA:1751,f21_0,1,2951
BRDA:1883,f23_0,0,2
BRDA:1883,f23_0,1,0
BRDA:2067,f25_0,0,105
BRDA:2067,f25_0,1,105
BRDA:2066,f25_1,0,105
BRDA:2066,f25_1,1,105
BRDA:2066,f25_2,0,210
BRDA:2066,f25_2,1,210
BRDA:2101,f26_0,0,95
BRDA:2106,f26_1,0,112
BRDA:2106,f26_1,1,0
BRF:236
BRH:120
end_of_record
