TN:
SF:workspaces/tekton/coverage-anchors/backstage-community.plugin-tekton
FN:36,(anonymous_279)
FN:48,(anonymous_284)
FN:44,(anonymous_285)
FN:66,(anonymous_286)
FN:94,(anonymous_288)
FN:136,(anonymous_289)
FN:178,(anonymous_245)
FN:220,(anonymous_243)
FN:254,(anonymous_305)
FN:283,(anonymous_244)
FN:319,(anonymous_69)
FN:430,(anonymous_322)
FN:453,(anonymous_323)
FN:474,(anonymous_324)
FN:482,(anonymous_325)
FN:484,(anonymous_326)
FN:491,(anonymous_327)
FN:495,(anonymous_328)
FN:500,(anonymous_329)
FN:511,(anonymous_334)
FN:520,(anonymous_335)
FN:594,(anonymous_336)
FN:529,(anonymous_337)
FN:533,(anonymous_338)
FN:703,(anonymous_70)
FN:715,(anonymous_71)
FN:726,(anonymous_72)
FN:782,(anonymous_246)
FN:796,(anonymous_247)
FN:804,(anonymous_248)
FN:821,(anonymous_249)
FN:830,(anonymous_250)
FN:943,(anonymous_306)
FN:963,(anonymous_307)
FN:965,(anonymous_308)
FN:981,(anonymous_309)
FN:991,(anonymous_310)
FN:992,(anonymous_311)
FN:1017,(anonymous_312)
FN:1000,(anonymous_313)
FN:1001,(anonymous_314)
FN:1098,(anonymous_315)
FN:1157,(anonymous_265)
FN:1180,(anonymous_266)
FN:1206,(anonymous_267)
FN:1189,(anonymous_268)
FN:1236,(anonymous_269)
FN:1244,(anonymous_270)
FN:1262,(anonymous_271)
FN:1283,(anonymous_272)
FN:1321,(anonymous_273)
FN:1342,(anonymous_274)
FN:1384,(anonymous_255)
FN:1437,(anonymous_316)
FN:1440,(anonymous_317)
FN:1450,(anonymous_318)
FN:1480,(anonymous_287)
FN:1526,(anonymous_290)
FN:1748,(anonymous_319)
FN:1764,(anonymous_320)
FN:1755,(anonymous_321)
FN:1822,(anonymous_304)
FN:1855,(anonymous_136)
FN:1921,(anonymous_73)
FN:1922,(anonymous_74)
FN:1961,(anonymous_75)
FN:1965,(anonymous_76)
FN:1973,(anonymous_77)
FN:2028,(anonymous_194)
FN:2029,(anonymous_195)
FN:2030,(anonymous_196)
FN:2042,(anonymous_197)
FN:2054,(anonymous_198)
FN:2144,(anonymous_150)
FN:2146,(anonymous_151)
FN:2152,(anonymous_152)
FN:2154,(anonymous_153)
FN:2164,(anonymous_154)
FN:2222,(anonymous_167)
FN:2232,(anonymous_171)
FN:2284,(anonymous_172)
FN:2334,(anonymous_183)
FN:2344,(anonymous_187)
FN:2357,(anonymous_188)
FN:2358,(anonymous_189)
FN:2377,(anonymous_192)
FN:2378,(anonymous_193)
FN:2446,(anonymous_137)
FN:2455,(anonymous_138)
FN:2473,(anonymous_139)
FN:2476,(anonymous_147)
FN:2480,(anonymous_149)
FN:2529,(anonymous_173)
FN:2533,(anonymous_174)
FN:2545,(anonymous_175)
FN:2562,(anonymous_176)
FN:2567,(anonymous_177)
FN:2570,(anonymous_178)
FN:2592,(anonymous_179)
FN:2599,(anonymous_180)
FN:2603,(anonymous_181)
FN:2612,(anonymous_182)
FN:2685,(anonymous_251)
FN:2686,(anonymous_252)
FN:2687,(anonymous_253)
FN:2711,(anonymous_254)
FN:2786,(anonymous_256)
FN:2803,(anonymous_257)
FN:2837,(anonymous_258)
FN:2879,(anonymous_260)
FN:2940,(anonymous_261)
FN:2941,(anonymous_262)
FN:2942,(anonymous_263)
FN:2950,(anonymous_264)
FN:3011,(anonymous_259)
FN:3052,(anonymous_348)
FN:3095,(anonymous_340)
FN:3098,(anonymous_341)
FN:3101,(anonymous_342)
FN:3107,(anonymous_343)
FN:3111,(anonymous_344)
FN:3116,(anonymous_345)
FN:3117,(anonymous_346)
FN:3169,(anonymous_339)
FN:3197,(anonymous_293)
FN:3210,(anonymous_294)
FN:3255,(anonymous_57)
FN:3262,(anonymous_58)
FN:3275,(anonymous_59)
FN:3276,(anonymous_60)
FN:3316,(anonymous_55)
FN:3333,(anonymous_56)
FN:3374,(anonymous_53)
FN:3377,(anonymous_54)
FN:3435,(anonymous_296)
FN:3440,(anonymous_297)
FN:3445,(anonymous_298)
FN:3450,(anonymous_299)
FN:3455,(anonymous_300)
FN:3467,(anonymous_301)
FN:3470,(anonymous_302)
FN:3545,(anonymous_303)
FN:3716,(anonymous_295)
FN:3796,(anonymous_61)
FN:3806,(anonymous_62)
FN:3814,(anonymous_63)
FN:3801,(anonymous_64)
FN:3856,(anonymous_65)
FN:3860,(anonymous_66)
FN:3869,(anonymous_67)
FN:3881,(anonymous_68)
FN:3944,(anonymous_216)
FN:3956,(anonymous_218)
FN:3961,(anonymous_219)
FN:3962,(anonymous_220)
FN:3966,(anonymous_221)
FN:3967,(anonymous_222)
FN:3970,(anonymous_223)
FN:3975,(anonymous_224)
FN:3976,(anonymous_225)
FN:3980,(anonymous_226)
FN:3981,(anonymous_227)
FN:4006,(anonymous_228)
FN:4013,(anonymous_229)
FN:4020,(anonymous_230)
FN:4023,(anonymous_231)
FN:4037,(anonymous_232)
FN:4042,(anonymous_233)
FN:4058,(anonymous_234)
FN:4061,(anonymous_235)
FN:4064,(anonymous_236)
FN:4067,(anonymous_237)
FN:4108,(anonymous_242)
FN:4184,(anonymous_202)
FN:4223,(anonymous_207)
FN:4231,(anonymous_208)
FN:4233,(anonymous_209)
FN:4254,(anonymous_210)
FN:4209,(anonymous_211)
FN:4205,(anonymous_212)
FN:4358,(anonymous_238)
FN:4432,(anonymous_199)
FN:4515,(anonymous_200)
FN:4535,(anonymous_201)
FN:4596,(anonymous_239)
FN:4656,(anonymous_213)
FN:4701,(anonymous_85)
FN:4732,(anonymous_86)
FN:4737,(anonymous_87)
FN:4758,(anonymous_88)
FN:4774,(anonymous_89)
FN:4769,(anonymous_90)
FN:4787,(anonymous_91)
FN:4799,(anonymous_92)
FN:4806,(anonymous_93)
FN:4811,(anonymous_94)
FN:4825,(anonymous_95)
FN:4827,(anonymous_96)
FN:4696,(anonymous_97)
FN:4875,(anonymous_214)
FN:4898,(anonymous_215)
FN:4973,(anonymous_98)
FN:4989,(anonymous_99)
FN:5099,(anonymous_5)
FN:5100,(anonymous_6)
FN:5101,(anonymous_7)
FN:5126,(anonymous_35)
FN:5134,(anonymous_36)
FN:5145,(anonymous_39)
FN:5150,(anonymous_40)
FN:5151,(anonymous_41)
FN:5183,(anonymous_8)
FN:5188,(anonymous_9)
FN:5225,(anonymous_47)
FN:5241,(anonymous_48)
FN:5243,(anonymous_49)
FN:5269,(anonymous_10)
FN:5309,(anonymous_20)
FN:5312,(anonymous_21)
FN:5339,(anonymous_291)
FN:5341,(anonymous_292)
FN:5385,(anonymous_168)
FN:5403,(anonymous_169)
FN:5405,(anonymous_170)
FN:5454,(anonymous_42)
FN:5461,(anonymous_43)
FN:5469,(anonymous_46)
FN:5507,(anonymous_32)
FN:5524,(anonymous_33)
FN:5526,(anonymous_34)
FN:5544,(anonymous_50)
FN:5551,(anonymous_51)
FN:5567,(anonymous_52)
FN:5606,(anonymous_347)
FN:5656,(anonymous_22)
FN:5683,(anonymous_1)
FN:5696,(anonymous_6)
FN:5696,(anonymous_7)
FN:5746,(anonymous_8)
FN:5747,(anonymous_9)
FN:5748,(anonymous_10)
FN:5749,(anonymous_11)
FN:5750,(anonymous_12)
FN:5750,(anonymous_14)
FN:5885,(anonymous_16)
FN:5939,(anonymous_148)
FN:5980,(anonymous_18)
FN:6003,(anonymous_140)
FN:6008,(anonymous_141)
FN:6015,(anonymous_142)
FN:6016,(anonymous_143)
FN:6009,(anonymous_144)
FN:6030,(anonymous_145)
FN:6033,(anonymous_146)
FN:6070,(anonymous_133)
FN:6091,(anonymous_134)
FN:6096,(anonymous_135)
FN:6105,(anonymous_206)
FN:6214,(anonymous_100)
FN:6214,(anonymous_101)
FN:6224,(anonymous_102)
FN:6226,(anonymous_103)
FN:6243,(anonymous_104)
FN:6248,(anonymous_105)
FN:6266,(anonymous_106)
FN:6289,(anonymous_107)
FN:6313,(anonymous_108)
FN:6297,(anonymous_109)
FN:6382,(anonymous_110)
FN:6399,(anonymous_114)
FN:6405,(anonymous_115)
FN:6415,(anonymous_116)
FN:6351,(anonymous_117)
FN:6321,(anonymous_118)
FN:6324,(anonymous_119)
FN:6326,(anonymous_120)
FN:6339,(anonymous_121)
FN:6341,(anonymous_122)
FN:6357,(anonymous_123)
FN:6368,(anonymous_124)
FN:6371,(anonymous_125)
FN:6372,(anonymous_126)
FN:6373,(anonymous_127)
FN:6421,(anonymous_128)
FN:6447,(anonymous_129)
FN:6449,(anonymous_130)
FN:6475,(anonymous_131)
FN:6514,(anonymous_132)
FN:6571,(anonymous_78)
FN:6577,(anonymous_79)
FN:6604,(anonymous_80)
FN:6644,(anonymous_81)
FN:6654,(anonymous_82)
FN:6615,(anonymous_83)
FN:6629,(anonymous_84)
FN:6678,(anonymous_111)
FN:6683,(anonymous_112)
FN:6685,(anonymous_113)
FN:6698,(anonymous_203)
FN:6710,(anonymous_204)
FN:6599,(anonymous_241)
FN:6810,(anonymous_155)
FN:6816,(anonymous_156)
FN:6820,(anonymous_157)
FN:6823,(anonymous_158)
FN:6826,(anonymous_159)
FN:6830,(anonymous_160)
FN:6834,(anonymous_161)
FN:6839,(anonymous_162)
FN:6842,(anonymous_163)
FN:6857,(anonymous_164)
FN:6863,(anonymous_165)
FN:6866,(anonymous_166)
FN:6774,(anonymous_184)
FN:6778,(anonymous_185)
FN:6791,(anonymous_186)
FN:6802,(anonymous_190)
FN:6807,(anonymous_191)
FN:6927,(anonymous_23)
FN:7058,(anonymous_24)
FN:7072,(anonymous_25)
FN:7082,(anonymous_26)
FN:7101,(anonymous_27)
FN:7115,(anonymous_28)
FN:7162,(anonymous_29)
FN:7019,(anonymous_30)
FN:7172,(anonymous_31)
FN:6938,(anonymous_37)
FN:6943,(anonymous_38)
FN:6916,(anonymous_44)
FN:6919,(anonymous_45)
FN:6979,(anonymous_280)
FN:6969,(anonymous_281)
FN:7135,(anonymous_330)
FN:7142,(anonymous_331)
FN:7148,(anonymous_332)
FN:7154,(anonymous_333)
FN:7208,(anonymous_17)
FN:7259,(anonymous_277)
FN:7293,(anonymous_278)
FN:7334,(anonymous_275)
FN:7344,(anonymous_276)
FN:7411,(anonymous_1)
FN:7421,(anonymous_3)
FN:7455,(anonymous_4)
FN:7490,(anonymous_13)
FN:7589,(anonymous_14)
FN:7594,(anonymous_15)
FN:7596,(anonymous_16)
FN:7598,(anonymous_17)
FN:7574,(anonymous_18)
FN:7649,(anonymous_19)
FN:7660,(anonymous_282)
FN:7680,(anonymous_283)
FN:7721,(anonymous_11)
FN:7729,(anonymous_12)
FNF:356
FNH:235
FNDA:8,(anonymous_279)
FNDA:0,(anonymous_284)
FNDA:0,(anonymous_285)
FNDA:104,(anonymous_286)
FNDA:0,(anonymous_288)
FNDA:0,(anonymous_289)
FNDA:6,(anonymous_245)
FNDA:6,(anonymous_243)
FNDA:8,(anonymous_305)
FNDA:6,(anonymous_244)
FNDA:15,(anonymous_69)
FNDA:4,(anonymous_322)
FNDA:11,(anonymous_323)
FNDA:4,(anonymous_324)
FNDA:6,(anonymous_325)
FNDA:3,(anonymous_326)
FNDA:7,(anonymous_327)
FNDA:0,(anonymous_328)
FNDA:1,(anonymous_329)
FNDA:7,(anonymous_334)
FNDA:0,(anonymous_335)
FNDA:4,(anonymous_336)
FNDA:0,(anonymous_337)
FNDA:0,(anonymous_338)
FNDA:4,(anonymous_70)
FNDA:1,(anonymous_71)
FNDA:0,(anonymous_72)
FNDA:0,(anonymous_246)
FNDA:0,(anonymous_247)
FNDA:0,(anonymous_248)
FNDA:0,(anonymous_249)
FNDA:0,(anonymous_250)
FNDA:8,(anonymous_306)
FNDA:8,(anonymous_307)
FNDA:8,(anonymous_308)
FNDA:8,(anonymous_309)
FNDA:3,(anonymous_310)
FNDA:3,(anonymous_311)
FNDA:8,(anonymous_312)
FNDA:1,(anonymous_313)
FNDA:1,(anonymous_314)
FNDA:8,(anonymous_315)
FNDA:6,(anonymous_265)
FNDA:0,(anonymous_266)
FNDA:0,(anonymous_267)
FNDA:0,(anonymous_268)
FNDA:0,(anonymous_269)
FNDA:0,(anonymous_270)
FNDA:0,(anonymous_271)
FNDA:0,(anonymous_272)
FNDA:0,(anonymous_273)
FNDA:0,(anonymous_274)
FNDA:6,(anonymous_255)
FNDA:8,(anonymous_316)
FNDA:8,(anonymous_317)
FNDA:8,(anonymous_318)
FNDA:8,(anonymous_287)
FNDA:8,(anonymous_290)
FNDA:4,(anonymous_319)
FNDA:32,(anonymous_320)
FNDA:0,(anonymous_321)
FNDA:8,(anonymous_304)
FNDA:9,(anonymous_136)
FNDA:32,(anonymous_73)
FNDA:32,(anonymous_74)
FNDA:96,(anonymous_75)
FNDA:64,(anonymous_76)
FNDA:32,(anonymous_77)
FNDA:1,(anonymous_194)
FNDA:1,(anonymous_195)
FNDA:1,(anonymous_196)
FNDA:19,(anonymous_197)
FNDA:10,(anonymous_198)
FNDA:1,(anonymous_150)
FNDA:2,(anonymous_151)
FNDA:1,(anonymous_152)
FNDA:1,(anonymous_153)
FNDA:2,(anonymous_154)
FNDA:2,(anonymous_167)
FNDA:2,(anonymous_171)
FNDA:1,(anonymous_172)
FNDA:1,(anonymous_183)
FNDA:2,(anonymous_187)
FNDA:1,(anonymous_188)
FNDA:2,(anonymous_189)
FNDA:1,(anonymous_192)
FNDA:2,(anonymous_193)
FNDA:2,(anonymous_137)
FNDA:0,(anonymous_138)
FNDA:0,(anonymous_139)
FNDA:0,(anonymous_147)
FNDA:0,(anonymous_149)
FNDA:2,(anonymous_173)
FNDA:0,(anonymous_174)
FNDA:2,(anonymous_175)
FNDA:0,(anonymous_176)
FNDA:2,(anonymous_177)
FNDA:0,(anonymous_178)
FNDA:1,(anonymous_179)
FNDA:1,(anonymous_180)
FNDA:2,(anonymous_181)
FNDA:0,(anonymous_182)
FNDA:0,(anonymous_251)
FNDA:0,(anonymous_252)
FNDA:0,(anonymous_253)
FNDA:6,(anonymous_254)
FNDA:0,(anonymous_256)
FNDA:0,(anonymous_257)
FNDA:0,(anonymous_258)
FNDA:0,(anonymous_260)
FNDA:0,(anonymous_261)
FNDA:0,(anonymous_262)
FNDA:0,(anonymous_263)
FNDA:6,(anonymous_264)
FNDA:0,(anonymous_259)
FNDA:6,(anonymous_348)
FNDA:18,(anonymous_340)
FNDA:3,(anonymous_341)
FNDA:15,(anonymous_342)
FNDA:0,(anonymous_343)
FNDA:0,(anonymous_344)
FNDA:0,(anonymous_345)
FNDA:0,(anonymous_346)
FNDA:12,(anonymous_339)
FNDA:8,(anonymous_293)
FNDA:3,(anonymous_294)
FNDA:4,(anonymous_57)
FNDA:4,(anonymous_58)
FNDA:0,(anonymous_59)
FNDA:0,(anonymous_60)
FNDA:0,(anonymous_55)
FNDA:0,(anonymous_56)
FNDA:6,(anonymous_53)
FNDA:0,(anonymous_54)
FNDA:8,(anonymous_296)
FNDA:0,(anonymous_297)
FNDA:0,(anonymous_298)
FNDA:0,(anonymous_299)
FNDA:0,(anonymous_300)
FNDA:8,(anonymous_301)
FNDA:8,(anonymous_302)
FNDA:8,(anonymous_303)
FNDA:8,(anonymous_295)
FNDA:4,(anonymous_61)
FNDA:136,(anonymous_62)
FNDA:52,(anonymous_63)
FNDA:0,(anonymous_64)
FNDA:4,(anonymous_65)
FNDA:0,(anonymous_66)
FNDA:0,(anonymous_67)
FNDA:0,(anonymous_68)
FNDA:5,(anonymous_216)
FNDA:6,(anonymous_218)
FNDA:6,(anonymous_219)
FNDA:6,(anonymous_220)
FNDA:6,(anonymous_221)
FNDA:6,(anonymous_222)
FNDA:3,(anonymous_223)
FNDA:6,(anonymous_224)
FNDA:6,(anonymous_225)
FNDA:6,(anonymous_226)
FNDA:6,(anonymous_227)
FNDA:4,(anonymous_228)
FNDA:4,(anonymous_229)
FNDA:10,(anonymous_230)
FNDA:3,(anonymous_231)
FNDA:3,(anonymous_232)
FNDA:4,(anonymous_233)
FNDA:0,(anonymous_234)
FNDA:0,(anonymous_235)
FNDA:0,(anonymous_236)
FNDA:0,(anonymous_237)
FNDA:1,(anonymous_242)
FNDA:5,(anonymous_202)
FNDA:5,(anonymous_207)
FNDA:4,(anonymous_208)
FNDA:32,(anonymous_209)
FNDA:8,(anonymous_210)
FNDA:0,(anonymous_211)
FNDA:1,(anonymous_212)
FNDA:1,(anonymous_238)
FNDA:2,(anonymous_199)
FNDA:2,(anonymous_200)
FNDA:2,(anonymous_201)
FNDA:1,(anonymous_239)
FNDA:0,(anonymous_213)
FNDA:4,(anonymous_85)
FNDA:2,(anonymous_86)
FNDA:2,(anonymous_87)
FNDA:0,(anonymous_88)
FNDA:0,(anonymous_89)
FNDA:0,(anonymous_90)
FNDA:2,(anonymous_91)
FNDA:0,(anonymous_92)
FNDA:0,(anonymous_93)
FNDA:2,(anonymous_94)
FNDA:0,(anonymous_95)
FNDA:0,(anonymous_96)
FNDA:1,(anonymous_97)
FNDA:2,(anonymous_214)
FNDA:6,(anonymous_215)
FNDA:3,(anonymous_98)
FNDA:3,(anonymous_99)
FNDA:0,(anonymous_5)
FNDA:0,(anonymous_6)
FNDA:0,(anonymous_7)
FNDA:18,(anonymous_35)
FNDA:6,(anonymous_36)
FNDA:3,(anonymous_39)
FNDA:18,(anonymous_40)
FNDA:54,(anonymous_41)
FNDA:20,(anonymous_8)
FNDA:5,(anonymous_9)
FNDA:18,(anonymous_47)
FNDA:6,(anonymous_48)
FNDA:4,(anonymous_49)
FNDA:72,(anonymous_10)
FNDA:3,(anonymous_20)
FNDA:0,(anonymous_21)
FNDA:8,(anonymous_291)
FNDA:3,(anonymous_292)
FNDA:2,(anonymous_168)
FNDA:1,(anonymous_169)
FNDA:1,(anonymous_170)
FNDA:18,(anonymous_42)
FNDA:6,(anonymous_43)
FNDA:3,(anonymous_46)
FNDA:18,(anonymous_32)
FNDA:3,(anonymous_33)
FNDA:0,(anonymous_34)
FNDA:4,(anonymous_50)
FNDA:3,(anonymous_51)
FNDA:9,(anonymous_52)
FNDA:18,(anonymous_347)
FNDA:3,(anonymous_22)
FNDA:30,(anonymous_1)
FNDA:3,(anonymous_6)
FNDA:3,(anonymous_7)
FNDA:0,(anonymous_8)
FNDA:0,(anonymous_9)
FNDA:0,(anonymous_10)
FNDA:0,(anonymous_11)
FNDA:0,(anonymous_12)
FNDA:122,(anonymous_14)
FNDA:12,(anonymous_16)
FNDA:0,(anonymous_148)
FNDA:12,(anonymous_18)
FNDA:0,(anonymous_140)
FNDA:0,(anonymous_141)
FNDA:0,(anonymous_142)
FNDA:0,(anonymous_143)
FNDA:0,(anonymous_144)
FNDA:0,(anonymous_145)
FNDA:0,(anonymous_146)
FNDA:5,(anonymous_133)
FNDA:5,(anonymous_134)
FNDA:5,(anonymous_135)
FNDA:5,(anonymous_206)
FNDA:5,(anonymous_100)
FNDA:2,(anonymous_101)
FNDA:0,(anonymous_102)
FNDA:0,(anonymous_103)
FNDA:2,(anonymous_104)
FNDA:2,(anonymous_105)
FNDA:0,(anonymous_106)
FNDA:0,(anonymous_107)
FNDA:2,(anonymous_108)
FNDA:0,(anonymous_109)
FNDA:1,(anonymous_110)
FNDA:2,(anonymous_114)
FNDA:2,(anonymous_115)
FNDA:2,(anonymous_116)
FNDA:2,(anonymous_117)
FNDA:2,(anonymous_118)
FNDA:0,(anonymous_119)
FNDA:0,(anonymous_120)
FNDA:0,(anonymous_121)
FNDA:0,(anonymous_122)
FNDA:0,(anonymous_123)
FNDA:0,(anonymous_124)
FNDA:0,(anonymous_125)
FNDA:0,(anonymous_126)
FNDA:0,(anonymous_127)
FNDA:0,(anonymous_128)
FNDA:0,(anonymous_129)
FNDA:0,(anonymous_130)
FNDA:0,(anonymous_131)
FNDA:6,(anonymous_132)
FNDA:2,(anonymous_78)
FNDA:10,(anonymous_79)
FNDA:0,(anonymous_80)
FNDA:2,(anonymous_81)
FNDA:2,(anonymous_82)
FNDA:2,(anonymous_83)
FNDA:2,(anonymous_84)
FNDA:1,(anonymous_111)
FNDA:2,(anonymous_112)
FNDA:2,(anonymous_113)
FNDA:5,(anonymous_203)
FNDA:0,(anonymous_204)
FNDA:1,(anonymous_241)
FNDA:96,(anonymous_155)
FNDA:36,(anonymous_156)
FNDA:24,(anonymous_157)
FNDA:24,(anonymous_158)
FNDA:24,(anonymous_159)
FNDA:24,(anonymous_160)
FNDA:12,(anonymous_161)
FNDA:60,(anonymous_162)
FNDA:120,(anonymous_163)
FNDA:6,(anonymous_164)
FNDA:6,(anonymous_165)
FNDA:0,(anonymous_166)
FNDA:1,(anonymous_184)
FNDA:1,(anonymous_185)
FNDA:2,(anonymous_186)
FNDA:1,(anonymous_190)
FNDA:1,(anonymous_191)
FNDA:6,(anonymous_23)
FNDA:0,(anonymous_24)
FNDA:13,(anonymous_25)
FNDA:0,(anonymous_26)
FNDA:0,(anonymous_27)
FNDA:0,(anonymous_28)
FNDA:13,(anonymous_29)
FNDA:13,(anonymous_30)
FNDA:8,(anonymous_31)
FNDA:3,(anonymous_37)
FNDA:48,(anonymous_38)
FNDA:3,(anonymous_44)
FNDA:3,(anonymous_45)
FNDA:8,(anonymous_280)
FNDA:8,(anonymous_281)
FNDA:7,(anonymous_330)
FNDA:0,(anonymous_331)
FNDA:0,(anonymous_332)
FNDA:0,(anonymous_333)
FNDA:3,(anonymous_17)
FNDA:8,(anonymous_277)
FNDA:104,(anonymous_278)
FNDA:0,(anonymous_275)
FNDA:0,(anonymous_276)
FNDA:6,(anonymous_1)
FNDA:3,(anonymous_3)
FNDA:3,(anonymous_4)
FNDA:104,(anonymous_13)
FNDA:42,(anonymous_14)
FNDA:42,(anonymous_15)
FNDA:42,(anonymous_16)
FNDA:42,(anonymous_17)
FNDA:42,(anonymous_18)
FNDA:40,(anonymous_19)
FNDA:8,(anonymous_282)
FNDA:16,(anonymous_283)
FNDA:25,(anonymous_11)
FNDA:50,(anonymous_12)
DA:36,3
DA:37,8
DA:38,8
DA:39,8
DA:40,8
DA:45,0
DA:49,0
DA:52,8
DA:66,104
DA:94,3
DA:98,0
DA:115,3
DA:136,3
DA:140,0
DA:178,3
DA:185,6
DA:186,6
DA:199,3
DA:220,3
DA:221,6
DA:222,6
DA:254,3
DA:255,8
DA:283,3
DA:284,6
DA:285,6
DA:319,3
DA:321,15
DA:358,15
DA:424,3
DA:430,3
DA:433,4
DA:453,3
DA:461,11
DA:463,11
DA:464,11
DA:465,11
DA:466,11
DA:467,11
DA:468,11
DA:469,11
DA:470,11
DA:473,11
DA:475,4
DA:482,11
DA:484,3
DA:487,6
DA:488,6
DA:491,11
DA:492,7
DA:495,0
DA:498,7
DA:499,1
DA:500,1
DA:501,1
DA:502,1
DA:508,7
DA:511,11
DA:512,7
DA:519,11
DA:522,0
DA:530,0
DA:534,0
DA:540,11
DA:547,11
DA:552,11
DA:594,4
DA:672,3
DA:703,3
DA:707,4
DA:709,4
DA:715,1
DA:726,0
DA:731,15
DA:782,3
DA:786,0
DA:789,0
DA:790,0
DA:793,0
DA:795,0
DA:797,0
DA:804,0
DA:809,0
DA:815,0
DA:821,0
DA:822,0
DA:824,0
DA:831,0
DA:832,0
DA:835,0
DA:836,0
DA:844,0
DA:849,0
DA:862,0
DA:943,3
DA:944,8
DA:948,8
DA:963,8
DA:965,8
DA:981,3
DA:988,8
DA:989,8
DA:992,3
DA:993,3
DA:1001,1
DA:1002,1
DA:1011,8
DA:1017,8
DA:1098,8
DA:1157,3
DA:1160,6
DA:1161,6
DA:1162,6
DA:1164,6
DA:1165,6
DA:1167,6
DA:1168,6
DA:1169,6
DA:1173,6
DA:1174,6
DA:1176,6
DA:1180,6
DA:1181,0
DA:1186,0
DA:1190,0
DA:1199,6
DA:1201,6
DA:1207,0
DA:1214,6
DA:1218,6
DA:1220,6
DA:1237,0
DA:1245,0
DA:1262,0
DA:1283,0
DA:1321,0
DA:1353,3
DA:1384,3
DA:1385,6
DA:1386,6
DA:1387,6
DA:1389,6
DA:1408,18
DA:1437,3
DA:1438,8
DA:1439,8
DA:1444,8
DA:1448,8
DA:1451,8
DA:1453,8
DA:1458,6
DA:1480,3
DA:1485,8
DA:1487,12
DA:1526,3
DA:1531,8
DA:1533,8
DA:1707,12
DA:1748,3
DA:1756,0
DA:1758,4
DA:1759,4
DA:1761,4
DA:1765,32
DA:1766,32
DA:1768,32
DA:1822,3
DA:1823,8
DA:1824,8
DA:1825,8
DA:1855,3
DA:1866,9
DA:1867,9
DA:1890,18
DA:1909,3
DA:1913,3
DA:1918,3
DA:1921,32
DA:1922,32
DA:1929,3
DA:1961,3
DA:1962,96
DA:1965,3
DA:1967,64
DA:1973,3
DA:1975,32
DA:1977,3
DA:2019,3
DA:2026,3
DA:2028,1
DA:2029,1
DA:2030,1
DA:2042,3
DA:2051,19
DA:2052,19
DA:2056,10
DA:2061,19
DA:2105,21
DA:2144,3
DA:2145,1
DA:2148,2
DA:2151,1
DA:2153,1
DA:2156,1
DA:2160,1
DA:2162,1
DA:2165,2
DA:2168,1
DA:2194,9
DA:2222,3
DA:2226,2
DA:2228,2
DA:2229,2
DA:2233,2
DA:2245,2
DA:2275,3
DA:2284,3
DA:2285,1
DA:2289,33
DA:2334,3
DA:2341,1
DA:2343,1
DA:2348,2
DA:2353,1
DA:2354,1
DA:2355,1
DA:2358,1
DA:2359,2
DA:2367,1
DA:2372,1
DA:2375,1
DA:2376,1
DA:2378,1
DA:2379,2
DA:2384,1
DA:2446,3
DA:2447,2
DA:2448,2
DA:2449,2
DA:2451,2
DA:2453,2
DA:2455,2
DA:2456,0
DA:2457,0
DA:2465,2
DA:2474,0
DA:2477,0
DA:2482,0
DA:2529,3
DA:2530,2
DA:2531,2
DA:2534,0
DA:2542,2
DA:2545,3
DA:2562,0
DA:2567,2
DA:2570,0
DA:2592,3
DA:2593,1
DA:2594,1
DA:2596,1
DA:2599,1
DA:2604,2
DA:2605,2
DA:2606,2
DA:2607,2
DA:2608,2
DA:2610,2
DA:2612,0
DA:2676,3
DA:2683,3
DA:2685,0
DA:2686,0
DA:2687,0
DA:2690,3
DA:2697,3
DA:2711,3
DA:2717,6
DA:2719,6
DA:2753,3
DA:2786,3
DA:2787,0
DA:2789,0
DA:2803,0
DA:2837,3
DA:2838,0
DA:2843,0
DA:2879,3
DA:2882,0
DA:2884,0
DA:2931,3
DA:2938,3
DA:2940,0
DA:2941,0
DA:2942,0
DA:2950,3
DA:2955,6
DA:2957,6
DA:3011,3
DA:3014,0
DA:3019,0
DA:3052,3
DA:3053,6
DA:3054,6
DA:3093,3
DA:3095,3
DA:3096,18
DA:3099,3
DA:3102,15
DA:3108,0
DA:3112,0
DA:3117,0
DA:3118,0
DA:3125,18
DA:3130,18
DA:3133,18
DA:3141,3
DA:3169,12
DA:3170,3
DA:3190,3
DA:3197,3
DA:3198,8
DA:3199,0
DA:3202,8
DA:3203,5
DA:3207,3
DA:3208,3
DA:3210,3
DA:3219,3
DA:3248,3
DA:3255,3
DA:3259,4
DA:3261,4
DA:3262,4
DA:3268,4
DA:3272,4
DA:3276,0
DA:3277,0
DA:3280,4
DA:3316,3
DA:3319,0
DA:3322,0
DA:3323,0
DA:3334,0
DA:3337,0
DA:3340,3
DA:3370,3
DA:3374,6
DA:3377,3
DA:3378,0
DA:3380,0
DA:3383,36
DA:3423,3
DA:3432,3
DA:3435,8
DA:3440,0
DA:3445,0
DA:3450,0
DA:3455,0
DA:3460,3
DA:3467,3
DA:3468,8
DA:3470,3
DA:3477,8
DA:3479,8
DA:3489,0
DA:3499,0
DA:3509,0
DA:3519,0
DA:3529,0
DA:3545,3
DA:3562,8
DA:3569,8
DA:3574,0
DA:3591,0
DA:3606,0
DA:3615,0
DA:3628,0
DA:3638,8
DA:3646,0
DA:3653,0
DA:3660,0
DA:3668,0
DA:3676,0
DA:3704,3
DA:3710,3
DA:3716,3
DA:3731,8
DA:3789,3
DA:3796,3
DA:3797,4
DA:3802,0
DA:3804,4
DA:3805,4
DA:3807,136
DA:3814,52
DA:3819,4
DA:3827,12
DA:3856,3
DA:3857,4
DA:3858,4
DA:3860,4
DA:3861,0
DA:3863,4
DA:3869,0
DA:3881,0
DA:3944,3
DA:3945,5
DA:3946,5
DA:3950,5
DA:3952,5
DA:3954,5
DA:3956,3
DA:3957,6
DA:3959,3
DA:3961,6
DA:3962,6
DA:3964,3
DA:3966,6
DA:3967,6
DA:3970,3
DA:3973,3
DA:3975,6
DA:3976,6
DA:3978,3
DA:3980,6
DA:3981,6
DA:3984,3
DA:3985,3
DA:3986,3
DA:3991,3
DA:3993,3
DA:4007,4
DA:4014,4
DA:4015,4
DA:4016,2
DA:4017,2
DA:4021,10
DA:4024,3
DA:4030,2
DA:4031,2
DA:4037,4
DA:4038,3
DA:4043,4
DA:4044,2
DA:4045,2
DA:4052,5
DA:4059,0
DA:4062,0
DA:4065,0
DA:4068,0
DA:4108,3
DA:4111,1
DA:4190,5
DA:4191,5
DA:4194,5
DA:4195,5
DA:4196,5
DA:4198,5
DA:4199,5
DA:4200,5
DA:4201,5
DA:4203,5
DA:4204,5
DA:4206,1
DA:4210,0
DA:4213,5
DA:4214,5
DA:4219,5
DA:4222,5
DA:4223,5
DA:4227,5
DA:4231,5
DA:4232,4
DA:4233,32
DA:4238,4
DA:4241,5
DA:4242,5
DA:4253,5
DA:4257,8
DA:4260,5
DA:4290,5
DA:4323,3
DA:4358,3
DA:4362,1
DA:4364,1
DA:4365,1
DA:4367,1
DA:4425,3
DA:4432,3
DA:4435,2
DA:4438,2
DA:4442,2
DA:4453,0
DA:4460,0
DA:4471,0
DA:4480,0
DA:4490,0
DA:4496,0
DA:4502,0
DA:4515,3
DA:4522,2
DA:4523,2
DA:4535,2
DA:4596,3
DA:4599,1
DA:4602,1
DA:4604,1
DA:4610,1
DA:4656,0
DA:4663,3
DA:4696,1
DA:4707,4
DA:4708,4
DA:4709,4
DA:4710,4
DA:4720,4
DA:4723,4
DA:4725,4
DA:4726,0
DA:4728,4
DA:4733,2
DA:4738,2
DA:4739,0
DA:4741,2
DA:4742,0
DA:4745,2
DA:4755,2
DA:4759,0
DA:4760,0
DA:4762,0
DA:4763,0
DA:4765,0
DA:4771,0
DA:4775,0
DA:4776,0
DA:4778,0
DA:4793,2
DA:4799,0
DA:4806,0
DA:4812,2
DA:4813,2
DA:4814,2
DA:4815,2
DA:4817,2
DA:4818,4
DA:4819,4
DA:4826,0
DA:4828,0
DA:4833,0
DA:4875,3
DA:4876,2
DA:4879,0
DA:4892,2
DA:4894,0
DA:4898,3
DA:4902,6
DA:4903,2
DA:4907,4
DA:4908,0
DA:4910,4
DA:4911,4
DA:4914,4
DA:4917,0
DA:4921,0
DA:4924,0
DA:4926,0
DA:4928,0
DA:4973,3
DA:4989,3
DA:5019,3
DA:5028,3
DA:5031,3
DA:5035,3
DA:5040,6
DA:5043,3
DA:5054,3
DA:5071,3
DA:5072,3
DA:5095,3
DA:5101,3
DA:5131,18
DA:5132,18
DA:5135,6
DA:5136,6
DA:5141,3
DA:5145,6
DA:5146,3
DA:5150,18
DA:5151,18
DA:5152,54
DA:5159,18
DA:5180,5
DA:5181,3
DA:5183,3
DA:5185,20
DA:5186,20
DA:5189,5
DA:5196,6
DA:5237,18
DA:5238,18
DA:5241,18
DA:5243,4
DA:5269,3
DA:5273,72
DA:5283,72
DA:5309,3
DA:5311,3
DA:5313,0
DA:5314,0
DA:5317,0
DA:5318,0
DA:5319,0
DA:5333,0
DA:5339,8
DA:5342,3
DA:5389,2
DA:5390,2
DA:5394,2
DA:5395,2
DA:5397,2
DA:5399,2
DA:5401,2
DA:5404,1
DA:5406,1
DA:5419,1
DA:5426,2
DA:5455,18
DA:5456,18
DA:5462,6
DA:5463,6
DA:5465,3
DA:5469,6
DA:5470,3
DA:5474,18
DA:5507,3
DA:5509,18
DA:5510,18
DA:5511,18
DA:5512,18
DA:5515,18
DA:5516,18
DA:5517,18
DA:5518,18
DA:5522,18
DA:5525,3
DA:5527,0
DA:5549,4
DA:5551,3
DA:5568,9
DA:5571,18
DA:5582,18
DA:5607,18
DA:5611,18
DA:5615,18
DA:5638,3
DA:5650,3
DA:5656,3
DA:5683,36
DA:5692,3
DA:5696,9
DA:5716,3
DA:5743,3
DA:5746,0
DA:5747,0
DA:5748,0
DA:5749,0
DA:5750,125
DA:5885,15
DA:5894,3
DA:5916,3
DA:5940,0
DA:5941,0
DA:5942,0
DA:5943,0
DA:5980,3
DA:5982,12
DA:6008,0
DA:6011,0
DA:6014,0
DA:6016,0
DA:6017,0
DA:6018,0
DA:6019,0
DA:6026,0
DA:6030,0
DA:6031,0
DA:6032,0
DA:6034,0
DA:6035,0
DA:6070,3
DA:6074,5
DA:6091,3
DA:6093,5
DA:6100,21
DA:6110,5
DA:6111,5
DA:6113,5
DA:6114,0
DA:6115,5
DA:6117,0
DA:6119,0
DA:6135,5
DA:6142,5
DA:6214,5
DA:6224,3
DA:6226,0
DA:6228,0
DA:6241,3
DA:6246,2
DA:6248,3
DA:6252,2
DA:6253,0
DA:6255,2
DA:6257,2
DA:6258,0
DA:6260,2
DA:6261,2
DA:6262,2
DA:6266,3
DA:6269,0
DA:6270,0
DA:6271,0
DA:6274,0
DA:6276,0
DA:6285,0
DA:6289,3
DA:6290,0
DA:6299,0
DA:6302,0
DA:6306,0
DA:6308,0
DA:6313,3
DA:6315,2
DA:6318,0
DA:6321,2
DA:6322,2
DA:6325,0
DA:6327,0
DA:6340,0
DA:6342,0
DA:6348,2
DA:6351,2
DA:6352,2
DA:6355,2
DA:6358,0
DA:6367,2
DA:6368,0
DA:6369,0
DA:6371,0
DA:6372,0
DA:6373,0
DA:6379,2
DA:6382,3
DA:6390,1
DA:6391,0
DA:6396,1
DA:6398,1
DA:6399,1
DA:6400,2
DA:6403,1
DA:6404,1
DA:6405,1
DA:6406,2
DA:6416,2
DA:6418,2
DA:6420,2
DA:6421,0
DA:6423,2
DA:6441,1
DA:6447,1
DA:6448,0
DA:6449,0
DA:6452,0
DA:6470,1
DA:6475,0
DA:6481,1
DA:6487,1
DA:6496,1
DA:6514,3
DA:6516,6
DA:6518,0
DA:6520,6
DA:6522,0
DA:6524,0
DA:6526,3
DA:6566,3
DA:6567,3
DA:6569,3
DA:6571,3
DA:6572,2
DA:6573,0
DA:6575,2
DA:6576,2
DA:6578,10
DA:6579,10
DA:6584,2
DA:6599,1
DA:6604,3
DA:6605,0
DA:6607,0
DA:6609,0
DA:6611,0
DA:6616,2
DA:6617,2
DA:6619,2
DA:6621,2
DA:6626,2
DA:6630,2
DA:6641,2
DA:6644,3
DA:6649,2
DA:6654,2
DA:6655,2
DA:6656,0
DA:6658,2
DA:6659,0
DA:6666,2
DA:6674,2
DA:6682,1
DA:6683,2
DA:6694,2
DA:6702,5
DA:6706,5
DA:6707,5
DA:6710,0
DA:6731,5
DA:6775,1
DA:6776,0
DA:6778,1
DA:6779,1
DA:6791,1
DA:6792,2
DA:6807,1
DA:6808,1
DA:6810,3
DA:6814,96
DA:6816,3
DA:6817,36
DA:6820,3
DA:6821,24
DA:6823,3
DA:6824,24
DA:6826,3
DA:6827,24
DA:6830,3
DA:6832,24
DA:6834,3
DA:6839,12
DA:6841,60
DA:6843,120
DA:6847,12
DA:6857,3
DA:6859,6
DA:6863,3
DA:6865,6
DA:6866,0
DA:6867,15
DA:6916,3
DA:6919,3
DA:6921,3
DA:6927,3
DA:6928,6
DA:6930,3
DA:6932,3
DA:6934,0
DA:6942,3
DA:6944,48
DA:6945,3
DA:6950,45
DA:6954,36
DA:6956,9
DA:6957,9
DA:6969,8
DA:6970,8
DA:6984,8
DA:6985,8
DA:6986,8
DA:6990,8
DA:6991,8
DA:6993,8
DA:6995,8
DA:6999,8
DA:7005,0
DA:7016,8
DA:7019,13
DA:7024,13
DA:7025,5
DA:7027,8
DA:7028,8
DA:7029,8
DA:7030,8
DA:7055,8
DA:7058,3
DA:7061,0
DA:7072,3
DA:7076,13
DA:7079,13
DA:7082,3
DA:7083,0
DA:7087,0
DA:7091,0
DA:7101,3
DA:7103,0
DA:7115,3
DA:7119,0
DA:7122,0
DA:7126,0
DA:7140,7
DA:7142,0
DA:7143,0
DA:7148,0
DA:7149,0
DA:7154,7
DA:7155,0
DA:7162,3
DA:7172,3
DA:7176,8
DA:7177,0
DA:7179,8
DA:7180,8
DA:7183,8
DA:7208,3
DA:7259,3
DA:7268,8
DA:7276,8
DA:7284,8
DA:7293,104
DA:7334,3
DA:7345,0
DA:7347,0
DA:7384,3
DA:7385,3
DA:7388,3
DA:7411,21
DA:7421,3
DA:7455,3
DA:7490,3
DA:7491,104
DA:7495,8
DA:7497,8
DA:7508,8
DA:7510,8
DA:7513,16
DA:7515,24
DA:7574,42
DA:7575,42
DA:7589,3
DA:7591,42
DA:7592,42
DA:7594,42
DA:7595,42
DA:7596,42
DA:7598,42
DA:7600,42
DA:7610,0
DA:7613,42
DA:7614,0
DA:7619,42
DA:7620,0
DA:7625,0
DA:7628,0
DA:7633,0
DA:7635,0
DA:7637,0
DA:7640,42
DA:7649,3
DA:7651,40
DA:7664,8
DA:7665,8
DA:7666,8
DA:7676,8
DA:7681,16
DA:7682,16
DA:7721,3
DA:7725,25
DA:7736,50
LF:977
LH:738
BRDA:39,f0_0,0,8
BRDA:39,f0_0,1,0
BRDA:39,f0_1,0,0
BRDA:39,f0_1,1,8
BRDA:39,f0_2,0,8
BRDA:39,f0_2,1,8
BRDA:39,f0_2,2,8
BRDA:40,f0_3,0,8
BRDA:40,f0_3,1,0
BRDA:40,f0_4,0,0
BRDA:40,f0_4,1,8
BRDA:40,f0_5,0,8
BRDA:40,f0_5,1,8
BRDA:40,f0_5,2,8
BRDA:63,f0_6,0,0
BRDA:63,f0_6,1,8
BRDA:63,f0_7,0,8
BRDA:63,f0_7,1,8
BRDA:63,f0_7,2,8
BRDA:114,f1_0,0,0
BRDA:114,f1_0,1,0
BRDA:156,f2_0,0,0
BRDA:156,f2_0,1,0
BRDA:194,f3_0,0,6
BRDA:194,f3_0,1,0
BRDA:230,f4_0,0,6
BRDA:230,f4_0,1,0
BRDA:292,f6_0,0,3
BRDA:292,f6_0,1,3
BRDA:433,f8_0,0,0
BRDA:436,f8_1,0,4
BRDA:436,f8_1,1,4
BRDA:436,f8_1,2,0
BRDA:438,f8_2,0,4
BRDA:438,f8_2,1,4
BRDA:475,f8_3,0,1
BRDA:475,f8_3,1,3
BRDA:487,f8_4,0,3
BRDA:487,f8_4,1,3
BRDA:487,f8_5,0,6
BRDA:487,f8_5,1,6
BRDA:484,f8_6,0,3
BRDA:484,f8_6,1,3
BRDA:484,f8_7,0,6
BRDA:484,f8_7,1,3
BRDA:484,f8_7,2,3
BRDA:484,f8_7,3,3
BRDA:484,f8_7,4,3
BRDA:498,f8_8,0,1
BRDA:494,f8_9,0,7
BRDA:494,f8_9,1,7
BRDA:494,f8_9,2,0
BRDA:501,f8_10,0,0
BRDA:501,f8_10,1,1
BRDA:501,f8_11,0,1
BRDA:501,f8_11,1,1
BRDA:501,f8_11,2,1
BRDA:501,f8_11,3,1
BRDA:502,f8_12,0,0
BRDA:502,f8_12,1,1
BRDA:521,f8_13,0,0
BRDA:521,f8_13,1,0
BRDA:521,f8_14,0,0
BRDA:521,f8_14,1,0
BRDA:540,f8_15,0,0
BRDA:540,f8_15,1,11
BRDA:543,f8_16,0,0
BRDA:543,f8_16,1,0
BRDA:543,f8_17,0,0
BRDA:543,f8_17,1,0
BRDA:548,f8_18,0,0
BRDA:548,f8_18,1,11
BRDA:549,f8_19,0,11
BRDA:549,f8_19,1,0
BRDA:552,f8_20,0,5
BRDA:552,f8_20,1,6
BRDA:552,f8_21,0,11
BRDA:552,f8_21,1,6
BRDA:581,f8_22,0,5
BRDA:581,f8_22,1,0
BRDA:583,f8_23,0,0
BRDA:583,f8_23,1,5
BRDA:586,f8_24,0,5
BRDA:586,f8_24,1,0
BRDA:793,f10_0,0,0
BRDA:793,f10_0,1,0
BRDA:793,f10_0,2,0
BRDA:793,f10_1,0,0
BRDA:793,f10_1,1,0
BRDA:800,f10_2,0,0
BRDA:800,f10_2,1,0
BRDA:800,f10_3,0,0
BRDA:800,f10_3,1,0
BRDA:800,f10_4,0,0
BRDA:800,f10_4,1,0
BRDA:800,f10_5,0,0
BRDA:800,f10_5,1,0
BRDA:800,f10_5,2,0
BRDA:804,f10_6,0,0
BRDA:804,f10_6,1,0
BRDA:815,f10_7,0,0
BRDA:815,f10_7,1,0
BRDA:815,f10_7,2,0
BRDA:815,f10_7,3,0
BRDA:816,f10_8,0,0
BRDA:816,f10_8,1,0
BRDA:816,f10_9,0,0
BRDA:816,f10_9,1,0
BRDA:816,f10_9,2,0
BRDA:817,f10_10,0,0
BRDA:817,f10_10,1,0
BRDA:817,f10_11,0,0
BRDA:817,f10_11,1,0
BRDA:817,f10_11,2,0
BRDA:818,f10_12,0,0
BRDA:818,f10_12,1,0
BRDA:818,f10_13,0,0
BRDA:818,f10_13,1,0
BRDA:818,f10_13,2,0
BRDA:819,f10_14,0,0
BRDA:819,f10_14,1,0
BRDA:819,f10_15,0,0
BRDA:819,f10_15,1,0
BRDA:819,f10_15,2,0
BRDA:824,f10_16,0,0
BRDA:824,f10_16,1,0
BRDA:824,f10_16,2,0
BRDA:824,f10_16,3,0
BRDA:824,f10_16,4,0
BRDA:824,f10_17,0,0
BRDA:824,f10_17,1,0
BRDA:824,f10_18,0,0
BRDA:824,f10_18,1,0
BRDA:824,f10_18,2,0
BRDA:826,f10_19,0,0
BRDA:826,f10_19,1,0
BRDA:826,f10_20,0,0
BRDA:826,f10_20,1,0
BRDA:826,f10_20,2,0
BRDA:827,f10_21,0,0
BRDA:827,f10_21,1,0
BRDA:827,f10_22,0,0
BRDA:827,f10_22,1,0
BRDA:827,f10_22,2,0
BRDA:828,f10_23,0,0
BRDA:828,f10_23,1,0
BRDA:828,f10_24,0,0
BRDA:828,f10_24,1,0
BRDA:828,f10_24,2,0
BRDA:831,f10_25,0,0
BRDA:831,f10_26,0,0
BRDA:831,f10_26,1,0
BRDA:835,f10_27,0,0
BRDA:835,f10_28,0,0
BRDA:835,f10_28,1,0
BRDA:844,f10_29,0,0
BRDA:844,f10_29,1,0
BRDA:844,f10_30,0,0
BRDA:844,f10_30,1,0
BRDA:844,f10_30,2,0
BRDA:844,f10_30,3,0
BRDA:844,f10_30,4,0
BRDA:844,f10_30,5,0
BRDA:844,f10_30,6,0
BRDA:844,f10_30,7,0
BRDA:844,f10_30,8,0
BRDA:844,f10_30,9,0
BRDA:844,f10_30,10,0
BRDA:849,f10_31,0,0
BRDA:849,f10_31,1,0
BRDA:845,f10_32,0,0
BRDA:845,f10_32,1,0
BRDA:845,f10_33,0,0
BRDA:845,f10_33,1,0
BRDA:845,f10_33,2,0
BRDA:846,f10_34,0,0
BRDA:846,f10_34,1,0
BRDA:846,f10_35,0,0
BRDA:846,f10_35,1,0
BRDA:851,f10_36,0,0
BRDA:851,f10_36,1,0
BRDA:851,f10_37,0,0
BRDA:851,f10_37,1,0
BRDA:851,f10_38,0,0
BRDA:851,f10_38,1,0
BRDA:851,f10_39,0,0
BRDA:851,f10_39,1,0
BRDA:851,f10_39,2,0
BRDA:852,f10_40,0,0
BRDA:852,f10_40,1,0
BRDA:852,f10_41,0,0
BRDA:852,f10_41,1,0
BRDA:852,f10_41,2,0
BRDA:853,f10_42,0,0
BRDA:853,f10_42,1,0
BRDA:853,f10_43,0,0
BRDA:853,f10_43,1,0
BRDA:853,f10_43,2,0
BRDA:854,f10_44,0,0
BRDA:854,f10_44,1,0
BRDA:854,f10_45,0,0
BRDA:854,f10_45,1,0
BRDA:854,f10_45,2,0
BRDA:855,f10_46,0,0
BRDA:855,f10_46,1,0
BRDA:855,f10_47,0,0
BRDA:855,f10_47,1,0
BRDA:855,f10_48,0,0
BRDA:855,f10_48,1,0
BRDA:855,f10_49,0,0
BRDA:855,f10_49,1,0
BRDA:855,f10_49,2,0
BRDA:944,f11_0,0,0
BRDA:944,f11_0,1,8
BRDA:944,f11_1,0,8
BRDA:944,f11_1,1,8
BRDA:946,f11_2,0,0
BRDA:946,f11_3,0,8
BRDA:946,f11_3,1,8
BRDA:946,f11_3,2,8
BRDA:946,f11_3,3,8
BRDA:946,f11_3,4,8
BRDA:950,f11_4,0,8
BRDA:950,f11_4,1,0
BRDA:954,f11_5,0,8
BRDA:954,f11_5,1,0
BRDA:956,f11_6,0,8
BRDA:956,f11_6,1,0
BRDA:984,f11_7,0,0
BRDA:988,f11_8,0,0
BRDA:988,f11_8,1,8
BRDA:988,f11_9,0,8
BRDA:988,f11_9,1,8
BRDA:995,f11_10,0,3
BRDA:995,f11_10,1,3
BRDA:1004,f11_11,0,1
BRDA:1004,f11_11,1,1
BRDA:1034,f11_12,0,1
BRDA:1034,f11_12,1,7
BRDA:1070,f11_13,0,8
BRDA:1070,f11_13,1,0
BRDA:1104,f11_14,0,0
BRDA:1104,f11_14,1,8
BRDA:1104,f11_15,0,8
BRDA:1104,f11_15,1,8
BRDA:1167,f12_0,0,6
BRDA:1167,f12_0,1,0
BRDA:1167,f12_1,0,0
BRDA:1167,f12_1,1,6
BRDA:1167,f12_2,0,6
BRDA:1167,f12_2,1,6
BRDA:1167,f12_2,2,6
BRDA:1168,f12_3,0,6
BRDA:1168,f12_3,1,0
BRDA:1168,f12_4,0,0
BRDA:1168,f12_4,1,6
BRDA:1168,f12_5,0,6
BRDA:1168,f12_5,1,6
BRDA:1168,f12_5,2,6
BRDA:1170,f12_6,0,0
BRDA:1170,f12_6,1,6
BRDA:1170,f12_7,0,6
BRDA:1170,f12_7,1,6
BRDA:1170,f12_7,2,6
BRDA:1173,f12_8,0,6
BRDA:1173,f12_8,1,0
BRDA:1173,f12_9,0,6
BRDA:1173,f12_9,1,0
BRDA:1173,f12_9,2,0
BRDA:1199,f12_10,0,0
BRDA:1199,f12_10,1,6
BRDA:1199,f12_11,0,6
BRDA:1199,f12_11,1,6
BRDA:1199,f12_11,2,6
BRDA:1202,f12_12,0,0
BRDA:1202,f12_12,1,6
BRDA:1203,f12_13,0,0
BRDA:1203,f12_13,1,6
BRDA:1204,f12_14,0,0
BRDA:1204,f12_14,1,6
BRDA:1205,f12_15,0,0
BRDA:1205,f12_15,1,6
BRDA:1214,f12_16,0,6
BRDA:1214,f12_16,1,6
BRDA:1214,f12_16,2,6
BRDA:1215,f12_17,0,0
BRDA:1215,f12_17,1,6
BRDA:1215,f12_18,0,6
BRDA:1215,f12_18,1,6
BRDA:1215,f12_18,2,6
BRDA:1215,f12_19,0,0
BRDA:1215,f12_19,1,6
BRDA:1215,f12_20,0,6
BRDA:1215,f12_20,1,6
BRDA:1215,f12_20,2,6
BRDA:1218,f12_21,0,6
BRDA:1218,f12_21,1,0
BRDA:1253,f12_22,0,3
BRDA:1253,f12_22,1,3
BRDA:1274,f12_23,0,3
BRDA:1274,f12_23,1,3
BRDA:1295,f12_24,0,0
BRDA:1295,f12_24,1,6
BRDA:1300,f12_25,0,0
BRDA:1300,f12_25,1,6
BRDA:1300,f12_26,0,6
BRDA:1300,f12_26,1,0
BRDA:1300,f12_26,2,0
BRDA:1302,f12_27,0,0
BRDA:1302,f12_27,1,0
BRDA:1302,f12_28,0,0
BRDA:1302,f12_28,1,0
BRDA:1318,f12_29,0,6
BRDA:1318,f12_29,1,0
BRDA:1332,f12_30,0,6
BRDA:1332,f12_30,1,0
BRDA:1390,f13_0,0,0
BRDA:1390,f13_0,1,6
BRDA:1390,f13_1,0,6
BRDA:1390,f13_1,1,0
BRDA:1390,f13_1,2,0
BRDA:1390,f13_1,3,0
BRDA:1392,f13_2,0,0
BRDA:1392,f13_2,1,0
BRDA:1392,f13_3,0,0
BRDA:1392,f13_3,1,0
BRDA:1400,f13_4,0,0
BRDA:1400,f13_4,1,6
BRDA:1400,f13_5,0,6
BRDA:1400,f13_5,1,0
BRDA:1407,f13_6,0,6
BRDA:1407,f13_6,1,0
BRDA:1444,f14_0,0,8
BRDA:1444,f14_0,1,8
BRDA:1441,f14_1,0,0
BRDA:1441,f14_1,1,8
BRDA:1441,f14_2,0,8
BRDA:1441,f14_2,1,8
BRDA:1442,f14_3,0,0
BRDA:1442,f14_3,1,8
BRDA:1442,f14_4,0,8
BRDA:1442,f14_4,1,8
BRDA:1442,f14_5,0,8
BRDA:1442,f14_5,1,8
BRDA:1451,f14_6,0,8
BRDA:1451,f14_6,1,0
BRDA:1451,f14_7,0,0
BRDA:1451,f14_7,1,8
BRDA:1451,f14_8,0,8
BRDA:1451,f14_8,1,8
BRDA:1459,f14_9,0,8
BRDA:1459,f14_9,1,8
BRDA:1459,f14_10,0,0
BRDA:1459,f14_10,1,8
BRDA:1459,f14_11,0,8
BRDA:1459,f14_11,1,8
BRDA:1458,f14_12,0,0
BRDA:1458,f14_12,1,8
BRDA:1458,f14_13,0,8
BRDA:1458,f14_13,1,8
BRDA:1485,f15_0,0,8
BRDA:1485,f15_0,1,0
BRDA:1485,f15_1,0,0
BRDA:1485,f15_1,1,8
BRDA:1485,f15_2,0,8
BRDA:1485,f15_2,1,8
BRDA:1485,f15_2,2,8
BRDA:1538,f16_0,0,0
BRDA:1538,f16_0,1,8
BRDA:1541,f16_1,0,0
BRDA:1541,f16_1,1,8
BRDA:1573,f16_2,0,0
BRDA:1573,f16_2,1,0
BRDA:1582,f16_3,0,0
BRDA:1582,f16_3,1,0
BRDA:1616,f16_4,0,0
BRDA:1616,f16_4,1,0
BRDA:1625,f16_5,0,0
BRDA:1625,f16_5,1,0
BRDA:1654,f16_6,0,0
BRDA:1654,f16_6,1,0
BRDA:1663,f16_7,0,0
BRDA:1663,f16_7,1,0
BRDA:1693,f16_8,0,0
BRDA:1693,f16_8,1,0
BRDA:1702,f16_9,0,0
BRDA:1702,f16_9,1,0
BRDA:1773,f17_0,0,4
BRDA:1773,f17_0,1,28
BRDA:1775,f17_1,0,32
BRDA:1775,f17_1,1,4
BRDA:1778,f17_2,0,24
BRDA:1778,f17_2,1,8
BRDA:1781,f17_3,0,24
BRDA:1781,f17_3,1,4
BRDA:1886,f19_0,0,8
BRDA:1886,f19_0,1,1
BRDA:1962,f20_0,0,96
BRDA:1962,f20_0,1,0
BRDA:1962,f20_1,0,96
BRDA:1962,f20_1,1,96
BRDA:2056,f21_0,0,10
BRDA:2056,f21_0,1,0
BRDA:2056,f21_0,2,0
BRDA:2074,f21_1,0,19
BRDA:2074,f21_1,1,0
BRDA:2074,f21_2,0,19
BRDA:2074,f21_2,1,19
BRDA:2074,f21_3,0,0
BRDA:2074,f21_3,1,19
BRDA:2074,f21_4,0,19
BRDA:2074,f21_4,1,19
BRDA:2074,f21_4,2,19
BRDA:2145,f22_0,0,0
BRDA:2145,f22_0,1,1
BRDA:2147,f22_1,0,0
BRDA:2147,f22_1,1,2
BRDA:2147,f22_2,0,2
BRDA:2147,f22_2,1,2
BRDA:2147,f22_2,2,2
BRDA:2147,f22_2,3,2
BRDA:2147,f22_2,4,2
BRDA:2148,f22_3,0,0
BRDA:2148,f22_3,1,2
BRDA:2148,f22_4,0,2
BRDA:2148,f22_4,1,2
BRDA:2148,f22_4,2,2
BRDA:2153,f22_5,0,0
BRDA:2153,f22_5,1,1
BRDA:2153,f22_6,0,1
BRDA:2153,f22_6,1,1
BRDA:2155,f22_7,0,0
BRDA:2155,f22_7,1,1
BRDA:2155,f22_8,0,1
BRDA:2155,f22_8,1,1
BRDA:2155,f22_8,2,1
BRDA:2156,f22_9,0,0
BRDA:2156,f22_9,1,1
BRDA:2156,f22_10,0,1
BRDA:2156,f22_10,1,1
BRDA:2156,f22_10,2,1
BRDA:2162,f22_11,0,1
BRDA:2162,f22_11,1,0
BRDA:2162,f22_12,0,1
BRDA:2162,f22_12,1,1
BRDA:2165,f22_13,0,0
BRDA:2165,f22_14,0,2
BRDA:2165,f22_14,1,2
BRDA:2165,f22_14,2,2
BRDA:2165,f22_14,3,2
BRDA:2168,f22_15,0,1
BRDA:2168,f22_15,1,0
BRDA:2176,f22_16,0,1
BRDA:2176,f22_16,1,0
BRDA:2178,f22_17,0,1
BRDA:2178,f22_17,1,0
BRDA:2178,f22_18,0,1
BRDA:2178,f22_18,1,1
BRDA:2178,f22_19,0,0
BRDA:2178,f22_19,1,1
BRDA:2178,f22_20,0,1
BRDA:2178,f22_20,1,1
BRDA:2178,f22_20,2,1
BRDA:2178,f22_20,3,1
BRDA:2178,f22_20,4,1
BRDA:2187,f22_21,0,1
BRDA:2187,f22_21,1,0
BRDA:2187,f22_22,0,1
BRDA:2187,f22_22,1,1
BRDA:2187,f22_23,0,0
BRDA:2187,f22_23,1,1
BRDA:2187,f22_24,0,1
BRDA:2187,f22_24,1,1
BRDA:2187,f22_24,2,1
BRDA:2228,f23_0,0,2
BRDA:2228,f23_0,1,0
BRDA:2228,f23_1,0,0
BRDA:2228,f23_1,1,2
BRDA:2228,f23_2,0,2
BRDA:2228,f23_2,1,2
BRDA:2228,f23_2,2,2
BRDA:2233,f23_3,0,1
BRDA:2233,f23_3,1,1
BRDA:2233,f23_4,0,2
BRDA:2233,f23_4,1,2
BRDA:2233,f23_5,0,0
BRDA:2233,f23_5,1,2
BRDA:2233,f23_6,0,1
BRDA:2233,f23_6,1,1
BRDA:2233,f23_7,0,2
BRDA:2233,f23_7,1,1
BRDA:2233,f23_7,2,1
BRDA:2238,f23_8,0,1
BRDA:2238,f23_8,1,0
BRDA:2247,f23_9,0,2
BRDA:2247,f23_9,1,0
BRDA:2249,f23_10,0,0
BRDA:2249,f23_10,1,0
BRDA:2259,f23_11,0,2
BRDA:2259,f23_11,1,1
BRDA:2267,f23_12,0,2
BRDA:2267,f23_12,1,2
BRDA:2267,f23_12,2,1
BRDA:2268,f23_13,0,1
BRDA:2268,f23_13,1,0
BRDA:2343,f24_0,0,0
BRDA:2343,f24_0,1,1
BRDA:2348,f24_1,0,2
BRDA:2348,f24_1,1,2
BRDA:2345,f24_2,0,0
BRDA:2345,f24_2,1,2
BRDA:2345,f24_3,0,2
BRDA:2345,f24_3,1,2
BRDA:2345,f24_3,2,2
BRDA:2367,f24_4,0,1
BRDA:2367,f24_4,1,0
BRDA:2367,f24_5,0,1
BRDA:2367,f24_5,1,1
BRDA:2367,f24_5,2,1
BRDA:2368,f24_6,0,1
BRDA:2368,f24_6,1,0
BRDA:2368,f24_7,0,0
BRDA:2368,f24_7,1,0
BRDA:2363,f24_8,0,0
BRDA:2363,f24_8,1,0
BRDA:2363,f24_9,0,0
BRDA:2363,f24_9,1,0
BRDA:2372,f24_10,0,1
BRDA:2372,f24_10,1,0
BRDA:2375,f24_11,0,1
BRDA:2375,f24_11,1,1
BRDA:2375,f24_12,0,0
BRDA:2375,f24_12,1,1
BRDA:2375,f24_13,0,1
BRDA:2375,f24_13,1,1
BRDA:2375,f24_13,2,1
BRDA:2375,f24_13,3,1
BRDA:2375,f24_13,4,1
BRDA:2379,f24_14,0,0
BRDA:2379,f24_14,1,2
BRDA:2379,f24_15,0,2
BRDA:2379,f24_15,1,2
BRDA:2379,f24_15,2,2
BRDA:2395,f24_16,0,1
BRDA:2395,f24_16,1,0
BRDA:2398,f24_17,0,1
BRDA:2398,f24_17,1,0
BRDA:2451,f25_0,0,0
BRDA:2453,f25_1,0,2
BRDA:2453,f25_1,1,0
BRDA:2469,f25_2,0,0
BRDA:2469,f25_2,1,2
BRDA:2478,f25_3,0,0
BRDA:2478,f25_3,1,0
BRDA:2489,f25_4,0,2
BRDA:2489,f25_4,1,0
BRDA:2534,f26_0,0,0
BRDA:2534,f26_0,1,0
BRDA:2566,f26_1,0,2
BRDA:2566,f26_1,1,2
BRDA:2569,f26_2,0,2
BRDA:2569,f26_2,1,0
BRDA:2547,f26_3,0,0
BRDA:2547,f26_3,1,2
BRDA:2550,f26_4,0,2
BRDA:2550,f26_4,1,0
BRDA:2553,f26_5,0,0
BRDA:2553,f26_5,1,0
BRDA:2597,f26_6,0,1
BRDA:2597,f26_6,1,0
BRDA:2597,f26_7,0,1
BRDA:2597,f26_7,1,1
BRDA:2616,f26_8,0,2
BRDA:2616,f26_8,1,2
BRDA:2631,f26_9,0,0
BRDA:2631,f26_9,1,2
BRDA:2733,f27_0,0,6
BRDA:2733,f27_0,1,0
BRDA:2733,f27_1,0,6
BRDA:2733,f27_1,1,6
BRDA:2733,f27_2,0,0
BRDA:2733,f27_2,1,6
BRDA:2733,f27_3,0,6
BRDA:2733,f27_3,1,6
BRDA:2733,f27_3,2,6
BRDA:2789,f28_0,0,0
BRDA:2789,f28_0,1,0
BRDA:2807,f28_1,0,0
BRDA:2807,f28_1,1,0
BRDA:2807,f28_2,0,0
BRDA:2807,f28_2,1,0
BRDA:2809,f28_3,0,0
BRDA:2809,f28_3,1,0
BRDA:2843,f29_0,0,0
BRDA:2843,f29_0,1,0
BRDA:2843,f29_1,0,0
BRDA:2843,f29_1,1,0
BRDA:2840,f29_2,0,0
BRDA:2840,f29_2,1,0
BRDA:2840,f29_3,0,0
BRDA:2840,f29_3,1,0
BRDA:2841,f29_4,0,0
BRDA:2841,f29_4,1,0
BRDA:2841,f29_5,0,0
BRDA:2841,f29_5,1,0
BRDA:2851,f29_6,0,0
BRDA:2851,f29_6,1,0
BRDA:2851,f29_7,0,0
BRDA:2851,f29_7,1,0
BRDA:2851,f29_8,0,0
BRDA:2851,f29_8,1,0
BRDA:2970,f31_0,0,6
BRDA:2970,f31_0,1,0
BRDA:2970,f31_1,0,6
BRDA:2970,f31_1,1,6
BRDA:2970,f31_2,0,0
BRDA:2970,f31_2,1,6
BRDA:2970,f31_3,0,6
BRDA:2970,f31_3,1,6
BRDA:2970,f31_3,2,6
BRDA:3019,f32_0,0,0
BRDA:3019,f32_0,1,0
BRDA:3019,f32_1,0,0
BRDA:3019,f32_1,1,0
BRDA:3016,f32_2,0,0
BRDA:3016,f32_2,1,0
BRDA:3016,f32_3,0,0
BRDA:3016,f32_3,1,0
BRDA:3017,f32_4,0,0
BRDA:3017,f32_4,1,0
BRDA:3017,f32_5,0,0
BRDA:3017,f32_5,1,0
BRDA:3027,f32_6,0,0
BRDA:3027,f32_6,1,0
BRDA:3027,f32_7,0,0
BRDA:3027,f32_7,1,0
BRDA:3027,f32_8,0,0
BRDA:3027,f32_8,1,0
BRDA:3027,f32_9,0,0
BRDA:3027,f32_9,1,0
BRDA:3027,f32_9,2,0
BRDA:3054,f33_0,0,6
BRDA:3054,f33_0,1,0
BRDA:3103,f34_0,0,0
BRDA:3103,f34_0,1,15
BRDA:3103,f34_1,0,15
BRDA:3103,f34_1,1,15
BRDA:3103,f34_1,2,15
BRDA:3103,f34_1,3,15
BRDA:3112,f34_2,0,0
BRDA:3112,f34_2,1,0
BRDA:3118,f34_3,0,0
BRDA:3118,f34_3,1,0
BRDA:3133,f34_4,0,6
BRDA:3133,f34_4,1,12
BRDA:3140,f34_5,0,12
BRDA:3140,f34_5,1,0
BRDA:3198,f36_0,0,0
BRDA:3202,f36_1,0,5
BRDA:3210,f36_2,0,0
BRDA:3210,f36_2,1,3
BRDA:3213,f36_3,0,3
BRDA:3213,f36_3,1,0
BRDA:3268,f37_0,0,0
BRDA:3268,f37_0,1,4
BRDA:3268,f37_1,0,4
BRDA:3268,f37_1,1,0
BRDA:3268,f37_2,0,0
BRDA:3268,f37_2,1,0
BRDA:3270,f37_3,0,0
BRDA:3270,f37_3,1,4
BRDA:3334,f38_0,0,0
BRDA:3334,f38_0,1,0
BRDA:3342,f38_1,0,0
BRDA:3342,f38_1,1,0
BRDA:3468,f40_0,0,8
BRDA:3468,f40_0,1,0
BRDA:3468,f40_1,0,8
BRDA:3468,f40_1,1,8
BRDA:3477,f40_2,0,8
BRDA:3477,f40_2,1,0
BRDA:3477,f40_2,2,0
BRDA:3477,f40_2,3,0
BRDA:3477,f40_2,4,0
BRDA:3477,f40_2,5,0
BRDA:3563,f40_3,0,8
BRDA:3563,f40_3,1,0
BRDA:3563,f40_3,2,0
BRDA:3569,f40_4,0,0
BRDA:3569,f40_4,1,0
BRDA:3569,f40_4,2,0
BRDA:3569,f40_4,3,0
BRDA:3569,f40_4,4,0
BRDA:3569,f40_4,5,0
BRDA:3569,f40_4,6,0
BRDA:3569,f40_4,7,0
BRDA:3569,f40_4,8,0
BRDA:3569,f40_4,9,0
BRDA:3569,f40_4,10,0
BRDA:3569,f40_4,11,0
BRDA:3569,f40_4,12,0
BRDA:3569,f40_4,13,0
BRDA:3569,f40_4,14,0
BRDA:3569,f40_4,15,0
BRDA:3569,f40_4,16,0
BRDA:3569,f40_4,17,0
BRDA:3569,f40_4,18,0
BRDA:3569,f40_4,19,0
BRDA:3569,f40_4,20,0
BRDA:3569,f40_4,21,0
BRDA:3569,f40_4,22,0
BRDA:3569,f40_4,23,0
BRDA:3569,f40_4,24,0
BRDA:3569,f40_4,25,0
BRDA:3569,f40_4,26,0
BRDA:3569,f40_4,27,0
BRDA:3569,f40_4,28,0
BRDA:3569,f40_4,29,0
BRDA:3569,f40_4,30,0
BRDA:3569,f40_4,31,8
BRDA:3569,f40_4,32,8
BRDA:3569,f40_4,33,0
BRDA:3569,f40_4,34,0
BRDA:3569,f40_4,35,0
BRDA:3569,f40_4,36,0
BRDA:3569,f40_4,37,0
BRDA:3676,f40_5,0,0
BRDA:3676,f40_5,1,0
BRDA:3731,f41_0,0,8
BRDA:3731,f41_0,1,0
BRDA:3735,f41_1,0,0
BRDA:3735,f41_1,1,8
BRDA:3739,f41_2,0,0
BRDA:3739,f41_2,1,0
BRDA:3750,f41_3,0,0
BRDA:3750,f41_3,1,8
BRDA:3755,f41_4,0,8
BRDA:3755,f41_4,1,0
BRDA:3807,f42_0,0,0
BRDA:3807,f42_0,1,136
BRDA:3809,f42_1,0,72
BRDA:3809,f42_1,1,64
BRDA:3970,f44_0,0,3
BRDA:3970,f44_0,1,0
BRDA:3970,f44_1,0,3
BRDA:3970,f44_1,1,3
BRDA:3986,f44_2,0,3
BRDA:3986,f44_2,1,3
BRDA:3987,f44_3,0,3
BRDA:3987,f44_3,1,0
BRDA:3987,f44_4,0,0
BRDA:3987,f44_4,1,3
BRDA:3987,f44_5,0,3
BRDA:3987,f44_5,1,3
BRDA:3988,f44_6,0,3
BRDA:3988,f44_6,1,0
BRDA:3988,f44_7,0,0
BRDA:3988,f44_7,1,3
BRDA:3988,f44_8,0,3
BRDA:3988,f44_8,1,3
BRDA:4007,f44_9,0,4
BRDA:4007,f44_9,1,2
BRDA:4007,f44_10,0,2
BRDA:4007,f44_10,1,2
BRDA:4007,f44_11,0,4
BRDA:4007,f44_11,1,4
BRDA:4007,f44_11,2,2
BRDA:4015,f44_12,0,2
BRDA:4015,f44_12,1,2
BRDA:4026,f44_13,0,2
BRDA:4026,f44_13,1,2
BRDA:4031,f44_14,0,2
BRDA:4031,f44_14,1,1
BRDA:4043,f44_15,0,2
BRDA:4043,f44_16,0,4
BRDA:4043,f44_16,1,4
BRDA:4045,f44_17,0,2
BRDA:4045,f44_17,1,2
BRDA:4052,f44_18,0,3
BRDA:4052,f44_18,1,2
BRDA:4079,f44_19,0,0
BRDA:4079,f44_19,1,3
BRDA:4115,f45_0,0,1
BRDA:4115,f45_0,1,1
BRDA:4203,f46_0,0,5
BRDA:4203,f46_0,1,0
BRDA:4203,f46_1,0,0
BRDA:4203,f46_1,1,5
BRDA:4203,f46_2,0,5
BRDA:4203,f46_2,1,5
BRDA:4203,f46_2,2,5
BRDA:4204,f46_3,0,5
BRDA:4204,f46_3,1,0
BRDA:4204,f46_4,0,0
BRDA:4204,f46_4,1,5
BRDA:4204,f46_5,0,5
BRDA:4204,f46_5,1,5
BRDA:4204,f46_5,2,5
BRDA:4214,f46_6,0,5
BRDA:4214,f46_6,1,0
BRDA:4214,f46_6,2,0
BRDA:4215,f46_7,0,0
BRDA:4215,f46_7,1,5
BRDA:4215,f46_8,0,5
BRDA:4215,f46_8,1,5
BRDA:4215,f46_8,2,5
BRDA:4215,f46_9,0,0
BRDA:4215,f46_9,1,0
BRDA:4215,f46_10,0,0
BRDA:4215,f46_10,1,0
BRDA:4215,f46_10,2,0
BRDA:4227,f46_11,0,5
BRDA:4227,f46_11,1,0
BRDA:4227,f46_12,0,5
BRDA:4227,f46_12,1,5
BRDA:4233,f46_13,0,32
BRDA:4233,f46_13,1,4
BRDA:4241,f46_14,0,5
BRDA:4241,f46_14,1,5
BRDA:4242,f46_15,0,0
BRDA:4242,f46_15,1,5
BRDA:4247,f46_16,0,0
BRDA:4247,f46_16,1,0
BRDA:4253,f46_17,0,0
BRDA:4253,f46_17,1,5
BRDA:4253,f46_18,0,5
BRDA:4253,f46_18,1,5
BRDA:4253,f46_18,2,5
BRDA:4253,f46_18,3,5
BRDA:4257,f46_19,0,8
BRDA:4257,f46_19,1,8
BRDA:4255,f46_20,0,0
BRDA:4255,f46_20,1,8
BRDA:4255,f46_21,0,8
BRDA:4255,f46_21,1,8
BRDA:4255,f46_21,2,8
BRDA:4255,f46_21,3,8
BRDA:4255,f46_21,4,8
BRDA:4256,f46_22,0,0
BRDA:4256,f46_22,1,8
BRDA:4256,f46_23,0,8
BRDA:4256,f46_23,1,8
BRDA:4256,f46_23,2,8
BRDA:4257,f46_24,0,0
BRDA:4257,f46_24,1,8
BRDA:4257,f46_25,0,8
BRDA:4257,f46_25,1,8
BRDA:4257,f46_25,2,8
BRDA:4257,f46_25,3,8
BRDA:4257,f46_25,4,8
BRDA:4257,f46_26,0,0
BRDA:4257,f46_26,1,8
BRDA:4257,f46_27,0,8
BRDA:4257,f46_27,1,8
BRDA:4273,f46_28,0,0
BRDA:4273,f46_28,1,5
BRDA:4275,f46_29,0,5
BRDA:4275,f46_29,1,5
BRDA:4275,f46_29,2,0
BRDA:4282,f46_30,0,0
BRDA:4282,f46_30,1,5
BRDA:4282,f46_31,0,5
BRDA:4282,f46_31,1,5
BRDA:4282,f46_31,2,5
BRDA:4282,f46_31,3,5
BRDA:4283,f46_32,0,5
BRDA:4283,f46_32,1,5
BRDA:4293,f46_33,0,0
BRDA:4293,f46_33,1,5
BRDA:4293,f46_34,0,5
BRDA:4293,f46_34,1,0
BRDA:4293,f46_34,2,0
BRDA:4364,f47_0,0,1
BRDA:4364,f47_0,1,0
BRDA:4364,f47_1,0,1
BRDA:4364,f47_1,1,0
BRDA:4368,f47_2,0,0
BRDA:4368,f47_2,1,1
BRDA:4368,f47_3,0,1
BRDA:4368,f47_3,1,1
BRDA:4368,f47_3,2,0
BRDA:4438,f48_0,0,2
BRDA:4438,f48_0,1,2
BRDA:4438,f48_0,2,2
BRDA:4438,f48_0,3,0
BRDA:4438,f48_0,4,0
BRDA:4438,f48_0,5,0
BRDA:4438,f48_0,6,0
BRDA:4438,f48_0,7,0
BRDA:4438,f48_0,8,0
BRDA:4438,f48_0,9,0
BRDA:4438,f48_0,10,0
BRDA:4438,f48_0,11,0
BRDA:4438,f48_0,12,0
BRDA:4438,f48_0,13,0
BRDA:4438,f48_0,14,0
BRDA:4438,f48_0,15,0
BRDA:4438,f48_0,16,0
BRDA:4438,f48_0,17,0
BRDA:4438,f48_0,18,0
BRDA:4438,f48_0,19,0
BRDA:4438,f48_0,20,0
BRDA:4438,f48_0,21,0
BRDA:4438,f48_0,22,0
BRDA:4438,f48_0,23,0
BRDA:4438,f48_0,24,0
BRDA:4438,f48_0,25,0
BRDA:4438,f48_0,26,0
BRDA:4438,f48_0,27,0
BRDA:4524,f48_1,0,2
BRDA:4524,f48_1,1,2
BRDA:4530,f48_2,0,2
BRDA:4530,f48_2,1,0
BRDA:4535,f48_3,0,0
BRDA:4535,f48_3,1,2
BRDA:4547,f48_4,0,0
BRDA:4547,f48_4,1,2
BRDA:4557,f48_5,0,2
BRDA:4557,f48_5,1,2
BRDA:4606,f49_0,0,1
BRDA:4606,f49_0,1,0
BRDA:4606,f49_1,0,1
BRDA:4606,f49_1,1,1
BRDA:4606,f49_2,0,0
BRDA:4606,f49_2,1,1
BRDA:4606,f49_3,0,1
BRDA:4606,f49_3,1,1
BRDA:4606,f49_3,2,1
BRDA:4610,f49_4,0,1
BRDA:4610,f49_4,1,0
BRDA:4617,f49_5,0,0
BRDA:4617,f49_5,1,1
BRDA:4617,f49_6,0,1
BRDA:4617,f49_6,1,1
BRDA:4617,f49_6,2,1
BRDA:4630,f49_7,0,1
BRDA:4630,f49_7,1,0
BRDA:4630,f49_8,0,1
BRDA:4630,f49_8,1,1
BRDA:4630,f49_9,0,0
BRDA:4630,f49_9,1,1
BRDA:4630,f49_10,0,1
BRDA:4630,f49_10,1,1
BRDA:4630,f49_10,2,1
BRDA:4720,f51_0,0,4
BRDA:4712,f51_1,0,4
BRDA:4712,f51_1,1,0
BRDA:4716,f51_2,0,4
BRDA:4716,f51_2,1,4
BRDA:4738,f51_3,0,0
BRDA:4741,f51_4,0,0
BRDA:4759,f51_5,0,0
BRDA:4759,f51_6,0,0
BRDA:4759,f51_6,1,0
BRDA:4759,f51_6,2,0
BRDA:4765,f51_7,0,0
BRDA:4765,f51_7,1,0
BRDA:4775,f51_8,0,0
BRDA:4795,f51_9,0,2
BRDA:4795,f51_9,1,0
BRDA:4796,f51_10,0,0
BRDA:4796,f51_10,1,0
BRDA:4802,f51_11,0,2
BRDA:4802,f51_11,1,2
BRDA:4803,f51_12,0,0
BRDA:4803,f51_12,1,2
BRDA:4819,f51_13,0,4
BRDA:4819,f51_13,1,4
BRDA:4876,f52_0,0,0
BRDA:4876,f52_0,1,0
BRDA:4876,f52_0,2,2
BRDA:4876,f52_0,3,0
BRDA:4902,f52_1,0,2
BRDA:4907,f52_2,0,0
BRDA:4910,f52_3,0,4
BRDA:4911,f52_4,0,4
BRDA:4911,f52_4,1,4
BRDA:4911,f52_4,2,0
BRDA:4911,f52_4,3,0
BRDA:4911,f52_4,4,0
BRDA:4911,f52_4,5,0
BRDA:4911,f52_4,6,0
BRDA:4911,f52_4,7,0
BRDA:4911,f52_4,8,0
BRDA:5039,f53_0,0,3
BRDA:5039,f53_0,1,0
BRDA:5039,f53_1,0,3
BRDA:5039,f53_1,1,3
BRDA:5040,f53_2,0,3
BRDA:5040,f53_2,1,0
BRDA:5040,f53_3,0,3
BRDA:5040,f53_3,1,3
BRDA:5129,f56_0,0,0
BRDA:5136,f56_1,0,3
BRDA:5136,f56_2,0,6
BRDA:5136,f56_2,1,6
BRDA:5136,f56_2,2,3
BRDA:5136,f56_2,3,3
BRDA:5141,f56_3,0,3
BRDA:5141,f56_3,1,3
BRDA:5152,f56_4,0,54
BRDA:5152,f56_4,1,18
BRDA:5180,f57_0,0,0
BRDA:5180,f57_0,1,5
BRDA:5227,f58_0,0,0
BRDA:5228,f58_1,0,18
BRDA:5243,f58_2,0,0
BRDA:5243,f58_2,1,4
BRDA:5243,f58_3,0,4
BRDA:5243,f58_3,1,4
BRDA:5283,f59_0,0,72
BRDA:5283,f59_0,1,36
BRDA:5276,f59_1,0,0
BRDA:5276,f59_1,1,72
BRDA:5311,f60_0,0,3
BRDA:5311,f60_0,1,3
BRDA:5311,f60_1,0,3
BRDA:5311,f60_1,1,0
BRDA:5311,f60_2,0,3
BRDA:5311,f60_2,1,3
BRDA:5311,f60_3,0,3
BRDA:5311,f60_3,1,3
BRDA:5311,f60_4,0,0
BRDA:5311,f60_4,1,3
BRDA:5311,f60_5,0,3
BRDA:5311,f60_5,1,3
BRDA:5311,f60_6,0,0
BRDA:5311,f60_6,1,3
BRDA:5311,f60_7,0,3
BRDA:5311,f60_7,1,3
BRDA:5313,f60_8,0,0
BRDA:5313,f60_9,0,0
BRDA:5313,f60_9,1,0
BRDA:5313,f60_10,0,0
BRDA:5313,f60_10,1,0
BRDA:5314,f60_11,0,0
BRDA:5314,f60_11,1,0
BRDA:5319,f60_12,0,0
BRDA:5319,f60_12,1,0
BRDA:5321,f60_13,0,0
BRDA:5321,f60_13,1,0
BRDA:5323,f60_14,0,0
BRDA:5323,f60_14,1,0
BRDA:5325,f60_15,0,0
BRDA:5325,f60_15,1,0
BRDA:5327,f60_16,0,0
BRDA:5327,f60_16,1,0
BRDA:5342,f60_17,0,3
BRDA:5342,f60_17,1,0
BRDA:5387,f61_0,0,2
BRDA:5394,f61_1,0,2
BRDA:5394,f61_1,1,2
BRDA:5394,f61_1,2,0
BRDA:5394,f61_2,0,2
BRDA:5394,f61_2,1,2
BRDA:5395,f61_3,0,2
BRDA:5395,f61_3,1,0
BRDA:5395,f61_4,0,0
BRDA:5395,f61_4,1,2
BRDA:5395,f61_5,0,2
BRDA:5395,f61_5,1,2
BRDA:5395,f61_5,2,2
BRDA:5397,f61_6,0,0
BRDA:5397,f61_6,1,2
BRDA:5397,f61_7,0,2
BRDA:5397,f61_7,1,2
BRDA:5397,f61_7,2,2
BRDA:5399,f61_8,0,2
BRDA:5399,f61_8,1,0
BRDA:5399,f61_9,0,0
BRDA:5399,f61_9,1,2
BRDA:5399,f61_10,0,2
BRDA:5399,f61_10,1,2
BRDA:5399,f61_10,2,2
BRDA:5399,f61_11,0,0
BRDA:5399,f61_11,1,0
BRDA:5399,f61_12,0,0
BRDA:5399,f61_12,1,0
BRDA:5399,f61_12,2,0
BRDA:5406,f61_13,0,1
BRDA:5406,f61_13,1,0
BRDA:5406,f61_14,0,1
BRDA:5406,f61_14,1,1
BRDA:5406,f61_14,2,1
BRDA:5406,f61_15,0,0
BRDA:5406,f61_15,1,1
BRDA:5406,f61_16,0,1
BRDA:5406,f61_16,1,1
BRDA:5406,f61_16,2,1
BRDA:5406,f61_17,0,0
BRDA:5406,f61_17,1,1
BRDA:5406,f61_18,0,1
BRDA:5406,f61_18,1,1
BRDA:5406,f61_18,2,1
BRDA:5421,f61_19,0,2
BRDA:5421,f61_19,1,2
BRDA:5421,f61_20,0,0
BRDA:5421,f61_20,1,2
BRDA:5421,f61_21,0,2
BRDA:5421,f61_21,1,2
BRDA:5421,f61_21,2,2
BRDA:5422,f61_22,0,2
BRDA:5422,f61_22,1,0
BRDA:5429,f61_23,0,2
BRDA:5429,f61_23,1,1
BRDA:5463,f62_0,0,3
BRDA:5463,f62_1,0,6
BRDA:5463,f62_1,1,6
BRDA:5463,f62_1,2,3
BRDA:5463,f62_1,3,3
BRDA:5465,f62_2,0,3
BRDA:5465,f62_2,1,3
BRDA:5549,f63_0,0,1
BRDA:5549,f63_0,1,3
BRDA:5549,f63_1,0,4
BRDA:5549,f63_1,1,3
BRDA:5549,f63_1,2,3
BRDA:5557,f63_2,0,1
BRDA:5557,f63_2,1,0
BRDA:5557,f63_2,2,0
BRDA:5551,f63_3,0,0
BRDA:5551,f63_3,1,3
BRDA:5568,f63_4,0,9
BRDA:5568,f63_4,1,9
BRDA:5575,f63_5,0,6
BRDA:5575,f63_5,1,12
BRDA:5575,f63_6,0,18
BRDA:5575,f63_6,1,18
BRDA:5575,f63_7,0,0
BRDA:5575,f63_7,1,18
BRDA:5575,f63_8,0,18
BRDA:5575,f63_8,1,18
BRDA:5575,f63_8,2,18
BRDA:5576,f63_9,0,18
BRDA:5576,f63_9,1,0
BRDA:5576,f63_10,0,0
BRDA:5576,f63_10,1,18
BRDA:5617,f64_0,0,18
BRDA:5617,f64_0,1,12
BRDA:5619,f64_1,0,18
BRDA:5619,f64_1,1,12
BRDA:5683,f66_0,0,3
BRDA:5683,f66_0,1,0
BRDA:5981,f72_0,0,12
BRDA:5981,f72_0,1,12
BRDA:5981,f72_1,0,0
BRDA:5981,f72_1,1,12
BRDA:5981,f72_2,0,12
BRDA:5981,f72_2,1,12
BRDA:5982,f72_3,0,0
BRDA:5982,f72_3,1,12
BRDA:5982,f72_4,0,12
BRDA:5982,f72_4,1,12
BRDA:6008,f73_0,0,0
BRDA:6008,f73_0,1,0
BRDA:6008,f73_1,0,0
BRDA:6008,f73_1,1,0
BRDA:6008,f73_2,0,0
BRDA:6008,f73_2,1,0
BRDA:6008,f73_3,0,0
BRDA:6008,f73_3,1,0
BRDA:6008,f73_3,2,0
BRDA:6018,f73_4,0,0
BRDA:6011,f73_5,0,0
BRDA:6011,f73_5,1,0
BRDA:6021,f73_6,0,0
BRDA:6021,f73_6,1,0
BRDA:6021,f73_7,0,0
BRDA:6021,f73_7,1,0
BRDA:6021,f73_8,0,0
BRDA:6021,f73_8,1,0
BRDA:6021,f73_9,0,0
BRDA:6021,f73_9,1,0
BRDA:6022,f73_10,0,0
BRDA:6022,f73_10,1,0
BRDA:6022,f73_11,0,0
BRDA:6022,f73_11,1,0
BRDA:6022,f73_12,0,0
BRDA:6022,f73_12,1,0
BRDA:6022,f73_13,0,0
BRDA:6022,f73_13,1,0
BRDA:6036,f73_14,0,0
BRDA:6036,f73_14,1,0
BRDA:6036,f73_15,0,0
BRDA:6036,f73_15,1,0
BRDA:6037,f73_16,0,0
BRDA:6037,f73_16,1,0
BRDA:6074,f74_0,0,5
BRDA:6074,f74_0,1,0
BRDA:6076,f74_1,0,5
BRDA:6076,f74_1,1,0
BRDA:6084,f74_2,0,0
BRDA:6084,f74_2,1,0
BRDA:6095,f74_3,0,5
BRDA:6095,f74_3,1,0
BRDA:6100,f74_4,0,5
BRDA:6100,f74_4,1,0
BRDA:6113,f74_5,0,5
BRDA:6113,f74_5,1,0
BRDA:6113,f74_6,0,0
BRDA:6113,f74_6,1,5
BRDA:6115,f74_7,0,0
BRDA:6115,f74_7,1,5
BRDA:6119,f74_8,0,0
BRDA:6119,f74_8,1,0
BRDA:6121,f74_9,0,0
BRDA:6121,f74_9,1,0
BRDA:6123,f74_10,0,0
BRDA:6123,f74_10,1,0
BRDA:6127,f74_11,0,0
BRDA:6127,f74_11,1,0
BRDA:6130,f74_12,0,0
BRDA:6130,f74_12,1,0
BRDA:6138,f74_13,0,5
BRDA:6138,f74_13,1,0
BRDA:6216,f75_0,0,2
BRDA:6216,f75_0,1,0
BRDA:6216,f75_1,0,0
BRDA:6216,f75_1,1,2
BRDA:6217,f75_2,0,2
BRDA:6217,f75_2,1,0
BRDA:6217,f75_3,0,0
BRDA:6217,f75_3,1,2
BRDA:6218,f75_4,0,2
BRDA:6218,f75_4,1,2
BRDA:6228,f75_5,0,0
BRDA:6228,f75_5,1,0
BRDA:6228,f75_6,0,0
BRDA:6228,f75_6,1,0
BRDA:6228,f75_7,0,0
BRDA:6228,f75_7,1,0
BRDA:6246,f75_8,0,2
BRDA:6246,f75_8,1,0
BRDA:6246,f75_9,0,2
BRDA:6246,f75_9,1,2
BRDA:6250,f75_10,0,2
BRDA:6252,f75_11,0,0
BRDA:6252,f75_12,0,2
BRDA:6252,f75_12,1,2
BRDA:6257,f75_13,0,0
BRDA:6270,f75_14,0,0
BRDA:6276,f75_15,0,0
BRDA:6276,f75_15,1,0
BRDA:6279,f75_16,0,0
BRDA:6279,f75_16,1,0
BRDA:6279,f75_16,2,0
BRDA:6315,f75_17,0,0
BRDA:6299,f75_18,0,0
BRDA:6299,f75_18,1,0
BRDA:6299,f75_18,2,0
BRDA:6299,f75_18,3,0
BRDA:6299,f75_18,4,0
BRDA:6299,f75_18,5,0
BRDA:6318,f75_19,0,0
BRDA:6318,f75_19,1,0
BRDA:6318,f75_20,0,0
BRDA:6318,f75_20,1,0
BRDA:6390,f75_21,0,0
BRDA:6394,f75_22,0,0
BRDA:6394,f75_22,1,1
BRDA:6394,f75_23,0,1
BRDA:6394,f75_23,1,1
BRDA:6394,f75_23,2,1
BRDA:6399,f75_24,0,1
BRDA:6399,f75_24,1,1
BRDA:6400,f75_25,0,2
BRDA:6400,f75_25,1,2
BRDA:6406,f75_26,0,1
BRDA:6406,f75_26,1,1
BRDA:6323,f75_27,0,2
BRDA:6323,f75_27,1,0
BRDA:6325,f75_28,0,0
BRDA:6325,f75_28,1,0
BRDA:6333,f75_29,0,2
BRDA:6333,f75_29,1,0
BRDA:6338,f75_30,0,0
BRDA:6338,f75_30,1,2
BRDA:6367,f75_31,0,0
BRDA:6356,f75_32,0,2
BRDA:6356,f75_32,1,2
BRDA:6358,f75_33,0,0
BRDA:6358,f75_33,1,0
BRDA:6358,f75_33,2,0
BRDA:6361,f75_34,0,0
BRDA:6361,f75_34,1,0
BRDA:6361,f75_35,0,0
BRDA:6361,f75_35,1,0
BRDA:6373,f75_36,0,0
BRDA:6373,f75_36,1,0
BRDA:6373,f75_36,2,0
BRDA:6419,f75_37,0,0
BRDA:6419,f75_37,1,2
BRDA:6419,f75_38,0,2
BRDA:6419,f75_38,1,2
BRDA:6420,f75_39,0,2
BRDA:6420,f75_39,1,0
BRDA:6420,f75_40,0,2
BRDA:6420,f75_40,1,2
BRDA:6420,f75_40,2,2
BRDA:6420,f75_40,3,2
BRDA:6420,f75_40,4,2
BRDA:6433,f75_41,0,0
BRDA:6433,f75_41,1,2
BRDA:6433,f75_42,0,0
BRDA:6433,f75_42,1,2
BRDA:6433,f75_43,0,2
BRDA:6433,f75_43,1,2
BRDA:6448,f75_44,0,0
BRDA:6448,f75_44,1,0
BRDA:6448,f75_45,0,0
BRDA:6448,f75_45,1,0
BRDA:6448,f75_45,2,0
BRDA:6448,f75_45,3,0
BRDA:6448,f75_45,4,0
BRDA:6461,f75_46,0,0
BRDA:6461,f75_46,1,0
BRDA:6463,f75_47,0,0
BRDA:6463,f75_47,1,0
BRDA:6463,f75_48,0,0
BRDA:6463,f75_48,1,0
BRDA:6470,f75_49,0,1
BRDA:6498,f75_50,0,0
BRDA:6498,f75_50,1,1
BRDA:6498,f75_51,0,1
BRDA:6498,f75_51,1,1
BRDA:6498,f75_51,2,1
BRDA:6516,f75_52,0,0
BRDA:6516,f75_52,1,6
BRDA:6516,f75_52,2,0
BRDA:6516,f75_52,3,0
BRDA:6516,f75_52,4,0
BRDA:6572,f76_0,0,0
BRDA:6572,f76_1,0,2
BRDA:6572,f76_1,1,2
BRDA:6579,f76_2,0,10
BRDA:6579,f76_2,1,2
BRDA:6605,f76_3,0,0
BRDA:6605,f76_3,1,0
BRDA:6605,f76_3,2,0
BRDA:6647,f76_4,0,1
BRDA:6649,f76_5,0,2
BRDA:6649,f76_5,1,1
BRDA:6650,f76_6,0,1
BRDA:6650,f76_6,1,1
BRDA:6651,f76_7,0,0
BRDA:6651,f76_7,1,1
BRDA:6651,f76_8,0,1
BRDA:6651,f76_8,1,1
BRDA:6651,f76_8,2,1
BRDA:6651,f76_8,3,1
BRDA:6652,f76_9,0,0
BRDA:6652,f76_9,1,1
BRDA:6652,f76_10,0,1
BRDA:6652,f76_10,1,1
BRDA:6652,f76_10,2,1
BRDA:6652,f76_10,3,1
BRDA:6654,f76_11,0,0
BRDA:6654,f76_11,1,2
BRDA:6655,f76_12,0,0
BRDA:6658,f76_13,0,0
BRDA:6662,f76_14,0,0
BRDA:6662,f76_14,1,0
BRDA:6662,f76_15,0,0
BRDA:6662,f76_15,1,0
BRDA:6662,f76_15,2,0
BRDA:6662,f76_15,3,0
BRDA:6662,f76_15,4,0
BRDA:6617,f76_16,0,2
BRDA:6617,f76_17,0,2
BRDA:6617,f76_17,1,2
BRDA:6617,f76_18,0,0
BRDA:6617,f76_18,1,2
BRDA:6617,f76_19,0,2
BRDA:6617,f76_19,1,2
BRDA:6617,f76_19,2,2
BRDA:6617,f76_20,0,0
BRDA:6617,f76_20,1,2
BRDA:6617,f76_21,0,2
BRDA:6617,f76_21,1,2
BRDA:6617,f76_21,2,2
BRDA:6631,f76_22,0,2
BRDA:6631,f76_22,1,0
BRDA:6631,f76_23,0,2
BRDA:6631,f76_23,1,0
BRDA:6636,f76_24,0,0
BRDA:6636,f76_24,1,2
BRDA:6636,f76_25,0,2
BRDA:6636,f76_25,1,2
BRDA:6637,f76_26,0,2
BRDA:6637,f76_26,1,0
BRDA:6638,f76_27,0,0
BRDA:6638,f76_27,1,0
BRDA:6638,f76_27,2,0
BRDA:6683,f76_28,0,0
BRDA:6683,f76_28,1,2
BRDA:6683,f76_29,0,2
BRDA:6683,f76_29,1,2
BRDA:6683,f76_29,2,2
BRDA:6683,f76_29,3,2
BRDA:6683,f76_29,4,2
BRDA:6687,f76_30,0,0
BRDA:6687,f76_30,1,2
BRDA:6687,f76_31,0,2
BRDA:6687,f76_31,1,2
BRDA:6687,f76_31,2,2
BRDA:6688,f76_32,0,0
BRDA:6688,f76_32,1,2
BRDA:6688,f76_33,0,2
BRDA:6688,f76_33,1,2
BRDA:6688,f76_33,2,2
BRDA:6688,f76_33,3,2
BRDA:6688,f76_33,4,2
BRDA:6689,f76_34,0,0
BRDA:6689,f76_34,1,2
BRDA:6707,f76_35,0,5
BRDA:6707,f76_35,1,5
BRDA:6709,f76_36,0,5
BRDA:6709,f76_36,1,0
BRDA:6709,f76_37,0,5
BRDA:6709,f76_37,1,5
BRDA:6709,f76_37,2,5
BRDA:6709,f76_37,3,5
BRDA:6709,f76_37,4,5
BRDA:6731,f76_38,0,5
BRDA:6731,f76_38,1,5
BRDA:6714,f76_39,0,0
BRDA:6714,f76_39,1,5
BRDA:6715,f76_40,0,5
BRDA:6715,f76_40,1,5
BRDA:6715,f76_40,2,0
BRDA:6715,f76_40,3,0
BRDA:6715,f76_40,4,0
BRDA:6722,f76_41,0,0
BRDA:6722,f76_41,1,0
BRDA:6722,f76_42,0,0
BRDA:6722,f76_42,1,0
BRDA:6722,f76_42,2,0
BRDA:6723,f76_43,0,0
BRDA:6723,f76_43,1,0
BRDA:6723,f76_44,0,0
BRDA:6723,f76_44,1,0
BRDA:6723,f76_44,2,0
BRDA:6728,f76_45,0,5
BRDA:6728,f76_45,1,0
BRDA:6599,f76_46,0,1
BRDA:6599,f76_46,1,0
BRDA:6598,f76_47,0,1
BRDA:6598,f76_47,1,1
BRDA:6598,f76_47,2,1
BRDA:6598,f76_48,0,0
BRDA:6598,f76_48,1,1
BRDA:6599,f76_49,0,0
BRDA:6599,f76_49,1,1
BRDA:6599,f76_50,0,1
BRDA:6599,f76_50,1,1
BRDA:6599,f76_50,2,1
BRDA:6814,f77_0,0,0
BRDA:6814,f77_0,1,96
BRDA:6814,f77_1,0,96
BRDA:6814,f77_1,1,96
BRDA:6814,f77_1,2,96
BRDA:6814,f77_1,3,96
BRDA:6814,f77_1,4,96
BRDA:6817,f77_2,0,12
BRDA:6817,f77_2,1,24
BRDA:6817,f77_3,0,36
BRDA:6817,f77_3,1,24
BRDA:6817,f77_3,2,24
BRDA:6817,f77_3,3,24
BRDA:6817,f77_3,4,24
BRDA:6841,f77_4,0,0
BRDA:6841,f77_4,1,60
BRDA:6843,f77_5,0,120
BRDA:6843,f77_5,1,120
BRDA:6843,f77_6,0,0
BRDA:6843,f77_6,1,120
BRDA:6843,f77_7,0,120
BRDA:6843,f77_7,1,120
BRDA:6843,f77_7,2,120
BRDA:6843,f77_7,3,120
BRDA:6843,f77_7,4,120
BRDA:6859,f77_8,0,6
BRDA:6859,f77_8,1,0
BRDA:6859,f77_9,0,6
BRDA:6859,f77_9,1,0
BRDA:6859,f77_9,2,0
BRDA:6859,f77_9,3,0
BRDA:6859,f77_9,4,0
BRDA:6865,f77_10,0,6
BRDA:6865,f77_10,1,0
BRDA:6865,f77_11,0,6
BRDA:6865,f77_11,1,6
BRDA:6865,f77_11,2,0
BRDA:6865,f77_11,3,0
BRDA:6865,f77_12,0,6
BRDA:6865,f77_12,1,6
BRDA:6865,f77_13,0,6
BRDA:6865,f77_13,1,0
BRDA:6865,f77_14,0,6
BRDA:6865,f77_14,1,0
BRDA:6865,f77_14,2,0
BRDA:6865,f77_15,0,6
BRDA:6865,f77_15,1,0
BRDA:6865,f77_16,0,6
BRDA:6865,f77_16,1,0
BRDA:6865,f77_16,2,0
BRDA:6775,f77_17,0,0
BRDA:6775,f77_18,0,1
BRDA:6775,f77_18,1,1
BRDA:6779,f77_19,0,1
BRDA:6779,f77_19,1,0
BRDA:6779,f77_20,0,0
BRDA:6779,f77_20,1,1
BRDA:6779,f77_21,0,1
BRDA:6779,f77_21,1,1
BRDA:6779,f77_22,0,0
BRDA:6779,f77_22,1,1
BRDA:6779,f77_23,0,1
BRDA:6779,f77_23,1,1
BRDA:6780,f77_24,0,0
BRDA:6780,f77_24,1,1
BRDA:6780,f77_25,0,1
BRDA:6780,f77_25,1,1
BRDA:6781,f77_26,0,1
BRDA:6781,f77_26,1,0
BRDA:6781,f77_27,0,1
BRDA:6781,f77_27,1,1
BRDA:6781,f77_28,0,0
BRDA:6781,f77_28,1,1
BRDA:6781,f77_29,0,1
BRDA:6781,f77_29,1,1
BRDA:6784,f77_30,0,0
BRDA:6784,f77_30,1,0
BRDA:6784,f77_31,0,0
BRDA:6784,f77_31,1,0
BRDA:6786,f77_32,0,0
BRDA:6786,f77_32,1,0
BRDA:6786,f77_33,0,0
BRDA:6786,f77_33,1,0
BRDA:6787,f77_34,0,0
BRDA:6787,f77_34,1,0
BRDA:6787,f77_35,0,0
BRDA:6787,f77_35,1,0
BRDA:6787,f77_36,0,0
BRDA:6787,f77_36,1,0
BRDA:6787,f77_37,0,0
BRDA:6787,f77_37,1,0
BRDA:6787,f77_38,0,0
BRDA:6787,f77_38,1,0
BRDA:6787,f77_39,0,0
BRDA:6787,f77_39,1,0
BRDA:6787,f77_40,0,0
BRDA:6787,f77_40,1,0
BRDA:6787,f77_41,0,0
BRDA:6787,f77_41,1,0
BRDA:6791,f77_42,0,1
BRDA:6791,f77_42,1,0
BRDA:6791,f77_43,0,0
BRDA:6791,f77_43,1,1
BRDA:6793,f77_44,0,0
BRDA:6793,f77_44,1,2
BRDA:6793,f77_45,0,2
BRDA:6793,f77_45,1,2
BRDA:6794,f77_46,0,0
BRDA:6794,f77_46,1,2
BRDA:6794,f77_47,0,2
BRDA:6794,f77_47,1,2
BRDA:6794,f77_47,2,2
BRDA:6794,f77_47,3,2
BRDA:6796,f77_48,0,0
BRDA:6796,f77_48,1,2
BRDA:6796,f77_49,0,2
BRDA:6796,f77_49,1,2
BRDA:6797,f77_50,0,0
BRDA:6797,f77_50,1,2
BRDA:6797,f77_51,0,2
BRDA:6797,f77_51,1,2
BRDA:6806,f77_52,0,1
BRDA:6806,f77_52,1,0
BRDA:6807,f77_53,0,0
BRDA:6807,f77_53,1,1
BRDA:6807,f77_54,0,1
BRDA:6807,f77_54,1,1
BRDA:6807,f77_55,0,0
BRDA:6807,f77_55,1,1
BRDA:6808,f77_56,0,0
BRDA:6808,f77_56,1,0
BRDA:6808,f77_57,0,0
BRDA:6808,f77_57,1,0
BRDA:6928,f78_0,0,3
BRDA:6928,f78_0,1,3
BRDA:6928,f78_0,2,0
BRDA:7061,f78_1,0,0
BRDA:7061,f78_1,1,0
BRDA:7064,f78_2,0,0
BRDA:7064,f78_2,1,0
BRDA:7077,f78_3,0,13
BRDA:7077,f78_3,1,0
BRDA:7083,f78_4,0,0
BRDA:7083,f78_4,1,0
BRDA:7083,f78_5,0,0
BRDA:7083,f78_5,1,0
BRDA:7083,f78_6,0,0
BRDA:7083,f78_6,1,0
BRDA:7084,f78_7,0,0
BRDA:7084,f78_7,1,0
BRDA:7084,f78_8,0,0
BRDA:7084,f78_8,1,0
BRDA:7084,f78_9,0,0
BRDA:7084,f78_9,1,0
BRDA:7084,f78_10,0,0
BRDA:7084,f78_10,1,0
BRDA:7087,f78_11,0,0
BRDA:7087,f78_11,1,0
BRDA:7087,f78_12,0,0
BRDA:7087,f78_12,1,0
BRDA:7087,f78_13,0,0
BRDA:7087,f78_13,1,0
BRDA:7088,f78_14,0,0
BRDA:7088,f78_14,1,0
BRDA:7088,f78_15,0,0
BRDA:7088,f78_15,1,0
BRDA:7088,f78_16,0,0
BRDA:7088,f78_16,1,0
BRDA:7088,f78_17,0,0
BRDA:7088,f78_17,1,0
BRDA:7091,f78_18,0,0
BRDA:7091,f78_18,1,0
BRDA:7094,f78_19,0,0
BRDA:7094,f78_19,1,0
BRDA:7103,f78_20,0,0
BRDA:7103,f78_20,1,0
BRDA:7103,f78_21,0,0
BRDA:7103,f78_21,1,0
BRDA:7108,f78_22,0,0
BRDA:7108,f78_22,1,0
BRDA:7108,f78_23,0,0
BRDA:7108,f78_23,1,0
BRDA:7109,f78_24,0,0
BRDA:7109,f78_24,1,0
BRDA:7109,f78_25,0,0
BRDA:7109,f78_25,1,0
BRDA:7110,f78_26,0,0
BRDA:7110,f78_26,1,0
BRDA:7110,f78_27,0,0
BRDA:7110,f78_27,1,0
BRDA:7111,f78_28,0,0
BRDA:7111,f78_28,1,0
BRDA:7111,f78_29,0,0
BRDA:7111,f78_29,1,0
BRDA:7126,f78_30,0,0
BRDA:7126,f78_30,1,0
BRDA:7129,f78_31,0,0
BRDA:7129,f78_31,1,0
BRDA:7024,f78_32,0,5
BRDA:7031,f78_33,0,8
BRDA:7031,f78_33,1,0
BRDA:7035,f78_34,0,8
BRDA:7035,f78_34,1,0
BRDA:7039,f78_35,0,8
BRDA:7039,f78_35,1,0
BRDA:7040,f78_36,0,0
BRDA:7040,f78_36,1,0
BRDA:7043,f78_37,0,8
BRDA:7043,f78_37,1,0
BRDA:7044,f78_38,0,0
BRDA:7044,f78_38,1,0
BRDA:7049,f78_39,0,8
BRDA:7049,f78_39,1,8
BRDA:7050,f78_40,0,8
BRDA:7050,f78_40,1,0
BRDA:7176,f78_41,0,0
BRDA:7176,f78_42,0,8
BRDA:7176,f78_42,1,8
BRDA:7179,f78_43,0,0
BRDA:7179,f78_43,1,8
BRDA:7179,f78_44,0,8
BRDA:7179,f78_44,1,8
BRDA:7180,f78_45,0,0
BRDA:7180,f78_45,1,8
BRDA:7180,f78_46,0,8
BRDA:7180,f78_46,1,8
BRDA:7183,f78_47,0,0
BRDA:7183,f78_47,1,8
BRDA:7183,f78_48,0,8
BRDA:7183,f78_48,1,8
BRDA:7183,f78_48,2,0
BRDA:6942,f78_49,0,0
BRDA:6942,f78_49,1,3
BRDA:6942,f78_50,0,3
BRDA:6942,f78_50,1,3
BRDA:6942,f78_50,2,3
BRDA:6942,f78_50,3,3
BRDA:6942,f78_50,4,3
BRDA:6942,f78_50,5,3
BRDA:6944,f78_51,0,3
BRDA:6950,f78_52,0,36
BRDA:6951,f78_53,0,45
BRDA:6951,f78_53,1,9
BRDA:6951,f78_53,2,9
BRDA:6925,f78_54,0,9
BRDA:6925,f78_54,1,6
BRDA:6970,f78_55,0,8
BRDA:6970,f78_55,1,0
BRDA:6970,f78_56,0,0
BRDA:6970,f78_56,1,8
BRDA:6970,f78_57,0,8
BRDA:6970,f78_57,1,8
BRDA:6970,f78_57,2,8
BRDA:6970,f78_58,0,8
BRDA:6970,f78_58,1,0
BRDA:6973,f78_59,0,0
BRDA:6973,f78_59,1,8
BRDA:6973,f78_60,0,8
BRDA:6973,f78_60,1,8
BRDA:6975,f78_61,0,8
BRDA:6975,f78_61,1,0
BRDA:6975,f78_62,0,8
BRDA:6975,f78_62,1,8
BRDA:6975,f78_63,0,8
BRDA:6975,f78_63,1,8
BRDA:6975,f78_64,0,0
BRDA:6975,f78_64,1,8
BRDA:6975,f78_65,0,8
BRDA:6975,f78_65,1,8
BRDA:6985,f78_66,0,0
BRDA:6985,f78_66,1,8
BRDA:6986,f78_67,0,8
BRDA:6986,f78_67,1,8
BRDA:6986,f78_68,0,8
BRDA:6986,f78_68,1,0
BRDA:6986,f78_69,0,8
BRDA:6986,f78_69,1,8
BRDA:6986,f78_69,2,8
BRDA:6986,f78_69,3,8
BRDA:6986,f78_69,4,8
BRDA:6990,f78_70,0,8
BRDA:6990,f78_70,1,0
BRDA:6990,f78_71,0,0
BRDA:6990,f78_71,1,8
BRDA:6995,f78_72,0,8
BRDA:6995,f78_72,1,0
BRDA:6999,f78_73,0,0
BRDA:6999,f78_73,1,8
BRDA:6999,f78_74,0,8
BRDA:6999,f78_74,1,8
BRDA:7005,f78_75,0,0
BRDA:7005,f78_75,1,0
BRDA:7005,f78_76,0,0
BRDA:7005,f78_76,1,0
BRDA:7005,f78_77,0,0
BRDA:7005,f78_77,1,0
BRDA:7005,f78_78,0,0
BRDA:7005,f78_78,1,0
BRDA:7005,f78_78,2,0
BRDA:7005,f78_78,3,0
BRDA:7005,f78_78,4,0
BRDA:7005,f78_78,5,0
BRDA:7005,f78_78,6,0
BRDA:7006,f78_79,0,0
BRDA:7006,f78_79,1,0
BRDA:7006,f78_80,0,0
BRDA:7006,f78_80,1,0
BRDA:7006,f78_80,2,0
BRDA:7008,f78_81,0,0
BRDA:7008,f78_81,1,0
BRDA:7010,f78_82,0,0
BRDA:7010,f78_82,1,0
BRDA:7010,f78_83,0,0
BRDA:7010,f78_83,1,0
BRDA:7010,f78_83,2,0
BRDA:7140,f78_84,0,0
BRDA:7140,f78_84,1,0
BRDA:7140,f78_84,2,7
BRDA:7143,f78_85,0,0
BRDA:7143,f78_85,1,0
BRDA:7149,f78_86,0,0
BRDA:7149,f78_86,1,0
BRDA:7155,f78_87,0,0
BRDA:7155,f78_87,1,0
BRDA:7269,f80_0,0,0
BRDA:7269,f80_0,1,8
BRDA:7273,f80_1,0,8
BRDA:7273,f80_1,1,0
BRDA:7347,f81_0,0,0
BRDA:7347,f81_0,1,0
BRDA:7361,f81_1,0,0
BRDA:7361,f81_1,1,0
BRDA:7361,f81_2,0,0
BRDA:7361,f81_2,1,0
BRDA:7411,f83_0,0,3
BRDA:7411,f83_0,1,0
BRDA:7491,f84_0,0,8
BRDA:7491,f84_0,1,8
BRDA:7491,f84_0,2,8
BRDA:7491,f84_0,3,8
BRDA:7491,f84_0,4,8
BRDA:7491,f84_0,5,8
BRDA:7491,f84_0,6,16
BRDA:7491,f84_0,7,24
BRDA:7591,f84_1,0,42
BRDA:7591,f84_1,1,0
BRDA:7591,f84_2,0,0
BRDA:7591,f84_2,1,42
BRDA:7591,f84_3,0,42
BRDA:7591,f84_3,1,42
BRDA:7591,f84_3,2,42
BRDA:7592,f84_4,0,0
BRDA:7600,f84_5,0,0
BRDA:7601,f84_6,0,42
BRDA:7601,f84_6,1,0
BRDA:7601,f84_6,2,0
BRDA:7605,f84_7,0,2
BRDA:7605,f84_7,1,40
BRDA:7605,f84_8,0,42
BRDA:7605,f84_8,1,42
BRDA:7605,f84_8,2,42
BRDA:7613,f84_9,0,0
BRDA:7613,f84_10,0,0
BRDA:7613,f84_10,1,42
BRDA:7575,f84_11,0,42
BRDA:7575,f84_11,1,0
BRDA:7577,f84_12,0,0
BRDA:7577,f84_12,1,0
BRDA:7619,f84_13,0,0
BRDA:7619,f84_14,0,42
BRDA:7619,f84_14,1,42
BRDA:7620,f84_15,0,0
BRDA:7620,f84_15,1,0
BRDA:7620,f84_15,2,0
BRDA:7620,f84_15,3,0
BRDA:7620,f84_15,4,0
BRDA:7620,f84_15,5,0
BRDA:7620,f84_15,6,0
BRDA:7620,f84_15,7,0
BRDA:7620,f84_15,8,0
BRDA:7620,f84_15,9,0
BRDA:7620,f84_15,10,0
BRDA:7620,f84_15,11,0
BRDA:7651,f84_16,0,40
BRDA:7651,f84_16,1,0
BRDA:7664,f84_17,0,8
BRDA:7664,f84_17,1,8
BRDA:7664,f84_18,0,8
BRDA:7664,f84_18,1,0
BRDA:7664,f84_19,0,8
BRDA:7664,f84_19,1,8
BRDA:7664,f84_19,2,8
BRDA:7664,f84_19,3,8
BRDA:7664,f84_19,4,8
BRDA:7676,f84_20,0,8
BRDA:7676,f84_20,1,0
BRDA:7676,f84_21,0,8
BRDA:7676,f84_21,1,8
BRDA:7681,f84_22,0,16
BRDA:7681,f84_22,1,16
BRDA:7682,f84_23,0,16
BRDA:7682,f84_23,1,0
BRDA:7684,f84_24,0,0
BRDA:7684,f84_24,1,0
BRDA:7686,f84_25,0,0
BRDA:7686,f84_25,1,0
BRDA:7688,f84_26,0,0
BRDA:7688,f84_26,1,0
BRDA:7725,f85_0,0,25
BRDA:7725,f85_0,1,0
BRDA:7725,f85_1,0,25
BRDA:7725,f85_1,1,25
BRDA:7736,f85_2,0,50
BRDA:7736,f85_2,1,50
BRDA:7731,f85_3,0,0
BRDA:7731,f85_3,1,50
BRDA:7731,f85_4,0,50
BRDA:7731,f85_4,1,50
BRDA:7731,f85_4,2,50
BRDA:7731,f85_4,3,50
BRDA:7731,f85_4,4,50
BRDA:7731,f85_4,5,50
BRDA:7731,f85_4,6,50
BRDA:7732,f85_5,0,0
BRDA:7732,f85_5,1,50
BRDA:7732,f85_6,0,50
BRDA:7732,f85_6,1,50
BRDA:7732,f85_6,2,50
BRF:1884
BRH:924
end_of_record
