TN:
SF:workspaces/theme/coverage-anchors/red-hat-developer-hub.backstage-plugin-qe-theme
FN:19,(anonymous_1)
FN:144,(anonymous_7)
FN:198,(anonymous_6)
FN:269,(anonymous_8)
FN:273,(anonymous_9)
FNF:5
FNH:5
FNDA:35,(anonymous_1)
FNDA:5,(anonymous_7)
FNDA:5,(anonymous_6)
FNDA:1,(anonymous_8)
FNDA:1,(anonymous_9)
DA:19,50
DA:21,20
DA:45,5
DA:67,5
DA:70,5
DA:94,5
DA:116,5
DA:145,5
DA:146,5
DA:147,5
DA:199,5
DA:200,5
DA:201,5
DA:202,5
DA:269,5
DA:273,5
LF:16
LH:16
BRDA:19,f0_0,0,5
BRDA:19,f0_0,1,0
BRF:2
BRH:1
end_of_record
TN:
SF:workspaces/theme/coverage-anchors/red-hat-developer-hub.backstage-plugin-theme
FN:21,(anonymous_19)
FN:45,(anonymous_61)
FN:103,(anonymous_62)
FN:159,(anonymous_46)
FN:176,(anonymous_47)
FN:178,(anonymous_48)
FN:183,(anonymous_49)
FN:185,(anonymous_50)
FN:191,(anonymous_51)
FN:193,(anonymous_52)
FN:435,(anonymous_1)
FN:435,(anonymous_15)
FN:443,(anonymous_16)
FN:470,(anonymous_44)
FN:473,(anonymous_45)
FN:498,(anonymous_17)
FN:506,(anonymous_18)
FN:555,(anonymous_39)
FN:557,(anonymous_40)
FN:717,(anonymous_20)
FN:771,(anonymous_53)
FN:832,(anonymous_54)
FN:833,(anonymous_55)
FN:836,(anonymous_56)
FN:855,(anonymous_57)
FN:856,(anonymous_58)
FN:859,(anonymous_59)
FN:860,(anonymous_60)
FN:978,(anonymous_26)
FN:1001,(anonymous_27)
FN:1099,(anonymous_28)
FN:1101,(anonymous_29)
FN:1913,(anonymous_25)
FN:1966,(anonymous_43)
FN:2000,b
FN:2011,(anonymous_23)
FN:2022,(anonymous_24)
FN:2066,(anonymous_42)
FN:2117,f
FN:2124,(anonymous_41)
FN:2319,(anonymous_30)
FN:2333,(anonymous_31)
FN:2262,(anonymous_32)
FN:2221,(anonymous_33)
FN:2233,(anonymous_34)
FN:2340,(anonymous_35)
FN:2341,(anonymous_36)
FN:2346,(anonymous_37)
FN:2347,(anonymous_38)
FNF:49
FNH:2
FNDA:0,(anonymous_19)
FNDA:0,(anonymous_61)
FNDA:0,(anonymous_62)
FNDA:0,(anonymous_46)
FNDA:0,(anonymous_47)
FNDA:0,(anonymous_48)
FNDA:0,(anonymous_49)
FNDA:0,(anonymous_50)
FNDA:10,(anonymous_51)
FNDA:0,(anonymous_52)
FNDA:90,(anonymous_1)
FNDA:0,(anonymous_15)
FNDA:0,(anonymous_16)
FNDA:0,(anonymous_44)
FNDA:0,(anonymous_45)
FNDA:0,(anonymous_17)
FNDA:0,(anonymous_18)
FNDA:0,(anonymous_39)
FNDA:0,(anonymous_40)
FNDA:0,(anonymous_20)
FNDA:0,(anonymous_53)
FNDA:0,(anonymous_54)
FNDA:0,(anonymous_55)
FNDA:0,(anonymous_56)
FNDA:0,(anonymous_57)
FNDA:0,(anonymous_58)
FNDA:0,(anonymous_59)
FNDA:0,(anonymous_60)
FNDA:0,(anonymous_26)
FNDA:0,(anonymous_27)
FNDA:0,(anonymous_28)
FNDA:0,(anonymous_29)
FNDA:0,(anonymous_25)
FNDA:0,(anonymous_43)
FNDA:0,b
FNDA:0,(anonymous_23)
FNDA:0,(anonymous_24)
FNDA:0,(anonymous_42)
FNDA:0,f
FNDA:0,(anonymous_41)
FNDA:0,(anonymous_30)
FNDA:0,(anonymous_31)
FNDA:0,(anonymous_32)
FNDA:0,(anonymous_33)
FNDA:0,(anonymous_34)
FNDA:0,(anonymous_35)
FNDA:0,(anonymous_36)
FNDA:0,(anonymous_37)
FNDA:0,(anonymous_38)
DA:21,5
DA:24,0
DA:45,5
DA:47,0
DA:49,0
DA:103,5
DA:159,5
DA:161,0
DA:176,5
DA:178,0
DA:179,0
DA:183,5
DA:185,0
DA:186,0
DA:187,0
DA:191,5
DA:193,10
DA:194,0
DA:195,0
DA:196,0
DA:220,5
DA:374,5
DA:383,5
DA:435,115
DA:437,0
DA:439,0
DA:443,0
DA:444,0
DA:470,5
DA:471,0
DA:473,0
DA:476,0
DA:498,5
DA:500,0
DA:502,0
DA:506,0
DA:507,0
DA:508,0
DA:513,0
DA:524,0
DA:525,5
DA:555,5
DA:558,0
DA:559,0
DA:563,0
DA:574,0
DA:588,0
DA:589,35
DA:612,5
DA:717,5
DA:720,0
DA:767,5
DA:769,5
DA:771,5
DA:772,0
DA:832,5
DA:833,0
DA:836,5
DA:837,0
DA:855,5
DA:856,0
DA:859,5
DA:861,0
DA:862,0
DA:865,0
DA:868,0
DA:869,5
DA:892,5
DA:978,5
DA:981,0
DA:982,0
DA:984,0
DA:986,0
DA:987,0
DA:989,0
DA:992,0
DA:993,0
DA:994,0
DA:1003,0
DA:1005,0
DA:1009,0
DA:1048,0
DA:1049,0
DA:1056,0
DA:1061,0
DA:1099,0
DA:1102,0
DA:1550,0
DA:1558,0
DA:1872,0
DA:1913,5
DA:1915,0
DA:1916,0
DA:1925,0
DA:1939,0
DA:1943,5
DA:1968,0
DA:1969,0
DA:1972,0
DA:1974,0
DA:1975,0
DA:1980,0
DA:2003,0
DA:2011,5
DA:2012,0
DA:2013,0
DA:2014,0
DA:2015,0
DA:2017,0
DA:2019,0
DA:2022,5
DA:2026,0
DA:2027,0
DA:2028,0
DA:2029,0
DA:2030,0
DA:2032,0
DA:2033,0
DA:2035,0
DA:2036,0
DA:2037,0
DA:2038,0
DA:2039,0
DA:2041,0
DA:2042,0
DA:2043,0
DA:2046,0
DA:2048,5
DA:2070,0
DA:2120,0
DA:2126,0
DA:2127,0
DA:2131,0
DA:2195,0
DA:2221,0
DA:2224,0
DA:2230,0
DA:2237,0
DA:2262,0
DA:2272,0
DA:2275,0
DA:2276,0
DA:2278,0
DA:2279,0
DA:2282,0
DA:2283,0
DA:2285,0
DA:2286,0
DA:2289,0
DA:2291,0
DA:2293,0
DA:2322,0
DA:2323,0
DA:2324,0
DA:2326,0
DA:2329,0
DA:2333,0
DA:2336,0
DA:2340,0
DA:2341,0
DA:2346,0
DA:2348,0
LF:162
LH:34
BRDA:26,f0_0,0,0
BRDA:26,f0_0,1,0
BRDA:22,f0_1,0,0
BRDA:22,f0_1,1,0
BRDA:70,f1_0,0,0
BRDA:70,f1_0,1,0
BRDA:435,f6_0,0,5
BRDA:435,f6_0,1,0
BRDA:444,f6_1,0,0
BRDA:444,f6_1,1,0
BRDA:507,f8_0,0,0
BRDA:509,f8_1,0,0
BRDA:509,f8_1,1,0
BRDA:513,f8_2,0,0
BRDA:513,f8_2,1,0
BRDA:513,f8_3,0,0
BRDA:513,f8_3,1,0
BRDA:515,f8_4,0,0
BRDA:515,f8_4,1,0
BRDA:516,f8_5,0,0
BRDA:516,f8_5,1,0
BRDA:519,f8_6,0,0
BRDA:519,f8_6,1,0
BRDA:519,f8_7,0,0
BRDA:519,f8_7,1,0
BRDA:519,f8_8,0,0
BRDA:519,f8_8,1,0
BRDA:519,f8_8,2,0
BRDA:519,f8_8,3,0
BRDA:519,f8_8,4,0
BRDA:558,f9_0,0,0
BRDA:558,f9_0,1,0
BRDA:558,f9_1,0,0
BRDA:558,f9_1,1,0
BRDA:559,f9_2,0,0
BRDA:559,f9_2,1,0
BRDA:559,f9_3,0,0
BRDA:559,f9_3,1,0
BRDA:562,f9_4,0,0
BRDA:562,f9_4,1,0
BRDA:584,f9_5,0,0
BRDA:584,f9_5,1,0
BRDA:722,f11_0,0,0
BRDA:722,f11_0,1,0
BRDA:729,f11_1,0,0
BRDA:729,f11_1,1,0
BRDA:730,f11_2,0,0
BRDA:730,f11_2,1,0
BRDA:862,f12_0,0,0
BRDA:862,f12_0,1,0
BRDA:862,f12_1,0,0
BRDA:862,f12_1,1,0
BRDA:865,f12_2,0,0
BRDA:865,f12_2,1,0
BRDA:865,f12_3,0,0
BRDA:865,f12_3,1,0
BRDA:863,f12_4,0,0
BRDA:863,f12_4,1,0
BRDA:981,f14_0,0,0
BRDA:981,f14_0,1,0
BRDA:981,f14_1,0,0
BRDA:981,f14_1,1,0
BRDA:982,f14_2,0,0
BRDA:982,f14_2,1,0
BRDA:984,f14_3,0,0
BRDA:984,f14_3,1,0
BRDA:984,f14_4,0,0
BRDA:984,f14_4,1,0
BRDA:986,f14_5,0,0
BRDA:986,f14_5,1,0
BRDA:986,f14_6,0,0
BRDA:986,f14_6,1,0
BRDA:986,f14_7,0,0
BRDA:986,f14_7,1,0
BRDA:987,f14_8,0,0
BRDA:987,f14_8,1,0
BRDA:988,f14_9,0,0
BRDA:988,f14_9,1,0
BRDA:988,f14_10,0,0
BRDA:988,f14_10,1,0
BRDA:989,f14_11,0,0
BRDA:989,f14_11,1,0
BRDA:990,f14_12,0,0
BRDA:990,f14_12,1,0
BRDA:990,f14_13,0,0
BRDA:990,f14_13,1,0
BRDA:993,f14_14,0,0
BRDA:993,f14_15,0,0
BRDA:993,f14_15,1,0
BRDA:1048,f14_16,0,0
BRDA:1005,f14_17,0,0
BRDA:1005,f14_17,1,0
BRDA:1030,f14_18,0,0
BRDA:1030,f14_18,1,0
BRDA:1550,f14_19,0,0
BRDA:1111,f14_20,0,0
BRDA:1111,f14_20,1,0
BRDA:1123,f14_21,0,0
BRDA:1123,f14_21,1,0
BRDA:1226,f14_22,0,0
BRDA:1226,f14_22,1,0
BRDA:1249,f14_23,0,0
BRDA:1249,f14_23,1,0
BRDA:1258,f14_24,0,0
BRDA:1258,f14_24,1,0
BRDA:1279,f14_25,0,0
BRDA:1279,f14_25,1,0
BRDA:1343,f14_26,0,0
BRDA:1343,f14_26,1,0
BRDA:1403,f14_27,0,0
BRDA:1403,f14_27,1,0
BRDA:1417,f14_28,0,0
BRDA:1417,f14_28,1,0
BRDA:1430,f14_29,0,0
BRDA:1430,f14_29,1,0
BRDA:1486,f14_30,0,0
BRDA:1486,f14_30,1,0
BRDA:1486,f14_31,0,0
BRDA:1486,f14_31,1,0
BRDA:1508,f14_32,0,0
BRDA:1508,f14_32,1,0
BRDA:1532,f14_33,0,0
BRDA:1532,f14_33,1,0
BRDA:1657,f14_34,0,0
BRDA:1657,f14_34,1,0
BRDA:1691,f14_35,0,0
BRDA:1691,f14_35,1,0
BRDA:1691,f14_36,0,0
BRDA:1691,f14_36,1,0
BRDA:1753,f14_37,0,0
BRDA:1753,f14_37,1,0
BRDA:1791,f14_38,0,0
BRDA:1791,f14_38,1,0
BRDA:1791,f14_39,0,0
BRDA:1791,f14_39,1,0
BRDA:1793,f14_40,0,0
BRDA:1793,f14_40,1,0
BRDA:1793,f14_41,0,0
BRDA:1793,f14_41,1,0
BRDA:1793,f14_42,0,0
BRDA:1793,f14_42,1,0
BRDA:1793,f14_43,0,0
BRDA:1793,f14_43,1,0
BRDA:1807,f14_44,0,0
BRDA:1807,f14_44,1,0
BRDA:1807,f14_45,0,0
BRDA:1807,f14_45,1,0
BRDA:1807,f14_45,2,0
BRDA:1807,f14_45,3,0
BRDA:1808,f14_46,0,0
BRDA:1808,f14_46,1,0
BRDA:1808,f14_47,0,0
BRDA:1808,f14_47,1,0
BRDA:1808,f14_47,2,0
BRDA:1808,f14_47,3,0
BRDA:1809,f14_48,0,0
BRDA:1809,f14_48,1,0
BRDA:1809,f14_49,0,0
BRDA:1809,f14_49,1,0
BRDA:1809,f14_49,2,0
BRDA:1809,f14_49,3,0
BRDA:1814,f14_50,0,0
BRDA:1814,f14_50,1,0
BRDA:1814,f14_51,0,0
BRDA:1814,f14_51,1,0
BRDA:1814,f14_51,2,0
BRDA:1814,f14_51,3,0
BRDA:1815,f14_52,0,0
BRDA:1815,f14_52,1,0
BRDA:1815,f14_53,0,0
BRDA:1815,f14_53,1,0
BRDA:1815,f14_53,2,0
BRDA:1815,f14_53,3,0
BRDA:1816,f14_54,0,0
BRDA:1816,f14_54,1,0
BRDA:1816,f14_55,0,0
BRDA:1816,f14_55,1,0
BRDA:1816,f14_55,2,0
BRDA:1816,f14_55,3,0
BRDA:1827,f14_56,0,0
BRDA:1827,f14_56,1,0
BRDA:1858,f14_57,0,0
BRDA:1858,f14_57,1,0
BRDA:1915,f15_0,0,0
BRDA:1915,f15_0,1,0
BRDA:1915,f15_1,0,0
BRDA:1915,f15_1,1,0
BRDA:1916,f15_2,0,0
BRDA:1916,f15_2,1,0
BRDA:1917,f15_3,0,0
BRDA:1917,f15_3,1,0
BRDA:1918,f15_4,0,0
BRDA:1918,f15_4,1,0
BRDA:1925,f15_5,0,0
BRDA:1925,f15_5,1,0
BRDA:1925,f15_6,0,0
BRDA:1925,f15_6,1,0
BRDA:1924,f15_7,0,0
BRDA:1924,f15_7,1,0
BRDA:1924,f15_8,0,0
BRDA:1924,f15_8,1,0
BRDA:1923,f15_9,0,0
BRDA:1923,f15_9,1,0
BRDA:1923,f15_10,0,0
BRDA:1923,f15_10,1,0
BRDA:1928,f15_11,0,0
BRDA:1928,f15_11,1,0
BRDA:1928,f15_12,0,0
BRDA:1928,f15_12,1,0
BRDA:1928,f15_12,2,0
BRDA:1928,f15_12,3,0
BRDA:1934,f15_13,0,0
BRDA:1934,f15_13,1,0
BRDA:1934,f15_13,2,0
BRDA:1968,f16_0,0,0
BRDA:1968,f16_1,0,0
BRDA:1968,f16_1,1,0
BRDA:1968,f16_2,0,0
BRDA:1968,f16_2,1,0
BRDA:1975,f16_3,0,0
BRDA:1975,f16_3,1,0
BRDA:2004,f17_0,0,0
BRDA:2004,f17_0,1,0
BRDA:2004,f17_0,2,0
BRDA:2012,f17_1,0,0
BRDA:2026,f17_2,0,0
BRDA:2026,f17_3,0,0
BRDA:2026,f17_3,1,0
BRDA:2028,f17_4,0,0
BRDA:2028,f17_4,1,0
BRDA:2028,f17_5,0,0
BRDA:2028,f17_5,1,0
BRDA:2035,f17_6,0,0
BRDA:2037,f17_7,0,0
BRDA:2037,f17_7,1,0
BRDA:2041,f17_8,0,0
BRDA:2048,f17_9,0,0
BRDA:2048,f17_9,1,0
BRDA:2120,f18_0,0,0
BRDA:2120,f18_0,1,0
BRDA:2126,f18_1,0,0
BRDA:2132,f18_2,0,0
BRDA:2132,f18_2,1,0
BRDA:2132,f18_3,0,0
BRDA:2132,f18_3,1,0
BRDA:2141,f18_4,0,0
BRDA:2141,f18_4,1,0
BRDA:2146,f18_5,0,0
BRDA:2146,f18_5,1,0
BRDA:2146,f18_6,0,0
BRDA:2146,f18_6,1,0
BRDA:2146,f18_7,0,0
BRDA:2146,f18_7,1,0
BRDA:2147,f18_8,0,0
BRDA:2147,f18_8,1,0
BRDA:2151,f18_9,0,0
BRDA:2151,f18_9,1,0
BRDA:2156,f18_10,0,0
BRDA:2156,f18_10,1,0
BRDA:2161,f18_11,0,0
BRDA:2161,f18_11,1,0
BRDA:2161,f18_12,0,0
BRDA:2161,f18_12,1,0
BRDA:2161,f18_13,0,0
BRDA:2161,f18_13,1,0
BRDA:2162,f18_14,0,0
BRDA:2162,f18_14,1,0
BRDA:2166,f18_15,0,0
BRDA:2166,f18_15,1,0
BRDA:2173,f18_16,0,0
BRDA:2173,f18_16,1,0
BRDA:2174,f18_17,0,0
BRDA:2174,f18_17,1,0
BRDA:2187,f18_18,0,0
BRDA:2187,f18_18,1,0
BRDA:2322,f19_0,0,0
BRDA:2322,f19_0,1,0
BRDA:2322,f19_1,0,0
BRDA:2322,f19_1,1,0
BRDA:2323,f19_2,0,0
BRDA:2323,f19_2,1,0
BRDA:2323,f19_3,0,0
BRDA:2323,f19_3,1,0
BRDA:2323,f19_4,0,0
BRDA:2323,f19_4,1,0
BRDA:2323,f19_5,0,0
BRDA:2323,f19_5,1,0
BRDA:2324,f19_6,0,0
BRDA:2324,f19_6,1,0
BRDA:2324,f19_7,0,0
BRDA:2324,f19_7,1,0
BRDA:2324,f19_8,0,0
BRDA:2324,f19_8,1,0
BRDA:2324,f19_9,0,0
BRDA:2324,f19_9,1,0
BRDA:2326,f19_10,0,0
BRDA:2326,f19_10,1,0
BRDA:2326,f19_11,0,0
BRDA:2326,f19_11,1,0
BRDA:2326,f19_12,0,0
BRDA:2326,f19_12,1,0
BRDA:2326,f19_13,0,0
BRDA:2326,f19_13,1,0
BRDA:2329,f19_14,0,0
BRDA:2329,f19_14,1,0
BRDA:2329,f19_15,0,0
BRDA:2329,f19_15,1,0
BRDA:2328,f19_16,0,0
BRDA:2328,f19_16,1,0
BRDA:2328,f19_17,0,0
BRDA:2328,f19_17,1,0
BRDA:2328,f19_18,0,0
BRDA:2328,f19_18,1,0
BRDA:2328,f19_19,0,0
BRDA:2328,f19_19,1,0
BRDA:2329,f19_20,0,0
BRDA:2329,f19_20,1,0
BRDA:2329,f19_21,0,0
BRDA:2329,f19_21,1,0
BRDA:2224,f19_22,0,0
BRDA:2224,f19_22,1,0
BRDA:2224,f19_23,0,0
BRDA:2224,f19_23,1,0
BRDA:2227,f19_24,0,0
BRDA:2227,f19_24,1,0
BRDA:2225,f19_25,0,0
BRDA:2225,f19_25,1,0
BRDA:2225,f19_26,0,0
BRDA:2225,f19_26,1,0
BRDA:2275,f19_27,0,0
BRDA:2276,f19_28,0,0
BRDA:2276,f19_28,1,0
BRDA:2276,f19_28,2,0
BRDA:2278,f19_29,0,0
BRDA:2237,f19_30,0,0
BRDA:2237,f19_30,1,0
BRDA:2237,f19_31,0,0
BRDA:2237,f19_31,1,0
BRDA:2237,f19_32,0,0
BRDA:2237,f19_32,1,0
BRDA:2237,f19_32,2,0
BRDA:2237,f19_33,0,0
BRDA:2237,f19_33,1,0
BRDA:2237,f19_34,0,0
BRDA:2237,f19_34,1,0
BRDA:2279,f19_35,0,0
BRDA:2279,f19_35,1,0
BRDA:2279,f19_35,2,0
BRDA:2285,f19_36,0,0
BRDA:2285,f19_37,0,0
BRDA:2285,f19_37,1,0
BRDA:2286,f19_38,0,0
BRDA:2286,f19_38,1,0
BRDA:2286,f19_38,2,0
BRDA:2289,f19_39,0,0
BRDA:2289,f19_39,1,0
BRDA:2291,f19_40,0,0
BRDA:2291,f19_40,1,0
BRDA:2293,f19_41,0,0
BRDA:2293,f19_41,1,0
BRDA:2293,f19_42,0,0
BRDA:2293,f19_42,1,0
BRDA:2296,f19_43,0,0
BRDA:2296,f19_43,1,0
BRDA:2296,f19_44,0,0
BRDA:2296,f19_44,1,0
BRDA:2299,f19_45,0,0
BRDA:2299,f19_45,1,0
BRDA:2299,f19_46,0,0
BRDA:2299,f19_46,1,0
BRDA:2299,f19_46,2,0
BRDA:2300,f19_47,0,0
BRDA:2300,f19_47,1,0
BRDA:2300,f19_48,0,0
BRDA:2300,f19_48,1,0
BRDA:2300,f19_49,0,0
BRDA:2300,f19_49,1,0
BRDA:2302,f19_50,0,0
BRDA:2302,f19_50,1,0
BRDA:2302,f19_50,2,0
BRDA:2338,f19_51,0,0
BRDA:2338,f19_51,1,0
BRDA:2338,f19_52,0,0
BRDA:2338,f19_52,1,0
BRDA:2340,f19_53,0,0
BRDA:2340,f19_53,1,0
BRDA:2340,f19_54,0,0
BRDA:2340,f19_54,1,0
BRDA:2341,f19_55,0,0
BRDA:2341,f19_55,1,0
BRDA:2341,f19_56,0,0
BRDA:2341,f19_56,1,0
BRDA:2341,f19_56,2,0
BRDA:2341,f19_56,3,0
BRDA:2344,f19_57,0,0
BRDA:2344,f19_57,1,0
BRDA:2344,f19_58,0,0
BRDA:2344,f19_58,1,0
BRDA:2344,f19_58,2,0
BRDA:2344,f19_58,3,0
BRDA:2346,f19_59,0,0
BRDA:2346,f19_59,1,0
BRDA:2346,f19_60,0,0
BRDA:2346,f19_60,1,0
BRDA:2346,f19_60,2,0
BRDA:2346,f19_60,3,0
BRDA:2348,f19_61,0,0
BRDA:2348,f19_61,1,0
BRDA:2348,f19_62,0,0
BRDA:2348,f19_62,1,0
BRDA:2348,f19_62,2,0
BRDA:2348,f19_62,3,0
BRF:412
BRH:1
end_of_record
