TN:
SF:workspaces/topology/coverage-anchors/backstage-community.plugin-topology
FN:63,(anonymous_42)
FN:172,(anonymous_20)
FN:180,(anonymous_21)
FN:181,(anonymous_22)
FN:183,(anonymous_23)
FN:184,(anonymous_24)
FN:221,(anonymous_25)
FN:258,(anonymous_26)
FN:310,(anonymous_123)
FN:367,(anonymous_47)
FN:380,(anonymous_48)
FN:489,(anonymous_110)
FN:491,(anonymous_111)
FN:476,(anonymous_112)
FN:509,(anonymous_113)
FN:574,(anonymous_114)
FN:530,(anonymous_115)
FN:553,(anonymous_116)
FN:621,(anonymous_120)
FN:523,(anonymous_121)
FN:659,(anonymous_122)
FN:695,(anonymous_91)
FN:715,(anonymous_92)
FN:772,(anonymous_93)
FN:841,(anonymous_97)
FN:883,(anonymous_107)
FN:963,(anonymous_98)
FN:982,(anonymous_99)
FN:1043,(anonymous_109)
FN:1120,(anonymous_117)
FN:1130,(anonymous_118)
FN:1078,(anonymous_119)
FN:1157,(anonymous_85)
FN:1195,(anonymous_86)
FN:1230,(anonymous_87)
FN:1268,(anonymous_88)
FN:1306,(anonymous_89)
FN:1400,(anonymous_108)
FN:1435,(anonymous_27)
FN:1480,(anonymous_125)
FN:1494,(anonymous_126)
FN:1573,(anonymous_73)
FN:1587,(anonymous_74)
FN:1611,(anonymous_76)
FN:1723,(anonymous_54)
FN:1732,(anonymous_55)
FN:1749,(anonymous_56)
FN:1779,(anonymous_60)
FN:1780,(anonymous_61)
FN:1782,(anonymous_62)
FN:1789,(anonymous_63)
FN:1794,(anonymous_64)
FN:1797,(anonymous_65)
FN:1814,(anonymous_66)
FN:1836,(anonymous_67)
FN:1837,(anonymous_68)
FN:1840,(anonymous_69)
FN:1841,(anonymous_70)
FN:1873,(anonymous_71)
FN:1900,(anonymous_72)
FN:1923,(anonymous_28)
FN:1959,(anonymous_29)
FN:1965,(anonymous_30)
FN:2007,(anonymous_443)
FN:2011,(anonymous_444)
FN:2016,(anonymous_445)
FN:2022,(anonymous_446)
FN:2026,(anonymous_447)
FN:2042,(anonymous_448)
FN:2043,(anonymous_449)
FN:2112,(anonymous_407)
FN:2119,(anonymous_408)
FN:2122,(anonymous_409)
FN:2125,(anonymous_410)
FN:2128,(anonymous_411)
FN:2167,(anonymous_412)
FN:2211,(anonymous_413)
FN:2225,(anonymous_414)
FN:2255,(anonymous_299)
FN:2308,(anonymous_301)
FN:2325,(anonymous_302)
FN:2328,(anonymous_303)
FN:2358,(anonymous_304)
FN:2366,(anonymous_305)
FN:2433,(anonymous_306)
FN:2446,(anonymous_307)
FN:2483,(anonymous_308)
FN:2493,(anonymous_316)
FN:2572,(anonymous_324)
FN:2598,(anonymous_325)
FN:2600,(anonymous_326)
FN:2594,(anonymous_327)
FN:2667,(anonymous_328)
FN:2681,(anonymous_329)
FN:2677,(anonymous_330)
FN:2726,(anonymous_317)
FN:2764,(anonymous_332)
FN:2776,(anonymous_333)
FN:2827,(anonymous_331)
FN:2852,(anonymous_334)
FN:2860,(anonymous_335)
FN:2908,(anonymous_132)
FN:2959,(anonymous_133)
FN:3000,(anonymous_134)
FN:3097,(anonymous_214)
FN:3106,(anonymous_215)
FN:3169,(anonymous_135)
FN:3208,(anonymous_128)
FN:3214,(anonymous_129)
FN:3262,(anonymous_336)
FN:3278,(anonymous_337)
FN:3285,(anonymous_338)
FN:3352,(anonymous_339)
FN:3394,(anonymous_342)
FN:3427,(anonymous_343)
FN:3441,(anonymous_344)
FN:3319,(anonymous_345)
FN:3491,(anonymous_300)
FN:3553,(anonymous_351)
FN:3594,(anonymous_346)
FN:3608,(anonymous_347)
FN:3611,(anonymous_348)
FN:3655,(anonymous_350)
FN:3686,(anonymous_127)
FN:3730,(anonymous_349)
FN:3807,(anonymous_201)
FN:3859,(anonymous_213)
FN:3927,(anonymous_130)
FN:3979,(anonymous_131)
FN:4018,(anonymous_415)
FN:4024,(anonymous_416)
FN:4037,(anonymous_417)
FN:4041,(anonymous_418)
FN:4045,(anonymous_419)
FN:4049,(anonymous_420)
FN:4081,(anonymous_421)
FN:4085,(anonymous_422)
FN:4092,(anonymous_423)
FN:4109,(anonymous_424)
FN:4055,(anonymous_425)
FN:4060,(anonymous_426)
FN:4111,(anonymous_427)
FN:4115,(anonymous_428)
FN:4119,(anonymous_429)
FN:4122,(anonymous_430)
FN:4137,(anonymous_431)
FN:4188,(anonymous_432)
FN:4213,(anonymous_437)
FN:4224,(anonymous_438)
FN:4230,(anonymous_439)
FN:4249,(anonymous_440)
FN:4338,(anonymous_441)
FN:4379,(anonymous_194)
FN:4383,(anonymous_195)
FN:4384,(anonymous_196)
FN:4410,(anonymous_197)
FN:4437,(anonymous_198)
FN:4439,(anonymous_199)
FN:4449,(anonymous_200)
FN:4500,(anonymous_320)
FN:4510,(anonymous_321)
FN:4517,(anonymous_322)
FN:4545,(anonymous_323)
FN:4582,sa
FN:4645,(anonymous_100)
FN:4658,(anonymous_101)
FN:4698,(anonymous_136)
FN:4737,(anonymous_138)
FN:4794,(anonymous_216)
FN:4853,(anonymous_103)
FN:4868,(anonymous_104)
FN:4896,(anonymous_105)
FN:4953,(anonymous_106)
FN:5137,(anonymous_102)
FN:5205,(anonymous_124)
FN:5342,(anonymous_369)
FN:5348,(anonymous_370)
FN:5355,(anonymous_371)
FN:5452,(anonymous_381)
FN:5422,(anonymous_382)
FN:5423,(anonymous_383)
FN:5426,(anonymous_384)
FN:5427,(anonymous_385)
FN:5430,(anonymous_386)
FN:5430,(anonymous_387)
FN:5436,(anonymous_388)
FN:5442,(anonymous_389)
FN:5447,(anonymous_390)
FN:5487,(anonymous_402)
FN:5526,(anonymous_1)
FN:5549,(anonymous_2)
FN:5573,(anonymous_9)
FN:5581,(anonymous_10)
FN:5594,(anonymous_15)
FN:5632,(anonymous_398)
FN:5648,(anonymous_399)
FN:5650,(anonymous_400)
FN:5676,(anonymous_396)
FN:5713,(anonymous_450)
FN:5717,(anonymous_451)
FN:5749,(anonymous_57)
FN:5751,(anonymous_58)
FN:5752,(anonymous_59)
FN:5781,(anonymous_8)
FN:5828,(anonymous_16)
FN:5876,(anonymous_309)
FN:5883,(anonymous_310)
FN:5894,(anonymous_311)
FN:5898,(anonymous_312)
FN:5900,(anonymous_313)
FN:5903,(anonymous_314)
FN:5910,(anonymous_315)
FN:5941,(anonymous_433)
FN:5953,(anonymous_434)
FN:5956,(anonymous_435)
FN:5970,(anonymous_436)
FN:6014,(anonymous_3)
FN:6046,(anonymous_397)
FN:6055,(anonymous_401)
FN:6077,(anonymous_406)
FN:6183,(anonymous_5)
FN:6378,(anonymous_4)
FN:6418,(anonymous_3)
FN:6419,(anonymous_4)
FN:6439,(anonymous_1)
FN:6682,(anonymous_171)
FN:6728,(anonymous_297)
FN:6713,(anonymous_298)
FN:6812,(anonymous_319)
FN:6838,(anonymous_94)
FN:6864,(anonymous_95)
FN:6842,(anonymous_96)
FN:6893,(anonymous_137)
FN:6914,(anonymous_83)
FN:6922,(anonymous_84)
FN:7016,(anonymous_6)
FN:7106,(anonymous_254)
FN:7121,(anonymous_255)
FN:7128,(anonymous_256)
FN:7131,(anonymous_257)
FN:7134,(anonymous_258)
FN:7137,(anonymous_259)
FN:7145,(anonymous_260)
FN:7195,(anonymous_261)
FN:7202,(anonymous_262)
FN:7205,(anonymous_263)
FN:7215,(anonymous_264)
FN:7221,(anonymous_265)
FN:7247,(anonymous_266)
FN:7258,(anonymous_267)
FN:7272,(anonymous_268)
FN:7292,(anonymous_269)
FN:7318,(anonymous_270)
FN:7050,(anonymous_271)
FN:7074,(anonymous_272)
FN:7081,(anonymous_273)
FN:7093,(anonymous_274)
FN:7352,(anonymous_352)
FN:7363,(anonymous_353)
FN:7373,(anonymous_354)
FN:7385,(anonymous_355)
FN:7445,(anonymous_217)
FN:7459,(anonymous_218)
FN:7448,(anonymous_219)
FN:7466,(anonymous_220)
FN:7474,(anonymous_221)
FN:7477,(anonymous_222)
FN:7538,(anonymous_223)
FN:7547,(anonymous_224)
FN:7556,(anonymous_225)
FN:7564,(anonymous_226)
FN:7577,(anonymous_227)
FN:7604,(anonymous_228)
FN:7597,(anonymous_229)
FN:7624,(anonymous_230)
FN:7645,(anonymous_231)
FN:7482,(anonymous_232)
FN:7493,(anonymous_233)
FN:7533,(anonymous_234)
FN:7497,(anonymous_235)
FN:7502,(anonymous_236)
FN:7651,(anonymous_237)
FN:7713,(anonymous_238)
FN:7720,(anonymous_239)
FN:7721,(anonymous_240)
FN:7772,(anonymous_241)
FN:7679,(anonymous_242)
FN:7696,(anonymous_243)
FN:7669,(anonymous_244)
FN:7656,(anonymous_245)
FN:7664,(anonymous_246)
FN:7666,(anonymous_247)
FN:7674,(anonymous_248)
FN:7756,(anonymous_249)
FN:7725,(anonymous_250)
FN:7735,(anonymous_251)
FN:7742,(anonymous_252)
FN:7804,(anonymous_340)
FN:7829,(anonymous_341)
FN:7904,(anonymous_49)
FN:7921,(anonymous_50)
FN:7923,(anonymous_51)
FN:7948,(anonymous_52)
FN:8069,(anonymous_53)
FN:8050,(anonymous_78)
FN:7987,(anonymous_79)
FN:7931,(anonymous_80)
FN:7936,(anonymous_81)
FN:8060,(anonymous_82)
FN:8119,(anonymous_275)
FN:8192,(anonymous_276)
FN:8170,(anonymous_277)
FN:8200,(anonymous_278)
FN:8225,(anonymous_279)
FN:8235,(anonymous_280)
FN:8243,(anonymous_281)
FN:8247,(anonymous_282)
FN:8248,(anonymous_283)
FN:8249,(anonymous_284)
FN:8210,(anonymous_285)
FN:8287,(anonymous_286)
FN:8300,(anonymous_287)
FN:8334,(anonymous_288)
FN:8307,(anonymous_289)
FN:8313,(anonymous_290)
FN:8315,(anonymous_291)
FN:8343,(anonymous_292)
FN:8351,(anonymous_293)
FN:8358,(anonymous_294)
FN:8400,(anonymous_295)
FN:8402,(anonymous_296)
FN:8142,(anonymous_372)
FN:8140,(anonymous_373)
FN:8129,(anonymous_374)
FN:8390,(anonymous_376)
FN:8377,(anonymous_377)
FN:8272,(anonymous_378)
FN:8435,(anonymous_144)
FN:8428,(anonymous_145)
FN:8432,(anonymous_146)
FN:8433,(anonymous_147)
FN:8453,(anonymous_148)
FN:8471,(anonymous_149)
FN:8482,(anonymous_150)
FN:8464,(anonymous_157)
FN:8474,(anonymous_161)
FN:8438,(anonymous_209)
FN:8442,(anonymous_210)
FN:8527,(anonymous_7)
FN:8558,(anonymous_11)
FN:8563,(anonymous_12)
FN:8571,(anonymous_13)
FN:8585,(anonymous_14)
FN:8539,(anonymous_18)
FN:8542,(anonymous_19)
FN:8600,(anonymous_375)
FN:8649,(anonymous_403)
FN:8652,(anonymous_404)
FN:8654,(anonymous_405)
FN:8796,(anonymous_356)
FN:8806,(anonymous_357)
FN:8806,(anonymous_358)
FN:8811,(anonymous_359)
FN:8816,(anonymous_360)
FN:8776,(anonymous_361)
FN:8788,(anonymous_362)
FN:8837,(anonymous_363)
FN:8848,(anonymous_364)
FN:8850,(anonymous_365)
FN:8857,(anonymous_366)
FN:8865,(anonymous_367)
FN:8832,(anonymous_368)
FN:8722,(anonymous_379)
FN:8752,(anonymous_380)
FN:8894,(anonymous_391)
FN:8872,(anonymous_392)
FN:8882,(anonymous_393)
FN:8902,(anonymous_394)
FN:8904,(anonymous_395)
FN:8979,(anonymous_151)
FN:9007,(anonymous_152)
FN:9022,(anonymous_153)
FN:9045,(anonymous_154)
FN:9102,(anonymous_155)
FN:8981,(anonymous_159)
FN:8997,(anonymous_160)
FN:8994,(anonymous_162)
FN:9008,(anonymous_163)
FN:9083,(anonymous_164)
FN:9075,(anonymous_165)
FN:9061,(anonymous_166)
FN:9018,(anonymous_167)
FN:9099,(anonymous_168)
FN:9087,(anonymous_169)
FN:9090,(anonymous_170)
FN:9161,(anonymous_172)
FN:9165,(anonymous_173)
FN:9170,(anonymous_174)
FN:9173,(anonymous_175)
FN:9178,(anonymous_176)
FN:9186,(anonymous_177)
FN:9194,(anonymous_178)
FN:9199,(anonymous_179)
FN:9248,(anonymous_180)
FN:9216,(anonymous_181)
FN:9220,(anonymous_182)
FN:9223,(anonymous_183)
FN:9227,(anonymous_184)
FN:9230,(anonymous_185)
FN:9242,(anonymous_186)
FN:9246,(anonymous_187)
FN:9237,(anonymous_188)
FN:9253,(anonymous_189)
FN:9257,(anonymous_190)
FN:9316,(anonymous_191)
FN:9318,(anonymous_192)
FN:9271,(anonymous_202)
FN:9276,(anonymous_203)
FN:9277,(anonymous_204)
FN:9288,(anonymous_205)
FN:9292,(anonymous_206)
FN:9310,(anonymous_207)
FN:9206,(anonymous_253)
FN:9426,(anonymous_31)
FN:9394,(anonymous_32)
FN:9402,(anonymous_33)
FN:9355,(anonymous_34)
FN:9362,(anonymous_35)
FN:9370,(anonymous_36)
FN:9421,(anonymous_37)
FN:9386,(anonymous_38)
FN:9375,(anonymous_39)
FN:9378,(anonymous_40)
FN:9450,(anonymous_41)
FN:9550,(anonymous_43)
FN:9545,(anonymous_44)
FN:9547,(anonymous_45)
FN:9542,(anonymous_46)
FN:9477,(anonymous_75)
FN:9492,(anonymous_77)
FN:9572,(anonymous_139)
FN:9581,(anonymous_140)
FN:9590,(anonymous_141)
FN:9599,(anonymous_142)
FN:9605,(anonymous_143)
FNF:445
FNH:277
FNDA:22,(anonymous_42)
FNDA:3,(anonymous_20)
FNDA:0,(anonymous_21)
FNDA:3,(anonymous_22)
FNDA:0,(anonymous_23)
FNDA:0,(anonymous_24)
FNDA:0,(anonymous_25)
FNDA:0,(anonymous_26)
FNDA:6,(anonymous_123)
FNDA:0,(anonymous_47)
FNDA:0,(anonymous_48)
FNDA:0,(anonymous_110)
FNDA:0,(anonymous_111)
FNDA:0,(anonymous_112)
FNDA:22,(anonymous_113)
FNDA:22,(anonymous_114)
FNDA:22,(anonymous_115)
FNDA:22,(anonymous_116)
FNDA:22,(anonymous_120)
FNDA:3,(anonymous_121)
FNDA:6,(anonymous_122)
FNDA:63,(anonymous_91)
FNDA:0,(anonymous_92)
FNDA:21,(anonymous_93)
FNDA:21,(anonymous_97)
FNDA:21,(anonymous_107)
FNDA:3,(anonymous_98)
FNDA:39,(anonymous_99)
FNDA:21,(anonymous_109)
FNDA:22,(anonymous_117)
FNDA:66,(anonymous_118)
FNDA:66,(anonymous_119)
FNDA:0,(anonymous_85)
FNDA:0,(anonymous_86)
FNDA:0,(anonymous_87)
FNDA:21,(anonymous_88)
FNDA:0,(anonymous_89)
FNDA:21,(anonymous_108)
FNDA:0,(anonymous_27)
FNDA:9,(anonymous_125)
FNDA:9,(anonymous_126)
FNDA:14,(anonymous_73)
FNDA:22,(anonymous_74)
FNDA:14,(anonymous_76)
FNDA:7632,(anonymous_54)
FNDA:27,(anonymous_55)
FNDA:27,(anonymous_56)
FNDA:13,(anonymous_60)
FNDA:195,(anonymous_61)
FNDA:195,(anonymous_62)
FNDA:0,(anonymous_63)
FNDA:0,(anonymous_64)
FNDA:195,(anonymous_65)
FNDA:14,(anonymous_66)
FNDA:7545,(anonymous_67)
FNDA:7605,(anonymous_68)
FNDA:7605,(anonymous_69)
FNDA:7605,(anonymous_70)
FNDA:405,(anonymous_71)
FNDA:14,(anonymous_72)
FNDA:4,(anonymous_28)
FNDA:4,(anonymous_29)
FNDA:4,(anonymous_30)
FNDA:24,(anonymous_443)
FNDA:4,(anonymous_444)
FNDA:36,(anonymous_445)
FNDA:8,(anonymous_446)
FNDA:8,(anonymous_447)
FNDA:0,(anonymous_448)
FNDA:0,(anonymous_449)
FNDA:30,(anonymous_407)
FNDA:0,(anonymous_408)
FNDA:0,(anonymous_409)
FNDA:1,(anonymous_410)
FNDA:0,(anonymous_411)
FNDA:0,(anonymous_412)
FNDA:0,(anonymous_413)
FNDA:0,(anonymous_414)
FNDA:4,(anonymous_299)
FNDA:4,(anonymous_301)
FNDA:4,(anonymous_302)
FNDA:4,(anonymous_303)
FNDA:4,(anonymous_304)
FNDA:4,(anonymous_305)
FNDA:5,(anonymous_306)
FNDA:5,(anonymous_307)
FNDA:4,(anonymous_308)
FNDA:3,(anonymous_316)
FNDA:5,(anonymous_324)
FNDA:2,(anonymous_325)
FNDA:2,(anonymous_326)
FNDA:0,(anonymous_327)
FNDA:6,(anonymous_328)
FNDA:0,(anonymous_329)
FNDA:2,(anonymous_330)
FNDA:5,(anonymous_317)
FNDA:0,(anonymous_332)
FNDA:0,(anonymous_333)
FNDA:0,(anonymous_331)
FNDA:4,(anonymous_334)
FNDA:4,(anonymous_335)
FNDA:0,(anonymous_132)
FNDA:0,(anonymous_133)
FNDA:9,(anonymous_134)
FNDA:9,(anonymous_214)
FNDA:9,(anonymous_215)
FNDA:0,(anonymous_135)
FNDA:18,(anonymous_128)
FNDA:54,(anonymous_129)
FNDA:4,(anonymous_336)
FNDA:4,(anonymous_337)
FNDA:4,(anonymous_338)
FNDA:4,(anonymous_339)
FNDA:0,(anonymous_342)
FNDA:4,(anonymous_343)
FNDA:4,(anonymous_344)
FNDA:4,(anonymous_345)
FNDA:16,(anonymous_300)
FNDA:8,(anonymous_351)
FNDA:26,(anonymous_346)
FNDA:13,(anonymous_347)
FNDA:5,(anonymous_348)
FNDA:8,(anonymous_350)
FNDA:108,(anonymous_127)
FNDA:8,(anonymous_349)
FNDA:0,(anonymous_201)
FNDA:0,(anonymous_213)
FNDA:9,(anonymous_130)
FNDA:0,(anonymous_131)
FNDA:32,(anonymous_415)
FNDA:32,(anonymous_416)
FNDA:0,(anonymous_417)
FNDA:2,(anonymous_418)
FNDA:0,(anonymous_419)
FNDA:0,(anonymous_420)
FNDA:32,(anonymous_421)
FNDA:0,(anonymous_422)
FNDA:32,(anonymous_423)
FNDA:1,(anonymous_424)
FNDA:1,(anonymous_425)
FNDA:1,(anonymous_426)
FNDA:32,(anonymous_427)
FNDA:1,(anonymous_428)
FNDA:32,(anonymous_429)
FNDA:3,(anonymous_430)
FNDA:32,(anonymous_431)
FNDA:45,(anonymous_432)
FNDA:3,(anonymous_437)
FNDA:18,(anonymous_438)
FNDA:9,(anonymous_439)
FNDA:3,(anonymous_440)
FNDA:3,(anonymous_441)
FNDA:0,(anonymous_194)
FNDA:0,(anonymous_195)
FNDA:0,(anonymous_196)
FNDA:0,(anonymous_197)
FNDA:0,(anonymous_198)
FNDA:0,(anonymous_199)
FNDA:0,(anonymous_200)
FNDA:3,(anonymous_320)
FNDA:3,(anonymous_321)
FNDA:5,(anonymous_322)
FNDA:0,(anonymous_323)
FNDA:28,sa
FNDA:4,(anonymous_100)
FNDA:3,(anonymous_101)
FNDA:38,(anonymous_136)
FNDA:38,(anonymous_138)
FNDA:8,(anonymous_216)
FNDA:3,(anonymous_103)
FNDA:3,(anonymous_104)
FNDA:29,(anonymous_105)
FNDA:29,(anonymous_106)
FNDA:29,(anonymous_102)
FNDA:3,(anonymous_124)
FNDA:6,(anonymous_369)
FNDA:42,(anonymous_370)
FNDA:18,(anonymous_371)
FNDA:6,(anonymous_381)
FNDA:6,(anonymous_382)
FNDA:6,(anonymous_383)
FNDA:0,(anonymous_384)
FNDA:0,(anonymous_385)
FNDA:0,(anonymous_386)
FNDA:0,(anonymous_387)
FNDA:6,(anonymous_388)
FNDA:6,(anonymous_389)
FNDA:18,(anonymous_390)
FNDA:6,(anonymous_402)
FNDA:4,(anonymous_1)
FNDA:0,(anonymous_2)
FNDA:24,(anonymous_9)
FNDA:12,(anonymous_10)
FNDA:384,(anonymous_15)
FNDA:45,(anonymous_398)
FNDA:3,(anonymous_399)
FNDA:7,(anonymous_400)
FNDA:90,(anonymous_396)
FNDA:24,(anonymous_450)
FNDA:8,(anonymous_451)
FNDA:27,(anonymous_57)
FNDA:0,(anonymous_58)
FNDA:0,(anonymous_59)
FNDA:24,(anonymous_8)
FNDA:24,(anonymous_16)
FNDA:4,(anonymous_309)
FNDA:1,(anonymous_310)
FNDA:1,(anonymous_311)
FNDA:0,(anonymous_312)
FNDA:2,(anonymous_313)
FNDA:1,(anonymous_314)
FNDA:1,(anonymous_315)
FNDA:45,(anonymous_433)
FNDA:6,(anonymous_434)
FNDA:0,(anonymous_435)
FNDA:0,(anonymous_436)
FNDA:186,(anonymous_3)
FNDA:45,(anonymous_397)
FNDA:7,(anonymous_401)
FNDA:18,(anonymous_406)
FNDA:4,(anonymous_5)
FNDA:4,(anonymous_4)
FNDA:4,(anonymous_3)
FNDA:4,(anonymous_4)
FNDA:12,(anonymous_1)
FNDA:4,(anonymous_171)
FNDA:4,(anonymous_297)
FNDA:4,(anonymous_298)
FNDA:1,(anonymous_319)
FNDA:21,(anonymous_94)
FNDA:21,(anonymous_95)
FNDA:21,(anonymous_96)
FNDA:5,(anonymous_137)
FNDA:21,(anonymous_83)
FNDA:4,(anonymous_84)
FNDA:18,(anonymous_6)
FNDA:24,(anonymous_254)
FNDA:0,(anonymous_255)
FNDA:0,(anonymous_256)
FNDA:24,(anonymous_257)
FNDA:0,(anonymous_258)
FNDA:0,(anonymous_259)
FNDA:24,(anonymous_260)
FNDA:24,(anonymous_261)
FNDA:0,(anonymous_262)
FNDA:0,(anonymous_263)
FNDA:0,(anonymous_264)
FNDA:0,(anonymous_265)
FNDA:0,(anonymous_266)
FNDA:0,(anonymous_267)
FNDA:0,(anonymous_268)
FNDA:24,(anonymous_269)
FNDA:24,(anonymous_270)
FNDA:24,(anonymous_271)
FNDA:0,(anonymous_272)
FNDA:0,(anonymous_273)
FNDA:24,(anonymous_274)
FNDA:6,(anonymous_352)
FNDA:6,(anonymous_353)
FNDA:6,(anonymous_354)
FNDA:6,(anonymous_355)
FNDA:6,(anonymous_217)
FNDA:12,(anonymous_218)
FNDA:12,(anonymous_219)
FNDA:12,(anonymous_220)
FNDA:18,(anonymous_221)
FNDA:18,(anonymous_222)
FNDA:6,(anonymous_223)
FNDA:0,(anonymous_224)
FNDA:6,(anonymous_225)
FNDA:6,(anonymous_226)
FNDA:30,(anonymous_227)
FNDA:6,(anonymous_228)
FNDA:6,(anonymous_229)
FNDA:6,(anonymous_230)
FNDA:6,(anonymous_231)
FNDA:6,(anonymous_232)
FNDA:6,(anonymous_233)
FNDA:6,(anonymous_234)
FNDA:6,(anonymous_235)
FNDA:0,(anonymous_236)
FNDA:6,(anonymous_237)
FNDA:0,(anonymous_238)
FNDA:0,(anonymous_239)
FNDA:0,(anonymous_240)
FNDA:6,(anonymous_241)
FNDA:6,(anonymous_242)
FNDA:0,(anonymous_243)
FNDA:0,(anonymous_244)
FNDA:0,(anonymous_245)
FNDA:0,(anonymous_246)
FNDA:0,(anonymous_247)
FNDA:0,(anonymous_248)
FNDA:0,(anonymous_249)
FNDA:0,(anonymous_250)
FNDA:0,(anonymous_251)
FNDA:0,(anonymous_252)
FNDA:4,(anonymous_340)
FNDA:0,(anonymous_341)
FNDA:13,(anonymous_49)
FNDA:14,(anonymous_50)
FNDA:14,(anonymous_51)
FNDA:14,(anonymous_52)
FNDA:26,(anonymous_53)
FNDA:14,(anonymous_78)
FNDA:14,(anonymous_79)
FNDA:14,(anonymous_80)
FNDA:14,(anonymous_81)
FNDA:13,(anonymous_82)
FNDA:0,(anonymous_275)
FNDA:24,(anonymous_276)
FNDA:24,(anonymous_277)
FNDA:24,(anonymous_278)
FNDA:6,(anonymous_279)
FNDA:6,(anonymous_280)
FNDA:6,(anonymous_281)
FNDA:0,(anonymous_282)
FNDA:0,(anonymous_283)
FNDA:0,(anonymous_284)
FNDA:0,(anonymous_285)
FNDA:0,(anonymous_286)
FNDA:0,(anonymous_287)
FNDA:12,(anonymous_288)
FNDA:12,(anonymous_289)
FNDA:12,(anonymous_290)
FNDA:12,(anonymous_291)
FNDA:12,(anonymous_292)
FNDA:12,(anonymous_293)
FNDA:12,(anonymous_294)
FNDA:6,(anonymous_295)
FNDA:0,(anonymous_296)
FNDA:18,(anonymous_372)
FNDA:0,(anonymous_373)
FNDA:12,(anonymous_374)
FNDA:6,(anonymous_376)
FNDA:6,(anonymous_377)
FNDA:0,(anonymous_378)
FNDA:0,(anonymous_144)
FNDA:0,(anonymous_145)
FNDA:0,(anonymous_146)
FNDA:0,(anonymous_147)
FNDA:0,(anonymous_148)
FNDA:0,(anonymous_149)
FNDA:0,(anonymous_150)
FNDA:0,(anonymous_157)
FNDA:0,(anonymous_161)
FNDA:0,(anonymous_209)
FNDA:0,(anonymous_210)
FNDA:45,(anonymous_7)
FNDA:5,(anonymous_11)
FNDA:85,(anonymous_12)
FNDA:20,(anonymous_13)
FNDA:25,(anonymous_14)
FNDA:5,(anonymous_18)
FNDA:5,(anonymous_19)
FNDA:6,(anonymous_375)
FNDA:6,(anonymous_403)
FNDA:36,(anonymous_404)
FNDA:18,(anonymous_405)
FNDA:6,(anonymous_356)
FNDA:0,(anonymous_357)
FNDA:0,(anonymous_358)
FNDA:0,(anonymous_359)
FNDA:0,(anonymous_360)
FNDA:0,(anonymous_361)
FNDA:0,(anonymous_362)
FNDA:18,(anonymous_363)
FNDA:12,(anonymous_364)
FNDA:0,(anonymous_365)
FNDA:0,(anonymous_366)
FNDA:12,(anonymous_367)
FNDA:0,(anonymous_368)
FNDA:6,(anonymous_379)
FNDA:6,(anonymous_380)
FNDA:18,(anonymous_391)
FNDA:18,(anonymous_392)
FNDA:0,(anonymous_393)
FNDA:0,(anonymous_394)
FNDA:0,(anonymous_395)
FNDA:0,(anonymous_151)
FNDA:0,(anonymous_152)
FNDA:0,(anonymous_153)
FNDA:0,(anonymous_154)
FNDA:0,(anonymous_155)
FNDA:0,(anonymous_159)
FNDA:0,(anonymous_160)
FNDA:0,(anonymous_162)
FNDA:0,(anonymous_163)
FNDA:0,(anonymous_164)
FNDA:0,(anonymous_165)
FNDA:0,(anonymous_166)
FNDA:0,(anonymous_167)
FNDA:0,(anonymous_168)
FNDA:0,(anonymous_169)
FNDA:0,(anonymous_170)
FNDA:0,(anonymous_172)
FNDA:0,(anonymous_173)
FNDA:0,(anonymous_174)
FNDA:0,(anonymous_175)
FNDA:0,(anonymous_176)
FNDA:0,(anonymous_177)
FNDA:0,(anonymous_178)
FNDA:0,(anonymous_179)
FNDA:0,(anonymous_180)
FNDA:0,(anonymous_181)
FNDA:0,(anonymous_182)
FNDA:0,(anonymous_183)
FNDA:0,(anonymous_184)
FNDA:0,(anonymous_185)
FNDA:0,(anonymous_186)
FNDA:0,(anonymous_187)
FNDA:0,(anonymous_188)
FNDA:0,(anonymous_189)
FNDA:0,(anonymous_190)
FNDA:0,(anonymous_191)
FNDA:0,(anonymous_192)
FNDA:0,(anonymous_202)
FNDA:0,(anonymous_203)
FNDA:0,(anonymous_204)
FNDA:0,(anonymous_205)
FNDA:0,(anonymous_206)
FNDA:0,(anonymous_207)
FNDA:0,(anonymous_253)
FNDA:209,(anonymous_31)
FNDA:209,(anonymous_32)
FNDA:209,(anonymous_33)
FNDA:209,(anonymous_34)
FNDA:209,(anonymous_35)
FNDA:209,(anonymous_36)
FNDA:209,(anonymous_37)
FNDA:209,(anonymous_38)
FNDA:209,(anonymous_39)
FNDA:209,(anonymous_40)
FNDA:84,(anonymous_41)
FNDA:22,(anonymous_43)
FNDA:22,(anonymous_44)
FNDA:22,(anonymous_45)
FNDA:0,(anonymous_46)
FNDA:0,(anonymous_75)
FNDA:14,(anonymous_77)
FNDA:4,(anonymous_139)
FNDA:4,(anonymous_140)
FNDA:4,(anonymous_141)
FNDA:4,(anonymous_142)
FNDA:4,(anonymous_143)
DA:74,22
DA:75,22
DA:79,22
DA:80,22
DA:81,22
DA:82,22
DA:84,22
DA:85,22
DA:86,22
DA:87,22
DA:96,22
DA:140,4
DA:173,3
DA:191,4
DA:222,0
DA:226,4
DA:259,0
DA:261,0
DA:262,4
DA:274,4
DA:310,4
DA:311,6
DA:312,3
DA:314,3
DA:316,0
DA:318,3
DA:320,0
DA:322,0
DA:324,0
DA:367,4
DA:375,0
DA:376,0
DA:377,0
DA:378,0
DA:381,0
DA:382,0
DA:386,0
DA:392,0
DA:403,0
DA:404,0
DA:422,4
DA:477,0
DA:481,0
DA:483,0
DA:485,0
DA:489,4
DA:492,0
DA:493,0
DA:495,0
DA:508,4
DA:510,22
DA:511,22
DA:512,22
DA:513,22
DA:514,22
DA:515,22
DA:516,22
DA:517,22
DA:518,22
DA:519,22
DA:521,22
DA:522,22
DA:524,3
DA:525,3
DA:538,22
DA:559,22
DA:560,22
DA:581,22
DA:582,22
DA:599,22
DA:614,22
DA:618,22
DA:620,22
DA:621,22
DA:624,22
DA:659,4
DA:660,6
DA:695,4
DA:704,63
DA:708,63
DA:716,0
DA:772,4
DA:778,21
DA:779,21
DA:781,21
DA:782,21
DA:783,21
DA:784,21
DA:792,21
DA:793,0
DA:795,21
DA:797,21
DA:813,12
DA:841,4
DA:846,21
DA:851,12
DA:883,4
DA:894,21
DA:896,21
DA:901,21
DA:906,21
DA:907,21
DA:909,21
DA:910,21
DA:918,21
DA:924,21
DA:963,4
DA:972,3
DA:973,0
DA:975,3
DA:977,3
DA:982,39
DA:996,3
DA:998,3
DA:1012,32
DA:1043,4
DA:1044,21
DA:1046,21
DA:1047,0
DA:1049,21
DA:1050,21
DA:1078,66
DA:1089,66
DA:1090,66
DA:1091,66
DA:1092,66
DA:1094,22
DA:1096,22
DA:1098,22
DA:1100,22
DA:1102,0
DA:1104,0
DA:1106,22
DA:1108,22
DA:1110,0
DA:1114,66
DA:1117,66
DA:1126,22
DA:1157,4
DA:1159,0
DA:1195,4
DA:1230,4
DA:1232,0
DA:1268,4
DA:1270,21
DA:1306,4
DA:1308,0
DA:1360,21
DA:1361,0
DA:1363,21
DA:1366,0
DA:1368,21
DA:1372,0
DA:1376,0
DA:1380,0
DA:1400,4
DA:1401,21
DA:1435,4
DA:1438,0
DA:1454,20
DA:1480,4
DA:1487,9
DA:1488,0
DA:1491,9
DA:1494,9
DA:1495,9
DA:1497,0
DA:1499,0
DA:1501,0
DA:1503,0
DA:1506,9
DA:1512,9
DA:1513,9
DA:1523,0
DA:1573,4
DA:1580,14
DA:1584,14
DA:1587,4
DA:1588,22
DA:1589,22
DA:1591,22
DA:1598,0
DA:1602,0
DA:1606,22
DA:1608,22
DA:1611,4
DA:1620,14
DA:1622,14
DA:1625,14
DA:1626,14
DA:1632,14
DA:1661,12
DA:1721,4
DA:1723,4
DA:1725,7632
DA:1732,4
DA:1746,27
DA:1747,27
DA:1749,27
DA:1750,27
DA:1752,27
DA:1754,0
DA:1756,0
DA:1758,0
DA:1760,0
DA:1762,0
DA:1764,0
DA:1766,0
DA:1768,0
DA:1770,0
DA:1772,0
DA:1776,27
DA:1777,27
DA:1779,27
DA:1780,195
DA:1782,195
DA:1785,13
DA:1789,0
DA:1793,13
DA:1794,0
DA:1796,13
DA:1797,195
DA:1801,13
DA:1808,27
DA:1811,27
DA:1814,27
DA:1836,7545
DA:1837,7605
DA:1840,7605
DA:1841,7605
DA:1866,27
DA:1867,0
DA:1870,27
DA:1871,27
DA:1874,405
DA:1891,27
DA:1897,0
DA:1900,14
DA:1923,4
DA:1941,4
DA:1959,4
DA:1965,4
DA:2002,4
DA:2004,4
DA:2005,4
DA:2007,4
DA:2009,24
DA:2010,24
DA:2012,4
DA:2017,36
DA:2023,8
DA:2027,8
DA:2042,4
DA:2043,0
DA:2044,0
DA:2055,24
DA:2074,24
DA:2077,24
DA:2112,4
DA:2113,30
DA:2115,30
DA:2120,0
DA:2123,0
DA:2126,1
DA:2129,0
DA:2136,12
DA:2167,4
DA:2171,0
DA:2173,0
DA:2183,4
DA:2211,4
DA:2214,0
DA:2217,0
DA:2225,0
DA:2226,24
DA:2255,4
DA:2256,4
DA:2257,4
DA:2260,4
DA:2308,4
DA:2315,4
DA:2325,4
DA:2326,4
DA:2328,4
DA:2329,4
DA:2331,4
DA:2333,0
DA:2335,0
DA:2337,4
DA:2339,0
DA:2341,0
DA:2344,0
DA:2346,0
DA:2350,4
DA:2359,4
DA:2367,4
DA:2368,4
DA:2402,48
DA:2433,4
DA:2436,5
DA:2446,5
DA:2448,28
DA:2483,4
DA:2494,3
DA:2497,4
DA:2521,4
DA:2572,4
DA:2573,5
DA:2574,5
DA:2577,5
DA:2578,5
DA:2580,5
DA:2582,5
DA:2585,5
DA:2587,5
DA:2595,0
DA:2599,2
DA:2600,2
DA:2607,5
DA:2608,0
DA:2611,5
DA:2615,5
DA:2667,4
DA:2668,6
DA:2669,6
DA:2670,6
DA:2673,6
DA:2674,6
DA:2678,2
DA:2682,0
DA:2685,6
DA:2686,8
DA:2726,4
DA:2727,5
DA:2729,5
DA:2739,24
DA:2764,4
DA:2769,0
DA:2770,0
DA:2780,0
DA:2827,4
DA:2852,4
DA:2853,4
DA:2854,4
DA:2864,4
DA:2908,4
DA:2909,0
DA:2910,0
DA:2959,4
DA:2962,0
DA:3000,4
DA:3003,9
DA:3005,9
DA:3097,4
DA:3098,9
DA:3099,9
DA:3100,9
DA:3101,9
DA:3102,9
DA:3103,9
DA:3104,9
DA:3105,9
DA:3107,9
DA:3109,0
DA:3111,9
DA:3115,0
DA:3117,0
DA:3119,0
DA:3123,0
DA:3127,9
DA:3144,8
DA:3169,4
DA:3170,0
DA:3171,0
DA:3208,4
DA:3210,18
DA:3214,54
DA:3262,4
DA:3269,4
DA:3278,4
DA:3281,4
DA:3282,4
DA:3283,4
DA:3285,4
DA:3286,4
DA:3288,4
DA:3290,4
DA:3292,0
DA:3296,0
DA:3298,0
DA:3300,0
DA:3302,0
DA:3304,0
DA:3306,0
DA:3308,0
DA:3310,0
DA:3312,0
DA:3316,4
DA:3317,4
DA:3318,4
DA:3320,4
DA:3321,4
DA:3322,4
DA:3323,4
DA:3337,4
DA:3354,4
DA:3397,0
DA:3431,4
DA:3441,4
DA:3491,4
DA:3497,16
DA:3498,16
DA:3503,16
DA:3553,8
DA:3594,4
DA:3595,26
DA:3597,26
DA:3608,4
DA:3609,13
DA:3610,13
DA:3612,5
DA:3615,13
DA:3628,8
DA:3655,8
DA:3686,4
DA:3689,108
DA:3702,4
DA:3730,4
DA:3731,8
DA:3732,8
DA:3733,8
DA:3807,4
DA:3810,0
DA:3811,0
DA:3813,0
DA:3816,0
DA:3817,0
DA:3818,0
DA:3825,0
DA:3826,0
DA:3860,0
DA:3927,4
DA:3931,9
DA:3933,9
DA:3979,0
DA:4018,4
DA:4019,32
DA:4020,32
DA:4023,32
DA:4024,32
DA:4028,32
DA:4030,32
DA:4033,32
DA:4037,32
DA:4038,0
DA:4041,32
DA:4042,2
DA:4049,0
DA:4050,0
DA:4055,1
DA:4059,1
DA:4060,1
DA:4061,1
DA:4062,1
DA:4070,32
DA:4081,32
DA:4085,0
DA:4092,32
DA:4116,1
DA:4119,32
DA:4123,3
DA:4137,32
DA:4191,45
DA:4192,45
DA:4193,45
DA:4194,45
DA:4196,45
DA:4208,45
DA:4214,3
DA:4221,3
DA:4225,18
DA:4231,9
DA:4232,6
DA:4235,6
DA:4250,3
DA:4251,3
DA:4252,3
DA:4261,45
DA:4262,12
DA:4268,33
DA:4277,33
DA:4309,4
DA:4338,4
DA:4339,3
DA:4345,3
DA:4347,8
DA:4379,4
DA:4382,0
DA:4383,0
DA:4384,0
DA:4389,0
DA:4410,0
DA:4437,4
DA:4438,0
DA:4439,0
DA:4443,0
DA:4449,0
DA:4500,4
DA:4510,4
DA:4513,3
DA:4514,3
DA:4516,3
DA:4517,5
DA:4521,3
DA:4525,3
DA:4545,0
DA:4585,28
DA:4588,28
DA:4592,28
DA:4638,4
DA:4645,4
DA:4646,4
DA:4647,0
DA:4650,4
DA:4651,1
DA:4655,3
DA:4656,3
DA:4658,3
DA:4667,3
DA:4698,4
DA:4700,38
DA:4701,0
DA:4703,38
DA:4704,38
DA:4705,38
DA:4706,38
DA:4707,15
DA:4710,23
DA:4711,23
DA:4717,23
DA:4719,23
DA:4728,23
DA:4737,38
DA:4794,4
DA:4798,8
DA:4853,4
DA:4868,4
DA:4896,4
DA:4903,29
DA:4905,29
DA:4907,25
DA:4913,0
DA:4919,4
DA:4925,0
DA:4931,0
DA:4937,0
DA:4953,4
DA:4970,29
DA:4971,29
DA:4978,29
DA:4983,0
DA:5000,4
DA:5015,0
DA:5024,0
DA:5037,0
DA:5047,25
DA:5055,0
DA:5067,0
DA:5074,0
DA:5082,0
DA:5092,0
DA:5120,4
DA:5137,4
DA:5152,29
DA:5153,29
DA:5205,4
DA:5208,32
DA:5234,4
DA:5245,4
DA:5246,4
DA:5247,4
DA:5248,4
DA:5249,4
DA:5251,4
DA:5253,8
DA:5265,8
DA:5342,4
DA:5343,6
DA:5349,42
DA:5350,12
DA:5355,12
DA:5357,18
DA:5394,6
DA:5419,6
DA:5423,6
DA:5424,6
DA:5427,0
DA:5430,0
DA:5438,6
DA:5447,6
DA:5448,18
DA:5452,4
DA:5457,6
DA:5463,6
DA:5489,6
DA:5490,0
DA:5499,6
DA:5505,6
DA:5526,20
DA:5547,4
DA:5578,24
DA:5579,24
DA:5582,12
DA:5587,5
DA:5595,384
DA:5603,24
DA:5644,45
DA:5645,45
DA:5648,45
DA:5650,7
DA:5676,4
DA:5680,90
DA:5690,90
DA:5714,24
DA:5716,24
DA:5717,8
DA:5728,24
DA:5730,24
DA:5750,27
DA:5752,0
DA:5754,27
DA:5781,4
DA:5783,24
DA:5784,24
DA:5785,24
DA:5796,24
DA:5803,4
DA:5830,24
DA:5831,24
DA:5837,12
DA:5839,5
DA:5845,24
DA:5881,4
DA:5882,4
DA:5883,4
DA:5884,1
DA:5885,1
DA:5893,4
DA:5894,1
DA:5898,0
DA:5901,2
DA:5903,1
DA:5910,2
DA:5911,1
DA:5915,4
DA:5949,45
DA:5950,45
DA:5951,45
DA:5953,45
DA:5954,45
DA:5956,45
DA:5957,0
DA:5958,0
DA:5959,0
DA:5971,0
DA:5978,45
DA:6014,4
DA:6017,186
DA:6018,186
DA:6019,8
DA:6046,4
DA:6050,45
DA:6051,45
DA:6052,45
DA:6060,7
DA:6063,6
DA:6066,6
DA:6078,18
DA:6081,45
DA:6115,4
DA:6121,4
DA:6126,4
DA:6132,4
DA:6137,4
DA:6142,4
DA:6148,4
DA:6154,4
DA:6160,4
DA:6166,4
DA:6172,4
DA:6183,4
DA:6202,4
DA:6221,4
DA:6228,4
DA:6235,4
DA:6242,4
DA:6248,4
DA:6255,4
DA:6261,4
DA:6267,4
DA:6274,4
DA:6282,4
DA:6289,4
DA:6297,4
DA:6313,96
DA:6334,4
DA:6336,4
DA:6342,4
DA:6350,4
DA:6356,4
DA:6364,4
DA:6370,4
DA:6378,4
DA:6405,4
DA:6415,4
DA:6419,4
DA:6439,20
DA:6635,4
DA:6663,4
DA:6682,4
DA:6701,4
DA:6709,4
DA:6713,4
DA:6714,4
DA:6718,4
DA:6719,4
DA:6720,4
DA:6721,4
DA:6722,4
DA:6723,4
DA:6725,4
DA:6728,4
DA:6734,4
DA:6735,0
DA:6738,4
DA:6740,4
DA:6744,4
DA:6745,4
DA:6746,4
DA:6749,4
DA:6750,0
DA:6754,4
DA:6755,0
DA:6760,4
DA:6813,1
DA:6814,1
DA:6815,1
DA:6816,1
DA:6839,21
DA:6842,21
DA:6846,21
DA:6847,21
DA:6869,21
DA:6870,0
DA:6874,21
DA:6893,5
DA:6912,4
DA:6914,4
DA:6916,21
DA:6922,4
DA:6930,4
DA:6987,4
DA:7016,4
DA:7017,18
DA:7051,24
DA:7075,0
DA:7082,0
DA:7094,24
DA:7107,24
DA:7112,24
DA:7116,24
DA:7122,0
DA:7129,0
DA:7132,24
DA:7135,0
DA:7139,0
DA:7146,24
DA:7147,0
DA:7149,24
DA:7150,24
DA:7151,24
DA:7152,24
DA:7153,24
DA:7154,24
DA:7156,0
DA:7157,0
DA:7159,0
DA:7161,0
DA:7162,0
DA:7164,0
DA:7166,24
DA:7167,24
DA:7168,24
DA:7173,24
DA:7174,0
DA:7176,24
DA:7178,0
DA:7179,0
DA:7180,0
DA:7183,0
DA:7184,0
DA:7186,0
DA:7189,0
DA:7193,24
DA:7196,24
DA:7197,0
DA:7199,24
DA:7200,24
DA:7203,0
DA:7206,0
DA:7216,0
DA:7223,0
DA:7224,0
DA:7226,0
DA:7227,0
DA:7232,0
DA:7237,0
DA:7244,0
DA:7249,0
DA:7255,0
DA:7260,0
DA:7266,0
DA:7273,0
DA:7276,0
DA:7277,0
DA:7278,0
DA:7279,0
DA:7284,0
DA:7287,0
DA:7293,24
DA:7294,24
DA:7295,0
DA:7296,24
DA:7297,0
DA:7299,24
DA:7303,24
DA:7304,24
DA:7315,24
DA:7319,24
DA:7323,24
DA:7352,4
DA:7356,6
DA:7357,0
DA:7359,6
DA:7361,6
DA:7362,6
DA:7364,6
DA:7373,4
DA:7377,6
DA:7378,0
DA:7380,6
DA:7381,6
DA:7383,6
DA:7384,6
DA:7385,6
DA:7388,6
DA:7437,4
DA:7445,10
DA:7448,12
DA:7449,12
DA:7459,4
DA:7462,12
DA:7463,12
DA:7466,4
DA:7470,12
DA:7471,12
DA:7475,18
DA:7476,18
DA:7477,18
DA:7482,6
DA:7486,6
DA:7487,6
DA:7492,6
DA:7493,6
DA:7497,6
DA:7503,0
DA:7504,0
DA:7505,0
DA:7506,0
DA:7507,0
DA:7508,0
DA:7514,0
DA:7529,6
DA:7538,4
DA:7542,6
DA:7543,6
DA:7547,4
DA:7553,0
DA:7556,4
DA:7557,6
DA:7565,6
DA:7566,6
DA:7567,6
DA:7571,0
DA:7572,0
DA:7573,0
DA:7578,30
DA:7579,30
DA:7584,0
DA:7585,0
DA:7592,6
DA:7597,6
DA:7604,4
DA:7609,6
DA:7614,6
DA:7616,6
DA:7624,4
DA:7628,6
DA:7629,6
DA:7645,4
DA:7651,6
DA:7652,6
DA:7656,0
DA:7660,0
DA:7664,0
DA:7666,0
DA:7669,0
DA:7674,0
DA:7675,0
DA:7683,6
DA:7684,6
DA:7687,6
DA:7701,0
DA:7704,0
DA:7713,4
DA:7717,0
DA:7721,0
DA:7729,0
DA:7730,0
DA:7736,0
DA:7747,0
DA:7760,0
DA:7772,4
DA:7777,6
DA:7779,6
DA:7781,0
DA:7783,0
DA:7785,0
DA:7787,0
DA:7789,0
DA:7795,0
DA:7805,4
DA:7806,0
DA:7809,4
DA:7810,0
DA:7813,4
DA:7814,0
DA:7817,4
DA:7818,0
DA:7821,4
DA:7822,0
DA:7825,4
DA:7826,4
DA:7830,0
DA:7831,0
DA:7832,0
DA:7836,0
DA:7837,0
DA:7838,0
DA:7839,0
DA:7842,0
DA:7843,0
DA:7845,0
DA:7847,0
DA:7851,4
DA:7852,4
DA:7853,4
DA:7854,4
DA:7855,4
DA:7856,4
DA:7857,0
DA:7858,4
DA:7859,0
DA:7860,4
DA:7861,0
DA:7864,4
DA:7871,4
DA:7876,4
DA:7904,4
DA:7909,13
DA:7914,13
DA:7921,14
DA:7923,4
DA:7928,14
DA:7931,14
DA:7938,14
DA:7948,4
DA:7954,14
DA:7955,14
DA:7956,14
DA:7979,14
DA:7987,14
DA:7992,14
DA:7996,14
DA:8005,14
DA:8007,0
DA:8020,0
DA:8023,0
DA:8025,0
DA:8027,0
DA:8029,0
DA:8031,14
DA:8047,14
DA:8057,14
DA:8059,14
DA:8060,13
DA:8069,4
DA:8070,26
DA:8071,12
DA:8119,4
DA:8120,0
DA:8126,0
DA:8130,12
DA:8131,12
DA:8132,12
DA:8140,0
DA:8146,18
DA:8149,18
DA:8151,0
DA:8157,12
DA:8163,6
DA:8169,24
DA:8172,24
DA:8174,0
DA:8176,24
DA:8178,0
DA:8180,0
DA:8182,0
DA:8184,0
DA:8186,0
DA:8188,0
DA:8192,4
DA:8196,24
DA:8197,0
DA:8200,24
DA:8201,24
DA:8202,0
DA:8203,24
DA:8205,24
DA:8209,0
DA:8212,0
DA:8213,0
DA:8214,0
DA:8216,0
DA:8218,0
DA:8222,0
DA:8225,4
DA:8228,6
DA:8229,6
DA:8235,4
DA:8239,6
DA:8243,6
DA:8248,0
DA:8249,0
DA:8250,0
DA:8256,0
DA:8261,0
DA:8266,0
DA:8269,6
DA:8276,0
DA:8277,0
DA:8279,0
DA:8284,0
DA:8287,4
DA:8291,0
DA:8300,0
DA:8314,12
DA:8315,12
DA:8327,12
DA:8334,4
DA:8336,12
DA:8340,12
DA:8343,4
DA:8347,12
DA:8351,12
DA:8352,12
DA:8353,12
DA:8369,12
DA:8377,6
DA:8381,6
DA:8382,0
DA:8385,6
DA:8387,6
DA:8400,4
DA:8401,6
DA:8402,0
DA:8428,0
DA:8429,0
DA:8430,0
DA:8433,0
DA:8435,4
DA:8442,0
DA:8443,0
DA:8453,4
DA:8457,0
DA:8468,0
DA:8471,4
DA:8472,0
DA:8480,0
DA:8482,4
DA:8518,4
DA:8527,4
DA:8528,45
DA:8539,5
DA:8542,5
DA:8544,5
DA:8562,5
DA:8564,85
DA:8565,20
DA:8566,20
DA:8567,20
DA:8571,20
DA:8580,65
DA:8585,25
DA:8616,6
DA:8617,6
DA:8618,6
DA:8629,6
DA:8650,6
DA:8653,36
DA:8657,18
DA:8731,6
DA:8732,6
DA:8735,6
DA:8754,6
DA:8755,6
DA:8787,0
DA:8789,0
DA:8796,4
DA:8800,6
DA:8801,6
DA:8805,0
DA:8806,0
DA:8810,0
DA:8811,0
DA:8813,0
DA:8818,0
DA:8827,18
DA:8833,0
DA:8837,4
DA:8850,12
DA:8851,0
DA:8852,0
DA:8854,0
DA:8855,0
DA:8858,0
DA:8865,12
DA:8874,18
DA:8875,18
DA:8876,18
DA:8877,0
DA:8878,0
DA:8882,0
DA:8883,0
DA:8888,18
DA:8898,18
DA:8899,18
DA:8904,0
DA:8906,0
DA:8910,0
DA:8912,0
DA:8917,0
DA:8918,0
DA:8919,0
DA:8923,0
DA:8925,0
DA:8926,0
DA:8927,0
DA:8939,18
DA:8975,0
DA:8979,4
DA:8980,0
DA:8982,0
DA:8994,0
DA:8999,0
DA:9007,4
DA:9010,0
DA:9018,0
DA:9022,4
DA:9023,0
DA:9024,0
DA:9026,0
DA:9028,0
DA:9029,0
DA:9032,0
DA:9034,0
DA:9036,0
DA:9038,0
DA:9040,0
DA:9045,0
DA:9049,0
DA:9059,0
DA:9061,0
DA:9075,0
DA:9087,0
DA:9091,0
DA:9102,4
DA:9161,4
DA:9165,4
DA:9170,4
DA:9171,0
DA:9172,0
DA:9173,0
DA:9174,0
DA:9175,0
DA:9178,0
DA:9182,0
DA:9186,4
DA:9190,0
DA:9191,0
DA:9193,0
DA:9194,0
DA:9195,0
DA:9196,0
DA:9199,0
DA:9207,0
DA:9208,0
DA:9209,0
DA:9211,0
DA:9216,0
DA:9222,0
DA:9223,0
DA:9229,0
DA:9230,0
DA:9235,0
DA:9237,0
DA:9240,0
DA:9245,0
DA:9248,4
DA:9253,4
DA:9254,0
DA:9257,4
DA:9258,0
DA:9262,0
DA:9272,0
DA:9276,0
DA:9278,0
DA:9288,0
DA:9290,0
DA:9292,0
DA:9303,0
DA:9310,0
DA:9316,4
DA:9317,0
DA:9318,4
DA:9319,0
DA:9353,4
DA:9356,209
DA:9363,209
DA:9372,209
DA:9375,209
DA:9376,209
DA:9377,209
DA:9379,209
DA:9383,209
DA:9387,209
DA:9391,209
DA:9394,209
DA:9395,209
DA:9396,209
DA:9397,209
DA:9403,209
DA:9421,209
DA:9426,4
DA:9427,209
DA:9428,0
DA:9431,209
DA:9432,0
DA:9443,209
DA:9444,209
DA:9450,4
DA:9451,84
DA:9452,84
DA:9453,84
DA:9454,84
DA:9458,84
DA:9482,0
DA:9483,0
DA:9497,14
DA:9499,14
DA:9500,14
DA:9501,14
DA:9503,14
DA:9542,0
DA:9545,22
DA:9546,22
DA:9547,22
DA:9552,22
DA:9553,22
DA:9555,22
DA:9572,4
DA:9581,4
DA:9590,4
DA:9599,4
DA:9605,4
DA:9609,4
DA:9628,4
DA:9634,4
DA:9640,4
DA:9648,4
LF:1300
LH:894
BRDA:65,f0_0,0,0
BRDA:85,f0_1,0,22
BRDA:85,f0_1,1,10
BRDA:86,f0_2,0,22
BRDA:87,f0_3,0,22
BRDA:87,f0_3,1,0
BRDA:97,f0_4,0,12
BRDA:97,f0_4,1,10
BRDA:106,f0_5,0,22
BRDA:106,f0_5,1,12
BRDA:107,f0_6,0,22
BRDA:107,f0_6,1,22
BRDA:108,f0_7,0,22
BRDA:108,f0_7,1,22
BRDA:115,f0_8,0,22
BRDA:115,f0_8,1,20
BRDA:115,f0_8,2,20
BRDA:132,f0_9,0,22
BRDA:132,f0_9,1,22
BRDA:173,f1_0,0,3
BRDA:173,f1_0,1,0
BRDA:222,f2_0,0,0
BRDA:222,f2_0,1,0
BRDA:222,f2_1,0,0
BRDA:222,f2_1,1,0
BRDA:261,f3_0,0,0
BRDA:261,f3_0,1,0
BRDA:261,f3_1,0,0
BRDA:261,f3_1,1,0
BRDA:311,f4_0,0,3
BRDA:314,f4_1,0,0
BRDA:314,f4_1,1,3
BRDA:314,f4_1,2,0
BRDA:314,f4_1,3,0
BRDA:314,f4_1,4,0
BRDA:392,f5_0,0,0
BRDA:392,f5_0,1,0
BRDA:384,f5_1,0,0
BRDA:384,f5_1,1,0
BRDA:493,f6_0,0,0
BRDA:493,f6_0,1,0
BRDA:493,f6_1,0,0
BRDA:493,f6_1,1,0
BRDA:491,f6_2,0,0
BRDA:491,f6_2,1,0
BRDA:491,f6_3,0,0
BRDA:491,f6_3,1,0
BRDA:491,f6_3,2,0
BRDA:477,f6_4,0,0
BRDA:477,f6_4,1,0
BRDA:477,f6_4,2,0
BRDA:477,f6_4,3,0
BRDA:477,f6_4,4,0
BRDA:474,f6_5,0,0
BRDA:474,f6_5,1,0
BRDA:473,f6_6,0,0
BRDA:473,f6_6,1,0
BRDA:522,f6_7,0,22
BRDA:522,f6_7,1,10
BRDA:581,f6_8,0,0
BRDA:581,f6_8,1,22
BRDA:581,f6_9,0,22
BRDA:581,f6_9,1,22
BRDA:582,f6_10,0,22
BRDA:582,f6_10,1,0
BRDA:582,f6_11,0,22
BRDA:582,f6_11,1,22
BRDA:583,f6_12,0,0
BRDA:583,f6_12,1,22
BRDA:538,f6_13,0,22
BRDA:538,f6_13,1,0
BRDA:536,f6_14,0,0
BRDA:536,f6_14,1,22
BRDA:536,f6_15,0,22
BRDA:536,f6_15,1,22
BRDA:560,f6_16,0,22
BRDA:560,f6_16,1,0
BRDA:560,f6_17,0,22
BRDA:560,f6_17,1,22
BRDA:614,f6_18,0,0
BRDA:620,f6_19,0,0
BRDA:620,f6_19,1,22
BRDA:620,f6_20,0,22
BRDA:620,f6_20,1,22
BRDA:620,f6_20,2,22
BRDA:630,f6_21,0,0
BRDA:630,f6_21,1,22
BRDA:633,f6_22,0,22
BRDA:633,f6_22,1,0
BRDA:635,f6_23,0,22
BRDA:635,f6_23,1,20
BRDA:527,f6_24,0,3
BRDA:527,f6_24,1,3
BRDA:640,f6_25,0,22
BRDA:640,f6_25,1,0
BRDA:640,f6_26,0,22
BRDA:640,f6_26,1,22
BRDA:660,f6_27,0,6
BRDA:660,f6_27,1,0
BRDA:660,f6_28,0,6
BRDA:660,f6_28,1,6
BRDA:708,f7_0,0,42
BRDA:708,f7_0,1,21
BRDA:709,f7_1,0,42
BRDA:709,f7_1,1,0
BRDA:782,f8_0,0,21
BRDA:792,f8_1,0,0
BRDA:972,f11_0,0,0
BRDA:972,f11_1,0,3
BRDA:972,f11_1,1,3
BRDA:979,f11_2,0,3
BRDA:979,f11_2,1,0
BRDA:979,f11_3,0,3
BRDA:979,f11_3,1,3
BRDA:979,f11_4,0,0
BRDA:979,f11_4,1,3
BRDA:979,f11_5,0,3
BRDA:979,f11_5,1,3
BRDA:979,f11_5,2,3
BRDA:1046,f12_0,0,0
BRDA:1089,f13_0,0,66
BRDA:1089,f13_0,1,0
BRDA:1090,f13_1,0,66
BRDA:1090,f13_1,1,0
BRDA:1091,f13_2,0,66
BRDA:1091,f13_2,1,0
BRDA:1092,f13_3,0,22
BRDA:1092,f13_3,1,22
BRDA:1092,f13_3,2,0
BRDA:1092,f13_3,3,22
BRDA:1092,f13_3,4,0
BRDA:1173,f14_0,0,0
BRDA:1173,f14_0,1,0
BRDA:1246,f16_0,0,0
BRDA:1246,f16_0,1,0
BRDA:1284,f17_0,0,21
BRDA:1284,f17_0,1,21
BRDA:1322,f18_0,0,0
BRDA:1322,f18_0,1,0
BRDA:1360,f19_0,0,0
BRDA:1360,f19_1,0,21
BRDA:1360,f19_1,1,0
BRDA:1363,f19_2,0,0
BRDA:1363,f19_2,1,21
BRDA:1363,f19_2,2,0
BRDA:1363,f19_2,3,0
BRDA:1363,f19_2,4,0
BRDA:1447,f21_0,0,0
BRDA:1447,f21_0,1,0
BRDA:1448,f21_1,0,0
BRDA:1448,f21_1,1,0
BRDA:1449,f21_2,0,0
BRDA:1449,f21_2,1,0
BRDA:1450,f21_3,0,0
BRDA:1450,f21_3,1,0
BRDA:1482,f22_0,0,0
BRDA:1483,f22_1,0,0
BRDA:1487,f22_2,0,0
BRDA:1491,f22_3,0,9
BRDA:1491,f22_3,1,0
BRDA:1495,f22_4,0,0
BRDA:1495,f22_4,1,0
BRDA:1495,f22_4,2,0
BRDA:1495,f22_4,3,0
BRDA:1495,f22_4,4,9
BRDA:1591,f23_0,0,0
BRDA:1592,f23_1,0,22
BRDA:1592,f23_1,1,22
BRDA:1592,f23_1,2,22
BRDA:1592,f23_1,3,22
BRDA:1614,f23_2,0,0
BRDA:1615,f23_3,0,0
BRDA:1625,f23_4,0,14
BRDA:1625,f23_4,1,0
BRDA:1625,f23_5,0,0
BRDA:1625,f23_5,1,14
BRDA:1625,f23_6,0,14
BRDA:1625,f23_6,1,14
BRDA:1626,f23_7,0,0
BRDA:1626,f23_7,1,14
BRDA:1630,f23_8,0,0
BRDA:1630,f23_8,1,14
BRDA:1642,f23_9,0,5
BRDA:1642,f23_9,1,9
BRDA:1643,f23_10,0,5
BRDA:1643,f23_10,1,9
BRDA:1644,f23_11,0,5
BRDA:1644,f23_11,1,9
BRDA:1635,f23_12,0,0
BRDA:1635,f23_12,1,14
BRDA:1647,f23_13,0,14
BRDA:1647,f23_13,1,0
BRDA:1725,f24_0,0,7632
BRDA:1725,f24_0,1,7125
BRDA:1725,f24_0,2,6618
BRDA:1725,f24_0,3,6111
BRDA:1733,f24_1,0,0
BRDA:1734,f24_2,0,0
BRDA:1737,f24_3,0,0
BRDA:1738,f24_4,0,19
BRDA:1739,f24_5,0,27
BRDA:1741,f24_6,0,18
BRDA:1750,f24_7,0,27
BRDA:1750,f24_7,1,0
BRDA:1750,f24_7,2,0
BRDA:1750,f24_7,3,0
BRDA:1750,f24_7,4,0
BRDA:1750,f24_7,5,0
BRDA:1750,f24_7,6,0
BRDA:1750,f24_7,7,0
BRDA:1750,f24_7,8,0
BRDA:1750,f24_7,9,0
BRDA:1750,f24_7,10,0
BRDA:1782,f24_8,0,195
BRDA:1782,f24_8,1,182
BRDA:1785,f24_9,0,13
BRDA:1785,f24_9,1,0
BRDA:1794,f24_10,0,13
BRDA:1794,f24_10,1,0
BRDA:1794,f24_11,0,13
BRDA:1794,f24_11,1,13
BRDA:1794,f24_11,2,0
BRDA:1797,f24_12,0,0
BRDA:1797,f24_12,1,13
BRDA:1799,f24_13,0,13
BRDA:1799,f24_13,1,13
BRDA:1801,f24_14,0,0
BRDA:1801,f24_14,1,13
BRDA:1808,f24_15,0,9
BRDA:1808,f24_15,1,18
BRDA:1811,f24_16,0,9
BRDA:1811,f24_16,1,18
BRDA:1817,f24_17,0,5
BRDA:1817,f24_17,1,9
BRDA:1819,f24_18,0,14
BRDA:1819,f24_18,1,0
BRDA:1820,f24_19,0,0
BRDA:1820,f24_19,1,14
BRDA:1826,f24_20,0,0
BRDA:1826,f24_20,1,14
BRDA:1826,f24_21,0,14
BRDA:1826,f24_21,1,0
BRDA:1837,f24_22,0,507
BRDA:1837,f24_22,1,7098
BRDA:1841,f24_23,0,0
BRDA:1841,f24_23,1,7605
BRDA:1841,f24_24,0,7605
BRDA:1841,f24_24,1,2028
BRDA:1866,f24_25,0,0
BRDA:1870,f24_26,0,27
BRDA:1874,f24_27,0,27
BRDA:1874,f24_27,1,378
BRDA:1880,f24_28,0,27
BRDA:1880,f24_28,1,27
BRDA:2018,f26_0,0,0
BRDA:2018,f26_0,1,36
BRDA:2018,f26_1,0,36
BRDA:2018,f26_1,1,36
BRDA:2018,f26_1,2,36
BRDA:2018,f26_1,3,36
BRDA:2027,f26_2,0,8
BRDA:2027,f26_2,1,0
BRDA:2028,f26_3,0,0
BRDA:2028,f26_3,1,0
BRDA:2001,f26_4,0,0
BRDA:2001,f26_4,1,4
BRDA:2044,f26_5,0,0
BRDA:2044,f26_5,1,0
BRDA:2049,f26_6,0,0
BRDA:2049,f26_6,1,0
BRDA:2178,f28_0,0,0
BRDA:2178,f28_0,1,0
BRDA:2183,f28_1,0,0
BRDA:2183,f28_1,1,0
BRDA:2229,f29_0,0,0
BRDA:2229,f29_0,1,0
BRDA:2231,f29_1,0,0
BRDA:2231,f29_1,1,0
BRDA:2257,f30_0,0,4
BRDA:2257,f30_0,1,0
BRDA:2257,f30_0,2,0
BRDA:2258,f30_1,0,0
BRDA:2258,f30_1,1,4
BRDA:2258,f30_2,0,0
BRDA:2258,f30_2,1,0
BRDA:2258,f30_3,0,0
BRDA:2258,f30_3,1,0
BRDA:2260,f30_4,0,4
BRDA:2260,f30_4,1,0
BRDA:2315,f31_0,0,4
BRDA:2315,f31_0,1,0
BRDA:2329,f31_1,0,0
BRDA:2331,f31_2,0,0
BRDA:2331,f31_2,1,0
BRDA:2331,f31_2,2,4
BRDA:2331,f31_2,3,0
BRDA:2331,f31_2,4,0
BRDA:2331,f31_2,5,0
BRDA:2331,f31_2,6,0
BRDA:2331,f31_2,7,0
BRDA:2361,f31_3,0,4
BRDA:2361,f31_3,1,0
BRDA:2361,f31_4,0,4
BRDA:2361,f31_4,1,4
BRDA:2361,f31_5,0,0
BRDA:2361,f31_5,1,4
BRDA:2361,f31_6,0,4
BRDA:2361,f31_6,1,4
BRDA:2361,f31_7,0,4
BRDA:2361,f31_7,1,0
BRDA:2361,f31_8,0,4
BRDA:2361,f31_8,1,4
BRDA:2359,f31_9,0,0
BRDA:2359,f31_9,1,4
BRDA:2359,f31_10,0,4
BRDA:2359,f31_10,1,4
BRDA:2365,f31_11,0,4
BRDA:2365,f31_11,1,0
BRDA:2378,f31_12,0,4
BRDA:2378,f31_12,1,0
BRDA:2378,f31_13,0,4
BRDA:2378,f31_13,1,4
BRDA:2378,f31_14,0,0
BRDA:2378,f31_14,1,4
BRDA:2378,f31_15,0,4
BRDA:2378,f31_15,1,4
BRDA:2382,f31_16,0,4
BRDA:2382,f31_16,1,0
BRDA:2382,f31_17,0,4
BRDA:2382,f31_17,1,4
BRDA:2372,f31_18,0,0
BRDA:2372,f31_18,1,4
BRDA:2372,f31_19,0,4
BRDA:2372,f31_19,1,4
BRDA:2494,f33_0,0,3
BRDA:2494,f33_0,1,1
BRDA:2494,f33_0,2,1
BRDA:2499,f33_1,0,4
BRDA:2499,f33_1,1,0
BRDA:2513,f33_2,0,4
BRDA:2513,f33_2,1,2
BRDA:2518,f33_3,0,4
BRDA:2518,f33_3,1,2
BRDA:2518,f33_3,2,2
BRDA:2577,f34_0,0,5
BRDA:2577,f34_0,1,5
BRDA:2577,f34_0,2,0
BRDA:2577,f34_1,0,5
BRDA:2577,f34_1,1,0
BRDA:2578,f34_2,0,0
BRDA:2578,f34_3,0,0
BRDA:2578,f34_4,0,5
BRDA:2578,f34_4,1,0
BRDA:2579,f34_5,0,0
BRDA:2579,f34_5,1,5
BRDA:2580,f34_6,0,5
BRDA:2580,f34_6,1,0
BRDA:2580,f34_7,0,0
BRDA:2580,f34_7,1,5
BRDA:2580,f34_8,0,5
BRDA:2580,f34_8,1,5
BRDA:2582,f34_9,0,5
BRDA:2582,f34_9,1,5
BRDA:2582,f34_9,2,0
BRDA:2583,f34_10,0,0
BRDA:2583,f34_10,1,5
BRDA:2583,f34_11,0,5
BRDA:2583,f34_11,1,0
BRDA:2583,f34_12,0,5
BRDA:2583,f34_12,1,5
BRDA:2583,f34_13,0,0
BRDA:2583,f34_13,1,5
BRDA:2607,f34_14,0,0
BRDA:2599,f34_15,0,2
BRDA:2599,f34_15,1,2
BRDA:2605,f34_16,0,5
BRDA:2605,f34_16,1,5
BRDA:2605,f34_16,2,5
BRDA:2611,f34_17,0,5
BRDA:2611,f34_17,1,5
BRDA:2611,f34_17,2,5
BRDA:2611,f34_18,0,0
BRDA:2611,f34_18,1,5
BRDA:2611,f34_19,0,5
BRDA:2611,f34_19,1,5
BRDA:2611,f34_19,2,5
BRDA:2612,f34_20,0,0
BRDA:2612,f34_20,1,5
BRDA:2612,f34_21,0,5
BRDA:2612,f34_21,1,5
BRDA:2612,f34_21,2,5
BRDA:2613,f34_22,0,0
BRDA:2613,f34_22,1,5
BRDA:2613,f34_23,0,5
BRDA:2613,f34_23,1,5
BRDA:2613,f34_23,2,5
BRDA:2673,f34_24,0,6
BRDA:2673,f34_24,1,6
BRDA:2673,f34_24,2,0
BRDA:2673,f34_25,0,6
BRDA:2673,f34_25,1,0
BRDA:2674,f34_26,0,0
BRDA:2674,f34_27,0,0
BRDA:2674,f34_28,0,6
BRDA:2674,f34_28,1,0
BRDA:2675,f34_29,0,0
BRDA:2675,f34_29,1,6
BRDA:2685,f34_30,0,6
BRDA:2685,f34_30,1,0
BRDA:2685,f34_31,0,6
BRDA:2685,f34_31,1,6
BRDA:2685,f34_31,2,6
BRDA:2691,f34_32,0,6
BRDA:2691,f34_32,1,2
BRDA:2729,f35_0,0,1
BRDA:2729,f35_0,1,4
BRDA:2773,f36_0,0,0
BRDA:2773,f36_0,1,0
BRDA:2775,f36_1,0,0
BRDA:2775,f36_1,1,0
BRDA:2784,f36_2,0,0
BRDA:2784,f36_2,1,0
BRDA:2784,f36_3,0,0
BRDA:2784,f36_3,1,0
BRDA:2784,f36_4,0,0
BRDA:2784,f36_4,1,0
BRDA:2784,f36_5,0,0
BRDA:2784,f36_5,1,0
BRDA:2785,f36_6,0,0
BRDA:2785,f36_6,1,0
BRDA:2785,f36_7,0,0
BRDA:2785,f36_7,1,0
BRDA:2788,f36_8,0,0
BRDA:2788,f36_8,1,0
BRDA:2798,f36_9,0,0
BRDA:2798,f36_9,1,0
BRDA:2802,f36_10,0,0
BRDA:2802,f36_10,1,0
BRDA:2802,f36_11,0,0
BRDA:2802,f36_11,1,0
BRDA:2802,f36_11,2,0
BRDA:2802,f36_11,3,0
BRDA:2780,f36_12,0,0
BRDA:2780,f36_12,1,0
BRDA:2780,f36_13,0,0
BRDA:2780,f36_13,1,0
BRDA:2857,f38_0,0,4
BRDA:2857,f38_0,1,4
BRDA:2859,f38_1,0,0
BRDA:2859,f38_1,1,4
BRDA:2868,f38_2,0,4
BRDA:2868,f38_2,1,0
BRDA:2868,f38_3,0,4
BRDA:2868,f38_3,1,4
BRDA:2868,f38_4,0,0
BRDA:2868,f38_4,1,4
BRDA:2868,f38_5,0,4
BRDA:2868,f38_5,1,4
BRDA:2869,f38_6,0,4
BRDA:2869,f38_6,1,0
BRDA:2869,f38_7,0,4
BRDA:2869,f38_7,1,4
BRDA:2872,f38_8,0,4
BRDA:2872,f38_8,1,4
BRDA:2864,f38_9,0,0
BRDA:2864,f38_9,1,4
BRDA:2864,f38_10,0,4
BRDA:2864,f38_10,1,4
BRDA:2913,f39_0,0,0
BRDA:2913,f39_0,1,0
BRDA:2913,f39_1,0,0
BRDA:2913,f39_1,1,0
BRDA:2916,f39_2,0,0
BRDA:2916,f39_2,1,0
BRDA:2916,f39_3,0,0
BRDA:2916,f39_3,1,0
BRDA:2920,f39_4,0,0
BRDA:2920,f39_4,1,0
BRDA:2922,f39_5,0,0
BRDA:2922,f39_5,1,0
BRDA:2922,f39_6,0,0
BRDA:2922,f39_6,1,0
BRDA:2929,f39_7,0,0
BRDA:2929,f39_7,1,0
BRDA:2931,f39_8,0,0
BRDA:2931,f39_8,1,0
BRDA:2931,f39_9,0,0
BRDA:2931,f39_9,1,0
BRDA:2933,f39_10,0,0
BRDA:2933,f39_10,1,0
BRDA:2933,f39_11,0,0
BRDA:2933,f39_11,1,0
BRDA:2972,f40_0,0,0
BRDA:2972,f40_0,1,0
BRDA:2972,f40_1,0,0
BRDA:2972,f40_1,1,0
BRDA:2975,f40_2,0,0
BRDA:2975,f40_2,1,0
BRDA:2975,f40_3,0,0
BRDA:2975,f40_3,1,0
BRDA:3009,f41_0,0,9
BRDA:3009,f41_0,1,0
BRDA:3010,f41_1,0,0
BRDA:3010,f41_1,1,9
BRDA:3010,f41_2,0,9
BRDA:3010,f41_2,1,9
BRDA:3011,f41_3,0,0
BRDA:3011,f41_3,1,9
BRDA:3011,f41_4,0,9
BRDA:3011,f41_4,1,9
BRDA:3024,f41_5,0,0
BRDA:3024,f41_5,1,9
BRDA:3024,f41_6,0,9
BRDA:3024,f41_6,1,9
BRDA:3024,f41_6,2,9
BRDA:3024,f41_6,3,9
BRDA:3029,f41_7,0,9
BRDA:3029,f41_7,1,0
BRDA:3029,f41_8,0,9
BRDA:3029,f41_8,1,9
BRDA:3029,f41_9,0,0
BRDA:3029,f41_9,1,9
BRDA:3029,f41_10,0,9
BRDA:3029,f41_10,1,9
BRDA:3029,f41_10,2,9
BRDA:3029,f41_10,3,9
BRDA:3029,f41_10,4,9
BRDA:3029,f41_10,5,9
BRDA:3030,f41_11,0,0
BRDA:3030,f41_11,1,9
BRDA:3030,f41_12,0,9
BRDA:3030,f41_12,1,9
BRDA:3035,f41_13,0,9
BRDA:3035,f41_13,1,0
BRDA:3035,f41_14,0,9
BRDA:3035,f41_14,1,9
BRDA:3035,f41_15,0,0
BRDA:3035,f41_15,1,9
BRDA:3035,f41_16,0,9
BRDA:3035,f41_16,1,9
BRDA:3035,f41_16,2,9
BRDA:3035,f41_16,3,9
BRDA:3035,f41_16,4,9
BRDA:3035,f41_16,5,9
BRDA:3036,f41_17,0,0
BRDA:3036,f41_17,1,9
BRDA:3036,f41_18,0,9
BRDA:3036,f41_18,1,9
BRDA:3040,f41_19,0,9
BRDA:3040,f41_19,1,0
BRDA:3042,f41_20,0,0
BRDA:3042,f41_20,1,9
BRDA:3042,f41_21,0,9
BRDA:3042,f41_21,1,9
BRDA:3046,f41_22,0,0
BRDA:3046,f41_22,1,9
BRDA:3047,f41_23,0,0
BRDA:3047,f41_23,1,9
BRDA:3047,f41_24,0,9
BRDA:3047,f41_24,1,9
BRDA:3103,f42_0,0,0
BRDA:3103,f42_0,1,9
BRDA:3103,f42_1,0,9
BRDA:3103,f42_1,1,9
BRDA:3129,f42_2,0,9
BRDA:3129,f42_2,1,9
BRDA:3129,f42_2,2,9
BRDA:3107,f42_3,0,0
BRDA:3107,f42_3,1,9
BRDA:3107,f42_3,2,0
BRDA:3107,f42_3,3,0
BRDA:3107,f42_3,4,0
BRDA:3107,f42_3,5,0
BRDA:3174,f43_0,0,0
BRDA:3174,f43_0,1,0
BRDA:3174,f43_1,0,0
BRDA:3174,f43_1,1,0
BRDA:3177,f43_2,0,0
BRDA:3177,f43_2,1,0
BRDA:3177,f43_3,0,0
BRDA:3177,f43_3,1,0
BRDA:3179,f43_4,0,0
BRDA:3179,f43_4,1,0
BRDA:3180,f43_5,0,0
BRDA:3180,f43_5,1,0
BRDA:3180,f43_6,0,0
BRDA:3180,f43_6,1,0
BRDA:3214,f44_0,0,18
BRDA:3214,f44_0,1,0
BRDA:3269,f45_0,0,4
BRDA:3269,f45_0,1,0
BRDA:3283,f45_1,0,0
BRDA:3283,f45_1,1,4
BRDA:3286,f45_2,0,0
BRDA:3288,f45_3,0,4
BRDA:3288,f45_3,1,0
BRDA:3288,f45_3,2,0
BRDA:3288,f45_3,3,0
BRDA:3288,f45_3,4,0
BRDA:3288,f45_3,5,0
BRDA:3288,f45_3,6,0
BRDA:3288,f45_3,7,0
BRDA:3288,f45_3,8,0
BRDA:3288,f45_3,9,0
BRDA:3288,f45_3,10,0
BRDA:3288,f45_3,11,0
BRDA:3316,f45_4,0,0
BRDA:3316,f45_4,1,4
BRDA:3317,f45_5,0,0
BRDA:3317,f45_5,1,4
BRDA:3317,f45_6,0,4
BRDA:3317,f45_6,1,4
BRDA:3317,f45_6,2,4
BRDA:3318,f45_7,0,0
BRDA:3318,f45_7,1,4
BRDA:3318,f45_8,0,4
BRDA:3318,f45_8,1,4
BRDA:3318,f45_8,2,4
BRDA:3342,f45_9,0,0
BRDA:3342,f45_9,1,4
BRDA:3342,f45_10,0,4
BRDA:3342,f45_10,1,4
BRDA:3342,f45_10,2,4
BRDA:3342,f45_10,3,4
BRDA:3342,f45_10,4,4
BRDA:3346,f45_11,0,4
BRDA:3346,f45_11,1,4
BRDA:3348,f45_12,0,0
BRDA:3348,f45_12,1,4
BRDA:3348,f45_13,0,4
BRDA:3348,f45_13,1,4
BRDA:3348,f45_13,2,4
BRDA:3348,f45_13,3,4
BRDA:3348,f45_13,4,4
BRDA:3362,f45_14,0,4
BRDA:3362,f45_14,1,0
BRDA:3362,f45_15,0,4
BRDA:3362,f45_15,1,4
BRDA:3362,f45_16,0,0
BRDA:3362,f45_16,1,4
BRDA:3362,f45_17,0,4
BRDA:3362,f45_17,1,4
BRDA:3363,f45_18,0,4
BRDA:3363,f45_18,1,0
BRDA:3363,f45_19,0,4
BRDA:3363,f45_19,1,4
BRDA:3358,f45_20,0,0
BRDA:3358,f45_20,1,4
BRDA:3358,f45_21,0,4
BRDA:3358,f45_21,1,4
BRDA:3358,f45_22,0,4
BRDA:3358,f45_22,1,0
BRDA:3385,f45_23,0,0
BRDA:3385,f45_23,1,4
BRDA:3388,f45_24,0,0
BRDA:3388,f45_24,1,4
BRDA:3391,f45_25,0,0
BRDA:3391,f45_25,1,0
BRDA:3393,f45_26,0,0
BRDA:3393,f45_26,1,0
BRDA:3393,f45_27,0,0
BRDA:3393,f45_27,1,0
BRDA:3393,f45_27,2,0
BRDA:3402,f45_28,0,0
BRDA:3402,f45_28,1,0
BRDA:3402,f45_29,0,0
BRDA:3402,f45_29,1,0
BRDA:3402,f45_30,0,0
BRDA:3402,f45_30,1,0
BRDA:3402,f45_31,0,0
BRDA:3402,f45_31,1,0
BRDA:3403,f45_32,0,0
BRDA:3403,f45_32,1,0
BRDA:3403,f45_33,0,0
BRDA:3403,f45_33,1,0
BRDA:3397,f45_34,0,0
BRDA:3397,f45_34,1,0
BRDA:3397,f45_35,0,0
BRDA:3397,f45_35,1,0
BRDA:3424,f45_36,0,4
BRDA:3424,f45_36,1,4
BRDA:3426,f45_37,0,0
BRDA:3426,f45_37,1,4
BRDA:3426,f45_38,0,4
BRDA:3426,f45_38,1,4
BRDA:3426,f45_38,2,4
BRDA:3435,f45_39,0,4
BRDA:3435,f45_39,1,0
BRDA:3435,f45_40,0,4
BRDA:3435,f45_40,1,4
BRDA:3435,f45_41,0,0
BRDA:3435,f45_41,1,4
BRDA:3435,f45_42,0,4
BRDA:3435,f45_42,1,4
BRDA:3436,f45_43,0,4
BRDA:3436,f45_43,1,0
BRDA:3436,f45_44,0,4
BRDA:3436,f45_44,1,4
BRDA:3440,f45_45,0,4
BRDA:3440,f45_45,1,0
BRDA:3440,f45_46,0,4
BRDA:3440,f45_46,1,4
BRDA:3440,f45_47,0,0
BRDA:3440,f45_47,1,4
BRDA:3440,f45_48,0,4
BRDA:3440,f45_48,1,4
BRDA:3446,f45_49,0,4
BRDA:3446,f45_49,1,4
BRDA:3442,f45_50,0,4
BRDA:3442,f45_50,1,4
BRDA:3431,f45_51,0,0
BRDA:3431,f45_51,1,4
BRDA:3431,f45_52,0,4
BRDA:3431,f45_52,1,4
BRDA:3321,f45_53,0,0
BRDA:3321,f45_53,1,4
BRDA:3322,f45_54,0,0
BRDA:3322,f45_54,1,4
BRDA:3323,f45_55,0,0
BRDA:3323,f45_55,1,4
BRDA:3323,f45_56,0,4
BRDA:3323,f45_56,1,0
BRDA:3330,f45_57,0,4
BRDA:3330,f45_57,1,0
BRDA:3330,f45_58,0,4
BRDA:3330,f45_58,1,4
BRDA:3509,f46_0,0,0
BRDA:3509,f46_0,1,16
BRDA:3522,f46_1,0,16
BRDA:3522,f46_1,1,0
BRDA:3599,f48_0,0,26
BRDA:3599,f48_0,1,13
BRDA:3695,f50_0,0,108
BRDA:3695,f50_0,1,9
BRDA:3731,f51_0,0,0
BRDA:3731,f51_0,1,8
BRDA:3731,f51_1,0,8
BRDA:3731,f51_1,1,8
BRDA:3732,f51_2,0,8
BRDA:3732,f51_2,1,0
BRDA:3732,f51_3,0,8
BRDA:3732,f51_3,1,8
BRDA:3737,f51_4,0,8
BRDA:3737,f51_4,1,0
BRDA:3743,f51_5,0,8
BRDA:3743,f51_5,1,0
BRDA:3749,f51_6,0,8
BRDA:3749,f51_6,1,0
BRDA:3811,f52_0,0,0
BRDA:3811,f52_0,1,0
BRDA:3811,f52_1,0,0
BRDA:3811,f52_1,1,0
BRDA:3811,f52_1,2,0
BRDA:3811,f52_1,3,0
BRDA:3811,f52_1,4,0
BRDA:3811,f52_1,5,0
BRDA:3811,f52_1,6,0
BRDA:3813,f52_2,0,0
BRDA:3813,f52_2,1,0
BRDA:3813,f52_3,0,0
BRDA:3813,f52_3,1,0
BRDA:3813,f52_3,2,0
BRDA:3813,f52_3,3,0
BRDA:3813,f52_3,4,0
BRDA:3813,f52_3,5,0
BRDA:3813,f52_3,6,0
BRDA:3818,f52_4,0,0
BRDA:3818,f52_4,1,0
BRDA:3823,f52_5,0,0
BRDA:3825,f52_6,0,0
BRDA:3825,f52_6,1,0
BRDA:3833,f52_7,0,0
BRDA:3833,f52_7,1,0
BRDA:3833,f52_8,0,0
BRDA:3833,f52_8,1,0
BRDA:3833,f52_8,2,0
BRDA:3859,f52_9,0,0
BRDA:3859,f52_9,1,0
BRDA:3860,f52_10,0,0
BRDA:3860,f52_10,1,0
BRDA:3860,f52_11,0,0
BRDA:3860,f52_11,1,0
BRDA:3860,f52_11,2,0
BRDA:3860,f52_12,0,0
BRDA:3860,f52_12,1,0
BRDA:3860,f52_13,0,0
BRDA:3860,f52_13,1,0
BRDA:3860,f52_13,2,0
BRDA:3936,f53_0,0,0
BRDA:3936,f53_0,1,9
BRDA:3936,f53_1,0,9
BRDA:3936,f53_1,1,9
BRDA:3939,f53_2,0,0
BRDA:3939,f53_2,1,9
BRDA:3939,f53_3,0,9
BRDA:3939,f53_3,1,9
BRDA:3943,f53_4,0,9
BRDA:3943,f53_4,1,9
BRDA:3945,f53_5,0,0
BRDA:3945,f53_5,1,9
BRDA:3945,f53_6,0,9
BRDA:3945,f53_6,1,9
BRDA:3954,f53_7,0,9
BRDA:3954,f53_7,1,9
BRDA:3956,f53_8,0,0
BRDA:3956,f53_8,1,9
BRDA:3956,f53_9,0,9
BRDA:3956,f53_9,1,9
BRDA:3966,f53_10,0,0
BRDA:3966,f53_10,1,9
BRDA:3966,f53_11,0,9
BRDA:3966,f53_11,1,9
BRDA:3973,f53_12,0,9
BRDA:3973,f53_12,1,0
BRDA:3975,f53_13,0,0
BRDA:3975,f53_13,1,9
BRDA:3975,f53_14,0,9
BRDA:3975,f53_14,1,9
BRDA:3978,f53_15,0,0
BRDA:3978,f53_15,1,0
BRDA:3978,f53_16,0,0
BRDA:3978,f53_16,1,0
BRDA:4087,f54_0,0,32
BRDA:4087,f54_0,1,32
BRDA:4104,f54_1,0,32
BRDA:4104,f54_1,1,32
BRDA:4059,f54_2,0,1
BRDA:4059,f54_3,0,1
BRDA:4059,f54_3,1,1
BRDA:4059,f54_3,2,1
BRDA:4059,f54_3,3,1
BRDA:4066,f54_4,0,1
BRDA:4066,f54_4,1,1
BRDA:4116,f54_5,0,3
BRDA:4116,f54_5,1,29
BRDA:4119,f54_6,0,0
BRDA:4119,f54_6,1,32
BRDA:4119,f54_7,0,32
BRDA:4119,f54_7,1,32
BRDA:4119,f54_8,0,32
BRDA:4119,f54_8,1,0
BRDA:4119,f54_9,0,0
BRDA:4119,f54_9,1,32
BRDA:4121,f54_10,0,0
BRDA:4121,f54_10,1,3
BRDA:4123,f54_11,0,3
BRDA:4123,f54_11,1,3
BRDA:4137,f54_12,0,0
BRDA:4137,f54_12,1,32
BRDA:4189,f55_0,0,0
BRDA:4196,f55_1,0,42
BRDA:4196,f55_1,1,3
BRDA:4209,f55_2,0,0
BRDA:4209,f55_2,1,45
BRDA:4210,f55_3,0,45
BRDA:4210,f55_3,1,0
BRDA:4261,f55_4,0,12
BRDA:4225,f55_5,0,18
BRDA:4225,f55_5,1,15
BRDA:4225,f55_5,2,12
BRDA:4225,f55_5,3,12
BRDA:4231,f55_6,0,6
BRDA:4232,f55_7,0,3
BRDA:4232,f55_7,1,3
BRDA:4235,f55_8,0,3
BRDA:4235,f55_8,1,3
BRDA:4235,f55_9,0,6
BRDA:4235,f55_9,1,3
BRDA:4235,f55_9,2,0
BRDA:4250,f55_10,0,3
BRDA:4250,f55_10,1,0
BRDA:4252,f55_11,0,3
BRDA:4252,f55_11,1,3
BRDA:4252,f55_11,2,0
BRDA:4252,f55_11,3,0
BRDA:4268,f55_12,0,33
BRDA:4268,f55_12,1,33
BRDA:4268,f55_13,0,0
BRDA:4268,f55_13,1,33
BRDA:4268,f55_14,0,33
BRDA:4268,f55_14,1,33
BRDA:4268,f55_14,2,33
BRDA:4279,f55_15,0,33
BRDA:4279,f55_15,1,33
BRDA:4279,f55_15,2,0
BRDA:4284,f55_16,0,0
BRDA:4284,f55_16,1,33
BRDA:4288,f55_17,0,33
BRDA:4288,f55_17,1,33
BRDA:4294,f55_18,0,33
BRDA:4294,f55_18,1,33
BRDA:4271,f55_19,0,0
BRDA:4271,f55_19,1,33
BRDA:4400,f57_0,0,0
BRDA:4400,f57_0,1,0
BRDA:4403,f57_1,0,0
BRDA:4403,f57_1,1,0
BRDA:4445,f58_0,0,0
BRDA:4445,f58_0,1,0
BRDA:4521,f59_0,0,1
BRDA:4521,f59_0,1,2
BRDA:4593,f60_0,0,8
BRDA:4593,f60_0,1,20
BRDA:4593,f60_1,0,28
BRDA:4593,f60_1,1,20
BRDA:4604,f60_2,0,18
BRDA:4604,f60_2,1,2
BRDA:4604,f60_3,0,20
BRDA:4604,f60_3,1,18
BRDA:4646,f61_0,0,0
BRDA:4650,f61_1,0,1
BRDA:4658,f61_2,0,0
BRDA:4658,f61_2,1,3
BRDA:4661,f61_3,0,3
BRDA:4661,f61_3,1,0
BRDA:4700,f62_0,0,0
BRDA:4704,f62_1,0,38
BRDA:4704,f62_1,1,5
BRDA:4704,f62_2,0,5
BRDA:4704,f62_2,1,33
BRDA:4705,f62_3,0,8
BRDA:4705,f62_3,1,30
BRDA:4706,f62_4,0,15
BRDA:4710,f62_5,0,5
BRDA:4710,f62_5,1,18
BRDA:4717,f62_6,0,23
BRDA:4717,f62_7,0,5
BRDA:4717,f62_7,1,18
BRDA:4724,f62_8,0,23
BRDA:4724,f62_8,1,18
BRDA:4741,f62_9,0,8
BRDA:4741,f62_9,1,30
BRDA:4745,f62_10,0,8
BRDA:4745,f62_10,1,30
BRDA:4905,f64_0,0,25
BRDA:4905,f64_0,1,0
BRDA:4905,f64_0,2,4
BRDA:4905,f64_0,3,0
BRDA:4905,f64_0,4,0
BRDA:4905,f64_0,5,0
BRDA:4972,f64_1,0,29
BRDA:4972,f64_1,1,25
BRDA:4972,f64_1,2,0
BRDA:4978,f64_2,0,0
BRDA:4978,f64_2,1,0
BRDA:4978,f64_2,2,0
BRDA:4978,f64_2,3,0
BRDA:4978,f64_2,4,0
BRDA:4978,f64_2,5,0
BRDA:4978,f64_2,6,0
BRDA:4978,f64_2,7,0
BRDA:4978,f64_2,8,0
BRDA:4978,f64_2,9,0
BRDA:4978,f64_2,10,4
BRDA:4978,f64_2,11,4
BRDA:4978,f64_2,12,4
BRDA:4978,f64_2,13,4
BRDA:4978,f64_2,14,0
BRDA:4978,f64_2,15,0
BRDA:4978,f64_2,16,0
BRDA:4978,f64_2,17,0
BRDA:4978,f64_2,18,0
BRDA:4978,f64_2,19,0
BRDA:4978,f64_2,20,0
BRDA:4978,f64_2,21,0
BRDA:4978,f64_2,22,0
BRDA:4978,f64_2,23,0
BRDA:4978,f64_2,24,0
BRDA:4978,f64_2,25,0
BRDA:4978,f64_2,26,0
BRDA:4978,f64_2,27,0
BRDA:4978,f64_2,28,0
BRDA:4978,f64_2,29,0
BRDA:4978,f64_2,30,0
BRDA:4978,f64_2,31,25
BRDA:4978,f64_2,32,25
BRDA:4978,f64_2,33,0
BRDA:4978,f64_2,34,0
BRDA:4978,f64_2,35,0
BRDA:4978,f64_2,36,0
BRDA:4978,f64_2,37,0
BRDA:5092,f64_3,0,0
BRDA:5092,f64_3,1,0
BRDA:5153,f65_0,0,29
BRDA:5153,f65_0,1,0
BRDA:5157,f65_1,0,25
BRDA:5157,f65_1,1,4
BRDA:5161,f65_2,0,0
BRDA:5161,f65_2,1,25
BRDA:5171,f65_3,0,0
BRDA:5171,f65_3,1,4
BRDA:5176,f65_4,0,4
BRDA:5176,f65_4,1,0
BRDA:5293,f67_0,0,0
BRDA:5349,f68_0,0,12
BRDA:5349,f68_1,0,6
BRDA:5349,f68_1,1,36
BRDA:5349,f68_2,0,42
BRDA:5349,f68_2,1,42
BRDA:5349,f68_2,2,42
BRDA:5349,f68_2,3,36
BRDA:5349,f68_2,4,36
BRDA:5357,f68_3,0,6
BRDA:5361,f68_4,0,0
BRDA:5361,f68_4,1,6
BRDA:5370,f68_5,0,0
BRDA:5370,f68_5,1,6
BRDA:5370,f68_6,0,6
BRDA:5370,f68_6,1,6
BRDA:5377,f68_7,0,0
BRDA:5377,f68_7,1,6
BRDA:5383,f68_8,0,6
BRDA:5383,f68_8,1,0
BRDA:5394,f68_9,0,6
BRDA:5394,f68_9,1,6
BRDA:5394,f68_9,2,6
BRDA:5397,f68_10,0,0
BRDA:5397,f68_10,1,6
BRDA:5404,f68_11,0,0
BRDA:5404,f68_11,1,6
BRDA:5423,f68_12,0,6
BRDA:5423,f68_12,1,6
BRDA:5423,f68_12,2,6
BRDA:5424,f68_13,0,6
BRDA:5424,f68_13,1,0
BRDA:5426,f68_14,0,0
BRDA:5426,f68_14,1,0
BRDA:5426,f68_15,0,0
BRDA:5426,f68_15,1,0
BRDA:5427,f68_16,0,0
BRDA:5427,f68_16,1,0
BRDA:5427,f68_17,0,0
BRDA:5427,f68_17,1,0
BRDA:5429,f68_18,0,0
BRDA:5429,f68_18,1,0
BRDA:5429,f68_19,0,0
BRDA:5429,f68_19,1,0
BRDA:5430,f68_20,0,0
BRDA:5430,f68_20,1,0
BRDA:5430,f68_21,0,0
BRDA:5430,f68_21,1,0
BRDA:5430,f68_22,0,0
BRDA:5430,f68_22,1,0
BRDA:5430,f68_23,0,0
BRDA:5430,f68_23,1,0
BRDA:5435,f68_24,0,0
BRDA:5435,f68_24,1,6
BRDA:5435,f68_25,0,6
BRDA:5435,f68_25,1,6
BRDA:5437,f68_26,0,6
BRDA:5437,f68_26,1,0
BRDA:5437,f68_26,2,0
BRDA:5438,f68_27,0,0
BRDA:5438,f68_27,1,0
BRDA:5438,f68_28,0,0
BRDA:5438,f68_28,1,0
BRDA:5438,f68_29,0,0
BRDA:5438,f68_29,1,0
BRDA:5438,f68_30,0,0
BRDA:5438,f68_30,1,0
BRDA:5448,f68_31,0,18
BRDA:5448,f68_31,1,18
BRDA:5448,f68_31,2,18
BRDA:5489,f69_0,0,0
BRDA:5526,f70_0,0,4
BRDA:5526,f70_0,1,0
BRDA:5574,f72_0,0,0
BRDA:5582,f72_1,0,5
BRDA:5582,f72_2,0,12
BRDA:5582,f72_2,1,6
BRDA:5582,f72_2,2,5
BRDA:5587,f72_3,0,5
BRDA:5587,f72_3,1,5
BRDA:5595,f72_4,0,384
BRDA:5595,f72_4,1,156
BRDA:5634,f73_0,0,0
BRDA:5635,f73_1,0,45
BRDA:5650,f73_2,0,0
BRDA:5650,f73_2,1,7
BRDA:5650,f73_3,0,7
BRDA:5650,f73_3,1,7
BRDA:5690,f74_0,0,90
BRDA:5690,f74_0,1,9
BRDA:5683,f74_1,0,0
BRDA:5683,f74_1,1,90
BRDA:5800,f77_0,0,12
BRDA:5800,f77_0,1,12
BRDA:5800,f77_1,0,24
BRDA:5800,f77_1,1,24
BRDA:5800,f77_2,0,0
BRDA:5800,f77_2,1,24
BRDA:5837,f78_0,0,5
BRDA:5837,f78_1,0,12
BRDA:5837,f78_1,1,6
BRDA:5837,f78_1,2,5
BRDA:5839,f78_2,0,5
BRDA:5839,f78_2,1,5
BRDA:5879,f79_0,0,4
BRDA:5898,f79_1,0,4
BRDA:5898,f79_1,1,0
BRDA:5910,f79_2,0,2
BRDA:5910,f79_2,1,1
BRDA:5910,f79_2,2,1
BRDA:5903,f79_3,0,1
BRDA:5903,f79_3,1,0
BRDA:5954,f80_0,0,11
BRDA:5954,f80_0,1,34
BRDA:5954,f80_1,0,45
BRDA:5954,f80_1,1,11
BRDA:5966,f80_2,0,45
BRDA:5966,f80_2,1,11
BRDA:5966,f80_2,2,0
BRDA:5966,f80_2,3,11
BRDA:6060,f82_0,0,6
BRDA:6060,f82_1,0,7
BRDA:6060,f82_1,1,6
BRDA:6066,f82_2,0,6
BRDA:6066,f82_2,1,6
BRDA:6439,f86_0,0,4
BRDA:6439,f86_0,1,0
BRDA:6709,f89_0,0,4
BRDA:6709,f89_0,1,0
BRDA:6734,f89_1,0,0
BRDA:6740,f89_2,0,4
BRDA:6740,f89_2,1,4
BRDA:6749,f89_3,0,0
BRDA:6749,f89_4,0,4
BRDA:6749,f89_4,1,4
BRDA:6749,f89_4,2,0
BRDA:6749,f89_5,0,4
BRDA:6749,f89_5,1,0
BRDA:6754,f89_6,0,0
BRDA:6714,f89_7,0,4
BRDA:6714,f89_7,1,4
BRDA:6714,f89_7,2,0
BRDA:6760,f89_8,0,0
BRDA:6760,f89_8,1,4
BRDA:6760,f89_9,0,4
BRDA:6760,f89_9,1,0
BRDA:6761,f89_10,0,0
BRDA:6761,f89_10,1,0
BRDA:6764,f89_11,0,0
BRDA:6764,f89_11,1,0
BRDA:6773,f89_12,0,4
BRDA:6773,f89_12,1,0
BRDA:6777,f89_13,0,4
BRDA:6777,f89_13,1,0
BRDA:6777,f89_14,0,4
BRDA:6777,f89_14,1,4
BRDA:6777,f89_14,2,4
BRDA:6781,f89_15,0,0
BRDA:6781,f89_15,1,4
BRDA:6785,f89_16,0,0
BRDA:6785,f89_16,1,4
BRDA:6839,f91_0,0,21
BRDA:6839,f91_0,1,0
BRDA:6839,f91_1,0,21
BRDA:6839,f91_1,1,0
BRDA:6839,f91_1,2,0
BRDA:6869,f91_2,0,0
BRDA:6847,f91_3,0,0
BRDA:6847,f91_3,1,21
BRDA:6850,f91_4,0,0
BRDA:6850,f91_4,1,0
BRDA:6853,f91_5,0,0
BRDA:6853,f91_5,1,0
BRDA:6858,f91_6,0,0
BRDA:6858,f91_6,1,0
BRDA:6858,f91_7,0,0
BRDA:6858,f91_7,1,0
BRDA:6874,f91_8,0,0
BRDA:6874,f91_8,1,21
BRDA:6894,f92_0,0,5
BRDA:6894,f92_0,1,0
BRDA:6916,f93_0,0,21
BRDA:6916,f93_0,1,0
BRDA:6916,f93_0,2,0
BRDA:6931,f93_1,0,21
BRDA:6931,f93_1,1,0
BRDA:6935,f93_2,0,21
BRDA:6935,f93_2,1,0
BRDA:6938,f93_3,0,0
BRDA:6938,f93_3,1,0
BRDA:6941,f93_4,0,0
BRDA:6941,f93_4,1,0
BRDA:7122,f95_0,0,0
BRDA:7122,f95_0,1,0
BRDA:7139,f95_1,0,0
BRDA:7139,f95_1,1,0
BRDA:7146,f95_2,0,0
BRDA:7150,f95_3,0,24
BRDA:7154,f95_4,0,0
BRDA:7154,f95_4,1,0
BRDA:7154,f95_4,2,24
BRDA:7154,f95_4,3,0
BRDA:7154,f95_4,4,0
BRDA:7156,f95_5,0,0
BRDA:7156,f95_6,0,0
BRDA:7156,f95_6,1,0
BRDA:7161,f95_7,0,0
BRDA:7161,f95_8,0,0
BRDA:7161,f95_8,1,0
BRDA:7166,f95_9,0,24
BRDA:7166,f95_10,0,24
BRDA:7166,f95_10,1,0
BRDA:7167,f95_11,0,48
BRDA:7167,f95_11,1,24
BRDA:7168,f95_12,0,24
BRDA:7168,f95_12,1,24
BRDA:7173,f95_13,0,0
BRDA:7178,f95_14,0,0
BRDA:7179,f95_15,0,0
BRDA:7179,f95_15,1,0
BRDA:7183,f95_16,0,0
BRDA:7196,f95_17,0,0
BRDA:7199,f95_18,0,24
BRDA:7199,f95_18,1,0
BRDA:7199,f95_19,0,0
BRDA:7199,f95_19,1,24
BRDA:7199,f95_20,0,24
BRDA:7199,f95_20,1,24
BRDA:7216,f95_21,0,0
BRDA:7216,f95_21,1,0
BRDA:7223,f95_22,0,0
BRDA:7232,f95_23,0,0
BRDA:7232,f95_23,1,0
BRDA:7232,f95_23,2,0
BRDA:7232,f95_23,3,0
BRDA:7232,f95_23,4,0
BRDA:7244,f95_24,0,0
BRDA:7244,f95_24,1,0
BRDA:7255,f95_25,0,0
BRDA:7255,f95_25,1,0
BRDA:7277,f95_26,0,0
BRDA:7294,f95_27,0,0
BRDA:7296,f95_28,0,0
BRDA:7299,f95_29,0,24
BRDA:7299,f95_29,1,0
BRDA:7304,f95_30,0,0
BRDA:7304,f95_30,1,24
BRDA:7309,f95_31,0,24
BRDA:7309,f95_31,1,0
BRDA:7320,f95_32,0,24
BRDA:7320,f95_32,1,24
BRDA:7070,f95_33,0,24
BRDA:7070,f95_33,1,24
BRDA:7071,f95_34,0,0
BRDA:7071,f95_34,1,24
BRDA:7071,f95_35,0,24
BRDA:7071,f95_35,1,24
BRDA:7094,f95_36,0,24
BRDA:7094,f95_36,1,0
BRDA:7094,f95_37,0,24
BRDA:7094,f95_37,1,0
BRDA:7356,f96_0,0,0
BRDA:7356,f96_1,0,0
BRDA:7356,f96_1,1,6
BRDA:7356,f96_2,0,6
BRDA:7356,f96_2,1,6
BRDA:7356,f96_2,2,6
BRDA:7356,f96_2,3,6
BRDA:7361,f96_3,0,0
BRDA:7361,f96_3,1,6
BRDA:7361,f96_4,0,6
BRDA:7361,f96_4,1,6
BRDA:7361,f96_4,2,6
BRDA:7365,f96_5,0,6
BRDA:7365,f96_5,1,0
BRDA:7366,f96_6,0,0
BRDA:7366,f96_6,1,6
BRDA:7366,f96_7,0,6
BRDA:7366,f96_7,1,6
BRDA:7366,f96_7,2,6
BRDA:7366,f96_7,3,6
BRDA:7367,f96_8,0,0
BRDA:7367,f96_8,1,0
BRDA:7367,f96_9,0,0
BRDA:7367,f96_9,1,0
BRDA:7367,f96_9,2,0
BRDA:7367,f96_9,3,0
BRDA:7367,f96_9,4,0
BRDA:7377,f96_10,0,0
BRDA:7377,f96_11,0,0
BRDA:7377,f96_11,1,6
BRDA:7377,f96_12,0,6
BRDA:7377,f96_12,1,6
BRDA:7377,f96_12,2,6
BRDA:7377,f96_12,3,6
BRDA:7381,f96_13,0,6
BRDA:7381,f96_13,1,0
BRDA:7382,f96_14,0,0
BRDA:7382,f96_14,1,6
BRDA:7382,f96_15,0,6
BRDA:7382,f96_15,1,6
BRDA:7382,f96_15,2,6
BRDA:7382,f96_15,3,6
BRDA:7382,f96_15,4,6
BRDA:7383,f96_16,0,0
BRDA:7385,f96_17,0,0
BRDA:7385,f96_17,1,6
BRDA:7385,f96_18,0,6
BRDA:7385,f96_18,1,6
BRDA:7385,f96_18,2,6
BRDA:7385,f96_18,3,6
BRDA:7388,f96_19,0,6
BRDA:7388,f96_19,1,0
BRDA:7392,f96_20,0,6
BRDA:7392,f96_20,1,0
BRDA:7392,f96_21,0,6
BRDA:7392,f96_21,1,6
BRDA:7393,f96_22,0,6
BRDA:7393,f96_22,1,0
BRDA:7393,f96_23,0,6
BRDA:7393,f96_23,1,6
BRDA:7393,f96_24,0,0
BRDA:7393,f96_24,1,6
BRDA:7393,f96_25,0,6
BRDA:7393,f96_25,1,6
BRDA:7393,f96_25,2,6
BRDA:7445,f97_0,0,6
BRDA:7445,f97_0,1,0
BRDA:7446,f97_1,0,0
BRDA:7446,f97_1,1,6
BRDA:7449,f97_2,0,0
BRDA:7449,f97_2,1,12
BRDA:7449,f97_3,0,12
BRDA:7449,f97_3,1,12
BRDA:7449,f97_3,2,12
BRDA:7449,f97_3,3,12
BRDA:7449,f97_3,4,12
BRDA:7462,f97_4,0,12
BRDA:7462,f97_4,1,12
BRDA:7463,f97_5,0,12
BRDA:7463,f97_5,1,0
BRDA:7463,f97_6,0,12
BRDA:7463,f97_6,1,12
BRDA:7470,f97_7,0,0
BRDA:7470,f97_7,1,12
BRDA:7470,f97_8,0,12
BRDA:7470,f97_8,1,12
BRDA:7470,f97_8,2,12
BRDA:7471,f97_9,0,12
BRDA:7471,f97_9,1,0
BRDA:7471,f97_10,0,12
BRDA:7471,f97_10,1,12
BRDA:7475,f97_11,0,0
BRDA:7475,f97_11,1,18
BRDA:7475,f97_12,0,18
BRDA:7475,f97_12,1,18
BRDA:7476,f97_13,0,0
BRDA:7476,f97_13,1,18
BRDA:7477,f97_14,0,18
BRDA:7477,f97_14,1,12
BRDA:7543,f97_15,0,0
BRDA:7543,f97_15,1,6
BRDA:7550,f97_16,0,0
BRDA:7553,f97_17,0,0
BRDA:7553,f97_17,1,0
BRDA:7552,f97_18,0,0
BRDA:7552,f97_18,1,0
BRDA:7552,f97_19,0,0
BRDA:7552,f97_19,1,0
BRDA:7552,f97_19,2,0
BRDA:7552,f97_19,3,0
BRDA:7552,f97_19,4,0
BRDA:7552,f97_19,5,0
BRDA:7552,f97_19,6,0
BRDA:7552,f97_20,0,0
BRDA:7552,f97_20,1,0
BRDA:7552,f97_21,0,0
BRDA:7552,f97_21,1,0
BRDA:7558,f97_22,0,0
BRDA:7558,f97_22,1,6
BRDA:7559,f97_23,0,0
BRDA:7559,f97_23,1,6
BRDA:7559,f97_24,0,6
BRDA:7559,f97_24,1,6
BRDA:7559,f97_24,2,6
BRDA:7561,f97_25,0,6
BRDA:7561,f97_25,1,0
BRDA:7562,f97_26,0,0
BRDA:7562,f97_26,1,6
BRDA:7562,f97_27,0,6
BRDA:7562,f97_27,1,6
BRDA:7562,f97_27,2,6
BRDA:7566,f97_28,0,6
BRDA:7566,f97_28,1,0
BRDA:7566,f97_29,0,6
BRDA:7566,f97_29,1,6
BRDA:7566,f97_29,2,6
BRDA:7567,f97_30,0,0
BRDA:7568,f97_31,0,6
BRDA:7568,f97_31,1,0
BRDA:7572,f97_32,0,0
BRDA:7572,f97_32,1,0
BRDA:7572,f97_33,0,0
BRDA:7572,f97_33,1,0
BRDA:7572,f97_34,0,0
BRDA:7572,f97_34,1,0
BRDA:7574,f97_35,0,6
BRDA:7574,f97_35,1,0
BRDA:7576,f97_36,0,0
BRDA:7576,f97_36,1,6
BRDA:7576,f97_37,0,6
BRDA:7576,f97_37,1,6
BRDA:7576,f97_37,2,6
BRDA:7579,f97_38,0,0
BRDA:7580,f97_39,0,30
BRDA:7580,f97_39,1,6
BRDA:7580,f97_39,2,0
BRDA:7629,f97_40,0,0
BRDA:7629,f97_40,1,6
BRDA:7629,f97_41,0,6
BRDA:7629,f97_41,1,6
BRDA:7629,f97_41,2,0
BRDA:7453,f97_42,0,0
BRDA:7453,f97_42,1,0
BRDA:7453,f97_43,0,0
BRDA:7453,f97_43,1,0
BRDA:7453,f97_43,2,0
BRDA:7453,f97_43,3,0
BRDA:7633,f97_44,0,0
BRDA:7633,f97_44,1,0
BRDA:7634,f97_45,0,0
BRDA:7634,f97_45,1,0
BRDA:7634,f97_46,0,0
BRDA:7634,f97_46,1,0
BRDA:7634,f97_47,0,0
BRDA:7634,f97_47,1,0
BRDA:7635,f97_48,0,0
BRDA:7635,f97_48,1,0
BRDA:7635,f97_49,0,0
BRDA:7635,f97_49,1,0
BRDA:7635,f97_50,0,0
BRDA:7635,f97_50,1,0
BRDA:7636,f97_51,0,0
BRDA:7636,f97_51,1,0
BRDA:7636,f97_52,0,0
BRDA:7636,f97_52,1,0
BRDA:7490,f97_53,0,0
BRDA:7490,f97_53,1,6
BRDA:7493,f97_54,0,6
BRDA:7493,f97_54,1,0
BRDA:7493,f97_55,0,0
BRDA:7493,f97_55,1,6
BRDA:7493,f97_56,0,6
BRDA:7493,f97_56,1,6
BRDA:7493,f97_56,2,6
BRDA:7500,f97_57,0,6
BRDA:7529,f97_58,0,0
BRDA:7529,f97_58,1,6
BRDA:7529,f97_59,0,6
BRDA:7529,f97_59,1,6
BRDA:7505,f97_60,0,0
BRDA:7505,f97_61,0,0
BRDA:7505,f97_61,1,0
BRDA:7506,f97_62,0,0
BRDA:7506,f97_62,1,0
BRDA:7506,f97_63,0,0
BRDA:7506,f97_63,1,0
BRDA:7506,f97_64,0,0
BRDA:7506,f97_64,1,0
BRDA:7506,f97_64,2,0
BRDA:7507,f97_65,0,0
BRDA:7507,f97_65,1,0
BRDA:7507,f97_66,0,0
BRDA:7507,f97_66,1,0
BRDA:7507,f97_67,0,0
BRDA:7507,f97_67,1,0
BRDA:7507,f97_67,2,0
BRDA:7508,f97_68,0,0
BRDA:7508,f97_68,1,0
BRDA:7514,f97_69,0,0
BRDA:7514,f97_69,1,0
BRDA:7518,f97_70,0,0
BRDA:7518,f97_70,1,0
BRDA:7522,f97_71,0,0
BRDA:7522,f97_71,1,0
BRDA:7519,f97_72,0,0
BRDA:7519,f97_72,1,0
BRDA:7515,f97_73,0,0
BRDA:7515,f97_73,1,0
BRDA:7717,f97_74,0,0
BRDA:7717,f97_74,1,0
BRDA:7717,f97_75,0,0
BRDA:7717,f97_75,1,0
BRDA:7717,f97_76,0,0
BRDA:7717,f97_76,1,0
BRDA:7717,f97_77,0,0
BRDA:7717,f97_77,1,0
BRDA:7717,f97_77,2,0
BRDA:7717,f97_77,3,0
BRDA:7717,f97_77,4,0
BRDA:7717,f97_78,0,0
BRDA:7717,f97_78,1,0
BRDA:7717,f97_79,0,0
BRDA:7717,f97_79,1,0
BRDA:7717,f97_79,2,0
BRDA:7717,f97_79,3,0
BRDA:7717,f97_79,4,0
BRDA:7721,f97_80,0,0
BRDA:7721,f97_80,1,0
BRDA:7721,f97_81,0,0
BRDA:7721,f97_81,1,0
BRDA:7721,f97_81,2,0
BRDA:7721,f97_81,3,0
BRDA:7777,f97_82,0,6
BRDA:7777,f97_82,1,0
BRDA:7777,f97_82,2,0
BRDA:7777,f97_82,3,0
BRDA:7777,f97_82,4,0
BRDA:7777,f97_82,5,0
BRDA:7777,f97_82,6,0
BRDA:7691,f97_83,0,6
BRDA:7691,f97_83,1,6
BRDA:7692,f97_84,0,6
BRDA:7692,f97_84,1,0
BRDA:7692,f97_85,0,0
BRDA:7692,f97_85,1,6
BRDA:7692,f97_86,0,6
BRDA:7692,f97_86,1,6
BRDA:7692,f97_87,0,6
BRDA:7692,f97_87,1,0
BRDA:7660,f97_88,0,0
BRDA:7660,f97_88,1,0
BRDA:7660,f97_89,0,0
BRDA:7660,f97_89,1,0
BRDA:7660,f97_90,0,0
BRDA:7660,f97_90,1,0
BRDA:7660,f97_90,2,0
BRDA:7660,f97_90,3,0
BRDA:7660,f97_90,4,0
BRDA:7664,f97_91,0,0
BRDA:7664,f97_91,1,0
BRDA:7664,f97_92,0,0
BRDA:7664,f97_92,1,0
BRDA:7664,f97_93,0,0
BRDA:7664,f97_93,1,0
BRDA:7664,f97_94,0,0
BRDA:7664,f97_94,1,0
BRDA:7664,f97_94,2,0
BRDA:7666,f97_95,0,0
BRDA:7666,f97_95,1,0
BRDA:7666,f97_96,0,0
BRDA:7666,f97_96,1,0
BRDA:7666,f97_96,2,0
BRDA:7708,f97_97,0,0
BRDA:7708,f97_97,1,0
BRDA:7709,f97_98,0,0
BRDA:7709,f97_98,1,0
BRDA:7709,f97_99,0,0
BRDA:7709,f97_99,1,0
BRDA:7709,f97_100,0,0
BRDA:7709,f97_100,1,0
BRDA:7709,f97_101,0,0
BRDA:7709,f97_101,1,0
BRDA:7729,f97_102,0,0
BRDA:7729,f97_102,1,0
BRDA:7729,f97_103,0,0
BRDA:7729,f97_103,1,0
BRDA:7729,f97_103,2,0
BRDA:7735,f97_104,0,0
BRDA:7735,f97_104,1,0
BRDA:7805,f97_105,0,0
BRDA:7809,f97_106,0,0
BRDA:7809,f97_107,0,0
BRDA:7809,f97_107,1,4
BRDA:7809,f97_108,0,4
BRDA:7809,f97_108,1,4
BRDA:7809,f97_108,2,4
BRDA:7813,f97_109,0,0
BRDA:7817,f97_110,0,0
BRDA:7821,f97_111,0,0
BRDA:7826,f97_112,0,4
BRDA:7826,f97_112,1,0
BRDA:7826,f97_112,2,0
BRDA:7851,f97_113,0,4
BRDA:7828,f97_114,0,4
BRDA:7828,f97_114,1,4
BRDA:7828,f97_114,2,0
BRDA:7831,f97_115,0,0
BRDA:7831,f97_116,0,0
BRDA:7831,f97_116,1,0
BRDA:7836,f97_117,0,0
BRDA:7836,f97_117,1,0
BRDA:7836,f97_118,0,0
BRDA:7836,f97_118,1,0
BRDA:7838,f97_119,0,0
BRDA:7838,f97_119,1,0
BRDA:7838,f97_120,0,0
BRDA:7838,f97_120,1,0
BRDA:7839,f97_121,0,0
BRDA:7839,f97_121,1,0
BRDA:7842,f97_122,0,0
BRDA:7842,f97_122,1,0
BRDA:7842,f97_123,0,0
BRDA:7842,f97_123,1,0
BRDA:7842,f97_124,0,0
BRDA:7842,f97_124,1,0
BRDA:7845,f97_125,0,0
BRDA:7845,f97_125,1,0
BRDA:7845,f97_126,0,0
BRDA:7845,f97_126,1,0
BRDA:7845,f97_126,2,0
BRDA:7845,f97_126,3,0
BRDA:7845,f97_126,4,0
BRDA:7853,f97_127,0,4
BRDA:7853,f97_127,1,0
BRDA:7856,f97_128,0,0
BRDA:7856,f97_128,1,4
BRDA:7856,f97_129,0,4
BRDA:7856,f97_129,1,0
BRDA:7856,f97_130,0,4
BRDA:7856,f97_130,1,4
BRDA:7856,f97_130,2,4
BRDA:7857,f97_131,0,0
BRDA:7857,f97_131,1,0
BRDA:7858,f97_132,0,0
BRDA:7858,f97_132,1,4
BRDA:7858,f97_133,0,4
BRDA:7858,f97_133,1,0
BRDA:7858,f97_134,0,4
BRDA:7858,f97_134,1,4
BRDA:7858,f97_134,2,4
BRDA:7859,f97_135,0,0
BRDA:7859,f97_135,1,0
BRDA:7860,f97_136,0,0
BRDA:7860,f97_136,1,4
BRDA:7860,f97_137,0,4
BRDA:7860,f97_137,1,0
BRDA:7860,f97_138,0,0
BRDA:7860,f97_138,1,4
BRDA:7860,f97_139,0,0
BRDA:7860,f97_139,1,0
BRDA:7860,f97_140,0,0
BRDA:7860,f97_140,1,0
BRDA:7861,f97_141,0,0
BRDA:7861,f97_141,1,0
BRDA:7861,f97_142,0,0
BRDA:7861,f97_142,1,0
BRDA:7861,f97_143,0,0
BRDA:7861,f97_143,1,0
BRDA:7861,f97_143,2,0
BRDA:7862,f97_144,0,0
BRDA:7862,f97_144,1,0
BRDA:7863,f97_145,0,0
BRDA:7863,f97_145,1,0
BRDA:7863,f97_146,0,0
BRDA:7863,f97_146,1,0
BRDA:7863,f97_146,2,0
BRDA:7864,f97_147,0,4
BRDA:7864,f97_147,1,4
BRDA:7864,f97_147,2,4
BRDA:7864,f97_148,0,0
BRDA:7864,f97_148,1,4
BRDA:7871,f97_149,0,4
BRDA:7871,f97_149,1,0
BRDA:7871,f97_149,2,0
BRDA:7905,f98_0,0,0
BRDA:7906,f98_1,0,0
BRDA:7907,f98_2,0,0
BRDA:7915,f98_3,0,0
BRDA:7915,f98_3,1,13
BRDA:7921,f98_4,0,14
BRDA:7921,f98_4,1,0
BRDA:7928,f98_5,0,14
BRDA:7928,f98_5,1,14
BRDA:7928,f98_5,2,14
BRDA:7928,f98_5,3,0
BRDA:7928,f98_6,0,0
BRDA:7928,f98_6,1,14
BRDA:7928,f98_7,0,0
BRDA:7928,f98_7,1,14
BRDA:7928,f98_8,0,14
BRDA:7928,f98_8,1,14
BRDA:7959,f98_9,0,14
BRDA:7959,f98_9,1,0
BRDA:7960,f98_10,0,0
BRDA:7960,f98_10,1,0
BRDA:7962,f98_11,0,0
BRDA:7962,f98_11,1,0
BRDA:7969,f98_12,0,14
BRDA:7969,f98_12,1,14
BRDA:7971,f98_13,0,14
BRDA:7971,f98_13,1,0
BRDA:8070,f98_14,0,13
BRDA:8070,f98_14,1,13
BRDA:7931,f98_15,0,14
BRDA:7931,f98_15,1,0
BRDA:7932,f98_16,0,0
BRDA:7932,f98_16,1,14
BRDA:7938,f98_17,0,0
BRDA:7938,f98_17,1,14
BRDA:8005,f98_18,0,0
BRDA:8005,f98_18,1,0
BRDA:8005,f98_18,2,0
BRDA:8005,f98_18,3,0
BRDA:8005,f98_18,4,14
BRDA:8007,f98_19,0,0
BRDA:8007,f98_19,1,0
BRDA:8008,f98_20,0,0
BRDA:8008,f98_20,1,0
BRDA:8008,f98_21,0,0
BRDA:8008,f98_21,1,0
BRDA:8010,f98_22,0,0
BRDA:8010,f98_22,1,0
BRDA:8010,f98_23,0,0
BRDA:8010,f98_23,1,0
BRDA:8031,f98_24,0,14
BRDA:8031,f98_24,1,0
BRDA:8032,f98_25,0,0
BRDA:8032,f98_25,1,14
BRDA:8032,f98_26,0,14
BRDA:8032,f98_26,1,14
BRDA:8032,f98_26,2,14
BRDA:8033,f98_27,0,0
BRDA:8033,f98_27,1,14
BRDA:8033,f98_28,0,14
BRDA:8033,f98_28,1,14
BRDA:8033,f98_28,2,14
BRDA:8120,f99_0,0,0
BRDA:8120,f99_0,1,0
BRDA:8121,f99_1,0,0
BRDA:8121,f99_1,1,0
BRDA:8121,f99_2,0,0
BRDA:8121,f99_2,1,0
BRDA:8121,f99_2,2,0
BRDA:8123,f99_3,0,0
BRDA:8123,f99_3,1,0
BRDA:8124,f99_4,0,0
BRDA:8124,f99_4,1,0
BRDA:8124,f99_5,0,0
BRDA:8124,f99_5,1,0
BRDA:8124,f99_5,2,0
BRDA:8196,f99_6,0,0
BRDA:8196,f99_7,0,24
BRDA:8196,f99_7,1,24
BRDA:8172,f99_8,0,0
BRDA:8172,f99_8,1,24
BRDA:8172,f99_8,2,0
BRDA:8172,f99_8,3,0
BRDA:8172,f99_8,4,0
BRDA:8172,f99_8,5,0
BRDA:8172,f99_8,6,0
BRDA:8172,f99_8,7,0
BRDA:8176,f99_9,0,0
BRDA:8176,f99_9,1,24
BRDA:8176,f99_10,0,24
BRDA:8176,f99_10,1,24
BRDA:8178,f99_11,0,0
BRDA:8178,f99_11,1,0
BRDA:8178,f99_12,0,0
BRDA:8178,f99_12,1,0
BRDA:8180,f99_13,0,0
BRDA:8180,f99_13,1,0
BRDA:8180,f99_14,0,0
BRDA:8180,f99_14,1,0
BRDA:8182,f99_15,0,0
BRDA:8182,f99_15,1,0
BRDA:8182,f99_16,0,0
BRDA:8182,f99_16,1,0
BRDA:8182,f99_16,2,0
BRDA:8182,f99_16,3,0
BRDA:8182,f99_16,4,0
BRDA:8182,f99_16,5,0
BRDA:8184,f99_17,0,0
BRDA:8184,f99_17,1,0
BRDA:8184,f99_18,0,0
BRDA:8184,f99_18,1,0
BRDA:8186,f99_19,0,0
BRDA:8186,f99_19,1,0
BRDA:8186,f99_20,0,0
BRDA:8186,f99_20,1,0
BRDA:8186,f99_20,2,0
BRDA:8201,f99_21,0,0
BRDA:8201,f99_22,0,0
BRDA:8201,f99_22,1,24
BRDA:8201,f99_23,0,24
BRDA:8201,f99_23,1,24
BRDA:8201,f99_24,0,0
BRDA:8201,f99_24,1,24
BRDA:8201,f99_25,0,24
BRDA:8201,f99_25,1,24
BRDA:8203,f99_26,0,24
BRDA:8203,f99_26,1,0
BRDA:8203,f99_27,0,0
BRDA:8203,f99_27,1,24
BRDA:8203,f99_28,0,24
BRDA:8203,f99_28,1,24
BRDA:8226,f99_29,0,0
BRDA:8229,f99_30,0,0
BRDA:8229,f99_30,1,6
BRDA:8241,f99_31,0,0
BRDA:8241,f99_31,1,6
BRDA:8241,f99_32,0,6
BRDA:8241,f99_32,1,6
BRDA:8243,f99_33,0,6
BRDA:8243,f99_33,1,0
BRDA:8243,f99_34,0,6
BRDA:8243,f99_34,1,6
BRDA:8243,f99_35,0,0
BRDA:8243,f99_35,1,6
BRDA:8243,f99_36,0,6
BRDA:8243,f99_36,1,6
BRDA:8246,f99_37,0,6
BRDA:8246,f99_37,1,0
BRDA:8246,f99_38,0,6
BRDA:8246,f99_38,1,6
BRDA:8246,f99_39,0,0
BRDA:8246,f99_39,1,6
BRDA:8246,f99_40,0,6
BRDA:8246,f99_40,1,6
BRDA:8248,f99_41,0,0
BRDA:8248,f99_41,1,0
BRDA:8248,f99_42,0,0
BRDA:8248,f99_42,1,0
BRDA:8248,f99_42,2,0
BRDA:8248,f99_42,3,0
BRDA:8249,f99_43,0,0
BRDA:8249,f99_43,1,0
BRDA:8249,f99_44,0,0
BRDA:8249,f99_44,1,0
BRDA:8249,f99_44,2,0
BRDA:8249,f99_44,3,0
BRDA:8250,f99_45,0,0
BRDA:8250,f99_45,1,0
BRDA:8251,f99_46,0,0
BRDA:8251,f99_46,1,0
BRDA:8251,f99_47,0,0
BRDA:8251,f99_47,1,0
BRDA:8251,f99_47,2,0
BRDA:8251,f99_47,3,0
BRDA:8256,f99_48,0,0
BRDA:8256,f99_49,0,0
BRDA:8256,f99_49,1,0
BRDA:8213,f99_50,0,0
BRDA:8213,f99_50,1,0
BRDA:8213,f99_51,0,0
BRDA:8213,f99_51,1,0
BRDA:8213,f99_52,0,0
BRDA:8213,f99_52,1,0
BRDA:8214,f99_53,0,0
BRDA:8214,f99_54,0,0
BRDA:8214,f99_54,1,0
BRDA:8222,f99_55,0,0
BRDA:8222,f99_55,1,0
BRDA:8222,f99_55,2,0
BRDA:8219,f99_56,0,0
BRDA:8219,f99_56,1,0
BRDA:8258,f99_57,0,0
BRDA:8258,f99_57,1,0
BRDA:8258,f99_58,0,0
BRDA:8258,f99_58,1,0
BRDA:8258,f99_59,0,0
BRDA:8258,f99_59,1,0
BRDA:8263,f99_60,0,0
BRDA:8263,f99_60,1,0
BRDA:8263,f99_61,0,0
BRDA:8263,f99_61,1,0
BRDA:8233,f99_62,0,0
BRDA:8233,f99_62,1,0
BRDA:8233,f99_63,0,0
BRDA:8233,f99_63,1,0
BRDA:8291,f99_64,0,0
BRDA:8291,f99_64,1,0
BRDA:8291,f99_65,0,0
BRDA:8291,f99_65,1,0
BRDA:8291,f99_66,0,0
BRDA:8291,f99_66,1,0
BRDA:8291,f99_66,2,0
BRDA:8291,f99_66,3,0
BRDA:8296,f99_67,0,0
BRDA:8296,f99_67,1,0
BRDA:8296,f99_68,0,0
BRDA:8296,f99_68,1,0
BRDA:8296,f99_69,0,0
BRDA:8296,f99_69,1,0
BRDA:8296,f99_70,0,0
BRDA:8296,f99_70,1,0
BRDA:8336,f99_71,0,0
BRDA:8336,f99_71,1,12
BRDA:8335,f99_72,0,12
BRDA:8335,f99_72,1,0
BRDA:8335,f99_73,0,12
BRDA:8335,f99_73,1,12
BRDA:8335,f99_73,2,12
BRDA:8335,f99_73,3,12
BRDA:8335,f99_73,4,12
BRDA:8313,f99_74,0,12
BRDA:8313,f99_74,1,12
BRDA:8313,f99_74,2,12
BRDA:8314,f99_75,0,0
BRDA:8314,f99_75,1,12
BRDA:8314,f99_76,0,12
BRDA:8314,f99_76,1,12
BRDA:8315,f99_77,0,12
BRDA:8315,f99_77,1,12
BRDA:8315,f99_78,0,12
BRDA:8315,f99_78,1,12
BRDA:8315,f99_78,2,0
BRDA:8315,f99_78,3,12
BRDA:8318,f99_79,0,0
BRDA:8318,f99_79,1,12
BRDA:8327,f99_80,0,12
BRDA:8327,f99_80,1,0
BRDA:8331,f99_81,0,0
BRDA:8331,f99_81,1,0
BRDA:8331,f99_82,0,0
BRDA:8331,f99_82,1,0
BRDA:8340,f99_83,0,12
BRDA:8340,f99_83,1,0
BRDA:8337,f99_84,0,0
BRDA:8337,f99_84,1,12
BRDA:8337,f99_85,0,12
BRDA:8337,f99_85,1,12
BRDA:8349,f99_86,0,0
BRDA:8349,f99_86,1,12
BRDA:8349,f99_87,0,12
BRDA:8349,f99_87,1,12
BRDA:8351,f99_88,0,12
BRDA:8351,f99_88,1,0
BRDA:8351,f99_89,0,12
BRDA:8351,f99_89,1,12
BRDA:8351,f99_90,0,0
BRDA:8351,f99_90,1,12
BRDA:8351,f99_91,0,12
BRDA:8351,f99_91,1,12
BRDA:8352,f99_92,0,12
BRDA:8352,f99_92,1,0
BRDA:8352,f99_93,0,12
BRDA:8352,f99_93,1,12
BRDA:8352,f99_94,0,0
BRDA:8352,f99_94,1,12
BRDA:8352,f99_95,0,12
BRDA:8352,f99_95,1,12
BRDA:8353,f99_96,0,12
BRDA:8353,f99_96,1,0
BRDA:8353,f99_97,0,12
BRDA:8353,f99_97,1,12
BRDA:8353,f99_98,0,0
BRDA:8353,f99_98,1,12
BRDA:8353,f99_99,0,0
BRDA:8353,f99_99,1,12
BRDA:8369,f99_100,0,12
BRDA:8369,f99_100,1,12
BRDA:8369,f99_100,2,12
BRDA:8369,f99_100,3,12
BRDA:8360,f99_101,0,0
BRDA:8360,f99_101,1,12
BRDA:8360,f99_102,0,12
BRDA:8360,f99_102,1,12
BRDA:8360,f99_102,2,12
BRDA:8360,f99_102,3,12
BRDA:8362,f99_103,0,0
BRDA:8362,f99_103,1,12
BRDA:8362,f99_104,0,12
BRDA:8362,f99_104,1,12
BRDA:8362,f99_105,0,0
BRDA:8362,f99_105,1,12
BRDA:8362,f99_106,0,12
BRDA:8362,f99_106,1,12
BRDA:8401,f99_107,0,6
BRDA:8401,f99_107,1,0
BRDA:8401,f99_108,0,6
BRDA:8401,f99_108,1,6
BRDA:8401,f99_108,2,0
BRDA:8401,f99_108,3,0
BRDA:8402,f99_109,0,0
BRDA:8402,f99_109,1,0
BRDA:8402,f99_110,0,0
BRDA:8402,f99_110,1,0
BRDA:8146,f99_111,0,18
BRDA:8149,f99_112,0,0
BRDA:8149,f99_112,1,12
BRDA:8149,f99_112,2,6
BRDA:8151,f99_113,0,0
BRDA:8151,f99_113,1,0
BRDA:8140,f99_114,0,0
BRDA:8140,f99_114,1,0
BRDA:8140,f99_115,0,0
BRDA:8140,f99_115,1,0
BRDA:8140,f99_115,2,0
BRDA:8140,f99_115,3,0
BRDA:8129,f99_116,0,0
BRDA:8129,f99_116,1,12
BRDA:8130,f99_117,0,0
BRDA:8130,f99_117,1,12
BRDA:8130,f99_118,0,12
BRDA:8130,f99_118,1,12
BRDA:8130,f99_118,2,12
BRDA:8131,f99_119,0,0
BRDA:8131,f99_119,1,12
BRDA:8131,f99_120,0,12
BRDA:8131,f99_120,1,12
BRDA:8131,f99_120,2,12
BRDA:8132,f99_121,0,12
BRDA:8132,f99_121,1,12
BRDA:8132,f99_121,2,0
BRDA:8132,f99_121,3,0
BRDA:8377,f99_122,0,6
BRDA:8377,f99_122,1,0
BRDA:8381,f99_123,0,0
BRDA:8381,f99_124,0,0
BRDA:8381,f99_124,1,6
BRDA:8381,f99_125,0,6
BRDA:8381,f99_125,1,6
BRDA:8276,f99_126,0,0
BRDA:8276,f99_127,0,0
BRDA:8276,f99_127,1,0
BRDA:8276,f99_128,0,0
BRDA:8276,f99_128,1,0
BRDA:8429,f100_0,0,0
BRDA:8429,f100_0,1,0
BRDA:8430,f100_1,0,0
BRDA:8430,f100_1,1,0
BRDA:8432,f100_2,0,0
BRDA:8432,f100_2,1,0
BRDA:8433,f100_3,0,0
BRDA:8433,f100_3,1,0
BRDA:8457,f100_4,0,0
BRDA:8457,f100_4,1,0
BRDA:8457,f100_4,2,0
BRDA:8468,f100_5,0,0
BRDA:8468,f100_5,1,0
BRDA:8467,f100_6,0,0
BRDA:8467,f100_6,1,0
BRDA:8467,f100_7,0,0
BRDA:8467,f100_7,1,0
BRDA:8467,f100_7,2,0
BRDA:8476,f100_8,0,0
BRDA:8480,f100_9,0,0
BRDA:8480,f100_9,1,0
BRDA:8480,f100_10,0,0
BRDA:8480,f100_10,1,0
BRDA:8480,f100_11,0,0
BRDA:8480,f100_11,1,0
BRDA:8480,f100_11,2,0
BRDA:8440,f100_12,0,0
BRDA:8443,f100_13,0,0
BRDA:8443,f100_13,1,0
BRDA:8528,f101_0,0,10
BRDA:8528,f101_0,1,35
BRDA:8528,f101_1,0,20
BRDA:8528,f101_1,1,25
BRDA:8528,f101_2,0,45
BRDA:8528,f101_2,1,45
BRDA:8530,f101_3,0,20
BRDA:8530,f101_3,1,15
BRDA:8530,f101_4,0,35
BRDA:8530,f101_4,1,35
BRDA:8562,f101_5,0,0
BRDA:8562,f101_5,1,5
BRDA:8562,f101_6,0,5
BRDA:8562,f101_6,1,5
BRDA:8562,f101_6,2,5
BRDA:8562,f101_6,3,5
BRDA:8562,f101_6,4,5
BRDA:8562,f101_6,5,5
BRDA:8564,f101_7,0,20
BRDA:8564,f101_8,0,85
BRDA:8564,f101_8,1,20
BRDA:8565,f101_9,0,20
BRDA:8565,f101_9,1,0
BRDA:8552,f101_10,0,0
BRDA:8552,f101_10,1,0
BRDA:8552,f101_11,0,0
BRDA:8552,f101_11,1,0
BRDA:8567,f101_12,0,20
BRDA:8567,f101_12,1,0
BRDA:8567,f101_13,0,0
BRDA:8567,f101_13,1,20
BRDA:8589,f101_14,0,45
BRDA:8589,f101_14,1,20
BRDA:8589,f101_15,0,65
BRDA:8589,f101_15,1,65
BRDA:8584,f101_16,0,65
BRDA:8584,f101_16,1,45
BRDA:8616,f101_17,0,0
BRDA:8616,f101_17,1,6
BRDA:8616,f101_18,0,6
BRDA:8616,f101_18,1,6
BRDA:8617,f101_19,0,6
BRDA:8617,f101_19,1,0
BRDA:8617,f101_20,0,6
BRDA:8617,f101_20,1,6
BRDA:8617,f101_21,0,0
BRDA:8617,f101_21,1,6
BRDA:8617,f101_22,0,6
BRDA:8617,f101_22,1,6
BRDA:8618,f101_23,0,0
BRDA:8618,f101_23,1,6
BRDA:8618,f101_24,0,6
BRDA:8618,f101_24,1,6
BRDA:8621,f101_25,0,6
BRDA:8621,f101_25,1,6
BRDA:8631,f101_26,0,6
BRDA:8631,f101_26,1,0
BRDA:8631,f101_27,0,0
BRDA:8631,f101_27,1,6
BRDA:8631,f101_28,0,6
BRDA:8631,f101_28,1,6
BRDA:8631,f101_28,2,6
BRDA:8638,f101_29,0,0
BRDA:8638,f101_29,1,6
BRDA:8641,f101_30,0,0
BRDA:8641,f101_30,1,6
BRDA:8642,f101_31,0,0
BRDA:8642,f101_31,1,6
BRDA:8643,f101_32,0,0
BRDA:8643,f101_32,1,6
BRDA:8653,f101_33,0,36
BRDA:8653,f101_33,1,0
BRDA:8654,f101_34,0,0
BRDA:8654,f101_34,1,36
BRDA:8654,f101_35,0,36
BRDA:8654,f101_35,1,36
BRDA:8800,f102_0,0,6
BRDA:8805,f102_1,0,0
BRDA:8805,f102_1,1,0
BRDA:8805,f102_2,0,0
BRDA:8805,f102_2,1,0
BRDA:8806,f102_3,0,0
BRDA:8806,f102_3,1,0
BRDA:8806,f102_4,0,0
BRDA:8806,f102_4,1,0
BRDA:8806,f102_5,0,0
BRDA:8806,f102_5,1,0
BRDA:8811,f102_6,0,0
BRDA:8811,f102_6,1,0
BRDA:8813,f102_7,0,0
BRDA:8813,f102_7,1,0
BRDA:8816,f102_8,0,0
BRDA:8816,f102_8,1,0
BRDA:8816,f102_8,2,0
BRDA:8818,f102_9,0,0
BRDA:8818,f102_9,1,0
BRDA:8818,f102_9,2,0
BRDA:8818,f102_9,3,0
BRDA:8817,f102_10,0,0
BRDA:8817,f102_10,1,0
BRDA:8817,f102_11,0,0
BRDA:8817,f102_11,1,0
BRDA:8787,f102_12,0,0
BRDA:8787,f102_12,1,0
BRDA:8787,f102_12,2,0
BRDA:8780,f102_13,0,0
BRDA:8780,f102_13,1,0
BRDA:8780,f102_14,0,0
BRDA:8780,f102_14,1,0
BRDA:8780,f102_15,0,0
BRDA:8780,f102_15,1,0
BRDA:8780,f102_16,0,0
BRDA:8780,f102_16,1,0
BRDA:8780,f102_17,0,0
BRDA:8780,f102_17,1,0
BRDA:8784,f102_18,0,0
BRDA:8784,f102_18,1,0
BRDA:8784,f102_19,0,0
BRDA:8784,f102_19,1,0
BRDA:8785,f102_20,0,0
BRDA:8785,f102_20,1,0
BRDA:8787,f102_21,0,0
BRDA:8787,f102_21,1,0
BRDA:8787,f102_22,0,0
BRDA:8787,f102_22,1,0
BRDA:8787,f102_22,2,0
BRDA:8789,f102_23,0,0
BRDA:8789,f102_23,1,0
BRDA:8840,f102_24,0,18
BRDA:8827,f102_25,0,18
BRDA:8827,f102_25,1,18
BRDA:8827,f102_25,2,18
BRDA:8842,f102_26,0,0
BRDA:8842,f102_26,1,18
BRDA:8843,f102_27,0,18
BRDA:8843,f102_27,1,18
BRDA:8843,f102_27,2,18
BRDA:8845,f102_28,0,0
BRDA:8845,f102_28,1,18
BRDA:8850,f102_29,0,12
BRDA:8850,f102_29,1,12
BRDA:8850,f102_30,0,0
BRDA:8850,f102_30,1,12
BRDA:8850,f102_31,0,12
BRDA:8850,f102_31,1,12
BRDA:8851,f102_32,0,0
BRDA:8855,f102_33,0,0
BRDA:8855,f102_33,1,0
BRDA:8866,f102_34,0,18
BRDA:8866,f102_34,1,0
BRDA:8829,f102_35,0,0
BRDA:8829,f102_35,1,18
BRDA:8731,f102_36,0,0
BRDA:8731,f102_36,1,6
BRDA:8731,f102_37,0,6
BRDA:8731,f102_37,1,6
BRDA:8732,f102_38,0,0
BRDA:8732,f102_38,1,6
BRDA:8732,f102_39,0,6
BRDA:8732,f102_39,1,6
BRDA:8738,f102_40,0,6
BRDA:8738,f102_40,1,0
BRDA:8733,f102_41,0,0
BRDA:8733,f102_41,1,6
BRDA:8733,f102_42,0,6
BRDA:8733,f102_42,1,6
BRDA:8733,f102_42,2,6
BRDA:8733,f102_42,3,6
BRDA:8734,f102_43,0,0
BRDA:8734,f102_43,1,6
BRDA:8744,f102_44,0,6
BRDA:8744,f102_44,1,0
BRDA:8754,f102_45,0,0
BRDA:8754,f102_45,1,6
BRDA:8754,f102_46,0,6
BRDA:8754,f102_46,1,6
BRDA:8754,f102_46,2,6
BRDA:8754,f102_46,3,6
BRDA:8755,f102_47,0,0
BRDA:8755,f102_47,1,6
BRDA:8763,f102_48,0,0
BRDA:8763,f102_48,1,0
BRDA:8764,f102_49,0,0
BRDA:8764,f102_49,1,0
BRDA:8764,f102_50,0,0
BRDA:8764,f102_50,1,0
BRDA:8764,f102_51,0,0
BRDA:8764,f102_51,1,0
BRDA:8764,f102_52,0,0
BRDA:8764,f102_52,1,0
BRDA:8898,f102_53,0,0
BRDA:8898,f102_53,1,18
BRDA:8898,f102_54,0,18
BRDA:8898,f102_54,1,18
BRDA:8901,f102_55,0,18
BRDA:8901,f102_55,1,18
BRDA:8901,f102_55,2,18
BRDA:8876,f102_56,0,0
BRDA:8876,f102_57,0,0
BRDA:8876,f102_57,1,18
BRDA:8904,f102_58,0,0
BRDA:8904,f102_58,1,0
BRDA:8906,f102_59,0,0
BRDA:8908,f102_60,0,0
BRDA:8908,f102_60,1,0
BRDA:8908,f102_61,0,0
BRDA:8908,f102_61,1,0
BRDA:8908,f102_62,0,0
BRDA:8908,f102_62,1,0
BRDA:8908,f102_63,0,0
BRDA:8908,f102_63,1,0
BRDA:8908,f102_63,2,0
BRDA:8908,f102_63,3,0
BRDA:8909,f102_64,0,0
BRDA:8909,f102_64,1,0
BRDA:8909,f102_65,0,0
BRDA:8909,f102_65,1,0
BRDA:8912,f102_66,0,0
BRDA:8912,f102_66,1,0
BRDA:8912,f102_67,0,0
BRDA:8912,f102_67,1,0
BRDA:8919,f102_68,0,0
BRDA:8919,f102_68,1,0
BRDA:8920,f102_69,0,0
BRDA:8920,f102_69,1,0
BRDA:8921,f102_70,0,0
BRDA:8921,f102_70,1,0
BRDA:8925,f102_71,0,0
BRDA:8925,f102_71,1,0
BRDA:8925,f102_72,0,0
BRDA:8925,f102_72,1,0
BRDA:8925,f102_72,2,0
BRDA:8926,f102_73,0,0
BRDA:8926,f102_73,1,0
BRDA:8926,f102_74,0,0
BRDA:8926,f102_74,1,0
BRDA:8927,f102_75,0,0
BRDA:8927,f102_75,1,0
BRDA:8980,f103_0,0,0
BRDA:8980,f103_0,1,0
BRDA:8980,f103_1,0,0
BRDA:8980,f103_1,1,0
BRDA:8980,f103_1,2,0
BRDA:9007,f103_2,0,0
BRDA:9007,f103_2,1,0
BRDA:9007,f103_3,0,0
BRDA:9007,f103_3,1,0
BRDA:9007,f103_3,2,0
BRDA:9023,f103_4,0,0
BRDA:9023,f103_5,0,0
BRDA:9023,f103_5,1,0
BRDA:9028,f103_6,0,0
BRDA:9032,f103_7,0,0
BRDA:9034,f103_8,0,0
BRDA:9034,f103_8,1,0
BRDA:9034,f103_8,2,0
BRDA:9034,f103_8,3,0
BRDA:9034,f103_8,4,0
BRDA:9043,f103_9,0,0
BRDA:9043,f103_9,1,0
BRDA:9044,f103_10,0,0
BRDA:9044,f103_10,1,0
BRDA:9044,f103_11,0,0
BRDA:9044,f103_11,1,0
BRDA:9045,f103_12,0,0
BRDA:9045,f103_12,1,0
BRDA:9045,f103_13,0,0
BRDA:9045,f103_13,1,0
BRDA:9045,f103_13,2,0
BRDA:8975,f103_14,0,0
BRDA:8975,f103_14,1,0
BRDA:8981,f103_15,0,0
BRDA:8981,f103_15,1,0
BRDA:8997,f103_16,0,0
BRDA:8997,f103_16,1,0
BRDA:8994,f103_17,0,0
BRDA:8994,f103_17,1,0
BRDA:9008,f103_18,0,0
BRDA:9008,f103_18,1,0
BRDA:9010,f103_19,0,0
BRDA:9010,f103_19,1,0
BRDA:9010,f103_19,2,0
BRDA:9010,f103_19,3,0
BRDA:9083,f103_20,0,0
BRDA:9083,f103_20,1,0
BRDA:9075,f103_21,0,0
BRDA:9075,f103_21,1,0
BRDA:9075,f103_21,2,0
BRDA:9076,f103_22,0,0
BRDA:9076,f103_22,1,0
BRDA:9076,f103_22,2,0
BRDA:9061,f103_23,0,0
BRDA:9061,f103_23,1,0
BRDA:9061,f103_23,2,0
BRDA:9061,f103_23,3,0
BRDA:9019,f103_24,0,0
BRDA:9019,f103_24,1,0
BRDA:9019,f103_24,2,0
BRDA:9099,f103_25,0,0
BRDA:9099,f103_25,1,0
BRDA:9087,f103_26,0,0
BRDA:9087,f103_26,1,0
BRDA:9087,f103_26,2,0
BRDA:9161,f104_0,0,0
BRDA:9161,f104_0,1,0
BRDA:9171,f104_1,0,0
BRDA:9171,f104_2,0,0
BRDA:9171,f104_2,1,0
BRDA:9172,f104_3,0,0
BRDA:9172,f104_3,1,0
BRDA:9172,f104_4,0,0
BRDA:9172,f104_4,1,0
BRDA:9172,f104_4,2,0
BRDA:9174,f104_5,0,0
BRDA:9174,f104_5,1,0
BRDA:9174,f104_6,0,0
BRDA:9174,f104_6,1,0
BRDA:9174,f104_6,2,0
BRDA:9175,f104_7,0,0
BRDA:9175,f104_7,1,0
BRDA:9176,f104_8,0,0
BRDA:9176,f104_8,1,0
BRDA:9176,f104_9,0,0
BRDA:9176,f104_9,1,0
BRDA:9176,f104_9,2,0
BRDA:9176,f104_10,0,0
BRDA:9176,f104_10,1,0
BRDA:9176,f104_11,0,0
BRDA:9176,f104_11,1,0
BRDA:9176,f104_11,2,0
BRDA:9177,f104_12,0,0
BRDA:9177,f104_12,1,0
BRDA:9182,f104_13,0,0
BRDA:9182,f104_13,1,0
BRDA:9190,f104_14,0,0
BRDA:9190,f104_15,0,0
BRDA:9190,f104_15,1,0
BRDA:9193,f104_16,0,0
BRDA:9193,f104_16,1,0
BRDA:9193,f104_17,0,0
BRDA:9193,f104_17,1,0
BRDA:9193,f104_17,2,0
BRDA:9195,f104_18,0,0
BRDA:9195,f104_18,1,0
BRDA:9195,f104_19,0,0
BRDA:9195,f104_19,1,0
BRDA:9195,f104_19,2,0
BRDA:9196,f104_20,0,0
BRDA:9196,f104_20,1,0
BRDA:9197,f104_21,0,0
BRDA:9197,f104_21,1,0
BRDA:9197,f104_22,0,0
BRDA:9197,f104_22,1,0
BRDA:9197,f104_22,2,0
BRDA:9197,f104_23,0,0
BRDA:9197,f104_23,1,0
BRDA:9197,f104_24,0,0
BRDA:9197,f104_24,1,0
BRDA:9197,f104_24,2,0
BRDA:9198,f104_25,0,0
BRDA:9198,f104_25,1,0
BRDA:9217,f104_26,0,0
BRDA:9218,f104_27,0,0
BRDA:9223,f104_28,0,0
BRDA:9223,f104_28,1,0
BRDA:9223,f104_29,0,0
BRDA:9223,f104_29,1,0
BRDA:9223,f104_29,2,0
BRDA:9223,f104_29,3,0
BRDA:9223,f104_30,0,0
BRDA:9223,f104_30,1,0
BRDA:9230,f104_31,0,0
BRDA:9230,f104_31,1,0
BRDA:9230,f104_32,0,0
BRDA:9230,f104_32,1,0
BRDA:9230,f104_32,2,0
BRDA:9230,f104_32,3,0
BRDA:9230,f104_33,0,0
BRDA:9230,f104_33,1,0
BRDA:9243,f104_34,0,0
BRDA:9243,f104_34,1,0
BRDA:9245,f104_35,0,0
BRDA:9245,f104_35,1,0
BRDA:9245,f104_36,0,0
BRDA:9245,f104_36,1,0
BRDA:9245,f104_36,2,0
BRDA:9245,f104_36,3,0
BRDA:9245,f104_36,4,0
BRDA:9245,f104_36,5,0
BRDA:9245,f104_36,6,0
BRDA:9245,f104_36,7,0
BRDA:9245,f104_36,8,0
BRDA:9245,f104_36,9,0
BRDA:9245,f104_36,10,0
BRDA:9238,f104_37,0,0
BRDA:9238,f104_37,1,0
BRDA:9240,f104_38,0,0
BRDA:9240,f104_38,1,0
BRDA:9240,f104_39,0,0
BRDA:9240,f104_39,1,0
BRDA:9240,f104_39,2,0
BRDA:9240,f104_39,3,0
BRDA:9240,f104_39,4,0
BRDA:9240,f104_39,5,0
BRDA:9240,f104_39,6,0
BRDA:9240,f104_39,7,0
BRDA:9240,f104_39,8,0
BRDA:9240,f104_39,9,0
BRDA:9240,f104_39,10,0
BRDA:9254,f104_40,0,0
BRDA:9254,f104_40,1,0
BRDA:9254,f104_41,0,0
BRDA:9254,f104_41,1,0
BRDA:9254,f104_42,0,0
BRDA:9254,f104_42,1,0
BRDA:9254,f104_42,2,0
BRDA:9258,f104_43,0,0
BRDA:9258,f104_43,1,0
BRDA:9258,f104_44,0,0
BRDA:9258,f104_44,1,0
BRDA:9258,f104_45,0,0
BRDA:9258,f104_45,1,0
BRDA:9258,f104_45,2,0
BRDA:9259,f104_46,0,0
BRDA:9259,f104_46,1,0
BRDA:9263,f104_47,0,0
BRDA:9263,f104_47,1,0
BRDA:9266,f104_48,0,0
BRDA:9266,f104_48,1,0
BRDA:9317,f104_49,0,0
BRDA:9317,f104_49,1,0
BRDA:9317,f104_50,0,0
BRDA:9317,f104_50,1,0
BRDA:9317,f104_51,0,0
BRDA:9317,f104_51,1,0
BRDA:9317,f104_51,2,0
BRDA:9317,f104_51,3,0
BRDA:9317,f104_51,4,0
BRDA:9317,f104_51,5,0
BRDA:9317,f104_51,6,0
BRDA:9317,f104_51,7,0
BRDA:9317,f104_51,8,0
BRDA:9317,f104_51,9,0
BRDA:9317,f104_51,10,0
BRDA:9319,f104_52,0,0
BRDA:9319,f104_52,1,0
BRDA:9319,f104_53,0,0
BRDA:9319,f104_53,1,0
BRDA:9319,f104_54,0,0
BRDA:9319,f104_54,1,0
BRDA:9319,f104_54,2,0
BRDA:9319,f104_54,3,0
BRDA:9319,f104_54,4,0
BRDA:9319,f104_54,5,0
BRDA:9319,f104_54,6,0
BRDA:9319,f104_54,7,0
BRDA:9319,f104_54,8,0
BRDA:9319,f104_54,9,0
BRDA:9319,f104_54,10,0
BRDA:9272,f104_55,0,0
BRDA:9272,f104_55,1,0
BRDA:9279,f104_56,0,0
BRDA:9279,f104_56,1,0
BRDA:9284,f104_57,0,0
BRDA:9284,f104_57,1,0
BRDA:9284,f104_57,2,0
BRDA:9284,f104_57,3,0
BRDA:9292,f104_58,0,0
BRDA:9292,f104_58,1,0
BRDA:9298,f104_59,0,0
BRDA:9298,f104_59,1,0
BRDA:9298,f104_60,0,0
BRDA:9298,f104_60,1,0
BRDA:9298,f104_61,0,0
BRDA:9298,f104_61,1,0
BRDA:9298,f104_61,2,0
BRDA:9298,f104_61,3,0
BRDA:9310,f104_62,0,0
BRDA:9310,f104_62,1,0
BRDA:9310,f104_63,0,0
BRDA:9310,f104_63,1,0
BRDA:9310,f104_63,2,0
BRDA:9313,f104_64,0,0
BRDA:9313,f104_64,1,0
BRDA:9313,f104_65,0,0
BRDA:9207,f104_66,0,0
BRDA:9207,f104_66,1,0
BRDA:9207,f104_67,0,0
BRDA:9207,f104_67,1,0
BRDA:9207,f104_67,2,0
BRDA:9207,f104_67,3,0
BRDA:9207,f104_67,4,0
BRDA:9208,f104_68,0,0
BRDA:9208,f104_68,1,0
BRDA:9208,f104_69,0,0
BRDA:9208,f104_69,1,0
BRDA:9208,f104_69,2,0
BRDA:9208,f104_69,3,0
BRDA:9208,f104_69,4,0
BRDA:9427,f105_0,0,0
BRDA:9427,f105_1,0,0
BRDA:9427,f105_1,1,209
BRDA:9427,f105_2,0,209
BRDA:9427,f105_2,1,209
BRDA:9395,f105_3,0,0
BRDA:9395,f105_3,1,209
BRDA:9395,f105_4,0,209
BRDA:9395,f105_4,1,209
BRDA:9396,f105_5,0,0
BRDA:9396,f105_5,1,209
BRDA:9396,f105_6,0,209
BRDA:9396,f105_6,1,209
BRDA:9398,f105_7,0,0
BRDA:9398,f105_7,1,209
BRDA:9398,f105_8,0,209
BRDA:9398,f105_8,1,0
BRDA:9398,f105_8,2,209
BRDA:9403,f105_9,0,209
BRDA:9403,f105_9,1,0
BRDA:9355,f105_10,0,0
BRDA:9355,f105_10,1,209
BRDA:9356,f105_11,0,209
BRDA:9356,f105_11,1,0
BRDA:9357,f105_12,0,0
BRDA:9357,f105_12,1,209
BRDA:9357,f105_13,0,209
BRDA:9357,f105_13,1,209
BRDA:9407,f105_14,0,0
BRDA:9407,f105_14,1,0
BRDA:9408,f105_15,0,0
BRDA:9408,f105_15,1,0
BRDA:9408,f105_16,0,0
BRDA:9408,f105_16,1,0
BRDA:9362,f105_17,0,0
BRDA:9362,f105_17,1,209
BRDA:9363,f105_18,0,209
BRDA:9363,f105_18,1,0
BRDA:9364,f105_19,0,0
BRDA:9364,f105_19,1,209
BRDA:9364,f105_20,0,209
BRDA:9364,f105_20,1,209
BRDA:9369,f105_21,0,0
BRDA:9369,f105_21,1,209
BRDA:9372,f105_22,0,209
BRDA:9372,f105_22,1,0
BRDA:9372,f105_23,0,0
BRDA:9372,f105_23,1,209
BRDA:9372,f105_24,0,209
BRDA:9372,f105_24,1,209
BRDA:9431,f105_25,0,0
BRDA:9431,f105_26,0,0
BRDA:9431,f105_26,1,209
BRDA:9432,f105_27,0,0
BRDA:9432,f105_27,1,0
BRDA:9435,f105_28,0,0
BRDA:9435,f105_28,1,0
BRDA:9438,f105_29,0,0
BRDA:9438,f105_29,1,0
BRDA:9443,f105_30,0,209
BRDA:9443,f105_30,1,0
BRDA:9443,f105_31,0,209
BRDA:9443,f105_31,1,209
BRDA:9443,f105_32,0,0
BRDA:9443,f105_32,1,209
BRDA:9443,f105_33,0,209
BRDA:9443,f105_33,1,209
BRDA:9444,f105_34,0,209
BRDA:9444,f105_34,1,0
BRDA:9444,f105_35,0,209
BRDA:9444,f105_35,1,209
BRDA:9387,f105_36,0,0
BRDA:9387,f105_36,1,209
BRDA:9387,f105_37,0,209
BRDA:9387,f105_37,1,209
BRDA:9376,f105_38,0,0
BRDA:9376,f105_38,1,209
BRDA:9376,f105_39,0,209
BRDA:9376,f105_39,1,209
BRDA:9378,f105_40,0,209
BRDA:9378,f105_40,1,209
BRDA:9379,f105_41,0,209
BRDA:9379,f105_41,1,209
BRDA:9389,f105_42,0,209
BRDA:9389,f105_42,1,0
BRDA:9552,f105_43,0,22
BRDA:9552,f105_43,1,0
BRDA:9552,f105_44,0,22
BRDA:9552,f105_44,1,22
BRDA:9552,f105_45,0,0
BRDA:9552,f105_45,1,22
BRDA:9553,f105_46,0,22
BRDA:9553,f105_46,1,0
BRDA:9553,f105_47,0,22
BRDA:9553,f105_47,1,22
BRDA:9553,f105_48,0,0
BRDA:9553,f105_48,1,22
BRDA:9543,f105_49,0,0
BRDA:9543,f105_49,1,0
BRDA:9554,f105_50,0,0
BRDA:9554,f105_50,1,22
BRDA:9482,f105_51,0,0
BRDA:9482,f105_51,1,0
BRDA:9482,f105_52,0,0
BRDA:9482,f105_52,1,0
BRDA:9482,f105_52,2,0
BRDA:9482,f105_52,3,0
BRDA:9482,f105_52,4,0
BRDA:9483,f105_53,0,0
BRDA:9483,f105_53,1,0
BRDA:9483,f105_53,2,0
BRDA:9483,f105_53,3,0
BRDA:9484,f105_54,0,0
BRDA:9484,f105_54,1,0
BRDA:9497,f105_55,0,14
BRDA:9497,f105_55,1,0
BRDA:9498,f105_56,0,0
BRDA:9498,f105_56,1,14
BRDA:9498,f105_57,0,14
BRDA:9498,f105_57,1,14
BRDA:9498,f105_57,2,14
BRDA:9498,f105_57,3,14
BRDA:9498,f105_57,4,14
BRDA:9498,f105_57,5,14
BRDA:9499,f105_58,0,0
BRDA:9499,f105_58,1,14
BRDA:9499,f105_59,0,14
BRDA:9499,f105_59,1,14
BRDA:9500,f105_60,0,14
BRDA:9500,f105_60,1,0
BRDA:9500,f105_61,0,0
BRDA:9500,f105_61,1,14
BRDA:9500,f105_62,0,14
BRDA:9500,f105_62,1,14
BRDA:9501,f105_63,0,14
BRDA:9501,f105_63,1,14
BRDA:9501,f105_64,0,14
BRDA:9501,f105_64,1,0
BRDA:9501,f105_65,0,14
BRDA:9501,f105_65,1,14
BRDA:9503,f105_66,0,14
BRDA:9503,f105_66,1,0
BRDA:9510,f105_67,0,0
BRDA:9510,f105_67,1,14
BRDA:9519,f105_68,0,14
BRDA:9519,f105_68,1,0
BRDA:9519,f105_69,0,14
BRDA:9519,f105_69,1,14
BRDA:9519,f105_69,2,14
BRDA:9519,f105_69,3,14
BRDA:9530,f105_70,0,14
BRDA:9530,f105_70,1,0
BRDA:9530,f105_71,0,14
BRDA:9530,f105_71,1,0
BRDA:9530,f105_71,2,0
BRDA:9470,f105_72,0,0
BRDA:9470,f105_72,1,0
BRF:2696
BRH:1108
end_of_record
